TpTrace Verbose: 0 : 6506, 1, 2020/11/04, 14:28:47.487, 14160582628359, vstest.console.dll, Version: 16.9.0-dev
TpTrace Information: 0 : 6506, 1, 2020/11/04, 14:28:47.573, 14160657061959, vstest.console.dll, FilePatternParser: The given file /mnt/c/Projects/vstest/./test/datacollector.UnitTests/bin/Debug/netcoreapp2.1/datacollector.UnitTests.dll is a full path.
TpTrace Information: 0 : 6506, 1, 2020/11/04, 14:28:47.582, 14160665924659, vstest.console.dll, FilePatternParser: The given file /mnt/c/Projects/vstest/./test/DataCollectors/TraceDataCollector.UnitTests/bin/Debug/netcoreapp2.1/Microsoft.TestPlatform.TraceDataCollector.UnitTests.dll is a full path.
TpTrace Information: 0 : 6506, 1, 2020/11/04, 14:28:47.588, 14160672025059, vstest.console.dll, FilePatternParser: The given file /mnt/c/Projects/vstest/./test/Microsoft.TestPlatform.Build.UnitTests/bin/Debug/netcoreapp2.1/Microsoft.TestPlatform.Build.UnitTests.dll is a full path.
TpTrace Information: 0 : 6506, 1, 2020/11/04, 14:28:47.593, 14160677320559, vstest.console.dll, FilePatternParser: The given file /mnt/c/Projects/vstest/./test/Microsoft.TestPlatform.Client.UnitTests/bin/Debug/netcoreapp2.1/Microsoft.TestPlatform.Client.UnitTests.dll is a full path.
TpTrace Information: 0 : 6506, 1, 2020/11/04, 14:28:47.600, 14160684561059, vstest.console.dll, FilePatternParser: The given file /mnt/c/Projects/vstest/./test/Microsoft.TestPlatform.Common.UnitTests/bin/Debug/netcoreapp2.1/Microsoft.TestPlatform.Common.UnitTests.dll is a full path.
TpTrace Information: 0 : 6506, 1, 2020/11/04, 14:28:47.605, 14160689684559, vstest.console.dll, FilePatternParser: The given file /mnt/c/Projects/vstest/./test/Microsoft.TestPlatform.CommunicationUtilities.UnitTests/bin/Debug/netcoreapp2.1/Microsoft.TestPlatform.CommunicationUtilities.UnitTests.dll is a full path.
TpTrace Information: 0 : 6506, 1, 2020/11/04, 14:28:47.616, 14160700035159, vstest.console.dll, FilePatternParser: The given file /mnt/c/Projects/vstest/./test/Microsoft.TestPlatform.CoreUtilities.UnitTests/bin/Debug/netcoreapp2.1/Microsoft.TestPlatform.CoreUtilities.UnitTests.dll is a full path.
TpTrace Information: 0 : 6506, 1, 2020/11/04, 14:28:47.626, 14160710137259, vstest.console.dll, FilePatternParser: The given file /mnt/c/Projects/vstest/./test/Microsoft.TestPlatform.CrossPlatEngine.UnitTests/bin/Debug/netcoreapp2.1/Microsoft.TestPlatform.Common.UnitTests.dll is a full path.
TpTrace Information: 0 : 6506, 1, 2020/11/04, 14:28:47.635, 14160719239859, vstest.console.dll, FilePatternParser: The given file /mnt/c/Projects/vstest/./test/Microsoft.TestPlatform.CrossPlatEngine.UnitTests/bin/Debug/netcoreapp2.1/Microsoft.TestPlatform.CrossPlatEngine.UnitTests.dll is a full path.
TpTrace Information: 0 : 6506, 1, 2020/11/04, 14:28:47.641, 14160725233659, vstest.console.dll, FilePatternParser: The given file /mnt/c/Projects/vstest/./test/Microsoft.TestPlatform.Extensions.BlameDataCollector.UnitTests/bin/Debug/netcoreapp2.1/Microsoft.TestPlatform.Extensions.BlameDataCollector.UnitTests.dll is a full path.
TpTrace Information: 0 : 6506, 1, 2020/11/04, 14:28:47.647, 14160731160059, vstest.console.dll, FilePatternParser: The given file /mnt/c/Projects/vstest/./test/Microsoft.TestPlatform.Extensions.HtmlLogger.UnitTests/bin/Debug/netcoreapp2.1/Microsoft.TestPlatform.Extensions.HtmlLogger.UnitTests.dll is a full path.
TpTrace Information: 0 : 6506, 1, 2020/11/04, 14:28:47.651, 14160735833759, vstest.console.dll, FilePatternParser: The given file /mnt/c/Projects/vstest/./test/Microsoft.TestPlatform.Extensions.TrxLogger.UnitTests/bin/Debug/netcoreapp2.1/Microsoft.TestPlatform.Extensions.TrxLogger.UnitTests.dll is a full path.
TpTrace Information: 0 : 6506, 1, 2020/11/04, 14:28:47.657, 14160741286159, vstest.console.dll, FilePatternParser: The given file /mnt/c/Projects/vstest/./test/Microsoft.TestPlatform.ObjectModel.UnitTests/bin/Debug/netcoreapp2.1/Microsoft.TestPlatform.ObjectModel.UnitTests.dll is a full path.
TpTrace Information: 0 : 6506, 1, 2020/11/04, 14:28:47.666, 14160750153359, vstest.console.dll, FilePatternParser: The given file /mnt/c/Projects/vstest/./test/Microsoft.TestPlatform.TestHostProvider.UnitTests/bin/Debug/netcoreapp2.1/Microsoft.TestPlatform.TestHostProvider.UnitTests.dll is a full path.
TpTrace Information: 0 : 6506, 1, 2020/11/04, 14:28:47.671, 14160755879459, vstest.console.dll, FilePatternParser: The given file /mnt/c/Projects/vstest/./test/Microsoft.TestPlatform.Utilities.UnitTests/bin/Debug/netcoreapp2.1/Microsoft.TestPlatform.Utilities.UnitTests.dll is a full path.
TpTrace Information: 0 : 6506, 1, 2020/11/04, 14:28:47.675, 14160759915459, vstest.console.dll, FilePatternParser: The given file /mnt/c/Projects/vstest/./test/testhost.UnitTests/bin/Debug/netcoreapp2.1/testhost.UnitTests.dll is a full path.
TpTrace Information: 0 : 6506, 1, 2020/11/04, 14:28:47.682, 14160766295859, vstest.console.dll, FilePatternParser: The given file /mnt/c/Projects/vstest/./test/TranslationLayer.UnitTests/bin/Debug/netcoreapp2.1/TranslationLayer.UnitTests.dll is a full path.
TpTrace Information: 0 : 6506, 1, 2020/11/04, 14:28:47.687, 14160771540659, vstest.console.dll, FilePatternParser: The given file /mnt/c/Projects/vstest/./test/vstest.console.UnitTests/bin/Debug/netcoreapp2.1/vstest.console.UnitTests.dll is a full path.
TpTrace Verbose: 0 : 6506, 1, 2020/11/04, 14:28:47.837, 14160921288059, vstest.console.dll, TestPluginCache.DiscoverTestExtensions: finding test extensions in assemblies ends with: RuntimeProvider.dll TPluginInfo: Microsoft.VisualStudio.TestPlatform.Common.ExtensionFramework.Utilities.TestRuntimePluginInformation TExtension: Microsoft.VisualStudio.TestPlatform.ObjectModel.Host.ITestRuntimeProvider
TpTrace Verbose: 0 : 6506, 1, 2020/11/04, 14:28:47.839, 14160923699659, vstest.console.dll, TestPluginCache.GetExtensionPaths: Filtered extension paths: 
TpTrace Verbose: 0 : 6506, 1, 2020/11/04, 14:28:47.840, 14160924287459, vstest.console.dll, TestPluginCache.GetExtensionPaths: Added default extension paths: /mnt/c/Projects/vstest/artifacts/Debug/netcoreapp2.1/Extensions/Microsoft.Diagnostics.NETCore.Client.dll
/mnt/c/Projects/vstest/artifacts/Debug/netcoreapp2.1/Extensions/Microsoft.TestPlatform.Extensions.BlameDataCollector.dll
/mnt/c/Projects/vstest/artifacts/Debug/netcoreapp2.1/Extensions/Microsoft.TestPlatform.Extensions.EventLogCollector.dll
/mnt/c/Projects/vstest/artifacts/Debug/netcoreapp2.1/Extensions/Microsoft.TestPlatform.TestHostRuntimeProvider.dll
/mnt/c/Projects/vstest/artifacts/Debug/netcoreapp2.1/Extensions/Microsoft.VisualStudio.TestPlatform.Extensions.Html.TestLogger.dll
/mnt/c/Projects/vstest/artifacts/Debug/netcoreapp2.1/Extensions/Microsoft.VisualStudio.TestPlatform.Extensions.Trx.TestLogger.dll
TpTrace Verbose: 0 : 6506, 1, 2020/11/04, 14:28:47.840, 14160924889359, vstest.console.dll, TestPluginCache.GetExtensionPaths: Added unfilterableExtensionPaths: 
TpTrace Information: 0 : 6506, 1, 2020/11/04, 14:28:47.844, 14160928028159, vstest.console.dll, AssemblyResolver.ctor: Creating AssemblyResolver with searchDirectories /mnt/c/Projects/vstest/artifacts/Debug/netcoreapp2.1/Extensions,/mnt/c/Projects/vstest/artifacts/Debug/netcoreapp2.1
TpTrace Verbose: 0 : 6506, 1, 2020/11/04, 14:28:47.870, 14160954761259, vstest.console.dll, TestPluginCache.DiscoverTestExtensions: Discovering the extensions using extension path.
TpTrace Verbose: 0 : 6506, 1, 2020/11/04, 14:28:47.871, 14160955489559, vstest.console.dll, TestPluginCache.GetExtensionPaths: Filtered extension paths: 
TpTrace Verbose: 0 : 6506, 1, 2020/11/04, 14:28:47.872, 14160955947059, vstest.console.dll, TestPluginCache.GetExtensionPaths: Added default extension paths: /mnt/c/Projects/vstest/artifacts/Debug/netcoreapp2.1/Extensions/Microsoft.Diagnostics.NETCore.Client.dll
/mnt/c/Projects/vstest/artifacts/Debug/netcoreapp2.1/Extensions/Microsoft.TestPlatform.Extensions.BlameDataCollector.dll
/mnt/c/Projects/vstest/artifacts/Debug/netcoreapp2.1/Extensions/Microsoft.TestPlatform.Extensions.EventLogCollector.dll
/mnt/c/Projects/vstest/artifacts/Debug/netcoreapp2.1/Extensions/Microsoft.TestPlatform.TestHostRuntimeProvider.dll
/mnt/c/Projects/vstest/artifacts/Debug/netcoreapp2.1/Extensions/Microsoft.VisualStudio.TestPlatform.Extensions.Html.TestLogger.dll
/mnt/c/Projects/vstest/artifacts/Debug/netcoreapp2.1/Extensions/Microsoft.VisualStudio.TestPlatform.Extensions.Trx.TestLogger.dll
TpTrace Verbose: 0 : 6506, 1, 2020/11/04, 14:28:47.872, 14160956368459, vstest.console.dll, TestPluginCache.GetExtensionPaths: Added unfilterableExtensionPaths: 
TpTrace Verbose: 0 : 6506, 1, 2020/11/04, 14:28:47.872, 14160956874559, vstest.console.dll, TestPluginCache.DiscoverTestExtensions: Discovering the extensions using allExtensionPaths: /mnt/c/Projects/vstest/artifacts/Debug/netcoreapp2.1/Extensions/Microsoft.Diagnostics.NETCore.Client.dll
/mnt/c/Projects/vstest/artifacts/Debug/netcoreapp2.1/Extensions/Microsoft.TestPlatform.Extensions.BlameDataCollector.dll
/mnt/c/Projects/vstest/artifacts/Debug/netcoreapp2.1/Extensions/Microsoft.TestPlatform.Extensions.EventLogCollector.dll
/mnt/c/Projects/vstest/artifacts/Debug/netcoreapp2.1/Extensions/Microsoft.TestPlatform.TestHostRuntimeProvider.dll
/mnt/c/Projects/vstest/artifacts/Debug/netcoreapp2.1/Extensions/Microsoft.VisualStudio.TestPlatform.Extensions.Html.TestLogger.dll
/mnt/c/Projects/vstest/artifacts/Debug/netcoreapp2.1/Extensions/Microsoft.VisualStudio.TestPlatform.Extensions.Trx.TestLogger.dll
TpTrace Information: 0 : 6506, 1, 2020/11/04, 14:28:47.874, 14160958300659, vstest.console.dll, AssemblyResolver.AddSearchDirectories: Adding more searchDirectories /mnt/c/Projects/vstest/artifacts/Debug/netcoreapp2.1/Extensions,/mnt/c/Projects/vstest/artifacts/Debug/netcoreapp2.1
TpTrace Information: 0 : 6506, 1, 2020/11/04, 14:28:47.874, 14160958923459, vstest.console.dll, AssemblyResolver.AddSearchDirectories: Adding more searchDirectories /mnt/c/Projects/vstest/artifacts/Debug/netcoreapp2.1/Extensions,/mnt/c/Projects/vstest/artifacts/Debug/netcoreapp2.1
TpTrace Information: 0 : 6506, 1, 2020/11/04, 14:28:47.875, 14160959330159, vstest.console.dll, AssemblyResolver.AddSearchDirectories: Adding more searchDirectories /mnt/c/Projects/vstest/artifacts/Debug/netcoreapp2.1/Extensions,/mnt/c/Projects/vstest/artifacts/Debug/netcoreapp2.1
TpTrace Information: 0 : 6506, 1, 2020/11/04, 14:28:47.875, 14160959780359, vstest.console.dll, AssemblyResolver.AddSearchDirectories: Adding more searchDirectories /mnt/c/Projects/vstest/artifacts/Debug/netcoreapp2.1/Extensions,/mnt/c/Projects/vstest/artifacts/Debug/netcoreapp2.1
TpTrace Information: 0 : 6506, 1, 2020/11/04, 14:28:47.876, 14160960176159, vstest.console.dll, AssemblyResolver.AddSearchDirectories: Adding more searchDirectories /mnt/c/Projects/vstest/artifacts/Debug/netcoreapp2.1/Extensions,/mnt/c/Projects/vstest/artifacts/Debug/netcoreapp2.1
TpTrace Information: 0 : 6506, 1, 2020/11/04, 14:28:47.876, 14160960584459, vstest.console.dll, AssemblyResolver.AddSearchDirectories: Adding more searchDirectories /mnt/c/Projects/vstest/artifacts/Debug/netcoreapp2.1/Extensions,/mnt/c/Projects/vstest/artifacts/Debug/netcoreapp2.1
TpTrace Information: 0 : 6506, 1, 2020/11/04, 14:28:47.909, 14160993020559, vstest.console.dll, AssemblyResolver.OnResolve: Microsoft.Diagnostics.NETCore.Client: Resolving assembly.
TpTrace Information: 0 : 6506, 1, 2020/11/04, 14:28:47.938, 14161022165359, vstest.console.dll, AssemblyResolver.OnResolve: Resolved assembly: Microsoft.Diagnostics.NETCore.Client, from path: /mnt/c/Projects/vstest/artifacts/Debug/netcoreapp2.1/Extensions/Microsoft.Diagnostics.NETCore.Client.dll
TpTrace Information: 0 : 6506, 1, 2020/11/04, 14:28:48.046, 14161130643659, vstest.console.dll, AssemblyResolver.OnResolve: Microsoft.Bcl.AsyncInterfaces: Resolving assembly.
TpTrace Information: 0 : 6506, 1, 2020/11/04, 14:28:48.049, 14161133065759, vstest.console.dll, AssemblyResolver.OnResolve: Microsoft.Bcl.AsyncInterfaces: Failed to load assembly.
TpTrace Verbose: 0 : 6506, 1, 2020/11/04, 14:28:48.050, 14161133957459, vstest.console.dll, CurrentDomain_AssemblyResolve: Resolving assembly 'Microsoft.Bcl.AsyncInterfaces'.
TpTrace Information: 0 : 6506, 1, 2020/11/04, 14:28:48.050, 14161134526259, vstest.console.dll, AssemblyResolver.OnResolve: Microsoft.Bcl.AsyncInterfaces: Resolving assembly.
TpTrace Information: 0 : 6506, 1, 2020/11/04, 14:28:48.051, 14161134958159, vstest.console.dll, AssemblyResolver.OnResolve: Microsoft.Bcl.AsyncInterfaces: Resolved from cache.
TpTrace Verbose: 0 : 6506, 1, 2020/11/04, 14:28:48.051, 14161135307459, vstest.console.dll, CurrentDomain_AssemblyResolve: Resolving assembly 'Microsoft.Bcl.AsyncInterfaces'.
TpTrace Verbose: 0 : 6506, 1, 2020/11/04, 14:28:48.051, 14161135583959, vstest.console.dll, CurrentDomainAssemblyResolve: Failed to resolve assembly 'Microsoft.Bcl.AsyncInterfaces'.
TpTrace Verbose: 0 : 6506, 1, 2020/11/04, 14:28:48.091, 14161175277659, vstest.console.dll, CurrentDomainAssemblyResolve: Failed to resolve assembly 'Microsoft.Bcl.AsyncInterfaces'.
TpTrace Warning: 0 : 6506, 1, 2020/11/04, 14:28:48.457, 14161541853359, vstest.console.dll, TestPluginDiscoverer: Failed to get types from assembly 'Microsoft.Diagnostics.NETCore.Client, Version=0.2.2.41902, Culture=neutral, PublicKeyToken=31bf3856ad364e35'.  Skipping test extension scan for this assembly.  Error: System.Reflection.ReflectionTypeLoadException: Unable to load one or more of the requested types.
Could not load file or assembly 'Microsoft.Bcl.AsyncInterfaces, Version=1.0.0.0, Culture=neutral, PublicKeyToken=cc7b13ffcd2ddd51'. The system cannot find the file specified.

   at System.Reflection.RuntimeModule.GetTypes(RuntimeModule module)
   at System.Reflection.RuntimeModule.GetTypes()
   at System.Reflection.Assembly.GetTypes()
   at Microsoft.VisualStudio.TestPlatform.Common.ExtensionFramework.TestPluginDiscoverer.GetTestExtensionsFromAssembly[TPluginInfo,TExtension](Assembly assembly, Dictionary`2 pluginInfos) in C:\Projects\vstest\src\Microsoft.TestPlatform.Common\ExtensionFramework\TestPluginDiscoverer.cs:line 183
System.IO.FileNotFoundException: Could not load file or assembly 'Microsoft.Bcl.AsyncInterfaces, Version=1.0.0.0, Culture=neutral, PublicKeyToken=cc7b13ffcd2ddd51'. The system cannot find the file specified.

File name: 'Microsoft.Bcl.AsyncInterfaces, Version=1.0.0.0, Culture=neutral, PublicKeyToken=cc7b13ffcd2ddd51'


TpTrace Warning: 0 : 6506, 1, 2020/11/04, 14:28:48.458, 14161542263159, vstest.console.dll, LoaderExceptions: System.IO.FileNotFoundException: Could not load file or assembly 'Microsoft.Bcl.AsyncInterfaces, Version=1.0.0.0, Culture=neutral, PublicKeyToken=cc7b13ffcd2ddd51'. The system cannot find the file specified.

File name: 'Microsoft.Bcl.AsyncInterfaces, Version=1.0.0.0, Culture=neutral, PublicKeyToken=cc7b13ffcd2ddd51'


TpTrace Information: 0 : 6506, 1, 2020/11/04, 14:28:48.458, 14161542615659, vstest.console.dll, AssemblyResolver.OnResolve: Microsoft.TestPlatform.Extensions.BlameDataCollector: Resolving assembly.
TpTrace Information: 0 : 6506, 1, 2020/11/04, 14:28:48.539, 14161623649059, vstest.console.dll, AssemblyResolver.OnResolve: Resolved assembly: Microsoft.TestPlatform.Extensions.BlameDataCollector, from path: /mnt/c/Projects/vstest/artifacts/Debug/netcoreapp2.1/Extensions/Microsoft.TestPlatform.Extensions.BlameDataCollector.dll
TpTrace Information: 0 : 6506, 1, 2020/11/04, 14:28:48.541, 14161625761459, vstest.console.dll, AssemblyResolver.OnResolve: Microsoft.TestPlatform.Extensions.EventLogCollector: Resolving assembly.
TpTrace Information: 0 : 6506, 1, 2020/11/04, 14:28:48.590, 14161674305759, vstest.console.dll, AssemblyResolver.OnResolve: Resolved assembly: Microsoft.TestPlatform.Extensions.EventLogCollector, from path: /mnt/c/Projects/vstest/artifacts/Debug/netcoreapp2.1/Extensions/Microsoft.TestPlatform.Extensions.EventLogCollector.dll
TpTrace Information: 0 : 6506, 1, 2020/11/04, 14:28:48.690, 14161774596959, vstest.console.dll, AssemblyResolver.OnResolve: Microsoft.TestPlatform.TestHostRuntimeProvider: Resolving assembly.
TpTrace Information: 0 : 6506, 1, 2020/11/04, 14:28:48.756, 14161840035559, vstest.console.dll, AssemblyResolver.OnResolve: Resolved assembly: Microsoft.TestPlatform.TestHostRuntimeProvider, from path: /mnt/c/Projects/vstest/artifacts/Debug/netcoreapp2.1/Extensions/Microsoft.TestPlatform.TestHostRuntimeProvider.dll
TpTrace Information: 0 : 6506, 1, 2020/11/04, 14:28:48.759, 14161843598459, vstest.console.dll, AssemblyResolver.OnResolve: Microsoft.VisualStudio.TestPlatform.Extensions.Html.TestLogger: Resolving assembly.
TpTrace Information: 0 : 6506, 1, 2020/11/04, 14:28:48.806, 14161890699459, vstest.console.dll, AssemblyResolver.OnResolve: Resolved assembly: Microsoft.VisualStudio.TestPlatform.Extensions.Html.TestLogger, from path: /mnt/c/Projects/vstest/artifacts/Debug/netcoreapp2.1/Extensions/Microsoft.VisualStudio.TestPlatform.Extensions.Html.TestLogger.dll
TpTrace Information: 0 : 6506, 1, 2020/11/04, 14:28:48.807, 14161891528559, vstest.console.dll, AssemblyResolver.OnResolve: Microsoft.VisualStudio.TestPlatform.Extensions.Trx.TestLogger: Resolving assembly.
TpTrace Information: 0 : 6506, 1, 2020/11/04, 14:28:48.894, 14161978502359, vstest.console.dll, AssemblyResolver.OnResolve: Resolved assembly: Microsoft.VisualStudio.TestPlatform.Extensions.Trx.TestLogger, from path: /mnt/c/Projects/vstest/artifacts/Debug/netcoreapp2.1/Extensions/Microsoft.VisualStudio.TestPlatform.Extensions.Trx.TestLogger.dll
TpTrace Verbose: 0 : 6506, 1, 2020/11/04, 14:28:48.901, 14161985044559, vstest.console.dll, TestPluginCache: Discovered the extensions using extension path ''.
TpTrace Verbose: 0 : 6506, 1, 2020/11/04, 14:28:48.902, 14161986331359, vstest.console.dll, TestPluginCache: Discoverers are ''.
TpTrace Verbose: 0 : 6506, 1, 2020/11/04, 14:28:48.902, 14161986798259, vstest.console.dll, TestPluginCache: Executors are ''.
TpTrace Verbose: 0 : 6506, 1, 2020/11/04, 14:28:48.903, 14161987220659, vstest.console.dll, TestPluginCache: Executors2 are ''.
TpTrace Verbose: 0 : 6506, 1, 2020/11/04, 14:28:48.903, 14161987647659, vstest.console.dll, TestPluginCache: Setting providers are ''.
TpTrace Verbose: 0 : 6506, 1, 2020/11/04, 14:28:48.904, 14161988153659, vstest.console.dll, TestPluginCache: Loggers are ''.
TpTrace Information: 0 : 6506, 1, 2020/11/04, 14:28:48.937, 14162021480259, vstest.console.dll, RunTestsArgumentProcessor:Execute: Test run is starting.
TpTrace Verbose: 0 : 6506, 1, 2020/11/04, 14:28:48.938, 14162022005759, vstest.console.dll, RunTestsArgumentProcessor:Execute: Queuing Test run.
TpTrace Information: 0 : 6506, 1, 2020/11/04, 14:28:48.940, 14162024718159, vstest.console.dll, TestRequestManager.RunTests: run tests started.
TpTrace Information: 0 : 6506, 1, 2020/11/04, 14:28:49.019, 14162103627359, vstest.console.dll, AssemblyMetadataProvider.GetFrameWork: Determined framework:'.NETCoreApp,Version=v2.1' for source: '/mnt/c/Projects/vstest/./test/datacollector.UnitTests/bin/Debug/netcoreapp2.1/datacollector.UnitTests.dll'
TpTrace Information: 0 : 6506, 1, 2020/11/04, 14:28:49.076, 14162160185859, vstest.console.dll, AssemblyMetadataProvider.GetFrameWork: Determined framework:'.NETCoreApp,Version=v2.1' for source: '/mnt/c/Projects/vstest/./test/DataCollectors/TraceDataCollector.UnitTests/bin/Debug/netcoreapp2.1/Microsoft.TestPlatform.TraceDataCollector.UnitTests.dll'
TpTrace Information: 0 : 6506, 1, 2020/11/04, 14:28:49.116, 14162200591959, vstest.console.dll, AssemblyMetadataProvider.GetFrameWork: Determined framework:'.NETCoreApp,Version=v2.1' for source: '/mnt/c/Projects/vstest/./test/Microsoft.TestPlatform.Build.UnitTests/bin/Debug/netcoreapp2.1/Microsoft.TestPlatform.Build.UnitTests.dll'
TpTrace Information: 0 : 6506, 1, 2020/11/04, 14:28:49.249, 14162333076359, vstest.console.dll, AssemblyMetadataProvider.GetFrameWork: Determined framework:'.NETCoreApp,Version=v2.1' for source: '/mnt/c/Projects/vstest/./test/Microsoft.TestPlatform.Client.UnitTests/bin/Debug/netcoreapp2.1/Microsoft.TestPlatform.Client.UnitTests.dll'
TpTrace Information: 0 : 6506, 1, 2020/11/04, 14:28:49.341, 14162425245259, vstest.console.dll, AssemblyMetadataProvider.GetFrameWork: Determined framework:'.NETCoreApp,Version=v2.1' for source: '/mnt/c/Projects/vstest/./test/Microsoft.TestPlatform.Common.UnitTests/bin/Debug/netcoreapp2.1/Microsoft.TestPlatform.Common.UnitTests.dll'
TpTrace Information: 0 : 6506, 1, 2020/11/04, 14:28:49.526, 14162610586559, vstest.console.dll, AssemblyMetadataProvider.GetFrameWork: Determined framework:'.NETCoreApp,Version=v2.1' for source: '/mnt/c/Projects/vstest/./test/Microsoft.TestPlatform.CommunicationUtilities.UnitTests/bin/Debug/netcoreapp2.1/Microsoft.TestPlatform.CommunicationUtilities.UnitTests.dll'
TpTrace Information: 0 : 6506, 1, 2020/11/04, 14:28:49.591, 14162674941959, vstest.console.dll, AssemblyMetadataProvider.GetFrameWork: Determined framework:'.NETCoreApp,Version=v2.1' for source: '/mnt/c/Projects/vstest/./test/Microsoft.TestPlatform.CoreUtilities.UnitTests/bin/Debug/netcoreapp2.1/Microsoft.TestPlatform.CoreUtilities.UnitTests.dll'
TpTrace Information: 0 : 6506, 1, 2020/11/04, 14:28:49.686, 14162770411659, vstest.console.dll, AssemblyMetadataProvider.GetFrameWork: Determined framework:'.NETCoreApp,Version=v2.1' for source: '/mnt/c/Projects/vstest/./test/Microsoft.TestPlatform.CrossPlatEngine.UnitTests/bin/Debug/netcoreapp2.1/Microsoft.TestPlatform.Common.UnitTests.dll'
TpTrace Information: 0 : 6506, 1, 2020/11/04, 14:28:49.851, 14162935053859, vstest.console.dll, AssemblyMetadataProvider.GetFrameWork: Determined framework:'.NETCoreApp,Version=v2.1' for source: '/mnt/c/Projects/vstest/./test/Microsoft.TestPlatform.CrossPlatEngine.UnitTests/bin/Debug/netcoreapp2.1/Microsoft.TestPlatform.CrossPlatEngine.UnitTests.dll'
TpTrace Information: 0 : 6506, 1, 2020/11/04, 14:28:49.955, 14163039524959, vstest.console.dll, AssemblyMetadataProvider.GetFrameWork: Determined framework:'.NETCoreApp,Version=v2.1' for source: '/mnt/c/Projects/vstest/./test/Microsoft.TestPlatform.Extensions.BlameDataCollector.UnitTests/bin/Debug/netcoreapp2.1/Microsoft.TestPlatform.Extensions.BlameDataCollector.UnitTests.dll'
TpTrace Information: 0 : 6506, 1, 2020/11/04, 14:28:50.032, 14163116639759, vstest.console.dll, AssemblyMetadataProvider.GetFrameWork: Determined framework:'.NETCoreApp,Version=v2.1' for source: '/mnt/c/Projects/vstest/./test/Microsoft.TestPlatform.Extensions.HtmlLogger.UnitTests/bin/Debug/netcoreapp2.1/Microsoft.TestPlatform.Extensions.HtmlLogger.UnitTests.dll'
TpTrace Information: 0 : 6506, 1, 2020/11/04, 14:28:50.110, 14163194543159, vstest.console.dll, AssemblyMetadataProvider.GetFrameWork: Determined framework:'.NETCoreApp,Version=v2.1' for source: '/mnt/c/Projects/vstest/./test/Microsoft.TestPlatform.Extensions.TrxLogger.UnitTests/bin/Debug/netcoreapp2.1/Microsoft.TestPlatform.Extensions.TrxLogger.UnitTests.dll'
TpTrace Information: 0 : 6506, 1, 2020/11/04, 14:28:50.194, 14163277991759, vstest.console.dll, AssemblyMetadataProvider.GetFrameWork: Determined framework:'.NETCoreApp,Version=v2.1' for source: '/mnt/c/Projects/vstest/./test/Microsoft.TestPlatform.ObjectModel.UnitTests/bin/Debug/netcoreapp2.1/Microsoft.TestPlatform.ObjectModel.UnitTests.dll'
TpTrace Information: 0 : 6506, 1, 2020/11/04, 14:28:50.322, 14163406023759, vstest.console.dll, AssemblyMetadataProvider.GetFrameWork: Determined framework:'.NETCoreApp,Version=v2.1' for source: '/mnt/c/Projects/vstest/./test/Microsoft.TestPlatform.TestHostProvider.UnitTests/bin/Debug/netcoreapp2.1/Microsoft.TestPlatform.TestHostProvider.UnitTests.dll'
TpTrace Information: 0 : 6506, 1, 2020/11/04, 14:28:50.402, 14163486813459, vstest.console.dll, AssemblyMetadataProvider.GetFrameWork: Determined framework:'.NETCoreApp,Version=v2.1' for source: '/mnt/c/Projects/vstest/./test/Microsoft.TestPlatform.Utilities.UnitTests/bin/Debug/netcoreapp2.1/Microsoft.TestPlatform.Utilities.UnitTests.dll'
TpTrace Information: 0 : 6506, 1, 2020/11/04, 14:28:50.437, 14163521489459, vstest.console.dll, AssemblyMetadataProvider.GetFrameWork: Determined framework:'.NETCoreApp,Version=v2.1' for source: '/mnt/c/Projects/vstest/./test/testhost.UnitTests/bin/Debug/netcoreapp2.1/testhost.UnitTests.dll'
TpTrace Information: 0 : 6506, 1, 2020/11/04, 14:28:50.594, 14163678708059, vstest.console.dll, AssemblyMetadataProvider.GetFrameWork: Determined framework:'.NETCoreApp,Version=v2.1' for source: '/mnt/c/Projects/vstest/./test/TranslationLayer.UnitTests/bin/Debug/netcoreapp2.1/TranslationLayer.UnitTests.dll'
TpTrace Information: 0 : 6506, 1, 2020/11/04, 14:28:50.800, 14163884173859, vstest.console.dll, AssemblyMetadataProvider.GetFrameWork: Determined framework:'.NETCoreApp,Version=v2.1' for source: '/mnt/c/Projects/vstest/./test/vstest.console.UnitTests/bin/Debug/netcoreapp2.1/vstest.console.UnitTests.dll'
TpTrace Information: 0 : 6506, 1, 2020/11/04, 14:28:50.800, 14163884707059, vstest.console.dll, Determined framework for all sources: .NETCoreApp,Version=v2.1
TpTrace Information: 0 : 6506, 1, 2020/11/04, 14:28:50.876, 14163959990759, vstest.console.dll, AssemblyMetadataProvider.GetArchitecture: Determined architecture:AnyCPU info for assembly: /mnt/c/Projects/vstest/./test/datacollector.UnitTests/bin/Debug/netcoreapp2.1/datacollector.UnitTests.dll
TpTrace Information: 0 : 6506, 1, 2020/11/04, 14:28:50.919, 14164003119059, vstest.console.dll, AssemblyMetadataProvider.GetArchitecture: Determined architecture:AnyCPU info for assembly: /mnt/c/Projects/vstest/./test/DataCollectors/TraceDataCollector.UnitTests/bin/Debug/netcoreapp2.1/Microsoft.TestPlatform.TraceDataCollector.UnitTests.dll
TpTrace Information: 0 : 6506, 1, 2020/11/04, 14:28:50.945, 14164029610959, vstest.console.dll, AssemblyMetadataProvider.GetArchitecture: Determined architecture:AnyCPU info for assembly: /mnt/c/Projects/vstest/./test/Microsoft.TestPlatform.Build.UnitTests/bin/Debug/netcoreapp2.1/Microsoft.TestPlatform.Build.UnitTests.dll
TpTrace Information: 0 : 6506, 1, 2020/11/04, 14:28:50.976, 14164060286959, vstest.console.dll, AssemblyMetadataProvider.GetArchitecture: Determined architecture:AnyCPU info for assembly: /mnt/c/Projects/vstest/./test/Microsoft.TestPlatform.Client.UnitTests/bin/Debug/netcoreapp2.1/Microsoft.TestPlatform.Client.UnitTests.dll
TpTrace Information: 0 : 6506, 1, 2020/11/04, 14:28:51.018, 14164102013659, vstest.console.dll, AssemblyMetadataProvider.GetArchitecture: Determined architecture:AnyCPU info for assembly: /mnt/c/Projects/vstest/./test/Microsoft.TestPlatform.Common.UnitTests/bin/Debug/netcoreapp2.1/Microsoft.TestPlatform.Common.UnitTests.dll
TpTrace Information: 0 : 6506, 1, 2020/11/04, 14:28:51.098, 14164182814159, vstest.console.dll, AssemblyMetadataProvider.GetArchitecture: Determined architecture:AnyCPU info for assembly: /mnt/c/Projects/vstest/./test/Microsoft.TestPlatform.CommunicationUtilities.UnitTests/bin/Debug/netcoreapp2.1/Microsoft.TestPlatform.CommunicationUtilities.UnitTests.dll
TpTrace Information: 0 : 6506, 1, 2020/11/04, 14:28:51.129, 14164213902159, vstest.console.dll, AssemblyMetadataProvider.GetArchitecture: Determined architecture:AnyCPU info for assembly: /mnt/c/Projects/vstest/./test/Microsoft.TestPlatform.CoreUtilities.UnitTests/bin/Debug/netcoreapp2.1/Microsoft.TestPlatform.CoreUtilities.UnitTests.dll
TpTrace Information: 0 : 6506, 1, 2020/11/04, 14:28:51.168, 14164252769759, vstest.console.dll, AssemblyMetadataProvider.GetArchitecture: Determined architecture:AnyCPU info for assembly: /mnt/c/Projects/vstest/./test/Microsoft.TestPlatform.CrossPlatEngine.UnitTests/bin/Debug/netcoreapp2.1/Microsoft.TestPlatform.Common.UnitTests.dll
TpTrace Information: 0 : 6506, 1, 2020/11/04, 14:28:51.226, 14164310860259, vstest.console.dll, AssemblyMetadataProvider.GetArchitecture: Determined architecture:AnyCPU info for assembly: /mnt/c/Projects/vstest/./test/Microsoft.TestPlatform.CrossPlatEngine.UnitTests/bin/Debug/netcoreapp2.1/Microsoft.TestPlatform.CrossPlatEngine.UnitTests.dll
TpTrace Information: 0 : 6506, 1, 2020/11/04, 14:28:51.261, 14164345034259, vstest.console.dll, AssemblyMetadataProvider.GetArchitecture: Determined architecture:AnyCPU info for assembly: /mnt/c/Projects/vstest/./test/Microsoft.TestPlatform.Extensions.BlameDataCollector.UnitTests/bin/Debug/netcoreapp2.1/Microsoft.TestPlatform.Extensions.BlameDataCollector.UnitTests.dll
TpTrace Information: 0 : 6506, 1, 2020/11/04, 14:28:51.291, 14164375475159, vstest.console.dll, AssemblyMetadataProvider.GetArchitecture: Determined architecture:AnyCPU info for assembly: /mnt/c/Projects/vstest/./test/Microsoft.TestPlatform.Extensions.HtmlLogger.UnitTests/bin/Debug/netcoreapp2.1/Microsoft.TestPlatform.Extensions.HtmlLogger.UnitTests.dll
TpTrace Information: 0 : 6506, 1, 2020/11/04, 14:28:51.319, 14164403539459, vstest.console.dll, AssemblyMetadataProvider.GetArchitecture: Determined architecture:AnyCPU info for assembly: /mnt/c/Projects/vstest/./test/Microsoft.TestPlatform.Extensions.TrxLogger.UnitTests/bin/Debug/netcoreapp2.1/Microsoft.TestPlatform.Extensions.TrxLogger.UnitTests.dll
TpTrace Information: 0 : 6506, 1, 2020/11/04, 14:28:51.347, 14164431658859, vstest.console.dll, AssemblyMetadataProvider.GetArchitecture: Determined architecture:AnyCPU info for assembly: /mnt/c/Projects/vstest/./test/Microsoft.TestPlatform.ObjectModel.UnitTests/bin/Debug/netcoreapp2.1/Microsoft.TestPlatform.ObjectModel.UnitTests.dll
TpTrace Information: 0 : 6506, 1, 2020/11/04, 14:28:51.409, 14164493322659, vstest.console.dll, AssemblyMetadataProvider.GetArchitecture: Determined architecture:AnyCPU info for assembly: /mnt/c/Projects/vstest/./test/Microsoft.TestPlatform.TestHostProvider.UnitTests/bin/Debug/netcoreapp2.1/Microsoft.TestPlatform.TestHostProvider.UnitTests.dll
TpTrace Information: 0 : 6506, 1, 2020/11/04, 14:28:51.481, 14164565422859, vstest.console.dll, AssemblyMetadataProvider.GetArchitecture: Determined architecture:AnyCPU info for assembly: /mnt/c/Projects/vstest/./test/Microsoft.TestPlatform.Utilities.UnitTests/bin/Debug/netcoreapp2.1/Microsoft.TestPlatform.Utilities.UnitTests.dll
TpTrace Information: 0 : 6506, 1, 2020/11/04, 14:28:51.503, 14164587140059, vstest.console.dll, AssemblyMetadataProvider.GetArchitecture: Determined architecture:AnyCPU info for assembly: /mnt/c/Projects/vstest/./test/testhost.UnitTests/bin/Debug/netcoreapp2.1/testhost.UnitTests.dll
TpTrace Information: 0 : 6506, 1, 2020/11/04, 14:28:51.558, 14164642198659, vstest.console.dll, AssemblyMetadataProvider.GetArchitecture: Determined architecture:AnyCPU info for assembly: /mnt/c/Projects/vstest/./test/TranslationLayer.UnitTests/bin/Debug/netcoreapp2.1/TranslationLayer.UnitTests.dll
TpTrace Information: 0 : 6506, 1, 2020/11/04, 14:28:51.602, 14164686522059, vstest.console.dll, AssemblyMetadataProvider.GetArchitecture: Determined architecture:AnyCPU info for assembly: /mnt/c/Projects/vstest/./test/vstest.console.UnitTests/bin/Debug/netcoreapp2.1/vstest.console.UnitTests.dll
TpTrace Information: 0 : 6506, 1, 2020/11/04, 14:28:51.603, 14164687056059, vstest.console.dll, Determined platform for all sources: X64
TpTrace Information: 0 : 6506, 1, 2020/11/04, 14:28:51.608, 14164692211259, vstest.console.dll, Compatible sources list : 
TpTrace Information: 0 : 6506, 1, 2020/11/04, 14:28:51.608, 14164692789659, vstest.console.dll, /mnt/c/Projects/vstest/./test/datacollector.UnitTests/bin/Debug/netcoreapp2.1/datacollector.UnitTests.dll
/mnt/c/Projects/vstest/./test/DataCollectors/TraceDataCollector.UnitTests/bin/Debug/netcoreapp2.1/Microsoft.TestPlatform.TraceDataCollector.UnitTests.dll
/mnt/c/Projects/vstest/./test/Microsoft.TestPlatform.Build.UnitTests/bin/Debug/netcoreapp2.1/Microsoft.TestPlatform.Build.UnitTests.dll
/mnt/c/Projects/vstest/./test/Microsoft.TestPlatform.Client.UnitTests/bin/Debug/netcoreapp2.1/Microsoft.TestPlatform.Client.UnitTests.dll
/mnt/c/Projects/vstest/./test/Microsoft.TestPlatform.Common.UnitTests/bin/Debug/netcoreapp2.1/Microsoft.TestPlatform.Common.UnitTests.dll
/mnt/c/Projects/vstest/./test/Microsoft.TestPlatform.CommunicationUtilities.UnitTests/bin/Debug/netcoreapp2.1/Microsoft.TestPlatform.CommunicationUtilities.UnitTests.dll
/mnt/c/Projects/vstest/./test/Microsoft.TestPlatform.CoreUtilities.UnitTests/bin/Debug/netcoreapp2.1/Microsoft.TestPlatform.CoreUtilities.UnitTests.dll
/mnt/c/Projects/vstest/./test/Microsoft.TestPlatform.CrossPlatEngine.UnitTests/bin/Debug/netcoreapp2.1/Microsoft.TestPlatform.Common.UnitTests.dll
/mnt/c/Projects/vstest/./test/Microsoft.TestPlatform.CrossPlatEngine.UnitTests/bin/Debug/netcoreapp2.1/Microsoft.TestPlatform.CrossPlatEngine.UnitTests.dll
/mnt/c/Projects/vstest/./test/Microsoft.TestPlatform.Extensions.BlameDataCollector.UnitTests/bin/Debug/netcoreapp2.1/Microsoft.TestPlatform.Extensions.BlameDataCollector.UnitTests.dll
/mnt/c/Projects/vstest/./test/Microsoft.TestPlatform.Extensions.HtmlLogger.UnitTests/bin/Debug/netcoreapp2.1/Microsoft.TestPlatform.Extensions.HtmlLogger.UnitTests.dll
/mnt/c/Projects/vstest/./test/Microsoft.TestPlatform.Extensions.TrxLogger.UnitTests/bin/Debug/netcoreapp2.1/Microsoft.TestPlatform.Extensions.TrxLogger.UnitTests.dll
/mnt/c/Projects/vstest/./test/Microsoft.TestPlatform.ObjectModel.UnitTests/bin/Debug/netcoreapp2.1/Microsoft.TestPlatform.ObjectModel.UnitTests.dll
/mnt/c/Projects/vstest/./test/Microsoft.TestPlatform.TestHostProvider.UnitTests/bin/Debug/netcoreapp2.1/Microsoft.TestPlatform.TestHostProvider.UnitTests.dll
/mnt/c/Projects/vstest/./test/Microsoft.TestPlatform.Utilities.UnitTests/bin/Debug/netcoreapp2.1/Microsoft.TestPlatform.Utilities.UnitTests.dll
/mnt/c/Projects/vstest/./test/testhost.UnitTests/bin/Debug/netcoreapp2.1/testhost.UnitTests.dll
/mnt/c/Projects/vstest/./test/TranslationLayer.UnitTests/bin/Debug/netcoreapp2.1/TranslationLayer.UnitTests.dll
/mnt/c/Projects/vstest/./test/vstest.console.UnitTests/bin/Debug/netcoreapp2.1/vstest.console.UnitTests.dll
TpTrace Information: 0 : 6506, 1, 2020/11/04, 14:28:51.662, 14164746493359, vstest.console.dll, InferRunSettingsHelper.IsTestSettingsEnabled: Unable to navigate to RunSettings/MSTest. Current node: RunSettings
TpTrace Information: 0 : 6506, 1, 2020/11/04, 14:28:51.666, 14164750724359, vstest.console.dll, AssemblyResolver.OnResolve: Microsoft.VisualStudio.TestPlatform.Fakes: Resolving assembly.
TpTrace Information: 0 : 6506, 1, 2020/11/04, 14:28:51.673, 14164757726359, vstest.console.dll, AssemblyResolver.OnResolve: Microsoft.VisualStudio.TestPlatform.Fakes: Failed to load assembly.
TpTrace Information: 0 : 6506, 1, 2020/11/04, 14:28:51.675, 14164759087259, vstest.console.dll, Failed to create newly implemented Fakes Configurator. Reason:System.IO.FileNotFoundException: Could not load file or assembly 'Microsoft.VisualStudio.TestPlatform.Fakes, Version=16.0.0.0, Culture=neutral, PublicKeyToken=null'. The system cannot find the file specified.

File name: 'Microsoft.VisualStudio.TestPlatform.Fakes, Version=16.0.0.0, Culture=neutral, PublicKeyToken=null'
   at System.Reflection.RuntimeAssembly.nLoad(AssemblyName fileName, String codeBase, RuntimeAssembly locationHint, StackCrawlMark& stackMark, IntPtr pPrivHostBinder, Boolean throwOnFileNotFound, IntPtr ptrLoadContextBinder)
   at System.Reflection.RuntimeAssembly.InternalLoadAssemblyName(AssemblyName assemblyRef, RuntimeAssembly reqAssembly, StackCrawlMark& stackMark, IntPtr pPrivHostBinder, Boolean throwOnFileNotFound, IntPtr ptrLoadContextBinder)
   at System.Reflection.Assembly.Load(AssemblyName assemblyRef)
   at Microsoft.VisualStudio.TestPlatform.Common.Utilities.FakesUtilities.TryGetFakesCrossPlatformDataCollectorConfigurator() in C:\Projects\vstest\src\Microsoft.TestPlatform.Common\Utilities\FakesUtilities.cs:line 262

 
TpTrace Verbose: 0 : 6506, 1, 2020/11/04, 14:28:51.904, 14164988015859, vstest.console.dll, TestPluginCache: Update extensions started. Skip filter = False
TpTrace Verbose: 0 : 6506, 1, 2020/11/04, 14:28:51.905, 14164989767859, vstest.console.dll, TestPluginCache: Using directories for assembly resolution '/mnt/c/Projects/vstest/test/Microsoft.TestPlatform.Extensions.HtmlLogger.UnitTests/bin/Debug/netcoreapp2.1,/mnt/c/Projects/vstest/test/Microsoft.TestPlatform.Extensions.TrxLogger.UnitTests/bin/Debug/netcoreapp2.1'.
TpTrace Verbose: 0 : 6506, 1, 2020/11/04, 14:28:51.906, 14164990812859, vstest.console.dll, TestPluginCache: Updated the available extensions to '/mnt/c/Projects/vstest/test/Microsoft.TestPlatform.Extensions.HtmlLogger.UnitTests/bin/Debug/netcoreapp2.1/Microsoft.VisualStudio.TestPlatform.Extensions.Html.TestLogger.dll,/mnt/c/Projects/vstest/test/Microsoft.TestPlatform.Extensions.TrxLogger.UnitTests/bin/Debug/netcoreapp2.1/Microsoft.VisualStudio.TestPlatform.Extensions.Trx.TestLogger.dll'.
TpTrace Information: 0 : 6506, 1, 2020/11/04, 14:28:51.961, 14165045833259, vstest.console.dll, TestPluginManager.CreateTestExtension: Attempting to load test extension: Microsoft.VisualStudio.TestPlatform.CrossPlatEngine.Hosting.DefaultTestHostManager
TpTrace Information: 0 : 6506, 1, 2020/11/04, 14:28:51.963, 14165047125159, vstest.console.dll, TestPluginManager.CreateTestExtension: Attempting to load test extension: Microsoft.VisualStudio.TestPlatform.CrossPlatEngine.Hosting.DotnetTestHostManager
TpTrace Verbose: 0 : 6506, 1, 2020/11/04, 14:28:51.971, 14165055357059, vstest.console.dll, TestEngine: Initializing Parallel Execution as MaxCpuCount is set to: 1
TpTrace Information: 0 : 6506, 1, 2020/11/04, 14:28:51.973, 14165057661459, vstest.console.dll, InferRunSettingsHelper.IsTestSettingsEnabled: Unable to navigate to RunSettings/MSTest. Current node: RunSettings
TpTrace Verbose: 0 : 6506, 1, 2020/11/04, 14:28:52.269, 14165353281159, vstest.console.dll, TestRequestSender is acting as server
TpTrace Verbose: 0 : 6506, 1, 2020/11/04, 14:28:52.281, 14165364930259, vstest.console.dll, TestRunRequest.ExecuteAsync: Creating test run request.
TpTrace Verbose: 0 : 6506, 1, 2020/11/04, 14:28:52.353, 14165437512759, vstest.console.dll, TestRunRequest.ExecuteAsync: Starting.
TpTrace Information: 0 : 6506, 1, 2020/11/04, 14:28:52.356, 14165440204059, vstest.console.dll, TestRunRequest.ExecuteAsync: Starting run with settings:TestRunCriteria:
   KeepAlive=False,FrequencyOfRunStatsChangeEvent=10,RunStatsChangeEventTimeout=00:00:01.5000000,TestCaseFilter=TestCategory!=Windows,TestExecutorLauncher=
   Settingsxml=<RunSettings>
  <RunConfiguration>
    <ResultsDirectory>/mnt/c/Projects/vstest/TestResults</ResultsDirectory>
    <TargetPlatform>X64</TargetPlatform>
    <TargetFrameworkVersion>.NETCoreApp,Version=v2.1</TargetFrameworkVersion>
    <DesignMode>False</DesignMode>
    <CollectSourceInformation>False</CollectSourceInformation>
  </RunConfiguration>
  <LoggerRunSettings>
    <Loggers>
      <Logger friendlyName="Console" uri="logger://microsoft/TestPlatform/ConsoleLogger/v1" assemblyQualifiedName="Microsoft.VisualStudio.TestPlatform.CommandLine.Internal.ConsoleLogger, vstest.console, Version=15.0.0.0, Culture=neutral, PublicKeyToken=b03f5f7f11d50a3a" codeBase="/mnt/c/Projects/vstest/artifacts/Debug/netcoreapp2.1/vstest.console.dll" enabled="True" />
    </Loggers>
  </LoggerRunSettings>
</RunSettings>

TpTrace Verbose: 0 : 6506, 1, 2020/11/04, 14:28:52.362, 14165446641459, vstest.console.dll, TestRunRequest.ExecuteAsync: Wait for the first run request is over.
TpTrace Verbose: 0 : 6506, 1, 2020/11/04, 14:28:52.366, 14165450688559, vstest.console.dll, ParallelProxyExecutionManager: Start execution. Total sources: 18
TpTrace Information: 0 : 6506, 1, 2020/11/04, 14:28:52.372, 14165456678659, vstest.console.dll, ProxyParallelExecutionManager: Triggering test run for next source: /mnt/c/Projects/vstest/./test/datacollector.UnitTests/bin/Debug/netcoreapp2.1/datacollector.UnitTests.dll
TpTrace Verbose: 0 : 6506, 1, 2020/11/04, 14:28:52.382, 14165466477959, vstest.console.dll, ProxyParallelExecutionManager: No sources available for execution.
TpTrace Verbose: 0 : 6506, 4, 2020/11/04, 14:28:52.382, 14165466819659, vstest.console.dll, ParallelProxyExecutionManager: Execution started. Started clients: 1
TpTrace Information: 0 : 6506, 1, 2020/11/04, 14:28:52.384, 14165468180259, vstest.console.dll, TestRunRequest.ExecuteAsync: Started.
TpTrace Verbose: 0 : 6506, 4, 2020/11/04, 14:28:52.397, 14165480919959, vstest.console.dll, ProxyExecutionManager: Test host is always Lazy initialize.
TpTrace Verbose: 0 : 6506, 1, 2020/11/04, 14:28:52.399, 14165482989959, vstest.console.dll, TestRunRequest.WaitForCompletion: Waiting with timeout -1.
TpTrace Verbose: 0 : 6506, 4, 2020/11/04, 14:28:52.410, 14165493945259, vstest.console.dll, TestRequestSender.InitializeCommunication: initialize communication. 
TpTrace Information: 0 : 6506, 4, 2020/11/04, 14:28:52.464, 14165548377859, vstest.console.dll, SocketServer.Start: Listening on endpoint : 127.0.0.1:41083
TpTrace Verbose: 0 : 6506, 4, 2020/11/04, 14:28:52.523, 14165607305759, vstest.console.dll, DotnetTestHostmanager: Adding  --runtimeconfig "/mnt/c/Projects/vstest/./test/datacollector.UnitTests/bin/Debug/netcoreapp2.1/datacollector.UnitTests.runtimeconfig.json" in args
TpTrace Verbose: 0 : 6506, 4, 2020/11/04, 14:28:52.562, 14165646268459, vstest.console.dll, DotnetTestHostmanager: Adding  --depsfile "/mnt/c/Projects/vstest/./test/datacollector.UnitTests/bin/Debug/netcoreapp2.1/datacollector.UnitTests.deps.json" in args
TpTrace Information: 0 : 6506, 4, 2020/11/04, 14:28:52.564, 14165648419159, vstest.console.dll, AssemblyResolver.OnResolve: Microsoft.Extensions.DependencyModel: Resolving assembly.
TpTrace Information: 0 : 6506, 4, 2020/11/04, 14:28:52.815, 14165899578859, vstest.console.dll, AssemblyResolver.OnResolve: Resolved assembly: Microsoft.Extensions.DependencyModel, from path: /mnt/c/Projects/vstest/artifacts/Debug/netcoreapp2.1/Microsoft.Extensions.DependencyModel.dll
TpTrace Verbose: 0 : 6506, 4, 2020/11/04, 14:28:53.107, 14166191797359, vstest.console.dll, DotnetTestHostmanager: Reading file /mnt/c/Projects/vstest/./test/datacollector.UnitTests/bin/Debug/netcoreapp2.1/datacollector.UnitTests.deps.json to get path of testhost.dll
TpTrace Information: 0 : 6506, 4, 2020/11/04, 14:28:53.217, 14166301363159, vstest.console.dll, AssemblyResolver.OnResolve: System.Runtime.CompilerServices.Unsafe: Resolving assembly.
TpTrace Information: 0 : 6506, 4, 2020/11/04, 14:28:53.245, 14166329502859, vstest.console.dll, AssemblyResolver.OnResolve: Resolved assembly: System.Runtime.CompilerServices.Unsafe, from path: /mnt/c/Projects/vstest/artifacts/Debug/netcoreapp2.1/System.Runtime.CompilerServices.Unsafe.dll
TpTrace Verbose: 0 : 6506, 4, 2020/11/04, 14:28:53.430, 14166514678559, vstest.console.dll, DotnetTestHostmanager: Looking for path  in folder C:\Users\jajares\.dotnet\store\|arch|\|tfm|
TpTrace Verbose: 0 : 6506, 4, 2020/11/04, 14:28:53.431, 14166515707659, vstest.console.dll, DotnetTestHostmanager: Looking for path  in folder C:\Projects\vstest\packages
TpTrace Verbose: 0 : 6506, 4, 2020/11/04, 14:28:53.432, 14166516416259, vstest.console.dll, DotnetTestHostmanager: Looking for path  in folder C:\Program Files\dotnet\sdk\NuGetFallbackFolder
TpTrace Verbose: 0 : 6506, 4, 2020/11/04, 14:28:53.435, 14166519809559, vstest.console.dll, DotnetTestHostManager: Assume published test project, with test host path = /mnt/c/Projects/vstest/./test/datacollector.UnitTests/bin/Debug/netcoreapp2.1/testhost.dll.
TpTrace Verbose: 0 : 6506, 4, 2020/11/04, 14:28:53.454, 14166538820959, vstest.console.dll, DotnetTestHostmanager: Full path of testhost.dll is /mnt/c/Projects/vstest/./test/datacollector.UnitTests/bin/Debug/netcoreapp2.1/testhost.dll
TpTrace Verbose: 0 : 6506, 4, 2020/11/04, 14:28:53.455, 14166539402759, vstest.console.dll, DotnetTestHostmanager: Full path of host exe is /mnt/c/Projects/vstest/tools/dotnet-linux/dotnet
TpTrace Verbose: 0 : 6506, 5, 2020/11/04, 14:28:53.464, 14166548709959, vstest.console.dll, DotnetTestHostManager: Starting process '/mnt/c/Projects/vstest/tools/dotnet-linux/dotnet' with command line 'exec --runtimeconfig "/mnt/c/Projects/vstest/./test/datacollector.UnitTests/bin/Debug/netcoreapp2.1/datacollector.UnitTests.runtimeconfig.json" --depsfile "/mnt/c/Projects/vstest/./test/datacollector.UnitTests/bin/Debug/netcoreapp2.1/datacollector.UnitTests.deps.json" "/mnt/c/Projects/vstest/./test/datacollector.UnitTests/bin/Debug/netcoreapp2.1/testhost.dll" --port 41083 --endpoint 127.0.0.1:041083 --role client --parentprocessid 6506 --diag "/mnt/c/Projects/vstest/logs/log.host.20-11-04_14-28-52_48080_4.txt" --tracelevel 4 --telemetryoptedin false'
TpTrace Verbose: 0 : 6506, 5, 2020/11/04, 14:28:53.499, 14166583860859, vstest.console.dll, Test Runtime launched
TpTrace Verbose: 0 : 6506, 4, 2020/11/04, 14:28:53.515, 14166599277759, vstest.console.dll, TestRequestSender.WaitForRequestHandlerConnection: waiting for connection with timeout: 90000
TpTrace Warning: 0 : 6506, 9, 2020/11/04, 14:28:53.557, 14166641449759, vstest.console.dll, TestHostManagerCallbacks.ErrorReceivedCallback Test host standard error line: Error:
TpTrace Warning: 0 : 6506, 9, 2020/11/04, 14:28:53.558, 14166642589759, vstest.console.dll, TestHostManagerCallbacks.ErrorReceivedCallback Test host standard error line:   An assembly specified in the application dependencies manifest (datacollector.UnitTests.deps.json) was not found:
TpTrace Warning: 0 : 6506, 9, 2020/11/04, 14:28:53.559, 14166643024559, vstest.console.dll, TestHostManagerCallbacks.ErrorReceivedCallback Test host standard error line:     package: 'Castle.Core', version: '4.1.0'
TpTrace Warning: 0 : 6506, 9, 2020/11/04, 14:28:53.559, 14166643288159, vstest.console.dll, TestHostManagerCallbacks.ErrorReceivedCallback Test host standard error line:     path: 'lib/netstandard1.3/Castle.Core.dll'
TpTrace Warning: 0 : 6506, 5, 2020/11/04, 14:28:53.559, 14166643674759, vstest.console.dll, TestHostManagerCallbacks.ErrorReceivedCallback Test host standard error line: 
TpTrace Verbose: 0 : 6506, 7, 2020/11/04, 14:28:53.560, 14166644243859, vstest.console.dll, TestHostProvider.ExitCallBack: Host exited starting callback.
TpTrace Error: 0 : 6506, 7, 2020/11/04, 14:28:53.561, 14166645101359, vstest.console.dll, TestHostManagerCallbacks.ExitCallBack: Testhost processId: 6520 exited with exitcode: 140 error: 'Error:
  An assembly specified in the application dependencies manifest (datacollector.UnitTests.deps.json) was not found:
    package: 'Castle.Core', version: '4.1.0'
    path: 'lib/netstandard1.3/Castle.Core.dll'
'
TpTrace Verbose: 0 : 6506, 7, 2020/11/04, 14:28:53.561, 14166645648259, vstest.console.dll, DotnetTestHostManager.OnHostExited: invoking OnHostExited callback
TpTrace Verbose: 0 : 6506, 7, 2020/11/04, 14:28:53.562, 14166646155359, vstest.console.dll, CrossPlatEngine.TestHostManagerHostExited: calling on client process exit callback.
TpTrace Information: 0 : 6506, 7, 2020/11/04, 14:28:53.562, 14166646691159, vstest.console.dll, TestRequestSender.OnClientProcessExit: Test host process exited. Standard error: Error:
  An assembly specified in the application dependencies manifest (datacollector.UnitTests.deps.json) was not found:
    package: 'Castle.Core', version: '4.1.0'
    path: 'lib/netstandard1.3/Castle.Core.dll'

TpTrace Verbose: 0 : 6506, 4, 2020/11/04, 14:28:53.563, 14166647097359, vstest.console.dll, Test host failed to start Test host launched:True test host exited: True
TpTrace Information: 0 : 6506, 7, 2020/11/04, 14:28:53.563, 14166647208459, vstest.console.dll, SocketServer.Stop: Stop server endPoint: 127.0.0.1:41083
TpTrace Information: 0 : 6506, 7, 2020/11/04, 14:28:53.563, 14166647872059, vstest.console.dll, SocketServer.Stop: Cancellation requested. Stopping message loop.
TpTrace Information: 0 : 6506, 4, 2020/11/04, 14:28:53.566, 14166650201159, vstest.console.dll, AssemblyResolver.OnResolve: Microsoft.TestPlatform.CrossPlatEngine.resources: Resolving assembly.
TpTrace Information: 0 : 6506, 4, 2020/11/04, 14:28:53.568, 14166652741459, vstest.console.dll, AssemblyResolver.OnResolve: Microsoft.TestPlatform.CrossPlatEngine.resources: Failed to load assembly.
TpTrace Error: 0 : 6506, 4, 2020/11/04, 14:28:53.593, 14166677788459, vstest.console.dll, ProxyExecutionManager.StartTestRun: Failed to start test run: Microsoft.VisualStudio.TestPlatform.ObjectModel.TestPlatformException: Testhost process exited with error: Error:
  An assembly specified in the application dependencies manifest (datacollector.UnitTests.deps.json) was not found:
    package: 'Castle.Core', version: '4.1.0'
    path: 'lib/netstandard1.3/Castle.Core.dll'
. Please check the diagnostic logs for more information.
   at Microsoft.VisualStudio.TestPlatform.CrossPlatEngine.Client.ProxyOperationManager.ThrowOnTestHostExited(Boolean testHostExited) in C:\Projects\vstest\src\Microsoft.TestPlatform.CrossPlatEngine\Client\ProxyOperationManager.cs:line 342
   at Microsoft.VisualStudio.TestPlatform.CrossPlatEngine.Client.ProxyOperationManager.SetupChannel(IEnumerable`1 sources, String runSettings) in C:\Projects\vstest\src\Microsoft.TestPlatform.CrossPlatEngine\Client\ProxyOperationManager.cs:line 177
   at Microsoft.VisualStudio.TestPlatform.CrossPlatEngine.Client.ProxyExecutionManager.StartTestRun(TestRunCriteria testRunCriteria, ITestRunEventsHandler eventHandler) in C:\Projects\vstest\src\Microsoft.TestPlatform.CrossPlatEngine\Client\ProxyExecutionManager.cs:line 110
TpTrace Verbose: 0 : 6506, 4, 2020/11/04, 14:28:54.202, 14167286355259, vstest.console.dll, TestRunRequest:SendTestRunMessage: Starting.
TpTrace Information: 0 : 6506, 4, 2020/11/04, 14:28:54.204, 14167288853459, vstest.console.dll, TestRunRequest:SendTestRunMessage: Completed.
TpTrace Verbose: 0 : 6506, 4, 2020/11/04, 14:28:54.295, 14167379408659, vstest.console.dll, TestRequestSender.EndSession: Sending end session.
TpTrace Verbose: 0 : 6506, 4, 2020/11/04, 14:28:54.296, 14167380155459, vstest.console.dll, ProxyOperationManager.Close: waiting for test host to exit for 100 ms
TpTrace Warning: 0 : 6506, 4, 2020/11/04, 14:28:54.296, 14167380616759, vstest.console.dll, ProxyOperationManager: Timed out waiting for test host to exit. Will terminate process.
TpTrace Verbose: 0 : 6506, 4, 2020/11/04, 14:28:54.300, 14167384821859, vstest.console.dll, ParallelProxyExecutionManager: HandlePartialRunComplete: Total completed clients = 1, Run complete = False, Run canceled: False.
TpTrace Verbose: 0 : 6506, 4, 2020/11/04, 14:28:54.301, 14167385652559, vstest.console.dll, ParallelProxyExecutionManager: HandlePartialRunComplete: Replace execution manager. Shared: False, Aborted: True.
TpTrace Verbose: 0 : 6506, 4, 2020/11/04, 14:28:54.302, 14167386705259, vstest.console.dll, TestRequestSender is acting as server
TpTrace Information: 0 : 6506, 4, 2020/11/04, 14:28:54.306, 14167390879659, vstest.console.dll, ProxyParallelExecutionManager: Triggering test run for next source: /mnt/c/Projects/vstest/./test/DataCollectors/TraceDataCollector.UnitTests/bin/Debug/netcoreapp2.1/Microsoft.TestPlatform.TraceDataCollector.UnitTests.dll
TpTrace Verbose: 0 : 6506, 7, 2020/11/04, 14:28:54.307, 14167391672359, vstest.console.dll, ParallelProxyExecutionManager: Execution started. Started clients: 2
TpTrace Verbose: 0 : 6506, 7, 2020/11/04, 14:28:54.308, 14167392012459, vstest.console.dll, ProxyExecutionManager: Test host is always Lazy initialize.
TpTrace Verbose: 0 : 6506, 7, 2020/11/04, 14:28:54.308, 14167392353959, vstest.console.dll, TestRequestSender.InitializeCommunication: initialize communication. 
TpTrace Information: 0 : 6506, 7, 2020/11/04, 14:28:54.308, 14167392760459, vstest.console.dll, SocketServer.Start: Listening on endpoint : 127.0.0.1:33033
TpTrace Verbose: 0 : 6506, 4, 2020/11/04, 14:28:54.308, 14167392887859, vstest.console.dll, ProxyParallelExecutionManager: No sources available for execution.
TpTrace Verbose: 0 : 6506, 7, 2020/11/04, 14:28:54.314, 14167398783159, vstest.console.dll, DotnetTestHostmanager: Adding  --runtimeconfig "/mnt/c/Projects/vstest/./test/DataCollectors/TraceDataCollector.UnitTests/bin/Debug/netcoreapp2.1/Microsoft.TestPlatform.TraceDataCollector.UnitTests.runtimeconfig.json" in args
TpTrace Verbose: 0 : 6506, 7, 2020/11/04, 14:28:54.324, 14167408917559, vstest.console.dll, DotnetTestHostmanager: Adding  --depsfile "/mnt/c/Projects/vstest/./test/DataCollectors/TraceDataCollector.UnitTests/bin/Debug/netcoreapp2.1/Microsoft.TestPlatform.TraceDataCollector.UnitTests.deps.json" in args
TpTrace Verbose: 0 : 6506, 7, 2020/11/04, 14:28:54.341, 14167425517059, vstest.console.dll, DotnetTestHostmanager: Reading file /mnt/c/Projects/vstest/./test/DataCollectors/TraceDataCollector.UnitTests/bin/Debug/netcoreapp2.1/Microsoft.TestPlatform.TraceDataCollector.UnitTests.deps.json to get path of testhost.dll
TpTrace Verbose: 0 : 6506, 7, 2020/11/04, 14:28:54.372, 14167456802959, vstest.console.dll, DotnetTestHostmanager: Looking for path  in folder C:\Users\jajares\.dotnet\store\|arch|\|tfm|
TpTrace Verbose: 0 : 6506, 7, 2020/11/04, 14:28:54.373, 14167457633459, vstest.console.dll, DotnetTestHostmanager: Looking for path  in folder C:\Projects\vstest\packages
TpTrace Verbose: 0 : 6506, 7, 2020/11/04, 14:28:54.374, 14167458565959, vstest.console.dll, DotnetTestHostmanager: Looking for path  in folder C:\Program Files\dotnet\sdk\NuGetFallbackFolder
TpTrace Verbose: 0 : 6506, 7, 2020/11/04, 14:28:54.377, 14167460934259, vstest.console.dll, DotnetTestHostManager: Assume published test project, with test host path = /mnt/c/Projects/vstest/./test/DataCollectors/TraceDataCollector.UnitTests/bin/Debug/netcoreapp2.1/testhost.dll.
TpTrace Verbose: 0 : 6506, 7, 2020/11/04, 14:28:54.383, 14167467210659, vstest.console.dll, DotnetTestHostmanager: Full path of testhost.dll is /mnt/c/Projects/vstest/./test/DataCollectors/TraceDataCollector.UnitTests/bin/Debug/netcoreapp2.1/testhost.dll
TpTrace Verbose: 0 : 6506, 7, 2020/11/04, 14:28:54.383, 14167467681159, vstest.console.dll, DotnetTestHostmanager: Full path of host exe is /mnt/c/Projects/vstest/tools/dotnet-linux/dotnet
TpTrace Verbose: 0 : 6506, 4, 2020/11/04, 14:28:54.384, 14167468331259, vstest.console.dll, DotnetTestHostManager: Starting process '/mnt/c/Projects/vstest/tools/dotnet-linux/dotnet' with command line 'exec --runtimeconfig "/mnt/c/Projects/vstest/./test/DataCollectors/TraceDataCollector.UnitTests/bin/Debug/netcoreapp2.1/Microsoft.TestPlatform.TraceDataCollector.UnitTests.runtimeconfig.json" --depsfile "/mnt/c/Projects/vstest/./test/DataCollectors/TraceDataCollector.UnitTests/bin/Debug/netcoreapp2.1/Microsoft.TestPlatform.TraceDataCollector.UnitTests.deps.json" "/mnt/c/Projects/vstest/./test/DataCollectors/TraceDataCollector.UnitTests/bin/Debug/netcoreapp2.1/testhost.dll" --port 33033 --endpoint 127.0.0.1:033033 --role client --parentprocessid 6506 --diag "/mnt/c/Projects/vstest/logs/log.host.20-11-04_14-28-54_30927_7.txt" --tracelevel 4 --telemetryoptedin false'
TpTrace Verbose: 0 : 6506, 4, 2020/11/04, 14:28:54.394, 14167478812059, vstest.console.dll, Test Runtime launched
TpTrace Verbose: 0 : 6506, 7, 2020/11/04, 14:28:54.396, 14167480630959, vstest.console.dll, TestRequestSender.WaitForRequestHandlerConnection: waiting for connection with timeout: 90000
TpTrace Warning: 0 : 6506, 9, 2020/11/04, 14:28:54.483, 14167567819459, vstest.console.dll, TestHostManagerCallbacks.ErrorReceivedCallback Test host standard error line: Error:
TpTrace Warning: 0 : 6506, 9, 2020/11/04, 14:28:54.484, 14167568291759, vstest.console.dll, TestHostManagerCallbacks.ErrorReceivedCallback Test host standard error line:   An assembly specified in the application dependencies manifest (Microsoft.TestPlatform.TraceDataCollector.UnitTests.deps.json) was not found:
TpTrace Warning: 0 : 6506, 9, 2020/11/04, 14:28:54.484, 14167568880859, vstest.console.dll, TestHostManagerCallbacks.ErrorReceivedCallback Test host standard error line:     package: 'Castle.Core', version: '4.1.0'
TpTrace Warning: 0 : 6506, 9, 2020/11/04, 14:28:54.485, 14167569265759, vstest.console.dll, TestHostManagerCallbacks.ErrorReceivedCallback Test host standard error line:     path: 'lib/netstandard1.3/Castle.Core.dll'
TpTrace Warning: 0 : 6506, 4, 2020/11/04, 14:28:54.486, 14167570015059, vstest.console.dll, TestHostManagerCallbacks.ErrorReceivedCallback Test host standard error line: 
TpTrace Verbose: 0 : 6506, 4, 2020/11/04, 14:28:54.486, 14167570631659, vstest.console.dll, TestHostProvider.ExitCallBack: Host exited starting callback.
TpTrace Error: 0 : 6506, 4, 2020/11/04, 14:28:54.487, 14167571048959, vstest.console.dll, TestHostManagerCallbacks.ExitCallBack: Testhost processId: 6524 exited with exitcode: 140 error: 'Error:
  An assembly specified in the application dependencies manifest (Microsoft.TestPlatform.TraceDataCollector.UnitTests.deps.json) was not found:
    package: 'Castle.Core', version: '4.1.0'
    path: 'lib/netstandard1.3/Castle.Core.dll'
'
TpTrace Verbose: 0 : 6506, 4, 2020/11/04, 14:28:54.487, 14167571380359, vstest.console.dll, DotnetTestHostManager.OnHostExited: invoking OnHostExited callback
TpTrace Verbose: 0 : 6506, 4, 2020/11/04, 14:28:54.487, 14167571710159, vstest.console.dll, CrossPlatEngine.TestHostManagerHostExited: calling on client process exit callback.
TpTrace Information: 0 : 6506, 4, 2020/11/04, 14:28:54.488, 14167572017459, vstest.console.dll, TestRequestSender.OnClientProcessExit: Test host process exited. Standard error: Error:
  An assembly specified in the application dependencies manifest (Microsoft.TestPlatform.TraceDataCollector.UnitTests.deps.json) was not found:
    package: 'Castle.Core', version: '4.1.0'
    path: 'lib/netstandard1.3/Castle.Core.dll'

TpTrace Information: 0 : 6506, 4, 2020/11/04, 14:28:54.488, 14167572429659, vstest.console.dll, SocketServer.Stop: Stop server endPoint: 127.0.0.1:33033
TpTrace Verbose: 0 : 6506, 7, 2020/11/04, 14:28:54.488, 14167572435259, vstest.console.dll, Test host failed to start Test host launched:True test host exited: True
TpTrace Information: 0 : 6506, 4, 2020/11/04, 14:28:54.488, 14167572776059, vstest.console.dll, SocketServer.Stop: Cancellation requested. Stopping message loop.
TpTrace Error: 0 : 6506, 7, 2020/11/04, 14:28:54.489, 14167573375459, vstest.console.dll, ProxyExecutionManager.StartTestRun: Failed to start test run: Microsoft.VisualStudio.TestPlatform.ObjectModel.TestPlatformException: Testhost process exited with error: Error:
  An assembly specified in the application dependencies manifest (Microsoft.TestPlatform.TraceDataCollector.UnitTests.deps.json) was not found:
    package: 'Castle.Core', version: '4.1.0'
    path: 'lib/netstandard1.3/Castle.Core.dll'
. Please check the diagnostic logs for more information.
   at Microsoft.VisualStudio.TestPlatform.CrossPlatEngine.Client.ProxyOperationManager.ThrowOnTestHostExited(Boolean testHostExited) in C:\Projects\vstest\src\Microsoft.TestPlatform.CrossPlatEngine\Client\ProxyOperationManager.cs:line 342
   at Microsoft.VisualStudio.TestPlatform.CrossPlatEngine.Client.ProxyOperationManager.SetupChannel(IEnumerable`1 sources, String runSettings) in C:\Projects\vstest\src\Microsoft.TestPlatform.CrossPlatEngine\Client\ProxyOperationManager.cs:line 177
   at Microsoft.VisualStudio.TestPlatform.CrossPlatEngine.Client.ProxyExecutionManager.StartTestRun(TestRunCriteria testRunCriteria, ITestRunEventsHandler eventHandler) in C:\Projects\vstest\src\Microsoft.TestPlatform.CrossPlatEngine\Client\ProxyExecutionManager.cs:line 110
TpTrace Verbose: 0 : 6506, 7, 2020/11/04, 14:28:54.490, 14167574282059, vstest.console.dll, TestRunRequest:SendTestRunMessage: Starting.
TpTrace Information: 0 : 6506, 7, 2020/11/04, 14:28:54.490, 14167574699259, vstest.console.dll, TestRunRequest:SendTestRunMessage: Completed.
TpTrace Verbose: 0 : 6506, 7, 2020/11/04, 14:28:54.491, 14167575146659, vstest.console.dll, TestRequestSender.EndSession: Sending end session.
TpTrace Verbose: 0 : 6506, 7, 2020/11/04, 14:28:54.491, 14167575526059, vstest.console.dll, ProxyOperationManager.Close: waiting for test host to exit for 100 ms
TpTrace Warning: 0 : 6506, 7, 2020/11/04, 14:28:54.492, 14167576057659, vstest.console.dll, ProxyOperationManager: Timed out waiting for test host to exit. Will terminate process.
TpTrace Verbose: 0 : 6506, 7, 2020/11/04, 14:28:54.492, 14167576721459, vstest.console.dll, ParallelProxyExecutionManager: HandlePartialRunComplete: Total completed clients = 2, Run complete = False, Run canceled: False.
TpTrace Verbose: 0 : 6506, 7, 2020/11/04, 14:28:54.493, 14167577289259, vstest.console.dll, ParallelProxyExecutionManager: HandlePartialRunComplete: Replace execution manager. Shared: False, Aborted: True.
TpTrace Verbose: 0 : 6506, 7, 2020/11/04, 14:28:54.502, 14167586180759, vstest.console.dll, TestRequestSender is acting as server
TpTrace Information: 0 : 6506, 7, 2020/11/04, 14:28:54.502, 14167586713859, vstest.console.dll, ProxyParallelExecutionManager: Triggering test run for next source: /mnt/c/Projects/vstest/./test/Microsoft.TestPlatform.Build.UnitTests/bin/Debug/netcoreapp2.1/Microsoft.TestPlatform.Build.UnitTests.dll
TpTrace Verbose: 0 : 6506, 7, 2020/11/04, 14:28:54.503, 14167587195359, vstest.console.dll, ProxyParallelExecutionManager: No sources available for execution.
TpTrace Verbose: 0 : 6506, 4, 2020/11/04, 14:28:54.503, 14167587281559, vstest.console.dll, ParallelProxyExecutionManager: Execution started. Started clients: 3
TpTrace Verbose: 0 : 6506, 4, 2020/11/04, 14:28:54.504, 14167588196959, vstest.console.dll, ProxyExecutionManager: Test host is always Lazy initialize.
TpTrace Verbose: 0 : 6506, 4, 2020/11/04, 14:28:54.504, 14167588599959, vstest.console.dll, TestRequestSender.InitializeCommunication: initialize communication. 
TpTrace Information: 0 : 6506, 4, 2020/11/04, 14:28:54.505, 14167589026559, vstest.console.dll, SocketServer.Start: Listening on endpoint : 127.0.0.1:36609
TpTrace Verbose: 0 : 6506, 4, 2020/11/04, 14:28:54.511, 14167595180659, vstest.console.dll, DotnetTestHostmanager: Adding  --runtimeconfig "/mnt/c/Projects/vstest/./test/Microsoft.TestPlatform.Build.UnitTests/bin/Debug/netcoreapp2.1/Microsoft.TestPlatform.Build.UnitTests.runtimeconfig.json" in args
TpTrace Verbose: 0 : 6506, 4, 2020/11/04, 14:28:54.516, 14167600786859, vstest.console.dll, DotnetTestHostmanager: Adding  --depsfile "/mnt/c/Projects/vstest/./test/Microsoft.TestPlatform.Build.UnitTests/bin/Debug/netcoreapp2.1/Microsoft.TestPlatform.Build.UnitTests.deps.json" in args
TpTrace Verbose: 0 : 6506, 4, 2020/11/04, 14:28:54.529, 14167613635059, vstest.console.dll, DotnetTestHostmanager: Reading file /mnt/c/Projects/vstest/./test/Microsoft.TestPlatform.Build.UnitTests/bin/Debug/netcoreapp2.1/Microsoft.TestPlatform.Build.UnitTests.deps.json to get path of testhost.dll
TpTrace Verbose: 0 : 6506, 4, 2020/11/04, 14:28:54.583, 14167667165959, vstest.console.dll, DotnetTestHostmanager: Looking for path  in folder C:\Users\jajares\.dotnet\store\|arch|\|tfm|
TpTrace Verbose: 0 : 6506, 4, 2020/11/04, 14:28:54.585, 14167669790159, vstest.console.dll, DotnetTestHostmanager: Looking for path  in folder C:\Projects\vstest\packages
TpTrace Verbose: 0 : 6506, 4, 2020/11/04, 14:28:54.588, 14167672261859, vstest.console.dll, DotnetTestHostmanager: Looking for path  in folder C:\Program Files\dotnet\sdk\NuGetFallbackFolder
TpTrace Verbose: 0 : 6506, 4, 2020/11/04, 14:28:54.591, 14167675194659, vstest.console.dll, DotnetTestHostManager: Assume published test project, with test host path = /mnt/c/Projects/vstest/./test/Microsoft.TestPlatform.Build.UnitTests/bin/Debug/netcoreapp2.1/testhost.dll.
TpTrace Verbose: 0 : 6506, 4, 2020/11/04, 14:28:54.598, 14167682766759, vstest.console.dll, DotnetTestHostmanager: Full path of testhost.dll is /mnt/c/Projects/vstest/./test/Microsoft.TestPlatform.Build.UnitTests/bin/Debug/netcoreapp2.1/testhost.dll
TpTrace Verbose: 0 : 6506, 4, 2020/11/04, 14:28:54.599, 14167683366359, vstest.console.dll, DotnetTestHostmanager: Full path of host exe is /mnt/c/Projects/vstest/tools/dotnet-linux/dotnet
TpTrace Verbose: 0 : 6506, 7, 2020/11/04, 14:28:54.600, 14167683942759, vstest.console.dll, DotnetTestHostManager: Starting process '/mnt/c/Projects/vstest/tools/dotnet-linux/dotnet' with command line 'exec --runtimeconfig "/mnt/c/Projects/vstest/./test/Microsoft.TestPlatform.Build.UnitTests/bin/Debug/netcoreapp2.1/Microsoft.TestPlatform.Build.UnitTests.runtimeconfig.json" --depsfile "/mnt/c/Projects/vstest/./test/Microsoft.TestPlatform.Build.UnitTests/bin/Debug/netcoreapp2.1/Microsoft.TestPlatform.Build.UnitTests.deps.json" "/mnt/c/Projects/vstest/./test/Microsoft.TestPlatform.Build.UnitTests/bin/Debug/netcoreapp2.1/testhost.dll" --port 36609 --endpoint 127.0.0.1:036609 --role client --parentprocessid 6506 --diag "/mnt/c/Projects/vstest/logs/log.host.20-11-04_14-28-54_50566_4.txt" --tracelevel 4 --telemetryoptedin false'
TpTrace Verbose: 0 : 6506, 7, 2020/11/04, 14:28:54.608, 14167692581759, vstest.console.dll, Test Runtime launched
TpTrace Verbose: 0 : 6506, 4, 2020/11/04, 14:28:54.609, 14167693290959, vstest.console.dll, TestRequestSender.WaitForRequestHandlerConnection: waiting for connection with timeout: 90000
TpTrace Warning: 0 : 6506, 5, 2020/11/04, 14:28:54.733, 14167817644059, vstest.console.dll, TestHostManagerCallbacks.ErrorReceivedCallback Test host standard error line: Error:
TpTrace Warning: 0 : 6506, 5, 2020/11/04, 14:28:54.734, 14167818094459, vstest.console.dll, TestHostManagerCallbacks.ErrorReceivedCallback Test host standard error line:   An assembly specified in the application dependencies manifest (Microsoft.TestPlatform.Build.UnitTests.deps.json) was not found:
TpTrace Warning: 0 : 6506, 5, 2020/11/04, 14:28:54.734, 14167818463259, vstest.console.dll, TestHostManagerCallbacks.ErrorReceivedCallback Test host standard error line:     package: 'Castle.Core', version: '4.1.0'
TpTrace Warning: 0 : 6506, 5, 2020/11/04, 14:28:54.734, 14167818847159, vstest.console.dll, TestHostManagerCallbacks.ErrorReceivedCallback Test host standard error line:     path: 'lib/netstandard1.3/Castle.Core.dll'
TpTrace Warning: 0 : 6506, 7, 2020/11/04, 14:28:54.736, 14167820213159, vstest.console.dll, TestHostManagerCallbacks.ErrorReceivedCallback Test host standard error line: 
TpTrace Verbose: 0 : 6506, 7, 2020/11/04, 14:28:54.739, 14167823516059, vstest.console.dll, TestHostProvider.ExitCallBack: Host exited starting callback.
TpTrace Error: 0 : 6506, 7, 2020/11/04, 14:28:54.740, 14167824652659, vstest.console.dll, TestHostManagerCallbacks.ExitCallBack: Testhost processId: 6525 exited with exitcode: 140 error: 'Error:
  An assembly specified in the application dependencies manifest (Microsoft.TestPlatform.Build.UnitTests.deps.json) was not found:
    package: 'Castle.Core', version: '4.1.0'
    path: 'lib/netstandard1.3/Castle.Core.dll'
'
TpTrace Verbose: 0 : 6506, 7, 2020/11/04, 14:28:54.741, 14167825347959, vstest.console.dll, DotnetTestHostManager.OnHostExited: invoking OnHostExited callback
TpTrace Verbose: 0 : 6506, 7, 2020/11/04, 14:28:54.742, 14167826472559, vstest.console.dll, CrossPlatEngine.TestHostManagerHostExited: calling on client process exit callback.
TpTrace Information: 0 : 6506, 7, 2020/11/04, 14:28:54.743, 14167827313659, vstest.console.dll, TestRequestSender.OnClientProcessExit: Test host process exited. Standard error: Error:
  An assembly specified in the application dependencies manifest (Microsoft.TestPlatform.Build.UnitTests.deps.json) was not found:
    package: 'Castle.Core', version: '4.1.0'
    path: 'lib/netstandard1.3/Castle.Core.dll'

TpTrace Information: 0 : 6506, 7, 2020/11/04, 14:28:54.744, 14167827995059, vstest.console.dll, SocketServer.Stop: Stop server endPoint: 127.0.0.1:36609
TpTrace Verbose: 0 : 6506, 4, 2020/11/04, 14:28:54.744, 14167827999859, vstest.console.dll, Test host failed to start Test host launched:True test host exited: True
TpTrace Information: 0 : 6506, 7, 2020/11/04, 14:28:54.745, 14167829165459, vstest.console.dll, SocketServer.Stop: Cancellation requested. Stopping message loop.
TpTrace Error: 0 : 6506, 4, 2020/11/04, 14:28:54.746, 14167830098859, vstest.console.dll, ProxyExecutionManager.StartTestRun: Failed to start test run: Microsoft.VisualStudio.TestPlatform.ObjectModel.TestPlatformException: Testhost process exited with error: Error:
  An assembly specified in the application dependencies manifest (Microsoft.TestPlatform.Build.UnitTests.deps.json) was not found:
    package: 'Castle.Core', version: '4.1.0'
    path: 'lib/netstandard1.3/Castle.Core.dll'
. Please check the diagnostic logs for more information.
   at Microsoft.VisualStudio.TestPlatform.CrossPlatEngine.Client.ProxyOperationManager.ThrowOnTestHostExited(Boolean testHostExited) in C:\Projects\vstest\src\Microsoft.TestPlatform.CrossPlatEngine\Client\ProxyOperationManager.cs:line 342
   at Microsoft.VisualStudio.TestPlatform.CrossPlatEngine.Client.ProxyOperationManager.SetupChannel(IEnumerable`1 sources, String runSettings) in C:\Projects\vstest\src\Microsoft.TestPlatform.CrossPlatEngine\Client\ProxyOperationManager.cs:line 177
   at Microsoft.VisualStudio.TestPlatform.CrossPlatEngine.Client.ProxyExecutionManager.StartTestRun(TestRunCriteria testRunCriteria, ITestRunEventsHandler eventHandler) in C:\Projects\vstest\src\Microsoft.TestPlatform.CrossPlatEngine\Client\ProxyExecutionManager.cs:line 110
TpTrace Verbose: 0 : 6506, 4, 2020/11/04, 14:28:54.747, 14167831079559, vstest.console.dll, TestRunRequest:SendTestRunMessage: Starting.
TpTrace Information: 0 : 6506, 4, 2020/11/04, 14:28:54.747, 14167831726559, vstest.console.dll, TestRunRequest:SendTestRunMessage: Completed.
TpTrace Verbose: 0 : 6506, 4, 2020/11/04, 14:28:54.748, 14167832678159, vstest.console.dll, TestRequestSender.EndSession: Sending end session.
TpTrace Verbose: 0 : 6506, 4, 2020/11/04, 14:28:54.750, 14167833926959, vstest.console.dll, ProxyOperationManager.Close: waiting for test host to exit for 100 ms
TpTrace Warning: 0 : 6506, 4, 2020/11/04, 14:28:54.750, 14167834578259, vstest.console.dll, ProxyOperationManager: Timed out waiting for test host to exit. Will terminate process.
TpTrace Verbose: 0 : 6506, 4, 2020/11/04, 14:28:54.751, 14167835272959, vstest.console.dll, ParallelProxyExecutionManager: HandlePartialRunComplete: Total completed clients = 3, Run complete = False, Run canceled: False.
TpTrace Verbose: 0 : 6506, 4, 2020/11/04, 14:28:54.756, 14167840529759, vstest.console.dll, ParallelProxyExecutionManager: HandlePartialRunComplete: Replace execution manager. Shared: False, Aborted: True.
TpTrace Verbose: 0 : 6506, 4, 2020/11/04, 14:28:54.757, 14167841692759, vstest.console.dll, TestRequestSender is acting as server
TpTrace Information: 0 : 6506, 4, 2020/11/04, 14:28:54.760, 14167844536059, vstest.console.dll, ProxyParallelExecutionManager: Triggering test run for next source: /mnt/c/Projects/vstest/./test/Microsoft.TestPlatform.Client.UnitTests/bin/Debug/netcoreapp2.1/Microsoft.TestPlatform.Client.UnitTests.dll
TpTrace Verbose: 0 : 6506, 4, 2020/11/04, 14:28:54.761, 14167845705359, vstest.console.dll, ProxyParallelExecutionManager: No sources available for execution.
TpTrace Verbose: 0 : 6506, 7, 2020/11/04, 14:28:54.761, 14167845767659, vstest.console.dll, ParallelProxyExecutionManager: Execution started. Started clients: 4
TpTrace Verbose: 0 : 6506, 7, 2020/11/04, 14:28:54.764, 14167848301459, vstest.console.dll, ProxyExecutionManager: Test host is always Lazy initialize.
TpTrace Verbose: 0 : 6506, 7, 2020/11/04, 14:28:54.765, 14167849128459, vstest.console.dll, TestRequestSender.InitializeCommunication: initialize communication. 
TpTrace Information: 0 : 6506, 7, 2020/11/04, 14:28:54.765, 14167849857859, vstest.console.dll, SocketServer.Start: Listening on endpoint : 127.0.0.1:39371
TpTrace Verbose: 0 : 6506, 7, 2020/11/04, 14:28:54.788, 14167872001159, vstest.console.dll, DotnetTestHostmanager: Adding  --runtimeconfig "/mnt/c/Projects/vstest/./test/Microsoft.TestPlatform.Client.UnitTests/bin/Debug/netcoreapp2.1/Microsoft.TestPlatform.Client.UnitTests.runtimeconfig.json" in args
TpTrace Verbose: 0 : 6506, 7, 2020/11/04, 14:28:54.797, 14167881735359, vstest.console.dll, DotnetTestHostmanager: Adding  --depsfile "/mnt/c/Projects/vstest/./test/Microsoft.TestPlatform.Client.UnitTests/bin/Debug/netcoreapp2.1/Microsoft.TestPlatform.Client.UnitTests.deps.json" in args
TpTrace Verbose: 0 : 6506, 7, 2020/11/04, 14:28:54.824, 14167908538459, vstest.console.dll, DotnetTestHostmanager: Reading file /mnt/c/Projects/vstest/./test/Microsoft.TestPlatform.Client.UnitTests/bin/Debug/netcoreapp2.1/Microsoft.TestPlatform.Client.UnitTests.deps.json to get path of testhost.dll
TpTrace Verbose: 0 : 6506, 7, 2020/11/04, 14:28:54.876, 14167960324259, vstest.console.dll, DotnetTestHostmanager: Looking for path  in folder C:\Users\jajares\.dotnet\store\|arch|\|tfm|
TpTrace Verbose: 0 : 6506, 7, 2020/11/04, 14:28:54.877, 14167961182059, vstest.console.dll, DotnetTestHostmanager: Looking for path  in folder C:\Projects\vstest\packages
TpTrace Verbose: 0 : 6506, 7, 2020/11/04, 14:28:54.878, 14167962003859, vstest.console.dll, DotnetTestHostmanager: Looking for path  in folder C:\Program Files\dotnet\sdk\NuGetFallbackFolder
TpTrace Verbose: 0 : 6506, 7, 2020/11/04, 14:28:54.880, 14167963965359, vstest.console.dll, DotnetTestHostManager: Assume published test project, with test host path = /mnt/c/Projects/vstest/./test/Microsoft.TestPlatform.Client.UnitTests/bin/Debug/netcoreapp2.1/testhost.dll.
TpTrace Verbose: 0 : 6506, 7, 2020/11/04, 14:28:54.885, 14167969218559, vstest.console.dll, DotnetTestHostmanager: Full path of testhost.dll is /mnt/c/Projects/vstest/./test/Microsoft.TestPlatform.Client.UnitTests/bin/Debug/netcoreapp2.1/testhost.dll
TpTrace Verbose: 0 : 6506, 7, 2020/11/04, 14:28:54.885, 14167969758559, vstest.console.dll, DotnetTestHostmanager: Full path of host exe is /mnt/c/Projects/vstest/tools/dotnet-linux/dotnet
TpTrace Verbose: 0 : 6506, 4, 2020/11/04, 14:28:54.886, 14167970319359, vstest.console.dll, DotnetTestHostManager: Starting process '/mnt/c/Projects/vstest/tools/dotnet-linux/dotnet' with command line 'exec --runtimeconfig "/mnt/c/Projects/vstest/./test/Microsoft.TestPlatform.Client.UnitTests/bin/Debug/netcoreapp2.1/Microsoft.TestPlatform.Client.UnitTests.runtimeconfig.json" --depsfile "/mnt/c/Projects/vstest/./test/Microsoft.TestPlatform.Client.UnitTests/bin/Debug/netcoreapp2.1/Microsoft.TestPlatform.Client.UnitTests.deps.json" "/mnt/c/Projects/vstest/./test/Microsoft.TestPlatform.Client.UnitTests/bin/Debug/netcoreapp2.1/testhost.dll" --port 39371 --endpoint 127.0.0.1:039371 --role client --parentprocessid 6506 --diag "/mnt/c/Projects/vstest/logs/log.host.20-11-04_14-28-54_76723_7.txt" --tracelevel 4 --telemetryoptedin false'
TpTrace Verbose: 0 : 6506, 4, 2020/11/04, 14:28:54.895, 14167979299059, vstest.console.dll, Test Runtime launched
TpTrace Verbose: 0 : 6506, 7, 2020/11/04, 14:28:54.897, 14167981434559, vstest.console.dll, TestRequestSender.WaitForRequestHandlerConnection: waiting for connection with timeout: 90000
TpTrace Warning: 0 : 6506, 9, 2020/11/04, 14:28:54.966, 14168049953659, vstest.console.dll, TestHostManagerCallbacks.ErrorReceivedCallback Test host standard error line: Error:
TpTrace Warning: 0 : 6506, 9, 2020/11/04, 14:28:54.966, 14168050388759, vstest.console.dll, TestHostManagerCallbacks.ErrorReceivedCallback Test host standard error line:   An assembly specified in the application dependencies manifest (Microsoft.TestPlatform.Client.UnitTests.deps.json) was not found:
TpTrace Warning: 0 : 6506, 9, 2020/11/04, 14:28:54.966, 14168050745359, vstest.console.dll, TestHostManagerCallbacks.ErrorReceivedCallback Test host standard error line:     package: 'Castle.Core', version: '4.1.0'
TpTrace Warning: 0 : 6506, 9, 2020/11/04, 14:28:54.967, 14168051060359, vstest.console.dll, TestHostManagerCallbacks.ErrorReceivedCallback Test host standard error line:     path: 'lib/netstandard1.3/Castle.Core.dll'
TpTrace Warning: 0 : 6506, 4, 2020/11/04, 14:28:54.967, 14168051604159, vstest.console.dll, TestHostManagerCallbacks.ErrorReceivedCallback Test host standard error line: 
TpTrace Verbose: 0 : 6506, 4, 2020/11/04, 14:28:54.968, 14168052336359, vstest.console.dll, TestHostProvider.ExitCallBack: Host exited starting callback.
TpTrace Error: 0 : 6506, 4, 2020/11/04, 14:28:54.968, 14168052713259, vstest.console.dll, TestHostManagerCallbacks.ExitCallBack: Testhost processId: 6526 exited with exitcode: 140 error: 'Error:
  An assembly specified in the application dependencies manifest (Microsoft.TestPlatform.Client.UnitTests.deps.json) was not found:
    package: 'Castle.Core', version: '4.1.0'
    path: 'lib/netstandard1.3/Castle.Core.dll'
'
TpTrace Verbose: 0 : 6506, 4, 2020/11/04, 14:28:54.971, 14168055423859, vstest.console.dll, DotnetTestHostManager.OnHostExited: invoking OnHostExited callback
TpTrace Verbose: 0 : 6506, 4, 2020/11/04, 14:28:54.972, 14168055994559, vstest.console.dll, CrossPlatEngine.TestHostManagerHostExited: calling on client process exit callback.
TpTrace Information: 0 : 6506, 4, 2020/11/04, 14:28:54.972, 14168056712959, vstest.console.dll, TestRequestSender.OnClientProcessExit: Test host process exited. Standard error: Error:
  An assembly specified in the application dependencies manifest (Microsoft.TestPlatform.Client.UnitTests.deps.json) was not found:
    package: 'Castle.Core', version: '4.1.0'
    path: 'lib/netstandard1.3/Castle.Core.dll'

TpTrace Information: 0 : 6506, 4, 2020/11/04, 14:28:54.973, 14168057206659, vstest.console.dll, SocketServer.Stop: Stop server endPoint: 127.0.0.1:39371
TpTrace Verbose: 0 : 6506, 7, 2020/11/04, 14:28:54.973, 14168057235359, vstest.console.dll, Test host failed to start Test host launched:True test host exited: True
TpTrace Information: 0 : 6506, 4, 2020/11/04, 14:28:54.973, 14168057638459, vstest.console.dll, SocketServer.Stop: Cancellation requested. Stopping message loop.
TpTrace Error: 0 : 6506, 7, 2020/11/04, 14:28:54.974, 14168058335159, vstest.console.dll, ProxyExecutionManager.StartTestRun: Failed to start test run: Microsoft.VisualStudio.TestPlatform.ObjectModel.TestPlatformException: Testhost process exited with error: Error:
  An assembly specified in the application dependencies manifest (Microsoft.TestPlatform.Client.UnitTests.deps.json) was not found:
    package: 'Castle.Core', version: '4.1.0'
    path: 'lib/netstandard1.3/Castle.Core.dll'
. Please check the diagnostic logs for more information.
   at Microsoft.VisualStudio.TestPlatform.CrossPlatEngine.Client.ProxyOperationManager.ThrowOnTestHostExited(Boolean testHostExited) in C:\Projects\vstest\src\Microsoft.TestPlatform.CrossPlatEngine\Client\ProxyOperationManager.cs:line 342
   at Microsoft.VisualStudio.TestPlatform.CrossPlatEngine.Client.ProxyOperationManager.SetupChannel(IEnumerable`1 sources, String runSettings) in C:\Projects\vstest\src\Microsoft.TestPlatform.CrossPlatEngine\Client\ProxyOperationManager.cs:line 177
   at Microsoft.VisualStudio.TestPlatform.CrossPlatEngine.Client.ProxyExecutionManager.StartTestRun(TestRunCriteria testRunCriteria, ITestRunEventsHandler eventHandler) in C:\Projects\vstest\src\Microsoft.TestPlatform.CrossPlatEngine\Client\ProxyExecutionManager.cs:line 110
TpTrace Verbose: 0 : 6506, 7, 2020/11/04, 14:28:54.975, 14168059306659, vstest.console.dll, TestRunRequest:SendTestRunMessage: Starting.
TpTrace Information: 0 : 6506, 7, 2020/11/04, 14:28:54.976, 14168059930459, vstest.console.dll, TestRunRequest:SendTestRunMessage: Completed.
TpTrace Verbose: 0 : 6506, 7, 2020/11/04, 14:28:54.976, 14168060354459, vstest.console.dll, TestRequestSender.EndSession: Sending end session.
TpTrace Verbose: 0 : 6506, 7, 2020/11/04, 14:28:54.978, 14168062014259, vstest.console.dll, ProxyOperationManager.Close: waiting for test host to exit for 100 ms
TpTrace Warning: 0 : 6506, 7, 2020/11/04, 14:28:54.978, 14168062588859, vstest.console.dll, ProxyOperationManager: Timed out waiting for test host to exit. Will terminate process.
TpTrace Verbose: 0 : 6506, 7, 2020/11/04, 14:28:54.979, 14168063039459, vstest.console.dll, ParallelProxyExecutionManager: HandlePartialRunComplete: Total completed clients = 4, Run complete = False, Run canceled: False.
TpTrace Verbose: 0 : 6506, 7, 2020/11/04, 14:28:54.979, 14168063367659, vstest.console.dll, ParallelProxyExecutionManager: HandlePartialRunComplete: Replace execution manager. Shared: False, Aborted: True.
TpTrace Verbose: 0 : 6506, 7, 2020/11/04, 14:28:54.979, 14168063823459, vstest.console.dll, TestRequestSender is acting as server
TpTrace Information: 0 : 6506, 7, 2020/11/04, 14:28:54.980, 14168064249059, vstest.console.dll, ProxyParallelExecutionManager: Triggering test run for next source: /mnt/c/Projects/vstest/./test/Microsoft.TestPlatform.Common.UnitTests/bin/Debug/netcoreapp2.1/Microsoft.TestPlatform.Common.UnitTests.dll
TpTrace Verbose: 0 : 6506, 7, 2020/11/04, 14:28:54.980, 14168064672859, vstest.console.dll, ProxyParallelExecutionManager: No sources available for execution.
TpTrace Verbose: 0 : 6506, 4, 2020/11/04, 14:28:54.980, 14168064752459, vstest.console.dll, ParallelProxyExecutionManager: Execution started. Started clients: 5
TpTrace Verbose: 0 : 6506, 4, 2020/11/04, 14:28:54.981, 14168065822459, vstest.console.dll, ProxyExecutionManager: Test host is always Lazy initialize.
TpTrace Verbose: 0 : 6506, 4, 2020/11/04, 14:28:54.982, 14168066447359, vstest.console.dll, TestRequestSender.InitializeCommunication: initialize communication. 
TpTrace Information: 0 : 6506, 4, 2020/11/04, 14:28:54.983, 14168066948059, vstest.console.dll, SocketServer.Start: Listening on endpoint : 127.0.0.1:43131
TpTrace Verbose: 0 : 6506, 4, 2020/11/04, 14:28:54.990, 14168074125759, vstest.console.dll, DotnetTestHostmanager: Adding  --runtimeconfig "/mnt/c/Projects/vstest/./test/Microsoft.TestPlatform.Common.UnitTests/bin/Debug/netcoreapp2.1/Microsoft.TestPlatform.Common.UnitTests.runtimeconfig.json" in args
TpTrace Verbose: 0 : 6506, 4, 2020/11/04, 14:28:54.994, 14168078863059, vstest.console.dll, DotnetTestHostmanager: Adding  --depsfile "/mnt/c/Projects/vstest/./test/Microsoft.TestPlatform.Common.UnitTests/bin/Debug/netcoreapp2.1/Microsoft.TestPlatform.Common.UnitTests.deps.json" in args
TpTrace Verbose: 0 : 6506, 4, 2020/11/04, 14:28:55.007, 14168091701559, vstest.console.dll, DotnetTestHostmanager: Reading file /mnt/c/Projects/vstest/./test/Microsoft.TestPlatform.Common.UnitTests/bin/Debug/netcoreapp2.1/Microsoft.TestPlatform.Common.UnitTests.deps.json to get path of testhost.dll
TpTrace Verbose: 0 : 6506, 4, 2020/11/04, 14:28:55.043, 14168127767559, vstest.console.dll, DotnetTestHostmanager: Looking for path  in folder C:\Users\jajares\.dotnet\store\|arch|\|tfm|
TpTrace Verbose: 0 : 6506, 4, 2020/11/04, 14:28:55.044, 14168128762159, vstest.console.dll, DotnetTestHostmanager: Looking for path  in folder C:\Projects\vstest\packages
TpTrace Verbose: 0 : 6506, 4, 2020/11/04, 14:28:55.045, 14168129559659, vstest.console.dll, DotnetTestHostmanager: Looking for path  in folder C:\Program Files\dotnet\sdk\NuGetFallbackFolder
TpTrace Verbose: 0 : 6506, 4, 2020/11/04, 14:28:55.047, 14168131424559, vstest.console.dll, DotnetTestHostManager: Assume published test project, with test host path = /mnt/c/Projects/vstest/./test/Microsoft.TestPlatform.Common.UnitTests/bin/Debug/netcoreapp2.1/testhost.dll.
TpTrace Verbose: 0 : 6506, 4, 2020/11/04, 14:28:55.052, 14168136119759, vstest.console.dll, DotnetTestHostmanager: Full path of testhost.dll is /mnt/c/Projects/vstest/./test/Microsoft.TestPlatform.Common.UnitTests/bin/Debug/netcoreapp2.1/testhost.dll
TpTrace Verbose: 0 : 6506, 4, 2020/11/04, 14:28:55.052, 14168136518859, vstest.console.dll, DotnetTestHostmanager: Full path of host exe is /mnt/c/Projects/vstest/tools/dotnet-linux/dotnet
TpTrace Verbose: 0 : 6506, 7, 2020/11/04, 14:28:55.053, 14168137283459, vstest.console.dll, DotnetTestHostManager: Starting process '/mnt/c/Projects/vstest/tools/dotnet-linux/dotnet' with command line 'exec --runtimeconfig "/mnt/c/Projects/vstest/./test/Microsoft.TestPlatform.Common.UnitTests/bin/Debug/netcoreapp2.1/Microsoft.TestPlatform.Common.UnitTests.runtimeconfig.json" --depsfile "/mnt/c/Projects/vstest/./test/Microsoft.TestPlatform.Common.UnitTests/bin/Debug/netcoreapp2.1/Microsoft.TestPlatform.Common.UnitTests.deps.json" "/mnt/c/Projects/vstest/./test/Microsoft.TestPlatform.Common.UnitTests/bin/Debug/netcoreapp2.1/testhost.dll" --port 43131 --endpoint 127.0.0.1:043131 --role client --parentprocessid 6506 --diag "/mnt/c/Projects/vstest/logs/log.host.20-11-04_14-28-54_98347_4.txt" --tracelevel 4 --telemetryoptedin false'
TpTrace Verbose: 0 : 6506, 7, 2020/11/04, 14:28:55.062, 14168146809559, vstest.console.dll, Test Runtime launched
TpTrace Verbose: 0 : 6506, 4, 2020/11/04, 14:28:55.063, 14168147500959, vstest.console.dll, TestRequestSender.WaitForRequestHandlerConnection: waiting for connection with timeout: 90000
TpTrace Warning: 0 : 6506, 9, 2020/11/04, 14:28:55.129, 14168213442259, vstest.console.dll, TestHostManagerCallbacks.ErrorReceivedCallback Test host standard error line: Error:
TpTrace Warning: 0 : 6506, 9, 2020/11/04, 14:28:55.129, 14168213891459, vstest.console.dll, TestHostManagerCallbacks.ErrorReceivedCallback Test host standard error line:   An assembly specified in the application dependencies manifest (Microsoft.TestPlatform.Common.UnitTests.deps.json) was not found:
TpTrace Warning: 0 : 6506, 9, 2020/11/04, 14:28:55.130, 14168214280759, vstest.console.dll, TestHostManagerCallbacks.ErrorReceivedCallback Test host standard error line:     package: 'Castle.Core', version: '4.1.0'
TpTrace Warning: 0 : 6506, 9, 2020/11/04, 14:28:55.130, 14168214659959, vstest.console.dll, TestHostManagerCallbacks.ErrorReceivedCallback Test host standard error line:     path: 'lib/netstandard1.3/Castle.Core.dll'
TpTrace Warning: 0 : 6506, 7, 2020/11/04, 14:28:55.131, 14168215140759, vstest.console.dll, TestHostManagerCallbacks.ErrorReceivedCallback Test host standard error line: 
TpTrace Verbose: 0 : 6506, 7, 2020/11/04, 14:28:55.131, 14168215732859, vstest.console.dll, TestHostProvider.ExitCallBack: Host exited starting callback.
TpTrace Error: 0 : 6506, 7, 2020/11/04, 14:28:55.132, 14168216012259, vstest.console.dll, TestHostManagerCallbacks.ExitCallBack: Testhost processId: 6528 exited with exitcode: 140 error: 'Error:
  An assembly specified in the application dependencies manifest (Microsoft.TestPlatform.Common.UnitTests.deps.json) was not found:
    package: 'Castle.Core', version: '4.1.0'
    path: 'lib/netstandard1.3/Castle.Core.dll'
'
TpTrace Verbose: 0 : 6506, 7, 2020/11/04, 14:28:55.132, 14168216267659, vstest.console.dll, DotnetTestHostManager.OnHostExited: invoking OnHostExited callback
TpTrace Verbose: 0 : 6506, 7, 2020/11/04, 14:28:55.132, 14168216525259, vstest.console.dll, CrossPlatEngine.TestHostManagerHostExited: calling on client process exit callback.
TpTrace Information: 0 : 6506, 7, 2020/11/04, 14:28:55.132, 14168216763259, vstest.console.dll, TestRequestSender.OnClientProcessExit: Test host process exited. Standard error: Error:
  An assembly specified in the application dependencies manifest (Microsoft.TestPlatform.Common.UnitTests.deps.json) was not found:
    package: 'Castle.Core', version: '4.1.0'
    path: 'lib/netstandard1.3/Castle.Core.dll'

TpTrace Information: 0 : 6506, 7, 2020/11/04, 14:28:55.133, 14168217024059, vstest.console.dll, SocketServer.Stop: Stop server endPoint: 127.0.0.1:43131
TpTrace Verbose: 0 : 6506, 4, 2020/11/04, 14:28:55.133, 14168217039759, vstest.console.dll, Test host failed to start Test host launched:True test host exited: True
TpTrace Information: 0 : 6506, 7, 2020/11/04, 14:28:55.133, 14168217297259, vstest.console.dll, SocketServer.Stop: Cancellation requested. Stopping message loop.
TpTrace Error: 0 : 6506, 4, 2020/11/04, 14:28:55.133, 14168217813859, vstest.console.dll, ProxyExecutionManager.StartTestRun: Failed to start test run: Microsoft.VisualStudio.TestPlatform.ObjectModel.TestPlatformException: Testhost process exited with error: Error:
  An assembly specified in the application dependencies manifest (Microsoft.TestPlatform.Common.UnitTests.deps.json) was not found:
    package: 'Castle.Core', version: '4.1.0'
    path: 'lib/netstandard1.3/Castle.Core.dll'
. Please check the diagnostic logs for more information.
   at Microsoft.VisualStudio.TestPlatform.CrossPlatEngine.Client.ProxyOperationManager.ThrowOnTestHostExited(Boolean testHostExited) in C:\Projects\vstest\src\Microsoft.TestPlatform.CrossPlatEngine\Client\ProxyOperationManager.cs:line 342
   at Microsoft.VisualStudio.TestPlatform.CrossPlatEngine.Client.ProxyOperationManager.SetupChannel(IEnumerable`1 sources, String runSettings) in C:\Projects\vstest\src\Microsoft.TestPlatform.CrossPlatEngine\Client\ProxyOperationManager.cs:line 177
   at Microsoft.VisualStudio.TestPlatform.CrossPlatEngine.Client.ProxyExecutionManager.StartTestRun(TestRunCriteria testRunCriteria, ITestRunEventsHandler eventHandler) in C:\Projects\vstest\src\Microsoft.TestPlatform.CrossPlatEngine\Client\ProxyExecutionManager.cs:line 110
TpTrace Verbose: 0 : 6506, 4, 2020/11/04, 14:28:55.134, 14168218504359, vstest.console.dll, TestRunRequest:SendTestRunMessage: Starting.
TpTrace Information: 0 : 6506, 4, 2020/11/04, 14:28:55.134, 14168218832359, vstest.console.dll, TestRunRequest:SendTestRunMessage: Completed.
TpTrace Verbose: 0 : 6506, 4, 2020/11/04, 14:28:55.135, 14168219233359, vstest.console.dll, TestRequestSender.EndSession: Sending end session.
TpTrace Verbose: 0 : 6506, 4, 2020/11/04, 14:28:55.136, 14168220448359, vstest.console.dll, ProxyOperationManager.Close: waiting for test host to exit for 100 ms
TpTrace Warning: 0 : 6506, 4, 2020/11/04, 14:28:55.137, 14168221063159, vstest.console.dll, ProxyOperationManager: Timed out waiting for test host to exit. Will terminate process.
TpTrace Verbose: 0 : 6506, 4, 2020/11/04, 14:28:55.138, 14168222133259, vstest.console.dll, ParallelProxyExecutionManager: HandlePartialRunComplete: Total completed clients = 5, Run complete = False, Run canceled: False.
TpTrace Verbose: 0 : 6506, 4, 2020/11/04, 14:28:55.138, 14168222792059, vstest.console.dll, ParallelProxyExecutionManager: HandlePartialRunComplete: Replace execution manager. Shared: False, Aborted: True.
TpTrace Verbose: 0 : 6506, 4, 2020/11/04, 14:28:55.139, 14168223576759, vstest.console.dll, TestRequestSender is acting as server
TpTrace Information: 0 : 6506, 4, 2020/11/04, 14:28:55.140, 14168223964859, vstest.console.dll, ProxyParallelExecutionManager: Triggering test run for next source: /mnt/c/Projects/vstest/./test/Microsoft.TestPlatform.CommunicationUtilities.UnitTests/bin/Debug/netcoreapp2.1/Microsoft.TestPlatform.CommunicationUtilities.UnitTests.dll
TpTrace Verbose: 0 : 6506, 4, 2020/11/04, 14:28:55.140, 14168224374459, vstest.console.dll, ProxyParallelExecutionManager: No sources available for execution.
TpTrace Verbose: 0 : 6506, 7, 2020/11/04, 14:28:55.140, 14168224438959, vstest.console.dll, ParallelProxyExecutionManager: Execution started. Started clients: 6
TpTrace Verbose: 0 : 6506, 7, 2020/11/04, 14:28:55.141, 14168224999059, vstest.console.dll, ProxyExecutionManager: Test host is always Lazy initialize.
TpTrace Verbose: 0 : 6506, 7, 2020/11/04, 14:28:55.141, 14168225297559, vstest.console.dll, TestRequestSender.InitializeCommunication: initialize communication. 
TpTrace Information: 0 : 6506, 7, 2020/11/04, 14:28:55.141, 14168225715959, vstest.console.dll, SocketServer.Start: Listening on endpoint : 127.0.0.1:44827
TpTrace Verbose: 0 : 6506, 7, 2020/11/04, 14:28:55.147, 14168231449259, vstest.console.dll, DotnetTestHostmanager: Adding  --runtimeconfig "/mnt/c/Projects/vstest/./test/Microsoft.TestPlatform.CommunicationUtilities.UnitTests/bin/Debug/netcoreapp2.1/Microsoft.TestPlatform.CommunicationUtilities.UnitTests.runtimeconfig.json" in args
TpTrace Verbose: 0 : 6506, 7, 2020/11/04, 14:28:55.151, 14168235816359, vstest.console.dll, DotnetTestHostmanager: Adding  --depsfile "/mnt/c/Projects/vstest/./test/Microsoft.TestPlatform.CommunicationUtilities.UnitTests/bin/Debug/netcoreapp2.1/Microsoft.TestPlatform.CommunicationUtilities.UnitTests.deps.json" in args
TpTrace Verbose: 0 : 6506, 7, 2020/11/04, 14:28:55.162, 14168246440759, vstest.console.dll, DotnetTestHostmanager: Reading file /mnt/c/Projects/vstest/./test/Microsoft.TestPlatform.CommunicationUtilities.UnitTests/bin/Debug/netcoreapp2.1/Microsoft.TestPlatform.CommunicationUtilities.UnitTests.deps.json to get path of testhost.dll
TpTrace Verbose: 0 : 6506, 7, 2020/11/04, 14:28:55.200, 14168284228259, vstest.console.dll, DotnetTestHostmanager: Looking for path  in folder C:\Users\jajares\.dotnet\store\|arch|\|tfm|
TpTrace Verbose: 0 : 6506, 7, 2020/11/04, 14:28:55.201, 14168285177059, vstest.console.dll, DotnetTestHostmanager: Looking for path  in folder C:\Projects\vstest\packages
TpTrace Verbose: 0 : 6506, 7, 2020/11/04, 14:28:55.202, 14168285960859, vstest.console.dll, DotnetTestHostmanager: Looking for path  in folder C:\Program Files\dotnet\sdk\NuGetFallbackFolder
TpTrace Verbose: 0 : 6506, 7, 2020/11/04, 14:28:55.208, 14168292687759, vstest.console.dll, DotnetTestHostManager: Assume published test project, with test host path = /mnt/c/Projects/vstest/./test/Microsoft.TestPlatform.CommunicationUtilities.UnitTests/bin/Debug/netcoreapp2.1/testhost.dll.
TpTrace Verbose: 0 : 6506, 7, 2020/11/04, 14:28:55.215, 14168299695759, vstest.console.dll, DotnetTestHostmanager: Full path of testhost.dll is /mnt/c/Projects/vstest/./test/Microsoft.TestPlatform.CommunicationUtilities.UnitTests/bin/Debug/netcoreapp2.1/testhost.dll
TpTrace Verbose: 0 : 6506, 7, 2020/11/04, 14:28:55.216, 14168300064159, vstest.console.dll, DotnetTestHostmanager: Full path of host exe is /mnt/c/Projects/vstest/tools/dotnet-linux/dotnet
TpTrace Verbose: 0 : 6506, 4, 2020/11/04, 14:28:55.216, 14168300483559, vstest.console.dll, DotnetTestHostManager: Starting process '/mnt/c/Projects/vstest/tools/dotnet-linux/dotnet' with command line 'exec --runtimeconfig "/mnt/c/Projects/vstest/./test/Microsoft.TestPlatform.CommunicationUtilities.UnitTests/bin/Debug/netcoreapp2.1/Microsoft.TestPlatform.CommunicationUtilities.UnitTests.runtimeconfig.json" --depsfile "/mnt/c/Projects/vstest/./test/Microsoft.TestPlatform.CommunicationUtilities.UnitTests/bin/Debug/netcoreapp2.1/Microsoft.TestPlatform.CommunicationUtilities.UnitTests.deps.json" "/mnt/c/Projects/vstest/./test/Microsoft.TestPlatform.CommunicationUtilities.UnitTests/bin/Debug/netcoreapp2.1/testhost.dll" --port 44827 --endpoint 127.0.0.1:044827 --role client --parentprocessid 6506 --diag "/mnt/c/Projects/vstest/logs/log.host.20-11-04_14-28-55_14215_7.txt" --tracelevel 4 --telemetryoptedin false'
TpTrace Verbose: 0 : 6506, 4, 2020/11/04, 14:28:55.225, 14168309521259, vstest.console.dll, Test Runtime launched
TpTrace Verbose: 0 : 6506, 7, 2020/11/04, 14:28:55.227, 14168311129759, vstest.console.dll, TestRequestSender.WaitForRequestHandlerConnection: waiting for connection with timeout: 90000
TpTrace Warning: 0 : 6506, 11, 2020/11/04, 14:28:55.294, 14168378425659, vstest.console.dll, TestHostManagerCallbacks.ErrorReceivedCallback Test host standard error line: Error:
TpTrace Warning: 0 : 6506, 11, 2020/11/04, 14:28:55.295, 14168378979159, vstest.console.dll, TestHostManagerCallbacks.ErrorReceivedCallback Test host standard error line:   An assembly specified in the application dependencies manifest (Microsoft.TestPlatform.CommunicationUtilities.UnitTests.deps.json) was not found:
TpTrace Warning: 0 : 6506, 11, 2020/11/04, 14:28:55.295, 14168379321059, vstest.console.dll, TestHostManagerCallbacks.ErrorReceivedCallback Test host standard error line:     package: 'Castle.Core', version: '4.1.0'
TpTrace Warning: 0 : 6506, 11, 2020/11/04, 14:28:55.295, 14168379611959, vstest.console.dll, TestHostManagerCallbacks.ErrorReceivedCallback Test host standard error line:     path: 'lib/netstandard1.3/Castle.Core.dll'
TpTrace Warning: 0 : 6506, 4, 2020/11/04, 14:28:55.296, 14168380501959, vstest.console.dll, TestHostManagerCallbacks.ErrorReceivedCallback Test host standard error line: 
TpTrace Verbose: 0 : 6506, 4, 2020/11/04, 14:28:55.297, 14168381141459, vstest.console.dll, TestHostProvider.ExitCallBack: Host exited starting callback.
TpTrace Error: 0 : 6506, 4, 2020/11/04, 14:28:55.297, 14168381542759, vstest.console.dll, TestHostManagerCallbacks.ExitCallBack: Testhost processId: 6529 exited with exitcode: 140 error: 'Error:
  An assembly specified in the application dependencies manifest (Microsoft.TestPlatform.CommunicationUtilities.UnitTests.deps.json) was not found:
    package: 'Castle.Core', version: '4.1.0'
    path: 'lib/netstandard1.3/Castle.Core.dll'
'
TpTrace Verbose: 0 : 6506, 4, 2020/11/04, 14:28:55.298, 14168382017859, vstest.console.dll, DotnetTestHostManager.OnHostExited: invoking OnHostExited callback
TpTrace Verbose: 0 : 6506, 4, 2020/11/04, 14:28:55.298, 14168382440959, vstest.console.dll, CrossPlatEngine.TestHostManagerHostExited: calling on client process exit callback.
TpTrace Information: 0 : 6506, 4, 2020/11/04, 14:28:55.298, 14168382805759, vstest.console.dll, TestRequestSender.OnClientProcessExit: Test host process exited. Standard error: Error:
  An assembly specified in the application dependencies manifest (Microsoft.TestPlatform.CommunicationUtilities.UnitTests.deps.json) was not found:
    package: 'Castle.Core', version: '4.1.0'
    path: 'lib/netstandard1.3/Castle.Core.dll'

TpTrace Information: 0 : 6506, 4, 2020/11/04, 14:28:55.299, 14168383248659, vstest.console.dll, SocketServer.Stop: Stop server endPoint: 127.0.0.1:44827
TpTrace Information: 0 : 6506, 4, 2020/11/04, 14:28:55.299, 14168383609359, vstest.console.dll, SocketServer.Stop: Cancellation requested. Stopping message loop.
TpTrace Verbose: 0 : 6506, 7, 2020/11/04, 14:28:55.299, 14168383286059, vstest.console.dll, Test host failed to start Test host launched:True test host exited: True
TpTrace Error: 0 : 6506, 7, 2020/11/04, 14:28:55.300, 14168384630659, vstest.console.dll, ProxyExecutionManager.StartTestRun: Failed to start test run: Microsoft.VisualStudio.TestPlatform.ObjectModel.TestPlatformException: Testhost process exited with error: Error:
  An assembly specified in the application dependencies manifest (Microsoft.TestPlatform.CommunicationUtilities.UnitTests.deps.json) was not found:
    package: 'Castle.Core', version: '4.1.0'
    path: 'lib/netstandard1.3/Castle.Core.dll'
. Please check the diagnostic logs for more information.
   at Microsoft.VisualStudio.TestPlatform.CrossPlatEngine.Client.ProxyOperationManager.ThrowOnTestHostExited(Boolean testHostExited) in C:\Projects\vstest\src\Microsoft.TestPlatform.CrossPlatEngine\Client\ProxyOperationManager.cs:line 342
   at Microsoft.VisualStudio.TestPlatform.CrossPlatEngine.Client.ProxyOperationManager.SetupChannel(IEnumerable`1 sources, String runSettings) in C:\Projects\vstest\src\Microsoft.TestPlatform.CrossPlatEngine\Client\ProxyOperationManager.cs:line 177
   at Microsoft.VisualStudio.TestPlatform.CrossPlatEngine.Client.ProxyExecutionManager.StartTestRun(TestRunCriteria testRunCriteria, ITestRunEventsHandler eventHandler) in C:\Projects\vstest\src\Microsoft.TestPlatform.CrossPlatEngine\Client\ProxyExecutionManager.cs:line 110
TpTrace Verbose: 0 : 6506, 7, 2020/11/04, 14:28:55.301, 14168385162159, vstest.console.dll, TestRunRequest:SendTestRunMessage: Starting.
TpTrace Information: 0 : 6506, 7, 2020/11/04, 14:28:55.301, 14168385558559, vstest.console.dll, TestRunRequest:SendTestRunMessage: Completed.
TpTrace Verbose: 0 : 6506, 7, 2020/11/04, 14:28:55.304, 14168388870559, vstest.console.dll, TestRequestSender.EndSession: Sending end session.
TpTrace Verbose: 0 : 6506, 7, 2020/11/04, 14:28:55.305, 14168389886459, vstest.console.dll, ProxyOperationManager.Close: waiting for test host to exit for 100 ms
TpTrace Warning: 0 : 6506, 7, 2020/11/04, 14:28:55.306, 14168390511859, vstest.console.dll, ProxyOperationManager: Timed out waiting for test host to exit. Will terminate process.
TpTrace Verbose: 0 : 6506, 7, 2020/11/04, 14:28:55.307, 14168391134659, vstest.console.dll, ParallelProxyExecutionManager: HandlePartialRunComplete: Total completed clients = 6, Run complete = False, Run canceled: False.
TpTrace Verbose: 0 : 6506, 7, 2020/11/04, 14:28:55.307, 14168391566259, vstest.console.dll, ParallelProxyExecutionManager: HandlePartialRunComplete: Replace execution manager. Shared: False, Aborted: True.
TpTrace Verbose: 0 : 6506, 7, 2020/11/04, 14:28:55.308, 14168392103659, vstest.console.dll, TestRequestSender is acting as server
TpTrace Information: 0 : 6506, 7, 2020/11/04, 14:28:55.308, 14168392458359, vstest.console.dll, ProxyParallelExecutionManager: Triggering test run for next source: /mnt/c/Projects/vstest/./test/Microsoft.TestPlatform.CoreUtilities.UnitTests/bin/Debug/netcoreapp2.1/Microsoft.TestPlatform.CoreUtilities.UnitTests.dll
TpTrace Verbose: 0 : 6506, 7, 2020/11/04, 14:28:55.309, 14168393001359, vstest.console.dll, ProxyParallelExecutionManager: No sources available for execution.
TpTrace Verbose: 0 : 6506, 4, 2020/11/04, 14:28:55.309, 14168393052559, vstest.console.dll, ParallelProxyExecutionManager: Execution started. Started clients: 7
TpTrace Verbose: 0 : 6506, 4, 2020/11/04, 14:28:55.309, 14168393802259, vstest.console.dll, ProxyExecutionManager: Test host is always Lazy initialize.
TpTrace Verbose: 0 : 6506, 4, 2020/11/04, 14:28:55.310, 14168394153959, vstest.console.dll, TestRequestSender.InitializeCommunication: initialize communication. 
TpTrace Information: 0 : 6506, 4, 2020/11/04, 14:28:55.310, 14168394531159, vstest.console.dll, SocketServer.Start: Listening on endpoint : 127.0.0.1:42357
TpTrace Verbose: 0 : 6506, 4, 2020/11/04, 14:28:55.316, 14168400163359, vstest.console.dll, DotnetTestHostmanager: Adding  --runtimeconfig "/mnt/c/Projects/vstest/./test/Microsoft.TestPlatform.CoreUtilities.UnitTests/bin/Debug/netcoreapp2.1/Microsoft.TestPlatform.CoreUtilities.UnitTests.runtimeconfig.json" in args
TpTrace Verbose: 0 : 6506, 4, 2020/11/04, 14:28:55.325, 14168409152959, vstest.console.dll, DotnetTestHostmanager: Adding  --depsfile "/mnt/c/Projects/vstest/./test/Microsoft.TestPlatform.CoreUtilities.UnitTests/bin/Debug/netcoreapp2.1/Microsoft.TestPlatform.CoreUtilities.UnitTests.deps.json" in args
TpTrace Verbose: 0 : 6506, 4, 2020/11/04, 14:28:55.334, 14168418634259, vstest.console.dll, DotnetTestHostmanager: Reading file /mnt/c/Projects/vstest/./test/Microsoft.TestPlatform.CoreUtilities.UnitTests/bin/Debug/netcoreapp2.1/Microsoft.TestPlatform.CoreUtilities.UnitTests.deps.json to get path of testhost.dll
TpTrace Verbose: 0 : 6506, 4, 2020/11/04, 14:28:55.372, 14168456839559, vstest.console.dll, DotnetTestHostmanager: Looking for path  in folder C:\Users\jajares\.dotnet\store\|arch|\|tfm|
TpTrace Verbose: 0 : 6506, 4, 2020/11/04, 14:28:55.374, 14168458126759, vstest.console.dll, DotnetTestHostmanager: Looking for path  in folder C:\Projects\vstest\packages
TpTrace Verbose: 0 : 6506, 4, 2020/11/04, 14:28:55.375, 14168459143659, vstest.console.dll, DotnetTestHostmanager: Looking for path  in folder C:\Program Files\dotnet\sdk\NuGetFallbackFolder
TpTrace Verbose: 0 : 6506, 4, 2020/11/04, 14:28:55.377, 14168461641859, vstest.console.dll, DotnetTestHostManager: Assume published test project, with test host path = /mnt/c/Projects/vstest/./test/Microsoft.TestPlatform.CoreUtilities.UnitTests/bin/Debug/netcoreapp2.1/testhost.dll.
TpTrace Verbose: 0 : 6506, 4, 2020/11/04, 14:28:55.383, 14168467909359, vstest.console.dll, DotnetTestHostmanager: Full path of testhost.dll is /mnt/c/Projects/vstest/./test/Microsoft.TestPlatform.CoreUtilities.UnitTests/bin/Debug/netcoreapp2.1/testhost.dll
TpTrace Verbose: 0 : 6506, 4, 2020/11/04, 14:28:55.384, 14168468511859, vstest.console.dll, DotnetTestHostmanager: Full path of host exe is /mnt/c/Projects/vstest/tools/dotnet-linux/dotnet
TpTrace Verbose: 0 : 6506, 7, 2020/11/04, 14:28:55.385, 14168469007359, vstest.console.dll, DotnetTestHostManager: Starting process '/mnt/c/Projects/vstest/tools/dotnet-linux/dotnet' with command line 'exec --runtimeconfig "/mnt/c/Projects/vstest/./test/Microsoft.TestPlatform.CoreUtilities.UnitTests/bin/Debug/netcoreapp2.1/Microsoft.TestPlatform.CoreUtilities.UnitTests.runtimeconfig.json" --depsfile "/mnt/c/Projects/vstest/./test/Microsoft.TestPlatform.CoreUtilities.UnitTests/bin/Debug/netcoreapp2.1/Microsoft.TestPlatform.CoreUtilities.UnitTests.deps.json" "/mnt/c/Projects/vstest/./test/Microsoft.TestPlatform.CoreUtilities.UnitTests/bin/Debug/netcoreapp2.1/testhost.dll" --port 42357 --endpoint 127.0.0.1:042357 --role client --parentprocessid 6506 --diag "/mnt/c/Projects/vstest/logs/log.host.20-11-04_14-28-55_31105_4.txt" --tracelevel 4 --telemetryoptedin false'
TpTrace Verbose: 0 : 6506, 7, 2020/11/04, 14:28:55.395, 14168479140559, vstest.console.dll, Test Runtime launched
TpTrace Verbose: 0 : 6506, 4, 2020/11/04, 14:28:55.397, 14168481717159, vstest.console.dll, TestRequestSender.WaitForRequestHandlerConnection: waiting for connection with timeout: 90000
TpTrace Warning: 0 : 6506, 9, 2020/11/04, 14:28:55.468, 14168552598259, vstest.console.dll, TestHostManagerCallbacks.ErrorReceivedCallback Test host standard error line: Error:
TpTrace Warning: 0 : 6506, 9, 2020/11/04, 14:28:55.469, 14168553173759, vstest.console.dll, TestHostManagerCallbacks.ErrorReceivedCallback Test host standard error line:   An assembly specified in the application dependencies manifest (Microsoft.TestPlatform.CoreUtilities.UnitTests.deps.json) was not found:
TpTrace Warning: 0 : 6506, 9, 2020/11/04, 14:28:55.469, 14168553585859, vstest.console.dll, TestHostManagerCallbacks.ErrorReceivedCallback Test host standard error line:     package: 'Castle.Core', version: '4.1.0'
TpTrace Warning: 0 : 6506, 9, 2020/11/04, 14:28:55.471, 14168555703859, vstest.console.dll, TestHostManagerCallbacks.ErrorReceivedCallback Test host standard error line:     path: 'lib/netstandard1.3/Castle.Core.dll'
TpTrace Warning: 0 : 6506, 9, 2020/11/04, 14:28:55.472, 14168556449559, vstest.console.dll, TestHostManagerCallbacks.ErrorReceivedCallback Test host standard error line: 
TpTrace Verbose: 0 : 6506, 9, 2020/11/04, 14:28:55.473, 14168557441259, vstest.console.dll, TestHostProvider.ExitCallBack: Host exited starting callback.
TpTrace Error: 0 : 6506, 9, 2020/11/04, 14:28:55.474, 14168558464859, vstest.console.dll, TestHostManagerCallbacks.ExitCallBack: Testhost processId: 6530 exited with exitcode: 140 error: 'Error:
  An assembly specified in the application dependencies manifest (Microsoft.TestPlatform.CoreUtilities.UnitTests.deps.json) was not found:
    package: 'Castle.Core', version: '4.1.0'
    path: 'lib/netstandard1.3/Castle.Core.dll'
'
TpTrace Verbose: 0 : 6506, 9, 2020/11/04, 14:28:55.474, 14168558878959, vstest.console.dll, DotnetTestHostManager.OnHostExited: invoking OnHostExited callback
TpTrace Verbose: 0 : 6506, 9, 2020/11/04, 14:28:55.475, 14168559306659, vstest.console.dll, CrossPlatEngine.TestHostManagerHostExited: calling on client process exit callback.
TpTrace Information: 0 : 6506, 9, 2020/11/04, 14:28:55.475, 14168559736459, vstest.console.dll, TestRequestSender.OnClientProcessExit: Test host process exited. Standard error: Error:
  An assembly specified in the application dependencies manifest (Microsoft.TestPlatform.CoreUtilities.UnitTests.deps.json) was not found:
    package: 'Castle.Core', version: '4.1.0'
    path: 'lib/netstandard1.3/Castle.Core.dll'

TpTrace Information: 0 : 6506, 9, 2020/11/04, 14:28:55.476, 14168560176559, vstest.console.dll, SocketServer.Stop: Stop server endPoint: 127.0.0.1:42357
TpTrace Information: 0 : 6506, 9, 2020/11/04, 14:28:55.476, 14168560622359, vstest.console.dll, SocketServer.Stop: Cancellation requested. Stopping message loop.
TpTrace Verbose: 0 : 6506, 4, 2020/11/04, 14:28:55.476, 14168560204959, vstest.console.dll, Test host failed to start Test host launched:True test host exited: True
TpTrace Error: 0 : 6506, 4, 2020/11/04, 14:28:55.477, 14168561521859, vstest.console.dll, ProxyExecutionManager.StartTestRun: Failed to start test run: Microsoft.VisualStudio.TestPlatform.ObjectModel.TestPlatformException: Testhost process exited with error: Error:
  An assembly specified in the application dependencies manifest (Microsoft.TestPlatform.CoreUtilities.UnitTests.deps.json) was not found:
    package: 'Castle.Core', version: '4.1.0'
    path: 'lib/netstandard1.3/Castle.Core.dll'
. Please check the diagnostic logs for more information.
   at Microsoft.VisualStudio.TestPlatform.CrossPlatEngine.Client.ProxyOperationManager.ThrowOnTestHostExited(Boolean testHostExited) in C:\Projects\vstest\src\Microsoft.TestPlatform.CrossPlatEngine\Client\ProxyOperationManager.cs:line 342
   at Microsoft.VisualStudio.TestPlatform.CrossPlatEngine.Client.ProxyOperationManager.SetupChannel(IEnumerable`1 sources, String runSettings) in C:\Projects\vstest\src\Microsoft.TestPlatform.CrossPlatEngine\Client\ProxyOperationManager.cs:line 177
   at Microsoft.VisualStudio.TestPlatform.CrossPlatEngine.Client.ProxyExecutionManager.StartTestRun(TestRunCriteria testRunCriteria, ITestRunEventsHandler eventHandler) in C:\Projects\vstest\src\Microsoft.TestPlatform.CrossPlatEngine\Client\ProxyExecutionManager.cs:line 110
TpTrace Verbose: 0 : 6506, 4, 2020/11/04, 14:28:55.478, 14168562087859, vstest.console.dll, TestRunRequest:SendTestRunMessage: Starting.
TpTrace Information: 0 : 6506, 4, 2020/11/04, 14:28:55.478, 14168562516959, vstest.console.dll, TestRunRequest:SendTestRunMessage: Completed.
TpTrace Verbose: 0 : 6506, 4, 2020/11/04, 14:28:55.479, 14168563062359, vstest.console.dll, TestRequestSender.EndSession: Sending end session.
TpTrace Verbose: 0 : 6506, 4, 2020/11/04, 14:28:55.480, 14168564011559, vstest.console.dll, ProxyOperationManager.Close: waiting for test host to exit for 100 ms
TpTrace Warning: 0 : 6506, 4, 2020/11/04, 14:28:55.480, 14168564705059, vstest.console.dll, ProxyOperationManager: Timed out waiting for test host to exit. Will terminate process.
TpTrace Verbose: 0 : 6506, 4, 2020/11/04, 14:28:55.481, 14168565346059, vstest.console.dll, ParallelProxyExecutionManager: HandlePartialRunComplete: Total completed clients = 7, Run complete = False, Run canceled: False.
TpTrace Verbose: 0 : 6506, 4, 2020/11/04, 14:28:55.482, 14168565951259, vstest.console.dll, ParallelProxyExecutionManager: HandlePartialRunComplete: Replace execution manager. Shared: False, Aborted: True.
TpTrace Verbose: 0 : 6506, 4, 2020/11/04, 14:28:55.482, 14168566646059, vstest.console.dll, TestRequestSender is acting as server
TpTrace Information: 0 : 6506, 4, 2020/11/04, 14:28:55.483, 14168567127259, vstest.console.dll, ProxyParallelExecutionManager: Triggering test run for next source: /mnt/c/Projects/vstest/./test/Microsoft.TestPlatform.CrossPlatEngine.UnitTests/bin/Debug/netcoreapp2.1/Microsoft.TestPlatform.Common.UnitTests.dll
TpTrace Verbose: 0 : 6506, 4, 2020/11/04, 14:28:55.483, 14168567539559, vstest.console.dll, ProxyParallelExecutionManager: No sources available for execution.
TpTrace Verbose: 0 : 6506, 9, 2020/11/04, 14:28:55.483, 14168567609559, vstest.console.dll, ParallelProxyExecutionManager: Execution started. Started clients: 8
TpTrace Verbose: 0 : 6506, 9, 2020/11/04, 14:28:55.484, 14168568332659, vstest.console.dll, ProxyExecutionManager: Test host is always Lazy initialize.
TpTrace Verbose: 0 : 6506, 9, 2020/11/04, 14:28:55.484, 14168568680059, vstest.console.dll, TestRequestSender.InitializeCommunication: initialize communication. 
TpTrace Information: 0 : 6506, 9, 2020/11/04, 14:28:55.485, 14168569058059, vstest.console.dll, SocketServer.Start: Listening on endpoint : 127.0.0.1:33779
TpTrace Verbose: 0 : 6506, 9, 2020/11/04, 14:28:55.494, 14168578292759, vstest.console.dll, DotnetTestHostmanager: File /mnt/c/Projects/vstest/./test/Microsoft.TestPlatform.CrossPlatEngine.UnitTests/bin/Debug/netcoreapp2.1/Microsoft.TestPlatform.Common.UnitTests.runtimeconfig.json, does not exist
TpTrace Verbose: 0 : 6506, 9, 2020/11/04, 14:28:55.500, 14168584228159, vstest.console.dll, DotnetTestHostmanager: File /mnt/c/Projects/vstest/./test/Microsoft.TestPlatform.CrossPlatEngine.UnitTests/bin/Debug/netcoreapp2.1/Microsoft.TestPlatform.Common.UnitTests.deps.json, does not exist
TpTrace Information: 0 : 6506, 9, 2020/11/04, 14:28:55.513, 14168597917959, vstest.console.dll, AssemblyResolver.OnResolve: Microsoft.TestPlatform.TestHostRuntimeProvider.resources: Resolving assembly.
TpTrace Information: 0 : 6506, 9, 2020/11/04, 14:28:55.516, 14168600681859, vstest.console.dll, AssemblyResolver.OnResolve: Microsoft.TestPlatform.TestHostRuntimeProvider.resources: Failed to load assembly.
TpTrace Information: 0 : 6506, 9, 2020/11/04, 14:28:55.519, 14168603333659, vstest.console.dll, AssemblyResolver.OnResolve: Microsoft.TestPlatform.TestHostRuntimeProvider.resources: Resolving assembly.
TpTrace Information: 0 : 6506, 9, 2020/11/04, 14:28:55.522, 14168606407159, vstest.console.dll, AssemblyResolver.OnResolve: Microsoft.TestPlatform.TestHostRuntimeProvider.resources: Resolved from cache.
TpTrace Information: 0 : 6506, 9, 2020/11/04, 14:28:55.524, 14168608756859, vstest.console.dll, AssemblyResolver.OnResolve: Microsoft.TestPlatform.TestHostRuntimeProvider.resources: Resolving assembly.
TpTrace Information: 0 : 6506, 9, 2020/11/04, 14:28:55.525, 14168609139459, vstest.console.dll, AssemblyResolver.OnResolve: Microsoft.TestPlatform.TestHostRuntimeProvider.resources: Resolved from cache.
TpTrace Verbose: 0 : 6506, 9, 2020/11/04, 14:28:55.525, 14168609676759, vstest.console.dll, DotnetTestHostManager: Assume published test project, with test host path = /mnt/c/Projects/vstest/./test/Microsoft.TestPlatform.CrossPlatEngine.UnitTests/bin/Debug/netcoreapp2.1/testhost.dll.
TpTrace Verbose: 0 : 6506, 9, 2020/11/04, 14:28:55.530, 14168614774859, vstest.console.dll, DotnetTestHostmanager: Full path of testhost.dll is /mnt/c/Projects/vstest/./test/Microsoft.TestPlatform.CrossPlatEngine.UnitTests/bin/Debug/netcoreapp2.1/testhost.dll
TpTrace Verbose: 0 : 6506, 9, 2020/11/04, 14:28:55.531, 14168615443559, vstest.console.dll, DotnetTestHostmanager: Full path of host exe is /mnt/c/Projects/vstest/tools/dotnet-linux/dotnet
TpTrace Verbose: 0 : 6506, 4, 2020/11/04, 14:28:55.532, 14168616069559, vstest.console.dll, DotnetTestHostManager: Starting process '/mnt/c/Projects/vstest/tools/dotnet-linux/dotnet' with command line 'exec "/mnt/c/Projects/vstest/./test/Microsoft.TestPlatform.CrossPlatEngine.UnitTests/bin/Debug/netcoreapp2.1/testhost.dll" --port 33779 --endpoint 127.0.0.1:033779 --role client --parentprocessid 6506 --diag "/mnt/c/Projects/vstest/logs/log.host.20-11-04_14-28-55_48551_9.txt" --tracelevel 4 --telemetryoptedin false'
TpTrace Verbose: 0 : 6506, 4, 2020/11/04, 14:28:55.543, 14168627159759, vstest.console.dll, Test Runtime launched
TpTrace Verbose: 0 : 6506, 9, 2020/11/04, 14:28:55.543, 14168627792959, vstest.console.dll, TestRequestSender.WaitForRequestHandlerConnection: waiting for connection with timeout: 90000
TpTrace Warning: 0 : 6506, 5, 2020/11/04, 14:28:55.552, 14168636404859, vstest.console.dll, TestHostManagerCallbacks.ErrorReceivedCallback Test host standard error line: Cannot use file stream for [/mnt/c/Projects/vstest/test/Microsoft.TestPlatform.CrossPlatEngine.UnitTests/bin/Debug/netcoreapp2.1/testhost.deps.json]: No such file or directory
TpTrace Warning: 0 : 6506, 4, 2020/11/04, 14:28:55.553, 14168637020259, vstest.console.dll, TestHostManagerCallbacks.ErrorReceivedCallback Test host standard error line: A fatal error was encountered. The library 'libhostpolicy.so' required to execute the application was not found in '/mnt/c/Projects/vstest/test/Microsoft.TestPlatform.CrossPlatEngine.UnitTests/bin/Debug/netcoreapp2.1/'.
TpTrace Warning: 0 : 6506, 4, 2020/11/04, 14:28:55.555, 14168639219659, vstest.console.dll, TestHostManagerCallbacks.ErrorReceivedCallback Test host standard error line: Failed to run as a self-contained app.
TpTrace Warning: 0 : 6506, 4, 2020/11/04, 14:28:55.556, 14168639971259, vstest.console.dll, TestHostManagerCallbacks.ErrorReceivedCallback Test host standard error line:   - The application was run as a self-contained app because '/mnt/c/Projects/vstest/test/Microsoft.TestPlatform.CrossPlatEngine.UnitTests/bin/Debug/netcoreapp2.1/testhost.runtimeconfig.json' was not found.
TpTrace Warning: 0 : 6506, 4, 2020/11/04, 14:28:55.556, 14168640468759, vstest.console.dll, TestHostManagerCallbacks.ErrorReceivedCallback Test host standard error line:   - If this should be a framework-dependent app, add the '/mnt/c/Projects/vstest/test/Microsoft.TestPlatform.CrossPlatEngine.UnitTests/bin/Debug/netcoreapp2.1/testhost.runtimeconfig.json' file and specify the appropriate framework.
TpTrace Warning: 0 : 6506, 5, 2020/11/04, 14:28:55.557, 14168641041659, vstest.console.dll, TestHostManagerCallbacks.ErrorReceivedCallback Test host standard error line: 
TpTrace Verbose: 0 : 6506, 11, 2020/11/04, 14:28:55.557, 14168641132759, vstest.console.dll, TestHostProvider.ExitCallBack: Host exited starting callback.
TpTrace Error: 0 : 6506, 11, 2020/11/04, 14:28:55.557, 14168641750259, vstest.console.dll, TestHostManagerCallbacks.ExitCallBack: Testhost processId: 6531 exited with exitcode: 131 error: 'Cannot use file stream for [/mnt/c/Projects/vstest/test/Microsoft.TestPlatform.CrossPlatEngine.UnitTests/bin/Debug/netcoreapp2.1/testhost.deps.json]: No such file or directory
A fatal error was encountered. The library 'libhostpolicy.so' required to execute the application was not found in '/mnt/c/Projects/vstest/test/Microsoft.TestPlatform.CrossPlatEngine.UnitTests/bin/Debug/netcoreapp2.1/'.
Failed to run as a self-contained app.
  - The application was run as a self-contained app because '/mnt/c/Projects/vstest/test/Microsoft.TestPlatform.CrossPlatEngine.UnitTests/bin/Debug/netcoreapp2.1/testhost.runtimeconfig.json' was not found.
  - If this should be a framework-dependent app, add the '/mnt/c/Projects/vstest/test/Microsoft.TestPlatform.CrossPlatEngine.UnitTests/bin/Debug/netcoreapp2.1/testhost.runtimeconfig.json' file and specify the appropriate framework.
'
TpTrace Verbose: 0 : 6506, 11, 2020/11/04, 14:28:55.558, 14168642054059, vstest.console.dll, DotnetTestHostManager.OnHostExited: invoking OnHostExited callback
TpTrace Verbose: 0 : 6506, 11, 2020/11/04, 14:28:55.558, 14168642440459, vstest.console.dll, CrossPlatEngine.TestHostManagerHostExited: calling on client process exit callback.
TpTrace Information: 0 : 6506, 11, 2020/11/04, 14:28:55.558, 14168642827759, vstest.console.dll, TestRequestSender.OnClientProcessExit: Test host process exited. Standard error: Cannot use file stream for [/mnt/c/Projects/vstest/test/Microsoft.TestPlatform.CrossPlatEngine.UnitTests/bin/Debug/netcoreapp2.1/testhost.deps.json]: No such file or directory
A fatal error was encountered. The library 'libhostpolicy.so' required to execute the application was not found in '/mnt/c/Projects/vstest/test/Microsoft.TestPlatform.CrossPlatEngine.UnitTests/bin/Debug/netcoreapp2.1/'.
Failed to run as a self-contained app.
  - The application was run as a self-contained app because '/mnt/c/Projects/vstest/test/Microsoft.TestPlatform.CrossPlatEngine.UnitTests/bin/Debug/netcoreapp2.1/testhost.runtimeconfig.json' was not found.
  - If this should be a framework-dependent app, add the '/mnt/c/Projects/vstest/test/Microsoft.TestPlatform.CrossPlatEngine.UnitTests/bin/Debug/netcoreapp2.1/testhost.runtimeconfig.json' file and specify the appropriate framework.

TpTrace Information: 0 : 6506, 11, 2020/11/04, 14:28:55.559, 14168643281859, vstest.console.dll, SocketServer.Stop: Stop server endPoint: 127.0.0.1:33779
TpTrace Information: 0 : 6506, 11, 2020/11/04, 14:28:55.559, 14168643700459, vstest.console.dll, SocketServer.Stop: Cancellation requested. Stopping message loop.
TpTrace Verbose: 0 : 6506, 9, 2020/11/04, 14:28:55.559, 14168643307759, vstest.console.dll, Test host failed to start Test host launched:True test host exited: True
TpTrace Error: 0 : 6506, 9, 2020/11/04, 14:28:55.560, 14168644844659, vstest.console.dll, ProxyExecutionManager.StartTestRun: Failed to start test run: Microsoft.VisualStudio.TestPlatform.ObjectModel.TestPlatformException: Testhost process exited with error: Cannot use file stream for [/mnt/c/Projects/vstest/test/Microsoft.TestPlatform.CrossPlatEngine.UnitTests/bin/Debug/netcoreapp2.1/testhost.deps.json]: No such file or directory
A fatal error was encountered. The library 'libhostpolicy.so' required to execute the application was not found in '/mnt/c/Projects/vstest/test/Microsoft.TestPlatform.CrossPlatEngine.UnitTests/bin/Debug/netcoreapp2.1/'.
Failed to run as a self-contained app.
  - The application was run as a self-contained app because '/mnt/c/Projects/vstest/test/Microsoft.TestPlatform.CrossPlatEngine.UnitTests/bin/Debug/netcoreapp2.1/testhost.runtimeconfig.json' was not found.
  - If this should be a framework-dependent app, add the '/mnt/c/Projects/vstest/test/Microsoft.TestPlatform.CrossPlatEngine.UnitTests/bin/Debug/netcoreapp2.1/testhost.runtimeconfig.json' file and specify the appropriate framework.
. Please check the diagnostic logs for more information.
   at Microsoft.VisualStudio.TestPlatform.CrossPlatEngine.Client.ProxyOperationManager.ThrowOnTestHostExited(Boolean testHostExited) in C:\Projects\vstest\src\Microsoft.TestPlatform.CrossPlatEngine\Client\ProxyOperationManager.cs:line 342
   at Microsoft.VisualStudio.TestPlatform.CrossPlatEngine.Client.ProxyOperationManager.SetupChannel(IEnumerable`1 sources, String runSettings) in C:\Projects\vstest\src\Microsoft.TestPlatform.CrossPlatEngine\Client\ProxyOperationManager.cs:line 177
   at Microsoft.VisualStudio.TestPlatform.CrossPlatEngine.Client.ProxyExecutionManager.StartTestRun(TestRunCriteria testRunCriteria, ITestRunEventsHandler eventHandler) in C:\Projects\vstest\src\Microsoft.TestPlatform.CrossPlatEngine\Client\ProxyExecutionManager.cs:line 110
TpTrace Verbose: 0 : 6506, 9, 2020/11/04, 14:28:55.561, 14168645479359, vstest.console.dll, TestRunRequest:SendTestRunMessage: Starting.
TpTrace Information: 0 : 6506, 9, 2020/11/04, 14:28:55.562, 14168645951159, vstest.console.dll, TestRunRequest:SendTestRunMessage: Completed.
TpTrace Verbose: 0 : 6506, 9, 2020/11/04, 14:28:55.562, 14168646390359, vstest.console.dll, TestRequestSender.EndSession: Sending end session.
TpTrace Verbose: 0 : 6506, 9, 2020/11/04, 14:28:55.562, 14168646684559, vstest.console.dll, ProxyOperationManager.Close: waiting for test host to exit for 100 ms
TpTrace Warning: 0 : 6506, 9, 2020/11/04, 14:28:55.563, 14168647232859, vstest.console.dll, ProxyOperationManager: Timed out waiting for test host to exit. Will terminate process.
TpTrace Verbose: 0 : 6506, 9, 2020/11/04, 14:28:55.563, 14168647867159, vstest.console.dll, ParallelProxyExecutionManager: HandlePartialRunComplete: Total completed clients = 8, Run complete = False, Run canceled: False.
TpTrace Verbose: 0 : 6506, 9, 2020/11/04, 14:28:55.564, 14168648595359, vstest.console.dll, ParallelProxyExecutionManager: HandlePartialRunComplete: Replace execution manager. Shared: False, Aborted: True.
TpTrace Verbose: 0 : 6506, 9, 2020/11/04, 14:28:55.565, 14168649151459, vstest.console.dll, TestRequestSender is acting as server
TpTrace Information: 0 : 6506, 9, 2020/11/04, 14:28:55.565, 14168649625659, vstest.console.dll, ProxyParallelExecutionManager: Triggering test run for next source: /mnt/c/Projects/vstest/./test/Microsoft.TestPlatform.CrossPlatEngine.UnitTests/bin/Debug/netcoreapp2.1/Microsoft.TestPlatform.CrossPlatEngine.UnitTests.dll
TpTrace Verbose: 0 : 6506, 9, 2020/11/04, 14:28:55.566, 14168650122059, vstest.console.dll, ProxyParallelExecutionManager: No sources available for execution.
TpTrace Verbose: 0 : 6506, 11, 2020/11/04, 14:28:55.566, 14168650200559, vstest.console.dll, ParallelProxyExecutionManager: Execution started. Started clients: 9
TpTrace Verbose: 0 : 6506, 11, 2020/11/04, 14:28:55.567, 14168651092059, vstest.console.dll, ProxyExecutionManager: Test host is always Lazy initialize.
TpTrace Verbose: 0 : 6506, 11, 2020/11/04, 14:28:55.567, 14168651498059, vstest.console.dll, TestRequestSender.InitializeCommunication: initialize communication. 
TpTrace Information: 0 : 6506, 11, 2020/11/04, 14:28:55.567, 14168651881259, vstest.console.dll, SocketServer.Start: Listening on endpoint : 127.0.0.1:36347
TpTrace Verbose: 0 : 6506, 11, 2020/11/04, 14:28:55.573, 14168657883059, vstest.console.dll, DotnetTestHostmanager: Adding  --runtimeconfig "/mnt/c/Projects/vstest/./test/Microsoft.TestPlatform.CrossPlatEngine.UnitTests/bin/Debug/netcoreapp2.1/Microsoft.TestPlatform.CrossPlatEngine.UnitTests.runtimeconfig.json" in args
TpTrace Verbose: 0 : 6506, 11, 2020/11/04, 14:28:55.579, 14168663432959, vstest.console.dll, DotnetTestHostmanager: Adding  --depsfile "/mnt/c/Projects/vstest/./test/Microsoft.TestPlatform.CrossPlatEngine.UnitTests/bin/Debug/netcoreapp2.1/Microsoft.TestPlatform.CrossPlatEngine.UnitTests.deps.json" in args
TpTrace Verbose: 0 : 6506, 11, 2020/11/04, 14:28:55.589, 14168673488659, vstest.console.dll, DotnetTestHostmanager: Reading file /mnt/c/Projects/vstest/./test/Microsoft.TestPlatform.CrossPlatEngine.UnitTests/bin/Debug/netcoreapp2.1/Microsoft.TestPlatform.CrossPlatEngine.UnitTests.deps.json to get path of testhost.dll
TpTrace Verbose: 0 : 6506, 11, 2020/11/04, 14:28:55.620, 14168704427859, vstest.console.dll, DotnetTestHostmanager: Looking for path  in folder C:\Users\jajares\.dotnet\store\|arch|\|tfm|
TpTrace Verbose: 0 : 6506, 11, 2020/11/04, 14:28:55.621, 14168705618359, vstest.console.dll, DotnetTestHostmanager: Looking for path  in folder C:\Projects\vstest\packages
TpTrace Verbose: 0 : 6506, 11, 2020/11/04, 14:28:55.623, 14168707688459, vstest.console.dll, DotnetTestHostmanager: Looking for path  in folder C:\Program Files\dotnet\sdk\NuGetFallbackFolder
TpTrace Verbose: 0 : 6506, 11, 2020/11/04, 14:28:55.626, 14168710307559, vstest.console.dll, DotnetTestHostManager: Assume published test project, with test host path = /mnt/c/Projects/vstest/./test/Microsoft.TestPlatform.CrossPlatEngine.UnitTests/bin/Debug/netcoreapp2.1/testhost.dll.
TpTrace Verbose: 0 : 6506, 11, 2020/11/04, 14:28:55.633, 14168717693059, vstest.console.dll, DotnetTestHostmanager: Full path of testhost.dll is /mnt/c/Projects/vstest/./test/Microsoft.TestPlatform.CrossPlatEngine.UnitTests/bin/Debug/netcoreapp2.1/testhost.dll
TpTrace Verbose: 0 : 6506, 11, 2020/11/04, 14:28:55.634, 14168718206559, vstest.console.dll, DotnetTestHostmanager: Full path of host exe is /mnt/c/Projects/vstest/tools/dotnet-linux/dotnet
TpTrace Verbose: 0 : 6506, 9, 2020/11/04, 14:28:55.634, 14168718685259, vstest.console.dll, DotnetTestHostManager: Starting process '/mnt/c/Projects/vstest/tools/dotnet-linux/dotnet' with command line 'exec --runtimeconfig "/mnt/c/Projects/vstest/./test/Microsoft.TestPlatform.CrossPlatEngine.UnitTests/bin/Debug/netcoreapp2.1/Microsoft.TestPlatform.CrossPlatEngine.UnitTests.runtimeconfig.json" --depsfile "/mnt/c/Projects/vstest/./test/Microsoft.TestPlatform.CrossPlatEngine.UnitTests/bin/Debug/netcoreapp2.1/Microsoft.TestPlatform.CrossPlatEngine.UnitTests.deps.json" "/mnt/c/Projects/vstest/./test/Microsoft.TestPlatform.CrossPlatEngine.UnitTests/bin/Debug/netcoreapp2.1/testhost.dll" --port 36347 --endpoint 127.0.0.1:036347 --role client --parentprocessid 6506 --diag "/mnt/c/Projects/vstest/logs/log.host.20-11-04_14-28-55_56834_11.txt" --tracelevel 4 --telemetryoptedin false'
TpTrace Verbose: 0 : 6506, 9, 2020/11/04, 14:28:55.665, 14168749125959, vstest.console.dll, Test Runtime launched
TpTrace Verbose: 0 : 6506, 11, 2020/11/04, 14:28:55.666, 14168750362259, vstest.console.dll, TestRequestSender.WaitForRequestHandlerConnection: waiting for connection with timeout: 90000
TpTrace Warning: 0 : 6506, 4, 2020/11/04, 14:28:55.736, 14168820020259, vstest.console.dll, TestHostManagerCallbacks.ErrorReceivedCallback Test host standard error line: Error:
TpTrace Warning: 0 : 6506, 4, 2020/11/04, 14:28:55.737, 14168821052459, vstest.console.dll, TestHostManagerCallbacks.ErrorReceivedCallback Test host standard error line:   An assembly specified in the application dependencies manifest (Microsoft.TestPlatform.CrossPlatEngine.UnitTests.deps.json) was not found:
TpTrace Warning: 0 : 6506, 4, 2020/11/04, 14:28:55.737, 14168821537959, vstest.console.dll, TestHostManagerCallbacks.ErrorReceivedCallback Test host standard error line:     package: 'Castle.Core', version: '4.1.0'
TpTrace Warning: 0 : 6506, 4, 2020/11/04, 14:28:55.737, 14168821864959, vstest.console.dll, TestHostManagerCallbacks.ErrorReceivedCallback Test host standard error line:     path: 'lib/netstandard1.3/Castle.Core.dll'
TpTrace Warning: 0 : 6506, 9, 2020/11/04, 14:28:55.738, 14168822538259, vstest.console.dll, TestHostManagerCallbacks.ErrorReceivedCallback Test host standard error line: 
TpTrace Verbose: 0 : 6506, 9, 2020/11/04, 14:28:55.739, 14168823164659, vstest.console.dll, TestHostProvider.ExitCallBack: Host exited starting callback.
TpTrace Error: 0 : 6506, 9, 2020/11/04, 14:28:55.739, 14168823470159, vstest.console.dll, TestHostManagerCallbacks.ExitCallBack: Testhost processId: 6532 exited with exitcode: 140 error: 'Error:
  An assembly specified in the application dependencies manifest (Microsoft.TestPlatform.CrossPlatEngine.UnitTests.deps.json) was not found:
    package: 'Castle.Core', version: '4.1.0'
    path: 'lib/netstandard1.3/Castle.Core.dll'
'
TpTrace Verbose: 0 : 6506, 9, 2020/11/04, 14:28:55.739, 14168823749759, vstest.console.dll, DotnetTestHostManager.OnHostExited: invoking OnHostExited callback
TpTrace Verbose: 0 : 6506, 9, 2020/11/04, 14:28:55.740, 14168824032759, vstest.console.dll, CrossPlatEngine.TestHostManagerHostExited: calling on client process exit callback.
TpTrace Information: 0 : 6506, 9, 2020/11/04, 14:28:55.740, 14168824346359, vstest.console.dll, TestRequestSender.OnClientProcessExit: Test host process exited. Standard error: Error:
  An assembly specified in the application dependencies manifest (Microsoft.TestPlatform.CrossPlatEngine.UnitTests.deps.json) was not found:
    package: 'Castle.Core', version: '4.1.0'
    path: 'lib/netstandard1.3/Castle.Core.dll'

TpTrace Information: 0 : 6506, 9, 2020/11/04, 14:28:55.740, 14168824734159, vstest.console.dll, SocketServer.Stop: Stop server endPoint: 127.0.0.1:36347
TpTrace Information: 0 : 6506, 9, 2020/11/04, 14:28:55.741, 14168825124559, vstest.console.dll, SocketServer.Stop: Cancellation requested. Stopping message loop.
TpTrace Verbose: 0 : 6506, 11, 2020/11/04, 14:28:55.740, 14168824768159, vstest.console.dll, Test host failed to start Test host launched:True test host exited: True
TpTrace Error: 0 : 6506, 11, 2020/11/04, 14:28:55.742, 14168825986459, vstest.console.dll, ProxyExecutionManager.StartTestRun: Failed to start test run: Microsoft.VisualStudio.TestPlatform.ObjectModel.TestPlatformException: Testhost process exited with error: Error:
  An assembly specified in the application dependencies manifest (Microsoft.TestPlatform.CrossPlatEngine.UnitTests.deps.json) was not found:
    package: 'Castle.Core', version: '4.1.0'
    path: 'lib/netstandard1.3/Castle.Core.dll'
. Please check the diagnostic logs for more information.
   at Microsoft.VisualStudio.TestPlatform.CrossPlatEngine.Client.ProxyOperationManager.ThrowOnTestHostExited(Boolean testHostExited) in C:\Projects\vstest\src\Microsoft.TestPlatform.CrossPlatEngine\Client\ProxyOperationManager.cs:line 342
   at Microsoft.VisualStudio.TestPlatform.CrossPlatEngine.Client.ProxyOperationManager.SetupChannel(IEnumerable`1 sources, String runSettings) in C:\Projects\vstest\src\Microsoft.TestPlatform.CrossPlatEngine\Client\ProxyOperationManager.cs:line 177
   at Microsoft.VisualStudio.TestPlatform.CrossPlatEngine.Client.ProxyExecutionManager.StartTestRun(TestRunCriteria testRunCriteria, ITestRunEventsHandler eventHandler) in C:\Projects\vstest\src\Microsoft.TestPlatform.CrossPlatEngine\Client\ProxyExecutionManager.cs:line 110
TpTrace Verbose: 0 : 6506, 11, 2020/11/04, 14:28:55.742, 14168826484159, vstest.console.dll, TestRunRequest:SendTestRunMessage: Starting.
TpTrace Information: 0 : 6506, 11, 2020/11/04, 14:28:55.743, 14168827031759, vstest.console.dll, TestRunRequest:SendTestRunMessage: Completed.
TpTrace Verbose: 0 : 6506, 11, 2020/11/04, 14:28:55.743, 14168827452259, vstest.console.dll, TestRequestSender.EndSession: Sending end session.
TpTrace Verbose: 0 : 6506, 11, 2020/11/04, 14:28:55.743, 14168827708259, vstest.console.dll, ProxyOperationManager.Close: waiting for test host to exit for 100 ms
TpTrace Warning: 0 : 6506, 11, 2020/11/04, 14:28:55.744, 14168828242059, vstest.console.dll, ProxyOperationManager: Timed out waiting for test host to exit. Will terminate process.
TpTrace Verbose: 0 : 6506, 11, 2020/11/04, 14:28:55.745, 14168828950659, vstest.console.dll, ParallelProxyExecutionManager: HandlePartialRunComplete: Total completed clients = 9, Run complete = False, Run canceled: False.
TpTrace Verbose: 0 : 6506, 11, 2020/11/04, 14:28:55.745, 14168829497659, vstest.console.dll, ParallelProxyExecutionManager: HandlePartialRunComplete: Replace execution manager. Shared: False, Aborted: True.
TpTrace Verbose: 0 : 6506, 11, 2020/11/04, 14:28:55.746, 14168830066159, vstest.console.dll, TestRequestSender is acting as server
TpTrace Information: 0 : 6506, 11, 2020/11/04, 14:28:55.749, 14168833682859, vstest.console.dll, ProxyParallelExecutionManager: Triggering test run for next source: /mnt/c/Projects/vstest/./test/Microsoft.TestPlatform.Extensions.BlameDataCollector.UnitTests/bin/Debug/netcoreapp2.1/Microsoft.TestPlatform.Extensions.BlameDataCollector.UnitTests.dll
TpTrace Verbose: 0 : 6506, 11, 2020/11/04, 14:28:55.750, 14168834187259, vstest.console.dll, ProxyParallelExecutionManager: No sources available for execution.
TpTrace Verbose: 0 : 6506, 9, 2020/11/04, 14:28:55.750, 14168834242759, vstest.console.dll, ParallelProxyExecutionManager: Execution started. Started clients: 10
TpTrace Verbose: 0 : 6506, 9, 2020/11/04, 14:28:55.758, 14168842684359, vstest.console.dll, ProxyExecutionManager: Test host is always Lazy initialize.
TpTrace Verbose: 0 : 6506, 9, 2020/11/04, 14:28:55.760, 14168844759659, vstest.console.dll, TestRequestSender.InitializeCommunication: initialize communication. 
TpTrace Information: 0 : 6506, 9, 2020/11/04, 14:28:55.761, 14168845213059, vstest.console.dll, SocketServer.Start: Listening on endpoint : 127.0.0.1:39617
TpTrace Verbose: 0 : 6506, 9, 2020/11/04, 14:28:55.765, 14168849702159, vstest.console.dll, DotnetTestHostmanager: Adding  --runtimeconfig "/mnt/c/Projects/vstest/./test/Microsoft.TestPlatform.Extensions.BlameDataCollector.UnitTests/bin/Debug/netcoreapp2.1/Microsoft.TestPlatform.Extensions.BlameDataCollector.UnitTests.runtimeconfig.json" in args
TpTrace Verbose: 0 : 6506, 9, 2020/11/04, 14:28:55.772, 14168856462759, vstest.console.dll, DotnetTestHostmanager: Adding  --depsfile "/mnt/c/Projects/vstest/./test/Microsoft.TestPlatform.Extensions.BlameDataCollector.UnitTests/bin/Debug/netcoreapp2.1/Microsoft.TestPlatform.Extensions.BlameDataCollector.UnitTests.deps.json" in args
TpTrace Verbose: 0 : 6506, 9, 2020/11/04, 14:28:55.781, 14168865511259, vstest.console.dll, DotnetTestHostmanager: Reading file /mnt/c/Projects/vstest/./test/Microsoft.TestPlatform.Extensions.BlameDataCollector.UnitTests/bin/Debug/netcoreapp2.1/Microsoft.TestPlatform.Extensions.BlameDataCollector.UnitTests.deps.json to get path of testhost.dll
TpTrace Verbose: 0 : 6506, 9, 2020/11/04, 14:28:55.811, 14168895644659, vstest.console.dll, DotnetTestHostmanager: Looking for path  in folder C:\Users\jajares\.dotnet\store\|arch|\|tfm|
TpTrace Verbose: 0 : 6506, 9, 2020/11/04, 14:28:55.812, 14168896630659, vstest.console.dll, DotnetTestHostmanager: Looking for path  in folder C:\Projects\vstest\packages
TpTrace Verbose: 0 : 6506, 9, 2020/11/04, 14:28:55.813, 14168897481159, vstest.console.dll, DotnetTestHostmanager: Looking for path  in folder C:\Program Files\dotnet\sdk\NuGetFallbackFolder
TpTrace Verbose: 0 : 6506, 9, 2020/11/04, 14:28:55.815, 14168899695759, vstest.console.dll, DotnetTestHostManager: Assume published test project, with test host path = /mnt/c/Projects/vstest/./test/Microsoft.TestPlatform.Extensions.BlameDataCollector.UnitTests/bin/Debug/netcoreapp2.1/testhost.dll.
TpTrace Verbose: 0 : 6506, 9, 2020/11/04, 14:28:55.822, 14168905958859, vstest.console.dll, DotnetTestHostmanager: Full path of testhost.dll is /mnt/c/Projects/vstest/./test/Microsoft.TestPlatform.Extensions.BlameDataCollector.UnitTests/bin/Debug/netcoreapp2.1/testhost.dll
TpTrace Verbose: 0 : 6506, 9, 2020/11/04, 14:28:55.822, 14168906437759, vstest.console.dll, DotnetTestHostmanager: Full path of host exe is /mnt/c/Projects/vstest/tools/dotnet-linux/dotnet
TpTrace Verbose: 0 : 6506, 11, 2020/11/04, 14:28:55.822, 14168906885459, vstest.console.dll, DotnetTestHostManager: Starting process '/mnt/c/Projects/vstest/tools/dotnet-linux/dotnet' with command line 'exec --runtimeconfig "/mnt/c/Projects/vstest/./test/Microsoft.TestPlatform.Extensions.BlameDataCollector.UnitTests/bin/Debug/netcoreapp2.1/Microsoft.TestPlatform.Extensions.BlameDataCollector.UnitTests.runtimeconfig.json" --depsfile "/mnt/c/Projects/vstest/./test/Microsoft.TestPlatform.Extensions.BlameDataCollector.UnitTests/bin/Debug/netcoreapp2.1/Microsoft.TestPlatform.Extensions.BlameDataCollector.UnitTests.deps.json" "/mnt/c/Projects/vstest/./test/Microsoft.TestPlatform.Extensions.BlameDataCollector.UnitTests/bin/Debug/netcoreapp2.1/testhost.dll" --port 39617 --endpoint 127.0.0.1:039617 --role client --parentprocessid 6506 --diag "/mnt/c/Projects/vstest/logs/log.host.20-11-04_14-28-55_76164_9.txt" --tracelevel 4 --telemetryoptedin false'
TpTrace Verbose: 0 : 6506, 11, 2020/11/04, 14:28:55.831, 14168914960059, vstest.console.dll, Test Runtime launched
TpTrace Verbose: 0 : 6506, 9, 2020/11/04, 14:28:55.831, 14168915572359, vstest.console.dll, TestRequestSender.WaitForRequestHandlerConnection: waiting for connection with timeout: 90000
TpTrace Warning: 0 : 6506, 7, 2020/11/04, 14:28:55.897, 14168981830459, vstest.console.dll, TestHostManagerCallbacks.ErrorReceivedCallback Test host standard error line: Error:
TpTrace Warning: 0 : 6506, 7, 2020/11/04, 14:28:55.898, 14168982357459, vstest.console.dll, TestHostManagerCallbacks.ErrorReceivedCallback Test host standard error line:   An assembly specified in the application dependencies manifest (Microsoft.TestPlatform.Extensions.BlameDataCollector.UnitTests.deps.json) was not found:
TpTrace Warning: 0 : 6506, 7, 2020/11/04, 14:28:55.898, 14168982754659, vstest.console.dll, TestHostManagerCallbacks.ErrorReceivedCallback Test host standard error line:     package: 'Castle.Core', version: '4.1.0'
TpTrace Warning: 0 : 6506, 7, 2020/11/04, 14:28:55.899, 14168983064359, vstest.console.dll, TestHostManagerCallbacks.ErrorReceivedCallback Test host standard error line:     path: 'lib/netstandard1.3/Castle.Core.dll'
TpTrace Warning: 0 : 6506, 11, 2020/11/04, 14:28:55.900, 14168983964759, vstest.console.dll, TestHostManagerCallbacks.ErrorReceivedCallback Test host standard error line: 
TpTrace Verbose: 0 : 6506, 11, 2020/11/04, 14:28:55.901, 14168985005359, vstest.console.dll, TestHostProvider.ExitCallBack: Host exited starting callback.
TpTrace Error: 0 : 6506, 11, 2020/11/04, 14:28:55.901, 14168985437259, vstest.console.dll, TestHostManagerCallbacks.ExitCallBack: Testhost processId: 6533 exited with exitcode: 140 error: 'Error:
  An assembly specified in the application dependencies manifest (Microsoft.TestPlatform.Extensions.BlameDataCollector.UnitTests.deps.json) was not found:
    package: 'Castle.Core', version: '4.1.0'
    path: 'lib/netstandard1.3/Castle.Core.dll'
'
TpTrace Verbose: 0 : 6506, 11, 2020/11/04, 14:28:55.901, 14168985809259, vstest.console.dll, DotnetTestHostManager.OnHostExited: invoking OnHostExited callback
TpTrace Verbose: 0 : 6506, 11, 2020/11/04, 14:28:55.902, 14168986230659, vstest.console.dll, CrossPlatEngine.TestHostManagerHostExited: calling on client process exit callback.
TpTrace Information: 0 : 6506, 11, 2020/11/04, 14:28:55.902, 14168986596759, vstest.console.dll, TestRequestSender.OnClientProcessExit: Test host process exited. Standard error: Error:
  An assembly specified in the application dependencies manifest (Microsoft.TestPlatform.Extensions.BlameDataCollector.UnitTests.deps.json) was not found:
    package: 'Castle.Core', version: '4.1.0'
    path: 'lib/netstandard1.3/Castle.Core.dll'

TpTrace Information: 0 : 6506, 11, 2020/11/04, 14:28:55.903, 14168987107159, vstest.console.dll, SocketServer.Stop: Stop server endPoint: 127.0.0.1:39617
TpTrace Verbose: 0 : 6506, 9, 2020/11/04, 14:28:55.903, 14168987119259, vstest.console.dll, Test host failed to start Test host launched:True test host exited: True
TpTrace Information: 0 : 6506, 11, 2020/11/04, 14:28:55.903, 14168987523259, vstest.console.dll, SocketServer.Stop: Cancellation requested. Stopping message loop.
TpTrace Error: 0 : 6506, 9, 2020/11/04, 14:28:55.904, 14168988300259, vstest.console.dll, ProxyExecutionManager.StartTestRun: Failed to start test run: Microsoft.VisualStudio.TestPlatform.ObjectModel.TestPlatformException: Testhost process exited with error: Error:
  An assembly specified in the application dependencies manifest (Microsoft.TestPlatform.Extensions.BlameDataCollector.UnitTests.deps.json) was not found:
    package: 'Castle.Core', version: '4.1.0'
    path: 'lib/netstandard1.3/Castle.Core.dll'
. Please check the diagnostic logs for more information.
   at Microsoft.VisualStudio.TestPlatform.CrossPlatEngine.Client.ProxyOperationManager.ThrowOnTestHostExited(Boolean testHostExited) in C:\Projects\vstest\src\Microsoft.TestPlatform.CrossPlatEngine\Client\ProxyOperationManager.cs:line 342
   at Microsoft.VisualStudio.TestPlatform.CrossPlatEngine.Client.ProxyOperationManager.SetupChannel(IEnumerable`1 sources, String runSettings) in C:\Projects\vstest\src\Microsoft.TestPlatform.CrossPlatEngine\Client\ProxyOperationManager.cs:line 177
   at Microsoft.VisualStudio.TestPlatform.CrossPlatEngine.Client.ProxyExecutionManager.StartTestRun(TestRunCriteria testRunCriteria, ITestRunEventsHandler eventHandler) in C:\Projects\vstest\src\Microsoft.TestPlatform.CrossPlatEngine\Client\ProxyExecutionManager.cs:line 110
TpTrace Verbose: 0 : 6506, 9, 2020/11/04, 14:28:55.904, 14168988880259, vstest.console.dll, TestRunRequest:SendTestRunMessage: Starting.
TpTrace Information: 0 : 6506, 9, 2020/11/04, 14:28:55.905, 14168989433659, vstest.console.dll, TestRunRequest:SendTestRunMessage: Completed.
TpTrace Verbose: 0 : 6506, 9, 2020/11/04, 14:28:55.906, 14168989951759, vstest.console.dll, TestRequestSender.EndSession: Sending end session.
TpTrace Verbose: 0 : 6506, 9, 2020/11/04, 14:28:55.906, 14168990229659, vstest.console.dll, ProxyOperationManager.Close: waiting for test host to exit for 100 ms
TpTrace Warning: 0 : 6506, 9, 2020/11/04, 14:28:55.906, 14168990707959, vstest.console.dll, ProxyOperationManager: Timed out waiting for test host to exit. Will terminate process.
TpTrace Verbose: 0 : 6506, 9, 2020/11/04, 14:28:55.907, 14168991337659, vstest.console.dll, ParallelProxyExecutionManager: HandlePartialRunComplete: Total completed clients = 10, Run complete = False, Run canceled: False.
TpTrace Verbose: 0 : 6506, 9, 2020/11/04, 14:28:55.907, 14168991843359, vstest.console.dll, ParallelProxyExecutionManager: HandlePartialRunComplete: Replace execution manager. Shared: False, Aborted: True.
TpTrace Verbose: 0 : 6506, 9, 2020/11/04, 14:28:55.908, 14168992566559, vstest.console.dll, TestRequestSender is acting as server
TpTrace Information: 0 : 6506, 9, 2020/11/04, 14:28:55.909, 14168992914559, vstest.console.dll, ProxyParallelExecutionManager: Triggering test run for next source: /mnt/c/Projects/vstest/./test/Microsoft.TestPlatform.Extensions.HtmlLogger.UnitTests/bin/Debug/netcoreapp2.1/Microsoft.TestPlatform.Extensions.HtmlLogger.UnitTests.dll
TpTrace Verbose: 0 : 6506, 9, 2020/11/04, 14:28:55.909, 14168993297959, vstest.console.dll, ProxyParallelExecutionManager: No sources available for execution.
TpTrace Verbose: 0 : 6506, 11, 2020/11/04, 14:28:55.909, 14168993360159, vstest.console.dll, ParallelProxyExecutionManager: Execution started. Started clients: 11
TpTrace Verbose: 0 : 6506, 11, 2020/11/04, 14:28:55.910, 14168994176359, vstest.console.dll, ProxyExecutionManager: Test host is always Lazy initialize.
TpTrace Verbose: 0 : 6506, 11, 2020/11/04, 14:28:55.910, 14168994553459, vstest.console.dll, TestRequestSender.InitializeCommunication: initialize communication. 
TpTrace Information: 0 : 6506, 11, 2020/11/04, 14:28:55.911, 14168994991259, vstest.console.dll, SocketServer.Start: Listening on endpoint : 127.0.0.1:39915
TpTrace Verbose: 0 : 6506, 11, 2020/11/04, 14:28:55.915, 14168999065059, vstest.console.dll, DotnetTestHostmanager: Adding  --runtimeconfig "/mnt/c/Projects/vstest/./test/Microsoft.TestPlatform.Extensions.HtmlLogger.UnitTests/bin/Debug/netcoreapp2.1/Microsoft.TestPlatform.Extensions.HtmlLogger.UnitTests.runtimeconfig.json" in args
TpTrace Verbose: 0 : 6506, 11, 2020/11/04, 14:28:55.918, 14169002456159, vstest.console.dll, DotnetTestHostmanager: Adding  --depsfile "/mnt/c/Projects/vstest/./test/Microsoft.TestPlatform.Extensions.HtmlLogger.UnitTests/bin/Debug/netcoreapp2.1/Microsoft.TestPlatform.Extensions.HtmlLogger.UnitTests.deps.json" in args
TpTrace Verbose: 0 : 6506, 11, 2020/11/04, 14:28:55.931, 14169015544059, vstest.console.dll, DotnetTestHostmanager: Reading file /mnt/c/Projects/vstest/./test/Microsoft.TestPlatform.Extensions.HtmlLogger.UnitTests/bin/Debug/netcoreapp2.1/Microsoft.TestPlatform.Extensions.HtmlLogger.UnitTests.deps.json to get path of testhost.dll
TpTrace Verbose: 0 : 6506, 11, 2020/11/04, 14:28:55.964, 14169048515659, vstest.console.dll, DotnetTestHostmanager: Looking for path  in folder C:\Users\jajares\.dotnet\store\|arch|\|tfm|
TpTrace Verbose: 0 : 6506, 11, 2020/11/04, 14:28:55.965, 14169049420759, vstest.console.dll, DotnetTestHostmanager: Looking for path  in folder C:\Projects\vstest\packages
TpTrace Verbose: 0 : 6506, 11, 2020/11/04, 14:28:55.966, 14169050176059, vstest.console.dll, DotnetTestHostmanager: Looking for path  in folder C:\Program Files\dotnet\sdk\NuGetFallbackFolder
TpTrace Verbose: 0 : 6506, 11, 2020/11/04, 14:28:55.968, 14169052006659, vstest.console.dll, DotnetTestHostManager: Assume published test project, with test host path = /mnt/c/Projects/vstest/./test/Microsoft.TestPlatform.Extensions.HtmlLogger.UnitTests/bin/Debug/netcoreapp2.1/testhost.dll.
TpTrace Verbose: 0 : 6506, 11, 2020/11/04, 14:28:55.976, 14169060263659, vstest.console.dll, DotnetTestHostmanager: Full path of testhost.dll is /mnt/c/Projects/vstest/./test/Microsoft.TestPlatform.Extensions.HtmlLogger.UnitTests/bin/Debug/netcoreapp2.1/testhost.dll
TpTrace Verbose: 0 : 6506, 11, 2020/11/04, 14:28:55.977, 14169061246459, vstest.console.dll, DotnetTestHostmanager: Full path of host exe is /mnt/c/Projects/vstest/tools/dotnet-linux/dotnet
TpTrace Verbose: 0 : 6506, 9, 2020/11/04, 14:28:55.977, 14169061904159, vstest.console.dll, DotnetTestHostManager: Starting process '/mnt/c/Projects/vstest/tools/dotnet-linux/dotnet' with command line 'exec --runtimeconfig "/mnt/c/Projects/vstest/./test/Microsoft.TestPlatform.Extensions.HtmlLogger.UnitTests/bin/Debug/netcoreapp2.1/Microsoft.TestPlatform.Extensions.HtmlLogger.UnitTests.runtimeconfig.json" --depsfile "/mnt/c/Projects/vstest/./test/Microsoft.TestPlatform.Extensions.HtmlLogger.UnitTests/bin/Debug/netcoreapp2.1/Microsoft.TestPlatform.Extensions.HtmlLogger.UnitTests.deps.json" "/mnt/c/Projects/vstest/./test/Microsoft.TestPlatform.Extensions.HtmlLogger.UnitTests/bin/Debug/netcoreapp2.1/testhost.dll" --port 39915 --endpoint 127.0.0.1:039915 --role client --parentprocessid 6506 --diag "/mnt/c/Projects/vstest/logs/log.host.20-11-04_14-28-55_91144_11.txt" --tracelevel 4 --telemetryoptedin false'
TpTrace Verbose: 0 : 6506, 9, 2020/11/04, 14:28:55.986, 14169070294459, vstest.console.dll, Test Runtime launched
TpTrace Verbose: 0 : 6506, 11, 2020/11/04, 14:28:55.987, 14169071590159, vstest.console.dll, TestRequestSender.WaitForRequestHandlerConnection: waiting for connection with timeout: 90000
TpTrace Warning: 0 : 6506, 4, 2020/11/04, 14:28:56.058, 14169142141459, vstest.console.dll, TestHostManagerCallbacks.ErrorReceivedCallback Test host standard error line: Error:
TpTrace Warning: 0 : 6506, 4, 2020/11/04, 14:28:56.058, 14169142803659, vstest.console.dll, TestHostManagerCallbacks.ErrorReceivedCallback Test host standard error line:   An assembly specified in the application dependencies manifest (Microsoft.TestPlatform.Extensions.HtmlLogger.UnitTests.deps.json) was not found:
TpTrace Warning: 0 : 6506, 4, 2020/11/04, 14:28:56.059, 14169143203659, vstest.console.dll, TestHostManagerCallbacks.ErrorReceivedCallback Test host standard error line:     package: 'Castle.Core', version: '4.1.0'
TpTrace Warning: 0 : 6506, 4, 2020/11/04, 14:28:56.059, 14169143671859, vstest.console.dll, TestHostManagerCallbacks.ErrorReceivedCallback Test host standard error line:     path: 'lib/netstandard1.3/Castle.Core.dll'
TpTrace Warning: 0 : 6506, 9, 2020/11/04, 14:28:56.060, 14169144629759, vstest.console.dll, TestHostManagerCallbacks.ErrorReceivedCallback Test host standard error line: 
TpTrace Verbose: 0 : 6506, 9, 2020/11/04, 14:28:56.061, 14169145443959, vstest.console.dll, TestHostProvider.ExitCallBack: Host exited starting callback.
TpTrace Error: 0 : 6506, 9, 2020/11/04, 14:28:56.061, 14169145819959, vstest.console.dll, TestHostManagerCallbacks.ExitCallBack: Testhost processId: 6534 exited with exitcode: 140 error: 'Error:
  An assembly specified in the application dependencies manifest (Microsoft.TestPlatform.Extensions.HtmlLogger.UnitTests.deps.json) was not found:
    package: 'Castle.Core', version: '4.1.0'
    path: 'lib/netstandard1.3/Castle.Core.dll'
'
TpTrace Verbose: 0 : 6506, 9, 2020/11/04, 14:28:56.062, 14169146207959, vstest.console.dll, DotnetTestHostManager.OnHostExited: invoking OnHostExited callback
TpTrace Verbose: 0 : 6506, 9, 2020/11/04, 14:28:56.062, 14169146597759, vstest.console.dll, CrossPlatEngine.TestHostManagerHostExited: calling on client process exit callback.
TpTrace Information: 0 : 6506, 9, 2020/11/04, 14:28:56.063, 14169146946559, vstest.console.dll, TestRequestSender.OnClientProcessExit: Test host process exited. Standard error: Error:
  An assembly specified in the application dependencies manifest (Microsoft.TestPlatform.Extensions.HtmlLogger.UnitTests.deps.json) was not found:
    package: 'Castle.Core', version: '4.1.0'
    path: 'lib/netstandard1.3/Castle.Core.dll'

TpTrace Information: 0 : 6506, 9, 2020/11/04, 14:28:56.063, 14169147282259, vstest.console.dll, SocketServer.Stop: Stop server endPoint: 127.0.0.1:39915
TpTrace Information: 0 : 6506, 9, 2020/11/04, 14:28:56.063, 14169147709259, vstest.console.dll, SocketServer.Stop: Cancellation requested. Stopping message loop.
TpTrace Verbose: 0 : 6506, 11, 2020/11/04, 14:28:56.063, 14169147295859, vstest.console.dll, Test host failed to start Test host launched:True test host exited: True
TpTrace Error: 0 : 6506, 11, 2020/11/04, 14:28:56.064, 14169148756459, vstest.console.dll, ProxyExecutionManager.StartTestRun: Failed to start test run: Microsoft.VisualStudio.TestPlatform.ObjectModel.TestPlatformException: Testhost process exited with error: Error:
  An assembly specified in the application dependencies manifest (Microsoft.TestPlatform.Extensions.HtmlLogger.UnitTests.deps.json) was not found:
    package: 'Castle.Core', version: '4.1.0'
    path: 'lib/netstandard1.3/Castle.Core.dll'
. Please check the diagnostic logs for more information.
   at Microsoft.VisualStudio.TestPlatform.CrossPlatEngine.Client.ProxyOperationManager.ThrowOnTestHostExited(Boolean testHostExited) in C:\Projects\vstest\src\Microsoft.TestPlatform.CrossPlatEngine\Client\ProxyOperationManager.cs:line 342
   at Microsoft.VisualStudio.TestPlatform.CrossPlatEngine.Client.ProxyOperationManager.SetupChannel(IEnumerable`1 sources, String runSettings) in C:\Projects\vstest\src\Microsoft.TestPlatform.CrossPlatEngine\Client\ProxyOperationManager.cs:line 177
   at Microsoft.VisualStudio.TestPlatform.CrossPlatEngine.Client.ProxyExecutionManager.StartTestRun(TestRunCriteria testRunCriteria, ITestRunEventsHandler eventHandler) in C:\Projects\vstest\src\Microsoft.TestPlatform.CrossPlatEngine\Client\ProxyExecutionManager.cs:line 110
TpTrace Verbose: 0 : 6506, 11, 2020/11/04, 14:28:56.065, 14169149271059, vstest.console.dll, TestRunRequest:SendTestRunMessage: Starting.
TpTrace Information: 0 : 6506, 11, 2020/11/04, 14:28:56.065, 14169149885459, vstest.console.dll, TestRunRequest:SendTestRunMessage: Completed.
TpTrace Verbose: 0 : 6506, 11, 2020/11/04, 14:28:56.066, 14169150381959, vstest.console.dll, TestRequestSender.EndSession: Sending end session.
TpTrace Verbose: 0 : 6506, 11, 2020/11/04, 14:28:56.067, 14169151035059, vstest.console.dll, ProxyOperationManager.Close: waiting for test host to exit for 100 ms
TpTrace Warning: 0 : 6506, 11, 2020/11/04, 14:28:56.067, 14169151429159, vstest.console.dll, ProxyOperationManager: Timed out waiting for test host to exit. Will terminate process.
TpTrace Verbose: 0 : 6506, 11, 2020/11/04, 14:28:56.068, 14169152026759, vstest.console.dll, ParallelProxyExecutionManager: HandlePartialRunComplete: Total completed clients = 11, Run complete = False, Run canceled: False.
TpTrace Verbose: 0 : 6506, 11, 2020/11/04, 14:28:56.068, 14169152454059, vstest.console.dll, ParallelProxyExecutionManager: HandlePartialRunComplete: Replace execution manager. Shared: False, Aborted: True.
TpTrace Verbose: 0 : 6506, 11, 2020/11/04, 14:28:56.069, 14169152941459, vstest.console.dll, TestRequestSender is acting as server
TpTrace Information: 0 : 6506, 11, 2020/11/04, 14:28:56.069, 14169153239559, vstest.console.dll, ProxyParallelExecutionManager: Triggering test run for next source: /mnt/c/Projects/vstest/./test/Microsoft.TestPlatform.Extensions.TrxLogger.UnitTests/bin/Debug/netcoreapp2.1/Microsoft.TestPlatform.Extensions.TrxLogger.UnitTests.dll
TpTrace Verbose: 0 : 6506, 11, 2020/11/04, 14:28:56.069, 14169153575959, vstest.console.dll, ProxyParallelExecutionManager: No sources available for execution.
TpTrace Verbose: 0 : 6506, 9, 2020/11/04, 14:28:56.069, 14169153630859, vstest.console.dll, ParallelProxyExecutionManager: Execution started. Started clients: 12
TpTrace Verbose: 0 : 6506, 9, 2020/11/04, 14:28:56.070, 14169154518359, vstest.console.dll, ProxyExecutionManager: Test host is always Lazy initialize.
TpTrace Verbose: 0 : 6506, 9, 2020/11/04, 14:28:56.071, 14169155131359, vstest.console.dll, TestRequestSender.InitializeCommunication: initialize communication. 
TpTrace Information: 0 : 6506, 9, 2020/11/04, 14:28:56.071, 14169155664059, vstest.console.dll, SocketServer.Start: Listening on endpoint : 127.0.0.1:45797
TpTrace Verbose: 0 : 6506, 9, 2020/11/04, 14:28:56.077, 14169160961459, vstest.console.dll, DotnetTestHostmanager: Adding  --runtimeconfig "/mnt/c/Projects/vstest/./test/Microsoft.TestPlatform.Extensions.TrxLogger.UnitTests/bin/Debug/netcoreapp2.1/Microsoft.TestPlatform.Extensions.TrxLogger.UnitTests.runtimeconfig.json" in args
TpTrace Verbose: 0 : 6506, 9, 2020/11/04, 14:28:56.081, 14169165638159, vstest.console.dll, DotnetTestHostmanager: Adding  --depsfile "/mnt/c/Projects/vstest/./test/Microsoft.TestPlatform.Extensions.TrxLogger.UnitTests/bin/Debug/netcoreapp2.1/Microsoft.TestPlatform.Extensions.TrxLogger.UnitTests.deps.json" in args
TpTrace Verbose: 0 : 6506, 9, 2020/11/04, 14:28:56.094, 14169178756059, vstest.console.dll, DotnetTestHostmanager: Reading file /mnt/c/Projects/vstest/./test/Microsoft.TestPlatform.Extensions.TrxLogger.UnitTests/bin/Debug/netcoreapp2.1/Microsoft.TestPlatform.Extensions.TrxLogger.UnitTests.deps.json to get path of testhost.dll
TpTrace Verbose: 0 : 6506, 9, 2020/11/04, 14:28:56.125, 14169209676259, vstest.console.dll, DotnetTestHostmanager: Looking for path  in folder C:\Users\jajares\.dotnet\store\|arch|\|tfm|
TpTrace Verbose: 0 : 6506, 9, 2020/11/04, 14:28:56.127, 14169211363159, vstest.console.dll, DotnetTestHostmanager: Looking for path  in folder C:\Projects\vstest\packages
TpTrace Verbose: 0 : 6506, 9, 2020/11/04, 14:28:56.128, 14169212424559, vstest.console.dll, DotnetTestHostmanager: Looking for path  in folder C:\Program Files\dotnet\sdk\NuGetFallbackFolder
TpTrace Verbose: 0 : 6506, 9, 2020/11/04, 14:28:56.130, 14169214675459, vstest.console.dll, DotnetTestHostManager: Assume published test project, with test host path = /mnt/c/Projects/vstest/./test/Microsoft.TestPlatform.Extensions.TrxLogger.UnitTests/bin/Debug/netcoreapp2.1/testhost.dll.
TpTrace Verbose: 0 : 6506, 9, 2020/11/04, 14:28:56.140, 14169224314959, vstest.console.dll, DotnetTestHostmanager: Full path of testhost.dll is /mnt/c/Projects/vstest/./test/Microsoft.TestPlatform.Extensions.TrxLogger.UnitTests/bin/Debug/netcoreapp2.1/testhost.dll
TpTrace Verbose: 0 : 6506, 9, 2020/11/04, 14:28:56.141, 14169224922659, vstest.console.dll, DotnetTestHostmanager: Full path of host exe is /mnt/c/Projects/vstest/tools/dotnet-linux/dotnet
TpTrace Verbose: 0 : 6506, 11, 2020/11/04, 14:28:56.141, 14169225384659, vstest.console.dll, DotnetTestHostManager: Starting process '/mnt/c/Projects/vstest/tools/dotnet-linux/dotnet' with command line 'exec --runtimeconfig "/mnt/c/Projects/vstest/./test/Microsoft.TestPlatform.Extensions.TrxLogger.UnitTests/bin/Debug/netcoreapp2.1/Microsoft.TestPlatform.Extensions.TrxLogger.UnitTests.runtimeconfig.json" --depsfile "/mnt/c/Projects/vstest/./test/Microsoft.TestPlatform.Extensions.TrxLogger.UnitTests/bin/Debug/netcoreapp2.1/Microsoft.TestPlatform.Extensions.TrxLogger.UnitTests.deps.json" "/mnt/c/Projects/vstest/./test/Microsoft.TestPlatform.Extensions.TrxLogger.UnitTests/bin/Debug/netcoreapp2.1/testhost.dll" --port 45797 --endpoint 127.0.0.1:045797 --role client --parentprocessid 6506 --diag "/mnt/c/Projects/vstest/logs/log.host.20-11-04_14-28-56_07213_9.txt" --tracelevel 4 --telemetryoptedin false'
TpTrace Verbose: 0 : 6506, 11, 2020/11/04, 14:28:56.150, 14169234686059, vstest.console.dll, Test Runtime launched
TpTrace Verbose: 0 : 6506, 9, 2020/11/04, 14:28:56.151, 14169235361959, vstest.console.dll, TestRequestSender.WaitForRequestHandlerConnection: waiting for connection with timeout: 90000
TpTrace Warning: 0 : 6506, 5, 2020/11/04, 14:28:56.218, 14169302844259, vstest.console.dll, TestHostManagerCallbacks.ErrorReceivedCallback Test host standard error line: Error:
TpTrace Warning: 0 : 6506, 5, 2020/11/04, 14:28:56.219, 14169303251759, vstest.console.dll, TestHostManagerCallbacks.ErrorReceivedCallback Test host standard error line:   An assembly specified in the application dependencies manifest (Microsoft.TestPlatform.Extensions.TrxLogger.UnitTests.deps.json) was not found:
TpTrace Warning: 0 : 6506, 5, 2020/11/04, 14:28:56.219, 14169303540259, vstest.console.dll, TestHostManagerCallbacks.ErrorReceivedCallback Test host standard error line:     package: 'Castle.Core', version: '4.1.0'
TpTrace Warning: 0 : 6506, 5, 2020/11/04, 14:28:56.220, 14169304037459, vstest.console.dll, TestHostManagerCallbacks.ErrorReceivedCallback Test host standard error line:     path: 'lib/netstandard1.3/Castle.Core.dll'
TpTrace Warning: 0 : 6506, 11, 2020/11/04, 14:28:56.220, 14169304772259, vstest.console.dll, TestHostManagerCallbacks.ErrorReceivedCallback Test host standard error line: 
TpTrace Verbose: 0 : 6506, 11, 2020/11/04, 14:28:56.221, 14169305606559, vstest.console.dll, TestHostProvider.ExitCallBack: Host exited starting callback.
TpTrace Error: 0 : 6506, 11, 2020/11/04, 14:28:56.222, 14169306553959, vstest.console.dll, TestHostManagerCallbacks.ExitCallBack: Testhost processId: 6535 exited with exitcode: 140 error: 'Error:
  An assembly specified in the application dependencies manifest (Microsoft.TestPlatform.Extensions.TrxLogger.UnitTests.deps.json) was not found:
    package: 'Castle.Core', version: '4.1.0'
    path: 'lib/netstandard1.3/Castle.Core.dll'
'
TpTrace Verbose: 0 : 6506, 11, 2020/11/04, 14:28:56.223, 14169306998459, vstest.console.dll, DotnetTestHostManager.OnHostExited: invoking OnHostExited callback
TpTrace Verbose: 0 : 6506, 11, 2020/11/04, 14:28:56.223, 14169307417459, vstest.console.dll, CrossPlatEngine.TestHostManagerHostExited: calling on client process exit callback.
TpTrace Information: 0 : 6506, 11, 2020/11/04, 14:28:56.224, 14169308160959, vstest.console.dll, TestRequestSender.OnClientProcessExit: Test host process exited. Standard error: Error:
  An assembly specified in the application dependencies manifest (Microsoft.TestPlatform.Extensions.TrxLogger.UnitTests.deps.json) was not found:
    package: 'Castle.Core', version: '4.1.0'
    path: 'lib/netstandard1.3/Castle.Core.dll'

TpTrace Information: 0 : 6506, 11, 2020/11/04, 14:28:56.224, 14169308578759, vstest.console.dll, SocketServer.Stop: Stop server endPoint: 127.0.0.1:45797
TpTrace Verbose: 0 : 6506, 9, 2020/11/04, 14:28:56.224, 14169308602959, vstest.console.dll, Test host failed to start Test host launched:True test host exited: True
TpTrace Information: 0 : 6506, 11, 2020/11/04, 14:28:56.225, 14169308989959, vstest.console.dll, SocketServer.Stop: Cancellation requested. Stopping message loop.
TpTrace Error: 0 : 6506, 9, 2020/11/04, 14:28:56.225, 14169309731159, vstest.console.dll, ProxyExecutionManager.StartTestRun: Failed to start test run: Microsoft.VisualStudio.TestPlatform.ObjectModel.TestPlatformException: Testhost process exited with error: Error:
  An assembly specified in the application dependencies manifest (Microsoft.TestPlatform.Extensions.TrxLogger.UnitTests.deps.json) was not found:
    package: 'Castle.Core', version: '4.1.0'
    path: 'lib/netstandard1.3/Castle.Core.dll'
. Please check the diagnostic logs for more information.
   at Microsoft.VisualStudio.TestPlatform.CrossPlatEngine.Client.ProxyOperationManager.ThrowOnTestHostExited(Boolean testHostExited) in C:\Projects\vstest\src\Microsoft.TestPlatform.CrossPlatEngine\Client\ProxyOperationManager.cs:line 342
   at Microsoft.VisualStudio.TestPlatform.CrossPlatEngine.Client.ProxyOperationManager.SetupChannel(IEnumerable`1 sources, String runSettings) in C:\Projects\vstest\src\Microsoft.TestPlatform.CrossPlatEngine\Client\ProxyOperationManager.cs:line 177
   at Microsoft.VisualStudio.TestPlatform.CrossPlatEngine.Client.ProxyExecutionManager.StartTestRun(TestRunCriteria testRunCriteria, ITestRunEventsHandler eventHandler) in C:\Projects\vstest\src\Microsoft.TestPlatform.CrossPlatEngine\Client\ProxyExecutionManager.cs:line 110
TpTrace Verbose: 0 : 6506, 9, 2020/11/04, 14:28:56.226, 14169310234359, vstest.console.dll, TestRunRequest:SendTestRunMessage: Starting.
TpTrace Information: 0 : 6506, 9, 2020/11/04, 14:28:56.226, 14169310659859, vstest.console.dll, TestRunRequest:SendTestRunMessage: Completed.
TpTrace Verbose: 0 : 6506, 9, 2020/11/04, 14:28:56.227, 14169311045859, vstest.console.dll, TestRequestSender.EndSession: Sending end session.
TpTrace Verbose: 0 : 6506, 9, 2020/11/04, 14:28:56.227, 14169311312359, vstest.console.dll, ProxyOperationManager.Close: waiting for test host to exit for 100 ms
TpTrace Warning: 0 : 6506, 9, 2020/11/04, 14:28:56.227, 14169311639859, vstest.console.dll, ProxyOperationManager: Timed out waiting for test host to exit. Will terminate process.
TpTrace Verbose: 0 : 6506, 9, 2020/11/04, 14:28:56.228, 14169312071159, vstest.console.dll, ParallelProxyExecutionManager: HandlePartialRunComplete: Total completed clients = 12, Run complete = False, Run canceled: False.
TpTrace Verbose: 0 : 6506, 9, 2020/11/04, 14:28:56.228, 14169312487459, vstest.console.dll, ParallelProxyExecutionManager: HandlePartialRunComplete: Replace execution manager. Shared: False, Aborted: True.
TpTrace Verbose: 0 : 6506, 9, 2020/11/04, 14:28:56.229, 14169313085959, vstest.console.dll, TestRequestSender is acting as server
TpTrace Information: 0 : 6506, 9, 2020/11/04, 14:28:56.229, 14169313537359, vstest.console.dll, ProxyParallelExecutionManager: Triggering test run for next source: /mnt/c/Projects/vstest/./test/Microsoft.TestPlatform.ObjectModel.UnitTests/bin/Debug/netcoreapp2.1/Microsoft.TestPlatform.ObjectModel.UnitTests.dll
TpTrace Verbose: 0 : 6506, 9, 2020/11/04, 14:28:56.229, 14169313912159, vstest.console.dll, ProxyParallelExecutionManager: No sources available for execution.
TpTrace Verbose: 0 : 6506, 11, 2020/11/04, 14:28:56.230, 14169313968759, vstest.console.dll, ParallelProxyExecutionManager: Execution started. Started clients: 13
TpTrace Verbose: 0 : 6506, 11, 2020/11/04, 14:28:56.230, 14169314535459, vstest.console.dll, ProxyExecutionManager: Test host is always Lazy initialize.
TpTrace Verbose: 0 : 6506, 11, 2020/11/04, 14:28:56.230, 14169314848859, vstest.console.dll, TestRequestSender.InitializeCommunication: initialize communication. 
TpTrace Information: 0 : 6506, 11, 2020/11/04, 14:28:56.231, 14169315222359, vstest.console.dll, SocketServer.Start: Listening on endpoint : 127.0.0.1:40777
TpTrace Verbose: 0 : 6506, 11, 2020/11/04, 14:28:56.236, 14169320372759, vstest.console.dll, DotnetTestHostmanager: Adding  --runtimeconfig "/mnt/c/Projects/vstest/./test/Microsoft.TestPlatform.ObjectModel.UnitTests/bin/Debug/netcoreapp2.1/Microsoft.TestPlatform.ObjectModel.UnitTests.runtimeconfig.json" in args
TpTrace Verbose: 0 : 6506, 11, 2020/11/04, 14:28:56.241, 14169325857059, vstest.console.dll, DotnetTestHostmanager: Adding  --depsfile "/mnt/c/Projects/vstest/./test/Microsoft.TestPlatform.ObjectModel.UnitTests/bin/Debug/netcoreapp2.1/Microsoft.TestPlatform.ObjectModel.UnitTests.deps.json" in args
TpTrace Verbose: 0 : 6506, 11, 2020/11/04, 14:28:56.250, 14169334299559, vstest.console.dll, DotnetTestHostmanager: Reading file /mnt/c/Projects/vstest/./test/Microsoft.TestPlatform.ObjectModel.UnitTests/bin/Debug/netcoreapp2.1/Microsoft.TestPlatform.ObjectModel.UnitTests.deps.json to get path of testhost.dll
TpTrace Verbose: 0 : 6506, 11, 2020/11/04, 14:28:56.280, 14169364672559, vstest.console.dll, DotnetTestHostmanager: Looking for path  in folder C:\Users\jajares\.dotnet\store\|arch|\|tfm|
TpTrace Verbose: 0 : 6506, 11, 2020/11/04, 14:28:56.281, 14169365612659, vstest.console.dll, DotnetTestHostmanager: Looking for path  in folder C:\Projects\vstest\packages
TpTrace Verbose: 0 : 6506, 11, 2020/11/04, 14:28:56.282, 14169366442859, vstest.console.dll, DotnetTestHostmanager: Looking for path  in folder C:\Program Files\dotnet\sdk\NuGetFallbackFolder
TpTrace Verbose: 0 : 6506, 11, 2020/11/04, 14:28:56.284, 14169368805059, vstest.console.dll, DotnetTestHostManager: Assume published test project, with test host path = /mnt/c/Projects/vstest/./test/Microsoft.TestPlatform.ObjectModel.UnitTests/bin/Debug/netcoreapp2.1/testhost.dll.
TpTrace Verbose: 0 : 6506, 11, 2020/11/04, 14:28:56.293, 14169376956259, vstest.console.dll, DotnetTestHostmanager: Full path of testhost.dll is /mnt/c/Projects/vstest/./test/Microsoft.TestPlatform.ObjectModel.UnitTests/bin/Debug/netcoreapp2.1/testhost.dll
TpTrace Verbose: 0 : 6506, 11, 2020/11/04, 14:28:56.293, 14169377497559, vstest.console.dll, DotnetTestHostmanager: Full path of host exe is /mnt/c/Projects/vstest/tools/dotnet-linux/dotnet
TpTrace Verbose: 0 : 6506, 9, 2020/11/04, 14:28:56.294, 14169378062759, vstest.console.dll, DotnetTestHostManager: Starting process '/mnt/c/Projects/vstest/tools/dotnet-linux/dotnet' with command line 'exec --runtimeconfig "/mnt/c/Projects/vstest/./test/Microsoft.TestPlatform.ObjectModel.UnitTests/bin/Debug/netcoreapp2.1/Microsoft.TestPlatform.ObjectModel.UnitTests.runtimeconfig.json" --depsfile "/mnt/c/Projects/vstest/./test/Microsoft.TestPlatform.ObjectModel.UnitTests/bin/Debug/netcoreapp2.1/Microsoft.TestPlatform.ObjectModel.UnitTests.deps.json" "/mnt/c/Projects/vstest/./test/Microsoft.TestPlatform.ObjectModel.UnitTests/bin/Debug/netcoreapp2.1/testhost.dll" --port 40777 --endpoint 127.0.0.1:040777 --role client --parentprocessid 6506 --diag "/mnt/c/Projects/vstest/logs/log.host.20-11-04_14-28-56_23171_11.txt" --tracelevel 4 --telemetryoptedin false'
TpTrace Verbose: 0 : 6506, 9, 2020/11/04, 14:28:56.301, 14169385638359, vstest.console.dll, Test Runtime launched
TpTrace Verbose: 0 : 6506, 11, 2020/11/04, 14:28:56.302, 14169386305359, vstest.console.dll, TestRequestSender.WaitForRequestHandlerConnection: waiting for connection with timeout: 90000
TpTrace Warning: 0 : 6506, 7, 2020/11/04, 14:28:56.364, 14169448132459, vstest.console.dll, TestHostManagerCallbacks.ErrorReceivedCallback Test host standard error line: Error:
TpTrace Warning: 0 : 6506, 7, 2020/11/04, 14:28:56.364, 14169448654259, vstest.console.dll, TestHostManagerCallbacks.ErrorReceivedCallback Test host standard error line:   An assembly specified in the application dependencies manifest (Microsoft.TestPlatform.ObjectModel.UnitTests.deps.json) was not found:
TpTrace Warning: 0 : 6506, 7, 2020/11/04, 14:28:56.365, 14169449097459, vstest.console.dll, TestHostManagerCallbacks.ErrorReceivedCallback Test host standard error line:     package: 'Castle.Core', version: '4.1.0'
TpTrace Warning: 0 : 6506, 7, 2020/11/04, 14:28:56.365, 14169449468859, vstest.console.dll, TestHostManagerCallbacks.ErrorReceivedCallback Test host standard error line:     path: 'lib/netstandard1.3/Castle.Core.dll'
TpTrace Warning: 0 : 6506, 9, 2020/11/04, 14:28:56.366, 14169450266359, vstest.console.dll, TestHostManagerCallbacks.ErrorReceivedCallback Test host standard error line: 
TpTrace Verbose: 0 : 6506, 9, 2020/11/04, 14:28:56.367, 14169451042059, vstest.console.dll, TestHostProvider.ExitCallBack: Host exited starting callback.
TpTrace Error: 0 : 6506, 9, 2020/11/04, 14:28:56.367, 14169451436059, vstest.console.dll, TestHostManagerCallbacks.ExitCallBack: Testhost processId: 6536 exited with exitcode: 140 error: 'Error:
  An assembly specified in the application dependencies manifest (Microsoft.TestPlatform.ObjectModel.UnitTests.deps.json) was not found:
    package: 'Castle.Core', version: '4.1.0'
    path: 'lib/netstandard1.3/Castle.Core.dll'
'
TpTrace Verbose: 0 : 6506, 9, 2020/11/04, 14:28:56.367, 14169451775559, vstest.console.dll, DotnetTestHostManager.OnHostExited: invoking OnHostExited callback
TpTrace Verbose: 0 : 6506, 9, 2020/11/04, 14:28:56.368, 14169452171659, vstest.console.dll, CrossPlatEngine.TestHostManagerHostExited: calling on client process exit callback.
TpTrace Information: 0 : 6506, 9, 2020/11/04, 14:28:56.368, 14169452498559, vstest.console.dll, TestRequestSender.OnClientProcessExit: Test host process exited. Standard error: Error:
  An assembly specified in the application dependencies manifest (Microsoft.TestPlatform.ObjectModel.UnitTests.deps.json) was not found:
    package: 'Castle.Core', version: '4.1.0'
    path: 'lib/netstandard1.3/Castle.Core.dll'

TpTrace Information: 0 : 6506, 9, 2020/11/04, 14:28:56.368, 14169452845359, vstest.console.dll, SocketServer.Stop: Stop server endPoint: 127.0.0.1:40777
TpTrace Information: 0 : 6506, 9, 2020/11/04, 14:28:56.369, 14169453219859, vstest.console.dll, SocketServer.Stop: Cancellation requested. Stopping message loop.
TpTrace Verbose: 0 : 6506, 11, 2020/11/04, 14:28:56.368, 14169452874959, vstest.console.dll, Test host failed to start Test host launched:True test host exited: True
TpTrace Error: 0 : 6506, 11, 2020/11/04, 14:28:56.370, 14169454116259, vstest.console.dll, ProxyExecutionManager.StartTestRun: Failed to start test run: Microsoft.VisualStudio.TestPlatform.ObjectModel.TestPlatformException: Testhost process exited with error: Error:
  An assembly specified in the application dependencies manifest (Microsoft.TestPlatform.ObjectModel.UnitTests.deps.json) was not found:
    package: 'Castle.Core', version: '4.1.0'
    path: 'lib/netstandard1.3/Castle.Core.dll'
. Please check the diagnostic logs for more information.
   at Microsoft.VisualStudio.TestPlatform.CrossPlatEngine.Client.ProxyOperationManager.ThrowOnTestHostExited(Boolean testHostExited) in C:\Projects\vstest\src\Microsoft.TestPlatform.CrossPlatEngine\Client\ProxyOperationManager.cs:line 342
   at Microsoft.VisualStudio.TestPlatform.CrossPlatEngine.Client.ProxyOperationManager.SetupChannel(IEnumerable`1 sources, String runSettings) in C:\Projects\vstest\src\Microsoft.TestPlatform.CrossPlatEngine\Client\ProxyOperationManager.cs:line 177
   at Microsoft.VisualStudio.TestPlatform.CrossPlatEngine.Client.ProxyExecutionManager.StartTestRun(TestRunCriteria testRunCriteria, ITestRunEventsHandler eventHandler) in C:\Projects\vstest\src\Microsoft.TestPlatform.CrossPlatEngine\Client\ProxyExecutionManager.cs:line 110
TpTrace Verbose: 0 : 6506, 11, 2020/11/04, 14:28:56.370, 14169454845959, vstest.console.dll, TestRunRequest:SendTestRunMessage: Starting.
TpTrace Information: 0 : 6506, 11, 2020/11/04, 14:28:56.373, 14169457346459, vstest.console.dll, TestRunRequest:SendTestRunMessage: Completed.
TpTrace Verbose: 0 : 6506, 11, 2020/11/04, 14:28:56.374, 14169458334459, vstest.console.dll, TestRequestSender.EndSession: Sending end session.
TpTrace Verbose: 0 : 6506, 11, 2020/11/04, 14:28:56.375, 14169458991559, vstest.console.dll, ProxyOperationManager.Close: waiting for test host to exit for 100 ms
TpTrace Warning: 0 : 6506, 11, 2020/11/04, 14:28:56.375, 14169459607159, vstest.console.dll, ProxyOperationManager: Timed out waiting for test host to exit. Will terminate process.
TpTrace Verbose: 0 : 6506, 11, 2020/11/04, 14:28:56.376, 14169460352759, vstest.console.dll, ParallelProxyExecutionManager: HandlePartialRunComplete: Total completed clients = 13, Run complete = False, Run canceled: False.
TpTrace Verbose: 0 : 6506, 11, 2020/11/04, 14:28:56.376, 14169460799359, vstest.console.dll, ParallelProxyExecutionManager: HandlePartialRunComplete: Replace execution manager. Shared: False, Aborted: True.
TpTrace Verbose: 0 : 6506, 11, 2020/11/04, 14:28:56.377, 14169461293859, vstest.console.dll, TestRequestSender is acting as server
TpTrace Information: 0 : 6506, 11, 2020/11/04, 14:28:56.377, 14169461651159, vstest.console.dll, ProxyParallelExecutionManager: Triggering test run for next source: /mnt/c/Projects/vstest/./test/Microsoft.TestPlatform.TestHostProvider.UnitTests/bin/Debug/netcoreapp2.1/Microsoft.TestPlatform.TestHostProvider.UnitTests.dll
TpTrace Verbose: 0 : 6506, 11, 2020/11/04, 14:28:56.378, 14169462032159, vstest.console.dll, ProxyParallelExecutionManager: No sources available for execution.
TpTrace Verbose: 0 : 6506, 9, 2020/11/04, 14:28:56.378, 14169462082359, vstest.console.dll, ParallelProxyExecutionManager: Execution started. Started clients: 14
TpTrace Verbose: 0 : 6506, 9, 2020/11/04, 14:28:56.378, 14169462817959, vstest.console.dll, ProxyExecutionManager: Test host is always Lazy initialize.
TpTrace Verbose: 0 : 6506, 9, 2020/11/04, 14:28:56.379, 14169463238359, vstest.console.dll, TestRequestSender.InitializeCommunication: initialize communication. 
TpTrace Information: 0 : 6506, 9, 2020/11/04, 14:28:56.379, 14169463605359, vstest.console.dll, SocketServer.Start: Listening on endpoint : 127.0.0.1:35305
TpTrace Verbose: 0 : 6506, 9, 2020/11/04, 14:28:56.384, 14169468452059, vstest.console.dll, DotnetTestHostmanager: Adding  --runtimeconfig "/mnt/c/Projects/vstest/./test/Microsoft.TestPlatform.TestHostProvider.UnitTests/bin/Debug/netcoreapp2.1/Microsoft.TestPlatform.TestHostProvider.UnitTests.runtimeconfig.json" in args
TpTrace Verbose: 0 : 6506, 9, 2020/11/04, 14:28:56.389, 14169473081259, vstest.console.dll, DotnetTestHostmanager: Adding  --depsfile "/mnt/c/Projects/vstest/./test/Microsoft.TestPlatform.TestHostProvider.UnitTests/bin/Debug/netcoreapp2.1/Microsoft.TestPlatform.TestHostProvider.UnitTests.deps.json" in args
TpTrace Verbose: 0 : 6506, 9, 2020/11/04, 14:28:56.399, 14169483920859, vstest.console.dll, DotnetTestHostmanager: Reading file /mnt/c/Projects/vstest/./test/Microsoft.TestPlatform.TestHostProvider.UnitTests/bin/Debug/netcoreapp2.1/Microsoft.TestPlatform.TestHostProvider.UnitTests.deps.json to get path of testhost.dll
TpTrace Verbose: 0 : 6506, 9, 2020/11/04, 14:28:56.431, 14169515614859, vstest.console.dll, DotnetTestHostmanager: Looking for path  in folder C:\Users\jajares\.dotnet\store\|arch|\|tfm|
TpTrace Verbose: 0 : 6506, 9, 2020/11/04, 14:28:56.432, 14169516370659, vstest.console.dll, DotnetTestHostmanager: Looking for path  in folder C:\Projects\vstest\packages
TpTrace Verbose: 0 : 6506, 9, 2020/11/04, 14:28:56.433, 14169517040459, vstest.console.dll, DotnetTestHostmanager: Looking for path  in folder C:\Program Files\dotnet\sdk\NuGetFallbackFolder
TpTrace Verbose: 0 : 6506, 9, 2020/11/04, 14:28:56.434, 14169518865159, vstest.console.dll, DotnetTestHostManager: Assume published test project, with test host path = /mnt/c/Projects/vstest/./test/Microsoft.TestPlatform.TestHostProvider.UnitTests/bin/Debug/netcoreapp2.1/testhost.dll.
TpTrace Verbose: 0 : 6506, 9, 2020/11/04, 14:28:56.440, 14169524254159, vstest.console.dll, DotnetTestHostmanager: Full path of testhost.dll is /mnt/c/Projects/vstest/./test/Microsoft.TestPlatform.TestHostProvider.UnitTests/bin/Debug/netcoreapp2.1/testhost.dll
TpTrace Verbose: 0 : 6506, 9, 2020/11/04, 14:28:56.440, 14169524851659, vstest.console.dll, DotnetTestHostmanager: Full path of host exe is /mnt/c/Projects/vstest/tools/dotnet-linux/dotnet
TpTrace Verbose: 0 : 6506, 11, 2020/11/04, 14:28:56.441, 14169525427259, vstest.console.dll, DotnetTestHostManager: Starting process '/mnt/c/Projects/vstest/tools/dotnet-linux/dotnet' with command line 'exec --runtimeconfig "/mnt/c/Projects/vstest/./test/Microsoft.TestPlatform.TestHostProvider.UnitTests/bin/Debug/netcoreapp2.1/Microsoft.TestPlatform.TestHostProvider.UnitTests.runtimeconfig.json" --depsfile "/mnt/c/Projects/vstest/./test/Microsoft.TestPlatform.TestHostProvider.UnitTests/bin/Debug/netcoreapp2.1/Microsoft.TestPlatform.TestHostProvider.UnitTests.deps.json" "/mnt/c/Projects/vstest/./test/Microsoft.TestPlatform.TestHostProvider.UnitTests/bin/Debug/netcoreapp2.1/testhost.dll" --port 35305 --endpoint 127.0.0.1:035305 --role client --parentprocessid 6506 --diag "/mnt/c/Projects/vstest/logs/log.host.20-11-04_14-28-56_38005_9.txt" --tracelevel 4 --telemetryoptedin false'
TpTrace Verbose: 0 : 6506, 11, 2020/11/04, 14:28:56.450, 14169533978859, vstest.console.dll, Test Runtime launched
TpTrace Verbose: 0 : 6506, 9, 2020/11/04, 14:28:56.451, 14169535255259, vstest.console.dll, TestRequestSender.WaitForRequestHandlerConnection: waiting for connection with timeout: 90000
TpTrace Warning: 0 : 6506, 5, 2020/11/04, 14:28:56.522, 14169606591159, vstest.console.dll, TestHostManagerCallbacks.ErrorReceivedCallback Test host standard error line: Error:
TpTrace Warning: 0 : 6506, 5, 2020/11/04, 14:28:56.523, 14169607847759, vstest.console.dll, TestHostManagerCallbacks.ErrorReceivedCallback Test host standard error line:   An assembly specified in the application dependencies manifest (Microsoft.TestPlatform.TestHostProvider.UnitTests.deps.json) was not found:
TpTrace Warning: 0 : 6506, 5, 2020/11/04, 14:28:56.524, 14169608382959, vstest.console.dll, TestHostManagerCallbacks.ErrorReceivedCallback Test host standard error line:     package: 'Castle.Core', version: '4.1.0'
TpTrace Warning: 0 : 6506, 5, 2020/11/04, 14:28:56.524, 14169608745359, vstest.console.dll, TestHostManagerCallbacks.ErrorReceivedCallback Test host standard error line:     path: 'lib/netstandard1.3/Castle.Core.dll'
TpTrace Warning: 0 : 6506, 11, 2020/11/04, 14:28:56.525, 14169609315459, vstest.console.dll, TestHostManagerCallbacks.ErrorReceivedCallback Test host standard error line: 
TpTrace Verbose: 0 : 6506, 11, 2020/11/04, 14:28:56.526, 14169610056859, vstest.console.dll, TestHostProvider.ExitCallBack: Host exited starting callback.
TpTrace Error: 0 : 6506, 11, 2020/11/04, 14:28:56.526, 14169610460059, vstest.console.dll, TestHostManagerCallbacks.ExitCallBack: Testhost processId: 6537 exited with exitcode: 140 error: 'Error:
  An assembly specified in the application dependencies manifest (Microsoft.TestPlatform.TestHostProvider.UnitTests.deps.json) was not found:
    package: 'Castle.Core', version: '4.1.0'
    path: 'lib/netstandard1.3/Castle.Core.dll'
'
TpTrace Verbose: 0 : 6506, 11, 2020/11/04, 14:28:56.526, 14169610824859, vstest.console.dll, DotnetTestHostManager.OnHostExited: invoking OnHostExited callback
TpTrace Verbose: 0 : 6506, 11, 2020/11/04, 14:28:56.527, 14169611209059, vstest.console.dll, CrossPlatEngine.TestHostManagerHostExited: calling on client process exit callback.
TpTrace Information: 0 : 6506, 11, 2020/11/04, 14:28:56.527, 14169611628159, vstest.console.dll, TestRequestSender.OnClientProcessExit: Test host process exited. Standard error: Error:
  An assembly specified in the application dependencies manifest (Microsoft.TestPlatform.TestHostProvider.UnitTests.deps.json) was not found:
    package: 'Castle.Core', version: '4.1.0'
    path: 'lib/netstandard1.3/Castle.Core.dll'

TpTrace Information: 0 : 6506, 11, 2020/11/04, 14:28:56.528, 14169612041559, vstest.console.dll, SocketServer.Stop: Stop server endPoint: 127.0.0.1:35305
TpTrace Verbose: 0 : 6506, 9, 2020/11/04, 14:28:56.528, 14169612061159, vstest.console.dll, Test host failed to start Test host launched:True test host exited: True
TpTrace Information: 0 : 6506, 11, 2020/11/04, 14:28:56.528, 14169612475959, vstest.console.dll, SocketServer.Stop: Cancellation requested. Stopping message loop.
TpTrace Error: 0 : 6506, 9, 2020/11/04, 14:28:56.529, 14169613210359, vstest.console.dll, ProxyExecutionManager.StartTestRun: Failed to start test run: Microsoft.VisualStudio.TestPlatform.ObjectModel.TestPlatformException: Testhost process exited with error: Error:
  An assembly specified in the application dependencies manifest (Microsoft.TestPlatform.TestHostProvider.UnitTests.deps.json) was not found:
    package: 'Castle.Core', version: '4.1.0'
    path: 'lib/netstandard1.3/Castle.Core.dll'
. Please check the diagnostic logs for more information.
   at Microsoft.VisualStudio.TestPlatform.CrossPlatEngine.Client.ProxyOperationManager.ThrowOnTestHostExited(Boolean testHostExited) in C:\Projects\vstest\src\Microsoft.TestPlatform.CrossPlatEngine\Client\ProxyOperationManager.cs:line 342
   at Microsoft.VisualStudio.TestPlatform.CrossPlatEngine.Client.ProxyOperationManager.SetupChannel(IEnumerable`1 sources, String runSettings) in C:\Projects\vstest\src\Microsoft.TestPlatform.CrossPlatEngine\Client\ProxyOperationManager.cs:line 177
   at Microsoft.VisualStudio.TestPlatform.CrossPlatEngine.Client.ProxyExecutionManager.StartTestRun(TestRunCriteria testRunCriteria, ITestRunEventsHandler eventHandler) in C:\Projects\vstest\src\Microsoft.TestPlatform.CrossPlatEngine\Client\ProxyExecutionManager.cs:line 110
TpTrace Verbose: 0 : 6506, 9, 2020/11/04, 14:28:56.529, 14169613862259, vstest.console.dll, TestRunRequest:SendTestRunMessage: Starting.
TpTrace Information: 0 : 6506, 9, 2020/11/04, 14:28:56.530, 14169614354259, vstest.console.dll, TestRunRequest:SendTestRunMessage: Completed.
TpTrace Verbose: 0 : 6506, 9, 2020/11/04, 14:28:56.530, 14169614870259, vstest.console.dll, TestRequestSender.EndSession: Sending end session.
TpTrace Verbose: 0 : 6506, 9, 2020/11/04, 14:28:56.531, 14169615242859, vstest.console.dll, ProxyOperationManager.Close: waiting for test host to exit for 100 ms
TpTrace Warning: 0 : 6506, 9, 2020/11/04, 14:28:56.531, 14169615546359, vstest.console.dll, ProxyOperationManager: Timed out waiting for test host to exit. Will terminate process.
TpTrace Verbose: 0 : 6506, 9, 2020/11/04, 14:28:56.532, 14169616150659, vstest.console.dll, ParallelProxyExecutionManager: HandlePartialRunComplete: Total completed clients = 14, Run complete = False, Run canceled: False.
TpTrace Verbose: 0 : 6506, 9, 2020/11/04, 14:28:56.532, 14169616578259, vstest.console.dll, ParallelProxyExecutionManager: HandlePartialRunComplete: Replace execution manager. Shared: False, Aborted: True.
TpTrace Verbose: 0 : 6506, 9, 2020/11/04, 14:28:56.533, 14169617168459, vstest.console.dll, TestRequestSender is acting as server
TpTrace Information: 0 : 6506, 9, 2020/11/04, 14:28:56.533, 14169617694159, vstest.console.dll, ProxyParallelExecutionManager: Triggering test run for next source: /mnt/c/Projects/vstest/./test/Microsoft.TestPlatform.Utilities.UnitTests/bin/Debug/netcoreapp2.1/Microsoft.TestPlatform.Utilities.UnitTests.dll
TpTrace Verbose: 0 : 6506, 9, 2020/11/04, 14:28:56.534, 14169618125059, vstest.console.dll, ProxyParallelExecutionManager: No sources available for execution.
TpTrace Verbose: 0 : 6506, 11, 2020/11/04, 14:28:56.534, 14169618182759, vstest.console.dll, ParallelProxyExecutionManager: Execution started. Started clients: 15
TpTrace Verbose: 0 : 6506, 11, 2020/11/04, 14:28:56.535, 14169619041259, vstest.console.dll, ProxyExecutionManager: Test host is always Lazy initialize.
TpTrace Verbose: 0 : 6506, 11, 2020/11/04, 14:28:56.535, 14169619433159, vstest.console.dll, TestRequestSender.InitializeCommunication: initialize communication. 
TpTrace Information: 0 : 6506, 11, 2020/11/04, 14:28:56.535, 14169619891859, vstest.console.dll, SocketServer.Start: Listening on endpoint : 127.0.0.1:33711
TpTrace Verbose: 0 : 6506, 11, 2020/11/04, 14:28:56.544, 14169628536859, vstest.console.dll, DotnetTestHostmanager: Adding  --runtimeconfig "/mnt/c/Projects/vstest/./test/Microsoft.TestPlatform.Utilities.UnitTests/bin/Debug/netcoreapp2.1/Microsoft.TestPlatform.Utilities.UnitTests.runtimeconfig.json" in args
TpTrace Verbose: 0 : 6506, 11, 2020/11/04, 14:28:56.549, 14169633819359, vstest.console.dll, DotnetTestHostmanager: Adding  --depsfile "/mnt/c/Projects/vstest/./test/Microsoft.TestPlatform.Utilities.UnitTests/bin/Debug/netcoreapp2.1/Microsoft.TestPlatform.Utilities.UnitTests.deps.json" in args
TpTrace Verbose: 0 : 6506, 11, 2020/11/04, 14:28:56.561, 14169645645359, vstest.console.dll, DotnetTestHostmanager: Reading file /mnt/c/Projects/vstest/./test/Microsoft.TestPlatform.Utilities.UnitTests/bin/Debug/netcoreapp2.1/Microsoft.TestPlatform.Utilities.UnitTests.deps.json to get path of testhost.dll
TpTrace Verbose: 0 : 6506, 11, 2020/11/04, 14:28:56.593, 14169677064359, vstest.console.dll, DotnetTestHostmanager: Looking for path  in folder C:\Users\jajares\.dotnet\store\|arch|\|tfm|
TpTrace Verbose: 0 : 6506, 11, 2020/11/04, 14:28:56.593, 14169677786959, vstest.console.dll, DotnetTestHostmanager: Looking for path  in folder C:\Projects\vstest\packages
TpTrace Verbose: 0 : 6506, 11, 2020/11/04, 14:28:56.594, 14169678503259, vstest.console.dll, DotnetTestHostmanager: Looking for path  in folder C:\Program Files\dotnet\sdk\NuGetFallbackFolder
TpTrace Verbose: 0 : 6506, 11, 2020/11/04, 14:28:56.596, 14169680181459, vstest.console.dll, DotnetTestHostManager: Assume published test project, with test host path = /mnt/c/Projects/vstest/./test/Microsoft.TestPlatform.Utilities.UnitTests/bin/Debug/netcoreapp2.1/testhost.dll.
TpTrace Verbose: 0 : 6506, 11, 2020/11/04, 14:28:56.601, 14169685547859, vstest.console.dll, DotnetTestHostmanager: Full path of testhost.dll is /mnt/c/Projects/vstest/./test/Microsoft.TestPlatform.Utilities.UnitTests/bin/Debug/netcoreapp2.1/testhost.dll
TpTrace Verbose: 0 : 6506, 11, 2020/11/04, 14:28:56.602, 14169686060859, vstest.console.dll, DotnetTestHostmanager: Full path of host exe is /mnt/c/Projects/vstest/tools/dotnet-linux/dotnet
TpTrace Verbose: 0 : 6506, 9, 2020/11/04, 14:28:56.602, 14169686565459, vstest.console.dll, DotnetTestHostManager: Starting process '/mnt/c/Projects/vstest/tools/dotnet-linux/dotnet' with command line 'exec --runtimeconfig "/mnt/c/Projects/vstest/./test/Microsoft.TestPlatform.Utilities.UnitTests/bin/Debug/netcoreapp2.1/Microsoft.TestPlatform.Utilities.UnitTests.runtimeconfig.json" --depsfile "/mnt/c/Projects/vstest/./test/Microsoft.TestPlatform.Utilities.UnitTests/bin/Debug/netcoreapp2.1/Microsoft.TestPlatform.Utilities.UnitTests.deps.json" "/mnt/c/Projects/vstest/./test/Microsoft.TestPlatform.Utilities.UnitTests/bin/Debug/netcoreapp2.1/testhost.dll" --port 33711 --endpoint 127.0.0.1:033711 --role client --parentprocessid 6506 --diag "/mnt/c/Projects/vstest/logs/log.host.20-11-04_14-28-56_53643_11.txt" --tracelevel 4 --telemetryoptedin false'
TpTrace Verbose: 0 : 6506, 9, 2020/11/04, 14:28:56.613, 14169697310659, vstest.console.dll, Test Runtime launched
TpTrace Verbose: 0 : 6506, 11, 2020/11/04, 14:28:56.614, 14169698062859, vstest.console.dll, TestRequestSender.WaitForRequestHandlerConnection: waiting for connection with timeout: 90000
TpTrace Warning: 0 : 6506, 4, 2020/11/04, 14:28:56.680, 14169764376459, vstest.console.dll, TestHostManagerCallbacks.ErrorReceivedCallback Test host standard error line: Error:
TpTrace Warning: 0 : 6506, 4, 2020/11/04, 14:28:56.681, 14169764927759, vstest.console.dll, TestHostManagerCallbacks.ErrorReceivedCallback Test host standard error line:   An assembly specified in the application dependencies manifest (Microsoft.TestPlatform.Utilities.UnitTests.deps.json) was not found:
TpTrace Warning: 0 : 6506, 4, 2020/11/04, 14:28:56.681, 14169765321159, vstest.console.dll, TestHostManagerCallbacks.ErrorReceivedCallback Test host standard error line:     package: 'Castle.Core', version: '4.1.0'
TpTrace Warning: 0 : 6506, 4, 2020/11/04, 14:28:56.681, 14169765686059, vstest.console.dll, TestHostManagerCallbacks.ErrorReceivedCallback Test host standard error line:     path: 'lib/netstandard1.3/Castle.Core.dll'
TpTrace Warning: 0 : 6506, 9, 2020/11/04, 14:28:56.682, 14169766250059, vstest.console.dll, TestHostManagerCallbacks.ErrorReceivedCallback Test host standard error line: 
TpTrace Verbose: 0 : 6506, 9, 2020/11/04, 14:28:56.682, 14169766852459, vstest.console.dll, TestHostProvider.ExitCallBack: Host exited starting callback.
TpTrace Error: 0 : 6506, 9, 2020/11/04, 14:28:56.683, 14169767152759, vstest.console.dll, TestHostManagerCallbacks.ExitCallBack: Testhost processId: 6538 exited with exitcode: 140 error: 'Error:
  An assembly specified in the application dependencies manifest (Microsoft.TestPlatform.Utilities.UnitTests.deps.json) was not found:
    package: 'Castle.Core', version: '4.1.0'
    path: 'lib/netstandard1.3/Castle.Core.dll'
'
TpTrace Verbose: 0 : 6506, 9, 2020/11/04, 14:28:56.683, 14169767394659, vstest.console.dll, DotnetTestHostManager.OnHostExited: invoking OnHostExited callback
TpTrace Verbose: 0 : 6506, 9, 2020/11/04, 14:28:56.683, 14169767674359, vstest.console.dll, CrossPlatEngine.TestHostManagerHostExited: calling on client process exit callback.
TpTrace Information: 0 : 6506, 9, 2020/11/04, 14:28:56.684, 14169767945359, vstest.console.dll, TestRequestSender.OnClientProcessExit: Test host process exited. Standard error: Error:
  An assembly specified in the application dependencies manifest (Microsoft.TestPlatform.Utilities.UnitTests.deps.json) was not found:
    package: 'Castle.Core', version: '4.1.0'
    path: 'lib/netstandard1.3/Castle.Core.dll'

TpTrace Information: 0 : 6506, 9, 2020/11/04, 14:28:56.684, 14169768252359, vstest.console.dll, SocketServer.Stop: Stop server endPoint: 127.0.0.1:33711
TpTrace Verbose: 0 : 6506, 11, 2020/11/04, 14:28:56.684, 14169768259859, vstest.console.dll, Test host failed to start Test host launched:True test host exited: True
TpTrace Information: 0 : 6506, 9, 2020/11/04, 14:28:56.684, 14169768560159, vstest.console.dll, SocketServer.Stop: Cancellation requested. Stopping message loop.
TpTrace Error: 0 : 6506, 11, 2020/11/04, 14:28:56.685, 14169769051059, vstest.console.dll, ProxyExecutionManager.StartTestRun: Failed to start test run: Microsoft.VisualStudio.TestPlatform.ObjectModel.TestPlatformException: Testhost process exited with error: Error:
  An assembly specified in the application dependencies manifest (Microsoft.TestPlatform.Utilities.UnitTests.deps.json) was not found:
    package: 'Castle.Core', version: '4.1.0'
    path: 'lib/netstandard1.3/Castle.Core.dll'
. Please check the diagnostic logs for more information.
   at Microsoft.VisualStudio.TestPlatform.CrossPlatEngine.Client.ProxyOperationManager.ThrowOnTestHostExited(Boolean testHostExited) in C:\Projects\vstest\src\Microsoft.TestPlatform.CrossPlatEngine\Client\ProxyOperationManager.cs:line 342
   at Microsoft.VisualStudio.TestPlatform.CrossPlatEngine.Client.ProxyOperationManager.SetupChannel(IEnumerable`1 sources, String runSettings) in C:\Projects\vstest\src\Microsoft.TestPlatform.CrossPlatEngine\Client\ProxyOperationManager.cs:line 177
   at Microsoft.VisualStudio.TestPlatform.CrossPlatEngine.Client.ProxyExecutionManager.StartTestRun(TestRunCriteria testRunCriteria, ITestRunEventsHandler eventHandler) in C:\Projects\vstest\src\Microsoft.TestPlatform.CrossPlatEngine\Client\ProxyExecutionManager.cs:line 110
TpTrace Verbose: 0 : 6506, 11, 2020/11/04, 14:28:56.685, 14169769552659, vstest.console.dll, TestRunRequest:SendTestRunMessage: Starting.
TpTrace Information: 0 : 6506, 11, 2020/11/04, 14:28:56.685, 14169769848259, vstest.console.dll, TestRunRequest:SendTestRunMessage: Completed.
TpTrace Verbose: 0 : 6506, 11, 2020/11/04, 14:28:56.686, 14169770283459, vstest.console.dll, TestRequestSender.EndSession: Sending end session.
TpTrace Verbose: 0 : 6506, 11, 2020/11/04, 14:28:56.686, 14169770550859, vstest.console.dll, ProxyOperationManager.Close: waiting for test host to exit for 100 ms
TpTrace Warning: 0 : 6506, 11, 2020/11/04, 14:28:56.686, 14169770792859, vstest.console.dll, ProxyOperationManager: Timed out waiting for test host to exit. Will terminate process.
TpTrace Verbose: 0 : 6506, 11, 2020/11/04, 14:28:56.691, 14169775157959, vstest.console.dll, ParallelProxyExecutionManager: HandlePartialRunComplete: Total completed clients = 15, Run complete = False, Run canceled: False.
TpTrace Verbose: 0 : 6506, 11, 2020/11/04, 14:28:56.691, 14169775527059, vstest.console.dll, ParallelProxyExecutionManager: HandlePartialRunComplete: Replace execution manager. Shared: False, Aborted: True.
TpTrace Verbose: 0 : 6506, 11, 2020/11/04, 14:28:56.692, 14169776090059, vstest.console.dll, TestRequestSender is acting as server
TpTrace Information: 0 : 6506, 11, 2020/11/04, 14:28:56.692, 14169776464059, vstest.console.dll, ProxyParallelExecutionManager: Triggering test run for next source: /mnt/c/Projects/vstest/./test/testhost.UnitTests/bin/Debug/netcoreapp2.1/testhost.UnitTests.dll
TpTrace Verbose: 0 : 6506, 11, 2020/11/04, 14:28:56.693, 14169776945759, vstest.console.dll, ProxyParallelExecutionManager: No sources available for execution.
TpTrace Verbose: 0 : 6506, 9, 2020/11/04, 14:28:56.693, 14169777004559, vstest.console.dll, ParallelProxyExecutionManager: Execution started. Started clients: 16
TpTrace Verbose: 0 : 6506, 9, 2020/11/04, 14:28:56.693, 14169777731959, vstest.console.dll, ProxyExecutionManager: Test host is always Lazy initialize.
TpTrace Verbose: 0 : 6506, 9, 2020/11/04, 14:28:56.694, 14169778085359, vstest.console.dll, TestRequestSender.InitializeCommunication: initialize communication. 
TpTrace Information: 0 : 6506, 9, 2020/11/04, 14:28:56.694, 14169778709459, vstest.console.dll, SocketServer.Start: Listening on endpoint : 127.0.0.1:37103
TpTrace Verbose: 0 : 6506, 9, 2020/11/04, 14:28:56.699, 14169783432159, vstest.console.dll, DotnetTestHostmanager: Adding  --runtimeconfig "/mnt/c/Projects/vstest/./test/testhost.UnitTests/bin/Debug/netcoreapp2.1/testhost.UnitTests.runtimeconfig.json" in args
TpTrace Verbose: 0 : 6506, 9, 2020/11/04, 14:28:56.703, 14169786988059, vstest.console.dll, DotnetTestHostmanager: Adding  --depsfile "/mnt/c/Projects/vstest/./test/testhost.UnitTests/bin/Debug/netcoreapp2.1/testhost.UnitTests.deps.json" in args
TpTrace Verbose: 0 : 6506, 9, 2020/11/04, 14:28:56.715, 14169799272259, vstest.console.dll, DotnetTestHostmanager: Reading file /mnt/c/Projects/vstest/./test/testhost.UnitTests/bin/Debug/netcoreapp2.1/testhost.UnitTests.deps.json to get path of testhost.dll
TpTrace Verbose: 0 : 6506, 9, 2020/11/04, 14:28:56.745, 14169829670959, vstest.console.dll, DotnetTestHostmanager: Looking for path  in folder C:\Users\jajares\.dotnet\store\|arch|\|tfm|
TpTrace Verbose: 0 : 6506, 9, 2020/11/04, 14:28:56.746, 14169830532659, vstest.console.dll, DotnetTestHostmanager: Looking for path  in folder C:\Projects\vstest\packages
TpTrace Verbose: 0 : 6506, 9, 2020/11/04, 14:28:56.747, 14169831190259, vstest.console.dll, DotnetTestHostmanager: Looking for path  in folder C:\Program Files\dotnet\sdk\NuGetFallbackFolder
TpTrace Verbose: 0 : 6506, 9, 2020/11/04, 14:28:56.750, 14169834749259, vstest.console.dll, DotnetTestHostManager: Assume published test project, with test host path = /mnt/c/Projects/vstest/./test/testhost.UnitTests/bin/Debug/netcoreapp2.1/testhost.dll.
TpTrace Verbose: 0 : 6506, 9, 2020/11/04, 14:28:56.764, 14169848174559, vstest.console.dll, DotnetTestHostmanager: Full path of testhost.dll is /mnt/c/Projects/vstest/./test/testhost.UnitTests/bin/Debug/netcoreapp2.1/testhost.dll
TpTrace Verbose: 0 : 6506, 9, 2020/11/04, 14:28:56.764, 14169848612859, vstest.console.dll, DotnetTestHostmanager: Full path of host exe is /mnt/c/Projects/vstest/tools/dotnet-linux/dotnet
TpTrace Verbose: 0 : 6506, 11, 2020/11/04, 14:28:56.765, 14169849125659, vstest.console.dll, DotnetTestHostManager: Starting process '/mnt/c/Projects/vstest/tools/dotnet-linux/dotnet' with command line 'exec --runtimeconfig "/mnt/c/Projects/vstest/./test/testhost.UnitTests/bin/Debug/netcoreapp2.1/testhost.UnitTests.runtimeconfig.json" --depsfile "/mnt/c/Projects/vstest/./test/testhost.UnitTests/bin/Debug/netcoreapp2.1/testhost.UnitTests.deps.json" "/mnt/c/Projects/vstest/./test/testhost.UnitTests/bin/Debug/netcoreapp2.1/testhost.dll" --port 37103 --endpoint 127.0.0.1:037103 --role client --parentprocessid 6506 --diag "/mnt/c/Projects/vstest/logs/log.host.20-11-04_14-28-56_69525_9.txt" --tracelevel 4 --telemetryoptedin false'
TpTrace Verbose: 0 : 6506, 11, 2020/11/04, 14:28:56.773, 14169857568959, vstest.console.dll, Test Runtime launched
TpTrace Verbose: 0 : 6506, 9, 2020/11/04, 14:28:56.774, 14169858340259, vstest.console.dll, TestRequestSender.WaitForRequestHandlerConnection: waiting for connection with timeout: 90000
TpTrace Warning: 0 : 6506, 5, 2020/11/04, 14:28:56.843, 14169927611259, vstest.console.dll, TestHostManagerCallbacks.ErrorReceivedCallback Test host standard error line: Error:
TpTrace Warning: 0 : 6506, 5, 2020/11/04, 14:28:56.844, 14169928094759, vstest.console.dll, TestHostManagerCallbacks.ErrorReceivedCallback Test host standard error line:   An assembly specified in the application dependencies manifest (testhost.UnitTests.deps.json) was not found:
TpTrace Warning: 0 : 6506, 5, 2020/11/04, 14:28:56.844, 14169928490459, vstest.console.dll, TestHostManagerCallbacks.ErrorReceivedCallback Test host standard error line:     package: 'Castle.Core', version: '4.1.0'
TpTrace Warning: 0 : 6506, 5, 2020/11/04, 14:28:56.845, 14169929011859, vstest.console.dll, TestHostManagerCallbacks.ErrorReceivedCallback Test host standard error line:     path: 'lib/netstandard1.3/Castle.Core.dll'
TpTrace Warning: 0 : 6506, 11, 2020/11/04, 14:28:56.846, 14169929939159, vstest.console.dll, TestHostManagerCallbacks.ErrorReceivedCallback Test host standard error line: 
TpTrace Verbose: 0 : 6506, 11, 2020/11/04, 14:28:56.846, 14169930675359, vstest.console.dll, TestHostProvider.ExitCallBack: Host exited starting callback.
TpTrace Error: 0 : 6506, 11, 2020/11/04, 14:28:56.847, 14169930977259, vstest.console.dll, TestHostManagerCallbacks.ExitCallBack: Testhost processId: 6539 exited with exitcode: 140 error: 'Error:
  An assembly specified in the application dependencies manifest (testhost.UnitTests.deps.json) was not found:
    package: 'Castle.Core', version: '4.1.0'
    path: 'lib/netstandard1.3/Castle.Core.dll'
'
TpTrace Verbose: 0 : 6506, 11, 2020/11/04, 14:28:56.847, 14169931451959, vstest.console.dll, DotnetTestHostManager.OnHostExited: invoking OnHostExited callback
TpTrace Verbose: 0 : 6506, 11, 2020/11/04, 14:28:56.847, 14169931837559, vstest.console.dll, CrossPlatEngine.TestHostManagerHostExited: calling on client process exit callback.
TpTrace Information: 0 : 6506, 11, 2020/11/04, 14:28:56.848, 14169932204459, vstest.console.dll, TestRequestSender.OnClientProcessExit: Test host process exited. Standard error: Error:
  An assembly specified in the application dependencies manifest (testhost.UnitTests.deps.json) was not found:
    package: 'Castle.Core', version: '4.1.0'
    path: 'lib/netstandard1.3/Castle.Core.dll'

TpTrace Information: 0 : 6506, 11, 2020/11/04, 14:28:56.848, 14169932645859, vstest.console.dll, SocketServer.Stop: Stop server endPoint: 127.0.0.1:37103
TpTrace Information: 0 : 6506, 11, 2020/11/04, 14:28:56.849, 14169933048359, vstest.console.dll, SocketServer.Stop: Cancellation requested. Stopping message loop.
TpTrace Verbose: 0 : 6506, 9, 2020/11/04, 14:28:56.848, 14169932676159, vstest.console.dll, Test host failed to start Test host launched:True test host exited: True
TpTrace Error: 0 : 6506, 9, 2020/11/04, 14:28:56.850, 14169933997259, vstest.console.dll, ProxyExecutionManager.StartTestRun: Failed to start test run: Microsoft.VisualStudio.TestPlatform.ObjectModel.TestPlatformException: Testhost process exited with error: Error:
  An assembly specified in the application dependencies manifest (testhost.UnitTests.deps.json) was not found:
    package: 'Castle.Core', version: '4.1.0'
    path: 'lib/netstandard1.3/Castle.Core.dll'
. Please check the diagnostic logs for more information.
   at Microsoft.VisualStudio.TestPlatform.CrossPlatEngine.Client.ProxyOperationManager.ThrowOnTestHostExited(Boolean testHostExited) in C:\Projects\vstest\src\Microsoft.TestPlatform.CrossPlatEngine\Client\ProxyOperationManager.cs:line 342
   at Microsoft.VisualStudio.TestPlatform.CrossPlatEngine.Client.ProxyOperationManager.SetupChannel(IEnumerable`1 sources, String runSettings) in C:\Projects\vstest\src\Microsoft.TestPlatform.CrossPlatEngine\Client\ProxyOperationManager.cs:line 177
   at Microsoft.VisualStudio.TestPlatform.CrossPlatEngine.Client.ProxyExecutionManager.StartTestRun(TestRunCriteria testRunCriteria, ITestRunEventsHandler eventHandler) in C:\Projects\vstest\src\Microsoft.TestPlatform.CrossPlatEngine\Client\ProxyExecutionManager.cs:line 110
TpTrace Verbose: 0 : 6506, 9, 2020/11/04, 14:28:56.850, 14169934509059, vstest.console.dll, TestRunRequest:SendTestRunMessage: Starting.
TpTrace Information: 0 : 6506, 9, 2020/11/04, 14:28:56.851, 14169934962559, vstest.console.dll, TestRunRequest:SendTestRunMessage: Completed.
TpTrace Verbose: 0 : 6506, 9, 2020/11/04, 14:28:56.851, 14169935452759, vstest.console.dll, TestRequestSender.EndSession: Sending end session.
TpTrace Verbose: 0 : 6506, 9, 2020/11/04, 14:28:56.852, 14169936627259, vstest.console.dll, ProxyOperationManager.Close: waiting for test host to exit for 100 ms
TpTrace Warning: 0 : 6506, 9, 2020/11/04, 14:28:56.853, 14169937162559, vstest.console.dll, ProxyOperationManager: Timed out waiting for test host to exit. Will terminate process.
TpTrace Verbose: 0 : 6506, 9, 2020/11/04, 14:28:56.853, 14169937733559, vstest.console.dll, ParallelProxyExecutionManager: HandlePartialRunComplete: Total completed clients = 16, Run complete = False, Run canceled: False.
TpTrace Verbose: 0 : 6506, 9, 2020/11/04, 14:28:56.856, 14169940463459, vstest.console.dll, ParallelProxyExecutionManager: HandlePartialRunComplete: Replace execution manager. Shared: False, Aborted: True.
TpTrace Verbose: 0 : 6506, 9, 2020/11/04, 14:28:56.857, 14169941209359, vstest.console.dll, TestRequestSender is acting as server
TpTrace Information: 0 : 6506, 9, 2020/11/04, 14:28:56.857, 14169941705459, vstest.console.dll, ProxyParallelExecutionManager: Triggering test run for next source: /mnt/c/Projects/vstest/./test/TranslationLayer.UnitTests/bin/Debug/netcoreapp2.1/TranslationLayer.UnitTests.dll
TpTrace Verbose: 0 : 6506, 9, 2020/11/04, 14:28:56.858, 14169942209359, vstest.console.dll, ProxyParallelExecutionManager: No sources available for execution.
TpTrace Verbose: 0 : 6506, 11, 2020/11/04, 14:28:56.858, 14169942272559, vstest.console.dll, ParallelProxyExecutionManager: Execution started. Started clients: 17
TpTrace Verbose: 0 : 6506, 11, 2020/11/04, 14:28:56.859, 14169943018859, vstest.console.dll, ProxyExecutionManager: Test host is always Lazy initialize.
TpTrace Verbose: 0 : 6506, 11, 2020/11/04, 14:28:56.859, 14169943381559, vstest.console.dll, TestRequestSender.InitializeCommunication: initialize communication. 
TpTrace Information: 0 : 6506, 11, 2020/11/04, 14:28:56.860, 14169943972259, vstest.console.dll, SocketServer.Start: Listening on endpoint : 127.0.0.1:37657
TpTrace Verbose: 0 : 6506, 11, 2020/11/04, 14:28:56.865, 14169949409759, vstest.console.dll, DotnetTestHostmanager: Adding  --runtimeconfig "/mnt/c/Projects/vstest/./test/TranslationLayer.UnitTests/bin/Debug/netcoreapp2.1/TranslationLayer.UnitTests.runtimeconfig.json" in args
TpTrace Verbose: 0 : 6506, 11, 2020/11/04, 14:28:56.869, 14169953629859, vstest.console.dll, DotnetTestHostmanager: Adding  --depsfile "/mnt/c/Projects/vstest/./test/TranslationLayer.UnitTests/bin/Debug/netcoreapp2.1/TranslationLayer.UnitTests.deps.json" in args
TpTrace Verbose: 0 : 6506, 11, 2020/11/04, 14:28:56.885, 14169969125359, vstest.console.dll, DotnetTestHostmanager: Reading file /mnt/c/Projects/vstest/./test/TranslationLayer.UnitTests/bin/Debug/netcoreapp2.1/TranslationLayer.UnitTests.deps.json to get path of testhost.dll
TpTrace Verbose: 0 : 6506, 11, 2020/11/04, 14:28:56.920, 14170004510459, vstest.console.dll, DotnetTestHostmanager: Looking for path  in folder C:\Users\jajares\.dotnet\store\|arch|\|tfm|
TpTrace Verbose: 0 : 6506, 11, 2020/11/04, 14:28:56.925, 14170009423359, vstest.console.dll, DotnetTestHostmanager: Looking for path  in folder C:\Projects\vstest\packages
TpTrace Verbose: 0 : 6506, 11, 2020/11/04, 14:28:56.927, 14170011214059, vstest.console.dll, DotnetTestHostmanager: Looking for path  in folder C:\Program Files\dotnet\sdk\NuGetFallbackFolder
TpTrace Verbose: 0 : 6506, 11, 2020/11/04, 14:28:56.930, 14170014042459, vstest.console.dll, DotnetTestHostManager: Assume published test project, with test host path = /mnt/c/Projects/vstest/./test/TranslationLayer.UnitTests/bin/Debug/netcoreapp2.1/testhost.dll.
TpTrace Verbose: 0 : 6506, 11, 2020/11/04, 14:28:56.936, 14170020609659, vstest.console.dll, DotnetTestHostmanager: Full path of testhost.dll is /mnt/c/Projects/vstest/./test/TranslationLayer.UnitTests/bin/Debug/netcoreapp2.1/testhost.dll
TpTrace Verbose: 0 : 6506, 11, 2020/11/04, 14:28:56.937, 14170021236259, vstest.console.dll, DotnetTestHostmanager: Full path of host exe is /mnt/c/Projects/vstest/tools/dotnet-linux/dotnet
TpTrace Verbose: 0 : 6506, 9, 2020/11/04, 14:28:56.939, 14170023465659, vstest.console.dll, DotnetTestHostManager: Starting process '/mnt/c/Projects/vstest/tools/dotnet-linux/dotnet' with command line 'exec --runtimeconfig "/mnt/c/Projects/vstest/./test/TranslationLayer.UnitTests/bin/Debug/netcoreapp2.1/TranslationLayer.UnitTests.runtimeconfig.json" --depsfile "/mnt/c/Projects/vstest/./test/TranslationLayer.UnitTests/bin/Debug/netcoreapp2.1/TranslationLayer.UnitTests.deps.json" "/mnt/c/Projects/vstest/./test/TranslationLayer.UnitTests/bin/Debug/netcoreapp2.1/testhost.dll" --port 37657 --endpoint 127.0.0.1:037657 --role client --parentprocessid 6506 --diag "/mnt/c/Projects/vstest/logs/log.host.20-11-04_14-28-56_86042_11.txt" --tracelevel 4 --telemetryoptedin false'
TpTrace Verbose: 0 : 6506, 9, 2020/11/04, 14:28:56.950, 14170034525159, vstest.console.dll, Test Runtime launched
TpTrace Verbose: 0 : 6506, 11, 2020/11/04, 14:28:56.952, 14170035930759, vstest.console.dll, TestRequestSender.WaitForRequestHandlerConnection: waiting for connection with timeout: 90000
TpTrace Warning: 0 : 6506, 4, 2020/11/04, 14:28:57.024, 14170108416559, vstest.console.dll, TestHostManagerCallbacks.ErrorReceivedCallback Test host standard error line: Error:
TpTrace Warning: 0 : 6506, 4, 2020/11/04, 14:28:57.025, 14170108930659, vstest.console.dll, TestHostManagerCallbacks.ErrorReceivedCallback Test host standard error line:   An assembly specified in the application dependencies manifest (TranslationLayer.UnitTests.deps.json) was not found:
TpTrace Warning: 0 : 6506, 4, 2020/11/04, 14:28:57.025, 14170109359759, vstest.console.dll, TestHostManagerCallbacks.ErrorReceivedCallback Test host standard error line:     package: 'Castle.Core', version: '4.1.0'
TpTrace Warning: 0 : 6506, 4, 2020/11/04, 14:28:57.025, 14170109770459, vstest.console.dll, TestHostManagerCallbacks.ErrorReceivedCallback Test host standard error line:     path: 'lib/netstandard1.3/Castle.Core.dll'
TpTrace Warning: 0 : 6506, 4, 2020/11/04, 14:28:57.026, 14170110644359, vstest.console.dll, TestHostManagerCallbacks.ErrorReceivedCallback Test host standard error line: 
TpTrace Verbose: 0 : 6506, 4, 2020/11/04, 14:28:57.027, 14170111367359, vstest.console.dll, TestHostProvider.ExitCallBack: Host exited starting callback.
TpTrace Error: 0 : 6506, 4, 2020/11/04, 14:28:57.027, 14170111837359, vstest.console.dll, TestHostManagerCallbacks.ExitCallBack: Testhost processId: 6540 exited with exitcode: 140 error: 'Error:
  An assembly specified in the application dependencies manifest (TranslationLayer.UnitTests.deps.json) was not found:
    package: 'Castle.Core', version: '4.1.0'
    path: 'lib/netstandard1.3/Castle.Core.dll'
'
TpTrace Verbose: 0 : 6506, 4, 2020/11/04, 14:28:57.028, 14170112364659, vstest.console.dll, DotnetTestHostManager.OnHostExited: invoking OnHostExited callback
TpTrace Verbose: 0 : 6506, 4, 2020/11/04, 14:28:57.028, 14170112735059, vstest.console.dll, CrossPlatEngine.TestHostManagerHostExited: calling on client process exit callback.
TpTrace Information: 0 : 6506, 4, 2020/11/04, 14:28:57.029, 14170113084259, vstest.console.dll, TestRequestSender.OnClientProcessExit: Test host process exited. Standard error: Error:
  An assembly specified in the application dependencies manifest (TranslationLayer.UnitTests.deps.json) was not found:
    package: 'Castle.Core', version: '4.1.0'
    path: 'lib/netstandard1.3/Castle.Core.dll'

TpTrace Information: 0 : 6506, 4, 2020/11/04, 14:28:57.029, 14170113471759, vstest.console.dll, SocketServer.Stop: Stop server endPoint: 127.0.0.1:37657
TpTrace Information: 0 : 6506, 4, 2020/11/04, 14:28:57.029, 14170113892159, vstest.console.dll, SocketServer.Stop: Cancellation requested. Stopping message loop.
TpTrace Verbose: 0 : 6506, 11, 2020/11/04, 14:28:57.029, 14170113499159, vstest.console.dll, Test host failed to start Test host launched:True test host exited: True
TpTrace Error: 0 : 6506, 11, 2020/11/04, 14:28:57.030, 14170114845959, vstest.console.dll, ProxyExecutionManager.StartTestRun: Failed to start test run: Microsoft.VisualStudio.TestPlatform.ObjectModel.TestPlatformException: Testhost process exited with error: Error:
  An assembly specified in the application dependencies manifest (TranslationLayer.UnitTests.deps.json) was not found:
    package: 'Castle.Core', version: '4.1.0'
    path: 'lib/netstandard1.3/Castle.Core.dll'
. Please check the diagnostic logs for more information.
   at Microsoft.VisualStudio.TestPlatform.CrossPlatEngine.Client.ProxyOperationManager.ThrowOnTestHostExited(Boolean testHostExited) in C:\Projects\vstest\src\Microsoft.TestPlatform.CrossPlatEngine\Client\ProxyOperationManager.cs:line 342
   at Microsoft.VisualStudio.TestPlatform.CrossPlatEngine.Client.ProxyOperationManager.SetupChannel(IEnumerable`1 sources, String runSettings) in C:\Projects\vstest\src\Microsoft.TestPlatform.CrossPlatEngine\Client\ProxyOperationManager.cs:line 177
   at Microsoft.VisualStudio.TestPlatform.CrossPlatEngine.Client.ProxyExecutionManager.StartTestRun(TestRunCriteria testRunCriteria, ITestRunEventsHandler eventHandler) in C:\Projects\vstest\src\Microsoft.TestPlatform.CrossPlatEngine\Client\ProxyExecutionManager.cs:line 110
TpTrace Verbose: 0 : 6506, 11, 2020/11/04, 14:28:57.031, 14170115354559, vstest.console.dll, TestRunRequest:SendTestRunMessage: Starting.
TpTrace Information: 0 : 6506, 11, 2020/11/04, 14:28:57.031, 14170115864259, vstest.console.dll, TestRunRequest:SendTestRunMessage: Completed.
TpTrace Verbose: 0 : 6506, 11, 2020/11/04, 14:28:57.032, 14170116301059, vstest.console.dll, TestRequestSender.EndSession: Sending end session.
TpTrace Verbose: 0 : 6506, 11, 2020/11/04, 14:28:57.033, 14170117170159, vstest.console.dll, ProxyOperationManager.Close: waiting for test host to exit for 100 ms
TpTrace Warning: 0 : 6506, 11, 2020/11/04, 14:28:57.033, 14170117637259, vstest.console.dll, ProxyOperationManager: Timed out waiting for test host to exit. Will terminate process.
TpTrace Verbose: 0 : 6506, 11, 2020/11/04, 14:28:57.034, 14170118533459, vstest.console.dll, ParallelProxyExecutionManager: HandlePartialRunComplete: Total completed clients = 17, Run complete = False, Run canceled: False.
TpTrace Verbose: 0 : 6506, 11, 2020/11/04, 14:28:57.035, 14170119129159, vstest.console.dll, ParallelProxyExecutionManager: HandlePartialRunComplete: Replace execution manager. Shared: False, Aborted: True.
TpTrace Verbose: 0 : 6506, 11, 2020/11/04, 14:28:57.035, 14170119724659, vstest.console.dll, TestRequestSender is acting as server
TpTrace Information: 0 : 6506, 11, 2020/11/04, 14:28:57.036, 14170120220559, vstest.console.dll, ProxyParallelExecutionManager: Triggering test run for next source: /mnt/c/Projects/vstest/./test/vstest.console.UnitTests/bin/Debug/netcoreapp2.1/vstest.console.UnitTests.dll
TpTrace Verbose: 0 : 6506, 11, 2020/11/04, 14:28:57.036, 14170120680559, vstest.console.dll, ProxyParallelExecutionManager: No sources available for execution.
TpTrace Verbose: 0 : 6506, 4, 2020/11/04, 14:28:57.036, 14170120737659, vstest.console.dll, ParallelProxyExecutionManager: Execution started. Started clients: 18
TpTrace Verbose: 0 : 6506, 4, 2020/11/04, 14:28:57.039, 14170123826459, vstest.console.dll, ProxyExecutionManager: Test host is always Lazy initialize.
TpTrace Verbose: 0 : 6506, 4, 2020/11/04, 14:28:57.040, 14170124479959, vstest.console.dll, TestRequestSender.InitializeCommunication: initialize communication. 
TpTrace Information: 0 : 6506, 4, 2020/11/04, 14:28:57.041, 14170125051059, vstest.console.dll, SocketServer.Start: Listening on endpoint : 127.0.0.1:40439
TpTrace Verbose: 0 : 6506, 4, 2020/11/04, 14:28:57.049, 14170133718159, vstest.console.dll, DotnetTestHostmanager: Adding  --runtimeconfig "/mnt/c/Projects/vstest/./test/vstest.console.UnitTests/bin/Debug/netcoreapp2.1/vstest.console.UnitTests.runtimeconfig.json" in args
TpTrace Verbose: 0 : 6506, 4, 2020/11/04, 14:28:57.057, 14170141418659, vstest.console.dll, DotnetTestHostmanager: Adding  --depsfile "/mnt/c/Projects/vstest/./test/vstest.console.UnitTests/bin/Debug/netcoreapp2.1/vstest.console.UnitTests.deps.json" in args
TpTrace Verbose: 0 : 6506, 4, 2020/11/04, 14:28:57.073, 14170156966759, vstest.console.dll, DotnetTestHostmanager: Reading file /mnt/c/Projects/vstest/./test/vstest.console.UnitTests/bin/Debug/netcoreapp2.1/vstest.console.UnitTests.deps.json to get path of testhost.dll
TpTrace Verbose: 0 : 6506, 4, 2020/11/04, 14:28:57.110, 14170194703759, vstest.console.dll, DotnetTestHostmanager: Looking for path  in folder C:\Users\jajares\.dotnet\store\|arch|\|tfm|
TpTrace Verbose: 0 : 6506, 4, 2020/11/04, 14:28:57.111, 14170195739859, vstest.console.dll, DotnetTestHostmanager: Looking for path  in folder C:\Projects\vstest\packages
TpTrace Verbose: 0 : 6506, 4, 2020/11/04, 14:28:57.112, 14170196750159, vstest.console.dll, DotnetTestHostmanager: Looking for path  in folder C:\Program Files\dotnet\sdk\NuGetFallbackFolder
TpTrace Verbose: 0 : 6506, 4, 2020/11/04, 14:28:57.115, 14170199102659, vstest.console.dll, DotnetTestHostManager: Assume published test project, with test host path = /mnt/c/Projects/vstest/./test/vstest.console.UnitTests/bin/Debug/netcoreapp2.1/testhost.dll.
TpTrace Verbose: 0 : 6506, 4, 2020/11/04, 14:28:57.123, 14170207191159, vstest.console.dll, DotnetTestHostmanager: Full path of testhost.dll is /mnt/c/Projects/vstest/./test/vstest.console.UnitTests/bin/Debug/netcoreapp2.1/testhost.dll
TpTrace Verbose: 0 : 6506, 4, 2020/11/04, 14:28:57.124, 14170208467859, vstest.console.dll, DotnetTestHostmanager: Full path of host exe is /mnt/c/Projects/vstest/tools/dotnet-linux/dotnet
TpTrace Verbose: 0 : 6506, 11, 2020/11/04, 14:28:57.125, 14170209666059, vstest.console.dll, DotnetTestHostManager: Starting process '/mnt/c/Projects/vstest/tools/dotnet-linux/dotnet' with command line 'exec --runtimeconfig "/mnt/c/Projects/vstest/./test/vstest.console.UnitTests/bin/Debug/netcoreapp2.1/vstest.console.UnitTests.runtimeconfig.json" --depsfile "/mnt/c/Projects/vstest/./test/vstest.console.UnitTests/bin/Debug/netcoreapp2.1/vstest.console.UnitTests.deps.json" "/mnt/c/Projects/vstest/./test/vstest.console.UnitTests/bin/Debug/netcoreapp2.1/testhost.dll" --port 40439 --endpoint 127.0.0.1:040439 --role client --parentprocessid 6506 --diag "/mnt/c/Projects/vstest/logs/log.host.20-11-04_14-28-57_04165_4.txt" --tracelevel 4 --telemetryoptedin false'
TpTrace Verbose: 0 : 6506, 11, 2020/11/04, 14:28:57.137, 14170221000659, vstest.console.dll, Test Runtime launched
TpTrace Verbose: 0 : 6506, 4, 2020/11/04, 14:28:57.139, 14170223785659, vstest.console.dll, TestRequestSender.WaitForRequestHandlerConnection: waiting for connection with timeout: 90000
TpTrace Warning: 0 : 6506, 5, 2020/11/04, 14:28:57.215, 14170299958359, vstest.console.dll, TestHostManagerCallbacks.ErrorReceivedCallback Test host standard error line: Error:
TpTrace Warning: 0 : 6506, 5, 2020/11/04, 14:28:57.216, 14170300522159, vstest.console.dll, TestHostManagerCallbacks.ErrorReceivedCallback Test host standard error line:   An assembly specified in the application dependencies manifest (vstest.console.UnitTests.deps.json) was not found:
TpTrace Warning: 0 : 6506, 5, 2020/11/04, 14:28:57.216, 14170300854159, vstest.console.dll, TestHostManagerCallbacks.ErrorReceivedCallback Test host standard error line:     package: 'Castle.Core', version: '4.1.0'
TpTrace Warning: 0 : 6506, 5, 2020/11/04, 14:28:57.217, 14170301179759, vstest.console.dll, TestHostManagerCallbacks.ErrorReceivedCallback Test host standard error line:     path: 'lib/netstandard1.3/Castle.Core.dll'
TpTrace Warning: 0 : 6506, 11, 2020/11/04, 14:28:57.217, 14170301725059, vstest.console.dll, TestHostManagerCallbacks.ErrorReceivedCallback Test host standard error line: 
TpTrace Verbose: 0 : 6506, 11, 2020/11/04, 14:28:57.218, 14170302503959, vstest.console.dll, TestHostProvider.ExitCallBack: Host exited starting callback.
TpTrace Error: 0 : 6506, 11, 2020/11/04, 14:28:57.218, 14170302868159, vstest.console.dll, TestHostManagerCallbacks.ExitCallBack: Testhost processId: 6541 exited with exitcode: 140 error: 'Error:
  An assembly specified in the application dependencies manifest (vstest.console.UnitTests.deps.json) was not found:
    package: 'Castle.Core', version: '4.1.0'
    path: 'lib/netstandard1.3/Castle.Core.dll'
'
TpTrace Verbose: 0 : 6506, 11, 2020/11/04, 14:28:57.219, 14170303272359, vstest.console.dll, DotnetTestHostManager.OnHostExited: invoking OnHostExited callback
TpTrace Verbose: 0 : 6506, 11, 2020/11/04, 14:28:57.219, 14170303687559, vstest.console.dll, CrossPlatEngine.TestHostManagerHostExited: calling on client process exit callback.
TpTrace Information: 0 : 6506, 11, 2020/11/04, 14:28:57.220, 14170304115859, vstest.console.dll, TestRequestSender.OnClientProcessExit: Test host process exited. Standard error: Error:
  An assembly specified in the application dependencies manifest (vstest.console.UnitTests.deps.json) was not found:
    package: 'Castle.Core', version: '4.1.0'
    path: 'lib/netstandard1.3/Castle.Core.dll'

TpTrace Information: 0 : 6506, 11, 2020/11/04, 14:28:57.220, 14170304575759, vstest.console.dll, SocketServer.Stop: Stop server endPoint: 127.0.0.1:40439
TpTrace Verbose: 0 : 6506, 4, 2020/11/04, 14:28:57.220, 14170304600459, vstest.console.dll, Test host failed to start Test host launched:True test host exited: True
TpTrace Information: 0 : 6506, 11, 2020/11/04, 14:28:57.221, 14170305099159, vstest.console.dll, SocketServer.Stop: Cancellation requested. Stopping message loop.
TpTrace Error: 0 : 6506, 4, 2020/11/04, 14:28:57.221, 14170305915459, vstest.console.dll, ProxyExecutionManager.StartTestRun: Failed to start test run: Microsoft.VisualStudio.TestPlatform.ObjectModel.TestPlatformException: Testhost process exited with error: Error:
  An assembly specified in the application dependencies manifest (vstest.console.UnitTests.deps.json) was not found:
    package: 'Castle.Core', version: '4.1.0'
    path: 'lib/netstandard1.3/Castle.Core.dll'
. Please check the diagnostic logs for more information.
   at Microsoft.VisualStudio.TestPlatform.CrossPlatEngine.Client.ProxyOperationManager.ThrowOnTestHostExited(Boolean testHostExited) in C:\Projects\vstest\src\Microsoft.TestPlatform.CrossPlatEngine\Client\ProxyOperationManager.cs:line 342
   at Microsoft.VisualStudio.TestPlatform.CrossPlatEngine.Client.ProxyOperationManager.SetupChannel(IEnumerable`1 sources, String runSettings) in C:\Projects\vstest\src\Microsoft.TestPlatform.CrossPlatEngine\Client\ProxyOperationManager.cs:line 177
   at Microsoft.VisualStudio.TestPlatform.CrossPlatEngine.Client.ProxyExecutionManager.StartTestRun(TestRunCriteria testRunCriteria, ITestRunEventsHandler eventHandler) in C:\Projects\vstest\src\Microsoft.TestPlatform.CrossPlatEngine\Client\ProxyExecutionManager.cs:line 110
TpTrace Verbose: 0 : 6506, 4, 2020/11/04, 14:28:57.223, 14170307912459, vstest.console.dll, TestRunRequest:SendTestRunMessage: Starting.
TpTrace Information: 0 : 6506, 4, 2020/11/04, 14:28:57.224, 14170308543259, vstest.console.dll, TestRunRequest:SendTestRunMessage: Completed.
TpTrace Verbose: 0 : 6506, 4, 2020/11/04, 14:28:57.225, 14170309007259, vstest.console.dll, TestRequestSender.EndSession: Sending end session.
TpTrace Verbose: 0 : 6506, 4, 2020/11/04, 14:28:57.225, 14170309778759, vstest.console.dll, ProxyOperationManager.Close: waiting for test host to exit for 100 ms
TpTrace Warning: 0 : 6506, 4, 2020/11/04, 14:28:57.226, 14170310170259, vstest.console.dll, ProxyOperationManager: Timed out waiting for test host to exit. Will terminate process.
TpTrace Verbose: 0 : 6506, 4, 2020/11/04, 14:28:57.226, 14170310578159, vstest.console.dll, ParallelProxyExecutionManager: HandlePartialRunComplete: Total completed clients = 18, Run complete = True, Run canceled: False.
TpTrace Verbose: 0 : 6506, 4, 2020/11/04, 14:28:57.303, 14170387717159, vstest.console.dll, TestRunRequest:TestRunComplete: Starting. IsAborted:True IsCanceled:False.
TpTrace Verbose: 0 : 6506, 4, 2020/11/04, 14:28:57.306, 14170390738059, vstest.console.dll, TestLoggerManager.HandleTestRunComplete: Ignoring as the object is disposed.
TpTrace Information: 0 : 6506, 4, 2020/11/04, 14:28:57.309, 14170392965759, vstest.console.dll, TestRunRequest:TestRunComplete: Completed.
TpTrace Verbose: 0 : 6506, 1, 2020/11/04, 14:28:57.309, 14170393845859, vstest.console.dll, TestRunRequest.Dispose: Starting.
TpTrace Information: 0 : 6506, 1, 2020/11/04, 14:28:57.310, 14170394429459, vstest.console.dll, TestRunRequest.Dispose: Completed.
TpTrace Information: 0 : 6506, 1, 2020/11/04, 14:28:57.310, 14170394826059, vstest.console.dll, TestRequestManager.RunTests: run tests completed.
TpTrace Information: 0 : 6506, 1, 2020/11/04, 14:28:57.311, 14170395461959, vstest.console.dll, RunTestsArgumentProcessor:Execute: Test run is completed.
TpTrace Verbose: 0 : 6506, 1, 2020/11/04, 14:28:57.312, 14170396319259, vstest.console.dll, Executor.Execute: Exiting with exit code of 1
