TpTrace Verbose: 0 : 29220, 1, 2022/10/24, 16:25:03.950, 246506566992, testhost.exe, Version: 17.4.0-preview-20220813-01 Current process architecture: X64
TpTrace Verbose: 0 : 29220, 1, 2022/10/24, 16:25:03.952, 246506584105, testhost.exe, Runtime location: C:\Windows\Microsoft.NET\Framework64\v4.0.30319
TpTrace Information: 0 : 29220, 1, 2022/10/24, 16:25:03.953, 246506593901, testhost.exe, DefaultEngineInvoker.Invoke: Testhost process started with args :[--port, 58003],[--endpoint, 127.0.0.1:058003],[--role, client],[--parentprocessid, 12080],[--diag, S:\p\vstest3\aaa\log.host.22-10-24_16-25-01_40071_5.txt],[--tracelevel, 4],[--telemetryoptedin, false]
TpTrace Information: 0 : 29220, 1, 2022/10/24, 16:25:03.953, 246506597689, testhost.exe, DefaultEngineInvoker: Using Application Configuration: '<?xml version="1.0" encoding="utf-8"?>
<configuration>
  <startup useLegacyV2RuntimeActivationPolicy="true">
    <supportedRuntime version="v4.0" sku=".NETFramework,Version=v4.0" />
  </startup>
  <runtime>
    <gcServer enabled="true" />
    <gcConcurrent enabled="false" />
    <legacyUnhandledExceptionPolicy enabled="1" />
    <legacyCorruptedStateExceptionsPolicy enabled="true" />
    <!-- To get stacktrace information for portable and embedded pdbs when net472 installed on machine.
          More details https://github.com/dotnet/designs/blob/master/accepted/diagnostics/debugging-with-symbols-and-sources.md#stack-traces -->
    <AppContextSwitchOverrides value="Switch.System.Diagnostics.IgnorePortablePDBsInStackTraces=false" />
    <assemblyBinding xmlns="urn:schemas-microsoft-com:asm.v1">
      <probing privatePath="Extensions" />
      <!-- Test adapters compiled against version 11-14, need to be redirected to version 15. -->
      <dependentAssembly>
        <assemblyIdentity name="Microsoft.VisualStudio.TestPlatform.ObjectModel" publicKeyToken="b03f5f7f11d50a3a" culture="neutral" />
        <bindingRedirect oldVersion="11.0.0.0-14.0.0.0" newVersion="15.0.0.0" />
      </dependentAssembly>
      <dependentAssembly>
        <assemblyIdentity name="Microsoft.VisualStudio.TestWindow.Interfaces" publicKeyToken="b03f5f7f11d50a3a" culture="neutral" />
        <bindingRedirect oldVersion="11.0.0.0-16.0.0.0" newVersion="17.0.0.0" />
      </dependentAssembly>
      <dependentAssembly>
        <assemblyIdentity name="Microsoft.VisualStudio.QualityTools.UnitTestFramework" publicKeyToken="b03f5f7f11d50a3a" culture="neutral" />
        <bindingRedirect oldVersion="10.1.0.0" newVersion="10.0.0.0" />
      </dependentAssembly>
      <dependentAssembly>
        <assemblyIdentity name="Microsoft.VisualStudio.QualityTools.Resource" publicKeyToken="b03f5f7f11d50a3a" culture="neutral" />
        <bindingRedirect oldVersion="10.0.0.0-16.0.0.0" newVersion="17.0.0.0" />
      </dependentAssembly>
      <dependentAssembly>
        <assemblyIdentity name="Microsoft.VisualStudio.QualityTools.ControllerObject" publicKeyToken="b03f5f7f11d50a3a" culture="neutral" />
        <bindingRedirect oldVersion="10.0.0.0-16.0.0.0" newVersion="17.0.0.0" />
      </dependentAssembly>
      <dependentAssembly>
        <assemblyIdentity name="Microsoft.VisualStudio.QualityTools.ExecutionCommon" publicKeyToken="b03f5f7f11d50a3a" culture="neutral" />
        <bindingRedirect oldVersion="10.0.0.0-16.0.0.0" newVersion="17.0.0.0" />
      </dependentAssembly>
      <dependentAssembly>
        <assemblyIdentity name="Microsoft.VisualStudio.QualityTools.Common" publicKeyToken="b03f5f7f11d50a3a" culture="neutral" />
        <bindingRedirect oldVersion="10.0.0.0-16.0.0.0" newVersion="17.0.0.0" />
      </dependentAssembly>
      <dependentAssembly>
        <assemblyIdentity name="Microsoft.VisualStudio.QualityTools.Tips.UnitTest.ObjectModel" publicKeyToken="b03f5f7f11d50a3a" culture="neutral" />
        <bindingRedirect oldVersion="10.0.0.0-16.0.0.0" newVersion="17.0.0.0" />
      </dependentAssembly>
      <dependentAssembly>
        <!-- Microsoft.Extensions.DependencyModel depends on version 9.0.0, and newer versions of that nuget don't support all the frameworks we need anymore. -->
        <assemblyIdentity name="Newtonsoft.Json" publicKeyToken="30ad4fe6b2a6aeed" culture="neutral" />
        <bindingRedirect oldVersion="9.0.0.0-13.0.0.0" newVersion="13.0.0.0" />
      </dependentAssembly>
    </assemblyBinding>
  </runtime>
  <system.diagnostics>
    <switches>
      <add name="TpTraceLevel" value="0" />
    </switches>
  </system.diagnostics>
  <appSettings>
    <!--<add key="ExecutionThreadApartmentState" value ="MTA"/>-->
    <!--<add key="TraceLogMaxFileSizeInKb" value ="10240"/>-->
    <!-- MsTest Adapter Specific AppSettings -->
    <!-- This flag is added to support test execution for net35 tests through TMI adapter. -->
    <add key="TestProjectRetargetTo35Allowed" value="true" />
  </appSettings>
</configuration>'
TpTrace Information: 0 : 29220, 1, 2022/10/24, 16:25:03.955, 246506615243, testhost.exe, DefaultEngineInvoker.SetParentProcessExitCallback: Monitoring parent process with id: '12080'
TpTrace Information: 0 : 29220, 1, 2022/10/24, 16:25:03.974, 246506801219, testhost.exe, DefaultEngineInvoker.GetConnectionInfo: Initialize communication on endpoint address: '127.0.0.1:058003'
TpTrace Information: 0 : 29220, 1, 2022/10/24, 16:25:03.978, 246506846736, testhost.exe, SocketClient.Start: connecting to server endpoint: 127.0.0.1:058003
TpTrace Information: 0 : 29220, 1, 2022/10/24, 16:25:03.980, 246506863624, testhost.exe, DefaultEngineInvoker.Invoke: Start Request Processing.
TpTrace Information: 0 : 29220, 8, 2022/10/24, 16:25:03.981, 246506879284, testhost.exe, SocketClient.OnServerConnected: connected to server endpoint: 127.0.0.1:058003
TpTrace Information: 0 : 29220, 7, 2022/10/24, 16:25:03.983, 246506895897, testhost.exe, DefaultEngineInvoker.StartProcessingAsync: Connected to vstest.console, Starting process requests.
TpTrace Verbose: 0 : 29220, 8, 2022/10/24, 16:25:03.983, 246506897934, testhost.exe, MulticastDelegateUtilities.SafeInvoke: SocketClient: ServerConnected: Invoking callback 1/1 for Microsoft.VisualStudio.TestPlatform.CommunicationUtilities.TestRequestHandler., took 0 ms.
TpTrace Verbose: 0 : 29220, 8, 2022/10/24, 16:25:03.983, 246506898337, testhost.exe, Connected to server, and starting MessageLoopAsync
TpTrace Verbose: 0 : 29220, 9, 2022/10/24, 16:25:03.985, 246506912712, testhost.exe, TcpClientExtensions.MessageLoopAsync: Polling on remoteEndPoint: 127.0.0.1:58003 localEndPoint: 127.0.0.1:58005
TpTrace Verbose: 0 : 29220, 9, 2022/10/24, 16:25:04.019, 246507255181, testhost.exe, TcpClientExtensions.MessageLoopAsync: NotifyDataAvailable remoteEndPoint: 127.0.0.1:58003 localEndPoint: 127.0.0.1:58005
TpTrace Information: 0 : 29220, 9, 2022/10/24, 16:25:04.024, 246507305660, testhost.exe, TestRequestHandler.OnMessageReceived: received message: (ProtocolVersion) -> {"MessageType":"ProtocolVersion","Payload":7}
TpTrace Verbose: 0 : 29220, 9, 2022/10/24, 16:25:04.855, 246515617305, testhost.exe, TestRequestHandler.SendData: sending data from testhost: {"Version":7,"MessageType":"TestSession.Message","Payload":{"MessageLevel":0,"Message":"Logging TestHost Diagnostics in file: S:\\p\\vstest3\\aaa\\log.host.22-10-24_16-25-01_40071_5.txt"}}
TpTrace Verbose: 0 : 29220, 9, 2022/10/24, 16:25:04.855, 246515618703, testhost.exe, MulticastDelegateUtilities.SafeInvoke: LengthPrefixCommunicationChannel: MessageReceived: Invoking callback 1/1 for Microsoft.VisualStudio.TestPlatform.CommunicationUtilities.TestRequestHandler., took 835 ms.
TpTrace Verbose: 0 : 29220, 9, 2022/10/24, 16:25:04.855, 246515618957, testhost.exe, TcpClientExtensions.MessageLoopAsync: Polling on remoteEndPoint: 127.0.0.1:58003 localEndPoint: 127.0.0.1:58005
TpTrace Verbose: 0 : 29220, 9, 2022/10/24, 16:25:04.859, 246515657109, testhost.exe, TcpClientExtensions.MessageLoopAsync: NotifyDataAvailable remoteEndPoint: 127.0.0.1:58003 localEndPoint: 127.0.0.1:58005
TpTrace Information: 0 : 29220, 9, 2022/10/24, 16:25:04.859, 246515658117, testhost.exe, TestRequestHandler.OnMessageReceived: received message: (TestExecution.Initialize) -> {"Version":7,"MessageType":"TestExecution.Initialize","Payload":["S:\\p\\vstest3\\artifacts\\testArtifacts\\dotnet\\sdk\\7.0.100-rc.1.22431.12\\Extensions\\Microsoft.Diagnostics.NETCore.Client.dll","S:\\p\\vstest3\\artifacts\\testArtifacts\\dotnet\\sdk\\7.0.100-rc.1.22431.12\\Extensions\\Microsoft.TestPlatform.Extensions.BlameDataCollector.dll","S:\\p\\vstest3\\artifacts\\testArtifacts\\dotnet\\sdk\\7.0.100-rc.1.22431.12\\Extensions\\Microsoft.TestPlatform.Extensions.EventLogCollector.dll","S:\\p\\vstest3\\artifacts\\testArtifacts\\dotnet\\sdk\\7.0.100-rc.1.22431.12\\Extensions\\Microsoft.TestPlatform.TestHostRuntimeProvider.dll","S:\\p\\vstest3\\artifacts\\testArtifacts\\dotnet\\sdk\\7.0.100-rc.1.22431.12\\Extensions\\Microsoft.VisualStudio.TestPlatform.Extensions.Html.TestLogger.dll","S:\\p\\vstest3\\artifacts\\testArtifacts\\dotnet\\sdk\\7.0.100-rc.1.22431.12\\Extensions\\Microsoft.VisualStudio.TestPlatform.Extensions.Trx.TestLogger.dll","C:\\Users\\jajares\\AppData\\Local\\Temp\\vstest\\gluTv\\bin\\Debug\\net462\\Microsoft.VisualStudio.TestPlatform.MSTest.TestAdapter.dll"]}
TpTrace Verbose: 0 : 29220, 9, 2022/10/24, 16:25:04.871, 246515774809, testhost.exe, MulticastDelegateUtilities.SafeInvoke: LengthPrefixCommunicationChannel: MessageReceived: Invoking callback 1/1 for Microsoft.VisualStudio.TestPlatform.CommunicationUtilities.TestRequestHandler., took 11 ms.
TpTrace Verbose: 0 : 29220, 9, 2022/10/24, 16:25:04.871, 246515775563, testhost.exe, TcpClientExtensions.MessageLoopAsync: Polling on remoteEndPoint: 127.0.0.1:58003 localEndPoint: 127.0.0.1:58005
TpTrace Verbose: 0 : 29220, 9, 2022/10/24, 16:25:04.871, 246515775861, testhost.exe, TcpClientExtensions.MessageLoopAsync: NotifyDataAvailable remoteEndPoint: 127.0.0.1:58003 localEndPoint: 127.0.0.1:58005
TpTrace Information: 0 : 29220, 9, 2022/10/24, 16:25:04.871, 246515776392, testhost.exe, TestRequestHandler.OnMessageReceived: received message: (TestExecution.StartWithSources) -> {"Version":7,"MessageType":"TestExecution.StartWithSources","Payload":{"AdapterSourceMap":{"_none_":["C:\\Users\\jajares\\AppData\\Local\\Temp\\vstest\\gluTv\\bin\\Debug\\net462\\ProjectFileRunSettingsTestProject.dll"]},"RunSettings":"<RunSettings>\r\n  <MSTest>\r\n    <MapInconclusiveToFailed>True</MapInconclusiveToFailed>\r\n  </MSTest>\r\n  <RunSettingsDirectory />\r\n  <RunConfiguration>\r\n    <ResultsDirectory>C:\\Users\\jajares\\AppData\\Local\\Temp\\vstest\\gluTv\\TestResults</ResultsDirectory>\r\n    <TargetFrameworkVersion>.NETFramework,Version=v4.6.2</TargetFrameworkVersion>\r\n    <TestAdaptersPaths>S:\\p\\vstest3\\packages\\microsoft.codecoverage\\17.4.0-dev\\build\\netstandard2.0\\</TestAdaptersPaths>\r\n    <DesignMode>False</DesignMode>\r\n    <CollectSourceInformation>False</CollectSourceInformation>\r\n  </RunConfiguration>\r\n  <LoggerRunSettings>\r\n    <Loggers>\r\n      <Logger friendlyName=\"Console\" assemblyQualifiedName=\"Microsoft.VisualStudio.TestPlatform.CommandLine.Internal.ConsoleLogger, vstest.console, Version=15.0.0.0, Culture=neutral, PublicKeyToken=b03f5f7f11d50a3a\" codeBase=\"S:\\p\\vstest3\\artifacts\\testArtifacts\\dotnet\\sdk\\7.0.100-rc.1.22431.12\\vstest.console.dll\" enabled=\"True\">\r\n        <Configuration>\r\n          <Verbosity>normal</Verbosity>\r\n        </Configuration>\r\n      </Logger>\r\n    </Loggers>\r\n  </LoggerRunSettings>\r\n</RunSettings>","TestExecutionContext":{"FrequencyOfRunStatsChangeEvent":10,"RunStatsChangeEventTimeout":"00:00:01.5000000","InIsolation":false,"KeepAlive":false,"AreTestCaseLevelEventsRequired":false,"IsDebug":false,"TestCaseFilter":null,"FilterOptions":null},"Package":null}}
TpTrace Information: 0 : 29220, 3, 2022/10/24, 16:25:04.871, 246515780336, testhost.exe, TestRequestHandler.OnMessageReceived: Running job 'TestExecution.Initialize'.
TpTrace Verbose: 0 : 29220, 3, 2022/10/24, 16:25:04.876, 246515829328, testhost.exe, TestExecutorService: Loading the extensions
TpTrace Verbose: 0 : 29220, 3, 2022/10/24, 16:25:04.878, 246515852083, testhost.exe, TestPluginCache.DiscoverTestExtensions: finding test extensions in assemblies ends with: TestAdapter.dll TPluginInfo: Microsoft.VisualStudio.TestPlatform.Common.ExtensionFramework.Utilities.TestExecutorPluginInformation TExtension: Microsoft.VisualStudio.TestPlatform.ObjectModel.Adapter.ITestExecutor
TpTrace Verbose: 0 : 29220, 3, 2022/10/24, 16:25:04.880, 246515866917, testhost.exe, TestPluginCache.GetExtensionPaths: Filtered extension paths: 
TpTrace Verbose: 0 : 29220, 3, 2022/10/24, 16:25:04.880, 246515867536, testhost.exe, TestPluginCache.GetExtensionPaths: Added default extension paths: S:\p\vstest3\artifacts\testArtifacts\dotnet\sdk\7.0.100-rc.1.22431.12\Extensions\Microsoft.Diagnostics.NETCore.Client.dll
S:\p\vstest3\artifacts\testArtifacts\dotnet\sdk\7.0.100-rc.1.22431.12\Extensions\Microsoft.TestPlatform.Extensions.BlameDataCollector.dll
S:\p\vstest3\artifacts\testArtifacts\dotnet\sdk\7.0.100-rc.1.22431.12\Extensions\Microsoft.TestPlatform.Extensions.EventLogCollector.dll
S:\p\vstest3\artifacts\testArtifacts\dotnet\sdk\7.0.100-rc.1.22431.12\Extensions\Microsoft.TestPlatform.TestHostRuntimeProvider.dll
S:\p\vstest3\artifacts\testArtifacts\dotnet\sdk\7.0.100-rc.1.22431.12\Extensions\Microsoft.VisualStudio.TestPlatform.Extensions.Html.TestLogger.dll
S:\p\vstest3\artifacts\testArtifacts\dotnet\sdk\7.0.100-rc.1.22431.12\Extensions\Microsoft.VisualStudio.TestPlatform.Extensions.Trx.TestLogger.dll
C:\Users\jajares\AppData\Local\Temp\vstest\gluTv\bin\Debug\net462\Microsoft.VisualStudio.TestPlatform.MSTest.TestAdapter.dll
TpTrace Verbose: 0 : 29220, 3, 2022/10/24, 16:25:04.880, 246515867887, testhost.exe, TestPluginCache.GetExtensionPaths: Added unfilterableExtensionPaths: 
TpTrace Information: 0 : 29220, 3, 2022/10/24, 16:25:04.881, 246515879003, testhost.exe, AssemblyResolver.ctor: Creating AssemblyResolver with searchDirectories S:\p\vstest3\artifacts\testArtifacts\dotnet\sdk\7.0.100-rc.1.22431.12\Extensions,C:\Users\jajares\AppData\Local\Temp\vstest\gluTv\bin\Debug\net462,S:\p\vstest3\artifacts\testArtifacts\dotnet\sdk\7.0.100-rc.1.22431.12\TestHostNetFramework
TpTrace Verbose: 0 : 29220, 3, 2022/10/24, 16:25:04.882, 246515883682, testhost.exe, TestPluginCache.DiscoverTestExtensions: Discovering the extensions using extension path.
TpTrace Verbose: 0 : 29220, 3, 2022/10/24, 16:25:04.882, 246515884304, testhost.exe, TestPluginCache.GetExtensionPaths: Filtered extension paths: 
TpTrace Verbose: 0 : 29220, 3, 2022/10/24, 16:25:04.882, 246515884564, testhost.exe, TestPluginCache.GetExtensionPaths: Added default extension paths: S:\p\vstest3\artifacts\testArtifacts\dotnet\sdk\7.0.100-rc.1.22431.12\Extensions\Microsoft.Diagnostics.NETCore.Client.dll
S:\p\vstest3\artifacts\testArtifacts\dotnet\sdk\7.0.100-rc.1.22431.12\Extensions\Microsoft.TestPlatform.Extensions.BlameDataCollector.dll
S:\p\vstest3\artifacts\testArtifacts\dotnet\sdk\7.0.100-rc.1.22431.12\Extensions\Microsoft.TestPlatform.Extensions.EventLogCollector.dll
S:\p\vstest3\artifacts\testArtifacts\dotnet\sdk\7.0.100-rc.1.22431.12\Extensions\Microsoft.TestPlatform.TestHostRuntimeProvider.dll
S:\p\vstest3\artifacts\testArtifacts\dotnet\sdk\7.0.100-rc.1.22431.12\Extensions\Microsoft.VisualStudio.TestPlatform.Extensions.Html.TestLogger.dll
S:\p\vstest3\artifacts\testArtifacts\dotnet\sdk\7.0.100-rc.1.22431.12\Extensions\Microsoft.VisualStudio.TestPlatform.Extensions.Trx.TestLogger.dll
C:\Users\jajares\AppData\Local\Temp\vstest\gluTv\bin\Debug\net462\Microsoft.VisualStudio.TestPlatform.MSTest.TestAdapter.dll
TpTrace Verbose: 0 : 29220, 3, 2022/10/24, 16:25:04.882, 246515884801, testhost.exe, TestPluginCache.GetExtensionPaths: Added unfilterableExtensionPaths: 
TpTrace Verbose: 0 : 29220, 3, 2022/10/24, 16:25:04.882, 246515885074, testhost.exe, TestPluginCache.DiscoverTestExtensions: Discovering the extensions using allExtensionPaths: S:\p\vstest3\artifacts\testArtifacts\dotnet\sdk\7.0.100-rc.1.22431.12\Extensions\Microsoft.Diagnostics.NETCore.Client.dll
S:\p\vstest3\artifacts\testArtifacts\dotnet\sdk\7.0.100-rc.1.22431.12\Extensions\Microsoft.TestPlatform.Extensions.BlameDataCollector.dll
S:\p\vstest3\artifacts\testArtifacts\dotnet\sdk\7.0.100-rc.1.22431.12\Extensions\Microsoft.TestPlatform.Extensions.EventLogCollector.dll
S:\p\vstest3\artifacts\testArtifacts\dotnet\sdk\7.0.100-rc.1.22431.12\Extensions\Microsoft.TestPlatform.TestHostRuntimeProvider.dll
S:\p\vstest3\artifacts\testArtifacts\dotnet\sdk\7.0.100-rc.1.22431.12\Extensions\Microsoft.VisualStudio.TestPlatform.Extensions.Html.TestLogger.dll
S:\p\vstest3\artifacts\testArtifacts\dotnet\sdk\7.0.100-rc.1.22431.12\Extensions\Microsoft.VisualStudio.TestPlatform.Extensions.Trx.TestLogger.dll
C:\Users\jajares\AppData\Local\Temp\vstest\gluTv\bin\Debug\net462\Microsoft.VisualStudio.TestPlatform.MSTest.TestAdapter.dll
TpTrace Information: 0 : 29220, 3, 2022/10/24, 16:25:04.882, 246515892179, testhost.exe, AssemblyResolver.AddSearchDirectories: Adding more searchDirectories S:\p\vstest3\artifacts\testArtifacts\dotnet\sdk\7.0.100-rc.1.22431.12\Extensions,S:\p\vstest3\artifacts\testArtifacts\dotnet\sdk\7.0.100-rc.1.22431.12\TestHostNetFramework
TpTrace Information: 0 : 29220, 3, 2022/10/24, 16:25:04.882, 246515892985, testhost.exe, AssemblyResolver.AddSearchDirectories: Adding more searchDirectories S:\p\vstest3\artifacts\testArtifacts\dotnet\sdk\7.0.100-rc.1.22431.12\Extensions,S:\p\vstest3\artifacts\testArtifacts\dotnet\sdk\7.0.100-rc.1.22431.12\TestHostNetFramework
TpTrace Information: 0 : 29220, 3, 2022/10/24, 16:25:04.883, 246515893342, testhost.exe, AssemblyResolver.AddSearchDirectories: Adding more searchDirectories S:\p\vstest3\artifacts\testArtifacts\dotnet\sdk\7.0.100-rc.1.22431.12\Extensions,S:\p\vstest3\artifacts\testArtifacts\dotnet\sdk\7.0.100-rc.1.22431.12\TestHostNetFramework
TpTrace Information: 0 : 29220, 3, 2022/10/24, 16:25:04.883, 246515893658, testhost.exe, AssemblyResolver.AddSearchDirectories: Adding more searchDirectories S:\p\vstest3\artifacts\testArtifacts\dotnet\sdk\7.0.100-rc.1.22431.12\Extensions,S:\p\vstest3\artifacts\testArtifacts\dotnet\sdk\7.0.100-rc.1.22431.12\TestHostNetFramework
TpTrace Information: 0 : 29220, 3, 2022/10/24, 16:25:04.883, 246515893924, testhost.exe, AssemblyResolver.AddSearchDirectories: Adding more searchDirectories S:\p\vstest3\artifacts\testArtifacts\dotnet\sdk\7.0.100-rc.1.22431.12\Extensions,S:\p\vstest3\artifacts\testArtifacts\dotnet\sdk\7.0.100-rc.1.22431.12\TestHostNetFramework
TpTrace Information: 0 : 29220, 3, 2022/10/24, 16:25:04.883, 246515895570, testhost.exe, AssemblyResolver.AddSearchDirectories: Adding more searchDirectories S:\p\vstest3\artifacts\testArtifacts\dotnet\sdk\7.0.100-rc.1.22431.12\Extensions,S:\p\vstest3\artifacts\testArtifacts\dotnet\sdk\7.0.100-rc.1.22431.12\TestHostNetFramework
TpTrace Information: 0 : 29220, 3, 2022/10/24, 16:25:04.883, 246515895964, testhost.exe, AssemblyResolver.AddSearchDirectories: Adding more searchDirectories C:\Users\jajares\AppData\Local\Temp\vstest\gluTv\bin\Debug\net462,S:\p\vstest3\artifacts\testArtifacts\dotnet\sdk\7.0.100-rc.1.22431.12\TestHostNetFramework
TpTrace Information: 0 : 29220, 3, 2022/10/24, 16:25:04.896, 246516021651, testhost.exe, AssemblyResolver.OnResolve: Microsoft.Diagnostics.NETCore.Client: Resolving assembly.
TpTrace Information: 0 : 29220, 3, 2022/10/24, 16:25:04.896, 246516022491, testhost.exe, AssemblyResolver.OnResolve: Microsoft.Diagnostics.NETCore.Client: Searching in: 'S:\p\vstest3\artifacts\testArtifacts\dotnet\sdk\7.0.100-rc.1.22431.12\Extensions'.
TpTrace Information: 0 : 29220, 3, 2022/10/24, 16:25:04.897, 246516033285, testhost.exe, AssemblyResolver.OnResolve: Microsoft.Diagnostics.NETCore.Client: Loading assembly 'S:\p\vstest3\artifacts\testArtifacts\dotnet\sdk\7.0.100-rc.1.22431.12\Extensions\Microsoft.Diagnostics.NETCore.Client.dll'.
TpTrace Verbose: 0 : 29220, 9, 2022/10/24, 16:25:04.899, 246516061282, testhost.exe, MulticastDelegateUtilities.SafeInvoke: LengthPrefixCommunicationChannel: MessageReceived: Invoking callback 1/1 for Microsoft.VisualStudio.TestPlatform.CommunicationUtilities.TestRequestHandler., took 28 ms.
TpTrace Verbose: 0 : 29220, 9, 2022/10/24, 16:25:04.900, 246516061883, testhost.exe, TcpClientExtensions.MessageLoopAsync: Polling on remoteEndPoint: 127.0.0.1:58003 localEndPoint: 127.0.0.1:58005
TpTrace Information: 0 : 29220, 3, 2022/10/24, 16:25:04.906, 246516131407, testhost.exe, AssemblyResolver.OnResolve: Resolved assembly: Microsoft.Diagnostics.NETCore.Client, from path: S:\p\vstest3\artifacts\testArtifacts\dotnet\sdk\7.0.100-rc.1.22431.12\Extensions\Microsoft.Diagnostics.NETCore.Client.dll
TpTrace Verbose: 0 : 29220, 9, 2022/10/24, 16:25:05.900, 246526065312, testhost.exe, TcpClientExtensions.MessageLoopAsync: Polling on remoteEndPoint: 127.0.0.1:58003 localEndPoint: 127.0.0.1:58005
TpTrace Verbose: 0 : 29220, 3, 2022/10/24, 16:25:05.967, 246526736249, testhost.exe, MetadataReaderExtensionsHelper: Discovering extensions inside assembly 'Microsoft.Diagnostics.NETCore.Client, Version=0.2.5.801, Culture=neutral, PublicKeyToken=31bf3856ad364e35' file path 'S:\p\vstest3\artifacts\testArtifacts\dotnet\sdk\7.0.100-rc.1.22431.12\Extensions\Microsoft.Diagnostics.NETCore.Client.dll'
TpTrace Information: 0 : 29220, 3, 2022/10/24, 16:25:06.397, 246531038469, testhost.exe, AssemblyResolver.OnResolve: Microsoft.Bcl.AsyncInterfaces, Version=1.0.0.0, Culture=neutral, PublicKeyToken=cc7b13ffcd2ddd51: Resolving assembly.
TpTrace Information: 0 : 29220, 3, 2022/10/24, 16:25:06.397, 246531039907, testhost.exe, AssemblyResolver.OnResolve: Microsoft.Bcl.AsyncInterfaces, Version=1.0.0.0, Culture=neutral, PublicKeyToken=cc7b13ffcd2ddd51: Searching in: 'S:\p\vstest3\artifacts\testArtifacts\dotnet\sdk\7.0.100-rc.1.22431.12\Extensions'.
TpTrace Information: 0 : 29220, 3, 2022/10/24, 16:25:06.397, 246531040662, testhost.exe, AssemblyResolver.OnResolve: Microsoft.Bcl.AsyncInterfaces, Version=1.0.0.0, Culture=neutral, PublicKeyToken=cc7b13ffcd2ddd51: Assembly path does not exist: 'S:\p\vstest3\artifacts\testArtifacts\dotnet\sdk\7.0.100-rc.1.22431.12\Extensions\Microsoft.Bcl.AsyncInterfaces.dll', returning.
TpTrace Information: 0 : 29220, 3, 2022/10/24, 16:25:06.397, 246531041196, testhost.exe, AssemblyResolver.OnResolve: Microsoft.Bcl.AsyncInterfaces, Version=1.0.0.0, Culture=neutral, PublicKeyToken=cc7b13ffcd2ddd51: Assembly path does not exist: 'S:\p\vstest3\artifacts\testArtifacts\dotnet\sdk\7.0.100-rc.1.22431.12\Extensions\Microsoft.Bcl.AsyncInterfaces.exe', returning.
TpTrace Information: 0 : 29220, 3, 2022/10/24, 16:25:06.397, 246531041504, testhost.exe, AssemblyResolver.OnResolve: Microsoft.Bcl.AsyncInterfaces, Version=1.0.0.0, Culture=neutral, PublicKeyToken=cc7b13ffcd2ddd51: Searching in: 'C:\Users\jajares\AppData\Local\Temp\vstest\gluTv\bin\Debug\net462'.
TpTrace Information: 0 : 29220, 3, 2022/10/24, 16:25:06.398, 246531042174, testhost.exe, AssemblyResolver.OnResolve: Microsoft.Bcl.AsyncInterfaces, Version=1.0.0.0, Culture=neutral, PublicKeyToken=cc7b13ffcd2ddd51: Assembly path does not exist: 'C:\Users\jajares\AppData\Local\Temp\vstest\gluTv\bin\Debug\net462\Microsoft.Bcl.AsyncInterfaces.dll', returning.
TpTrace Information: 0 : 29220, 3, 2022/10/24, 16:25:06.398, 246531042799, testhost.exe, AssemblyResolver.OnResolve: Microsoft.Bcl.AsyncInterfaces, Version=1.0.0.0, Culture=neutral, PublicKeyToken=cc7b13ffcd2ddd51: Assembly path does not exist: 'C:\Users\jajares\AppData\Local\Temp\vstest\gluTv\bin\Debug\net462\Microsoft.Bcl.AsyncInterfaces.exe', returning.
TpTrace Information: 0 : 29220, 3, 2022/10/24, 16:25:06.398, 246531043103, testhost.exe, AssemblyResolver.OnResolve: Microsoft.Bcl.AsyncInterfaces, Version=1.0.0.0, Culture=neutral, PublicKeyToken=cc7b13ffcd2ddd51: Searching in: 'S:\p\vstest3\artifacts\testArtifacts\dotnet\sdk\7.0.100-rc.1.22431.12\TestHostNetFramework'.
TpTrace Information: 0 : 29220, 3, 2022/10/24, 16:25:06.398, 246531043670, testhost.exe, AssemblyResolver.OnResolve: Microsoft.Bcl.AsyncInterfaces, Version=1.0.0.0, Culture=neutral, PublicKeyToken=cc7b13ffcd2ddd51: Assembly path does not exist: 'S:\p\vstest3\artifacts\testArtifacts\dotnet\sdk\7.0.100-rc.1.22431.12\TestHostNetFramework\Microsoft.Bcl.AsyncInterfaces.dll', returning.
TpTrace Information: 0 : 29220, 3, 2022/10/24, 16:25:06.398, 246531044136, testhost.exe, AssemblyResolver.OnResolve: Microsoft.Bcl.AsyncInterfaces, Version=1.0.0.0, Culture=neutral, PublicKeyToken=cc7b13ffcd2ddd51: Assembly path does not exist: 'S:\p\vstest3\artifacts\testArtifacts\dotnet\sdk\7.0.100-rc.1.22431.12\TestHostNetFramework\Microsoft.Bcl.AsyncInterfaces.exe', returning.
TpTrace Information: 0 : 29220, 3, 2022/10/24, 16:25:06.398, 246531044508, testhost.exe, AssemblyResolver.OnResolve: Microsoft.Bcl.AsyncInterfaces, Version=1.0.0.0, Culture=neutral, PublicKeyToken=cc7b13ffcd2ddd51: Failed to load assembly.
TpTrace Verbose: 0 : 29220, 3, 2022/10/24, 16:25:06.399, 246531052383, testhost.exe, CurrentDomainAssemblyResolve: Resolving assembly 'Microsoft.Bcl.AsyncInterfaces, Version=1.0.0.0, Culture=neutral, PublicKeyToken=cc7b13ffcd2ddd51'.
TpTrace Information: 0 : 29220, 3, 2022/10/24, 16:25:06.410, 246531164567, testhost.exe, AssemblyResolver.OnResolve: Microsoft.Bcl.AsyncInterfaces, Version=1.0.0.0, Culture=neutral, PublicKeyToken=cc7b13ffcd2ddd51: Resolving assembly.
TpTrace Information: 0 : 29220, 3, 2022/10/24, 16:25:06.410, 246531165686, testhost.exe, AssemblyResolver.OnResolve: Microsoft.Bcl.AsyncInterfaces, Version=1.0.0.0, Culture=neutral, PublicKeyToken=cc7b13ffcd2ddd51: Resolved from cache.
TpTrace Verbose: 0 : 29220, 3, 2022/10/24, 16:25:06.410, 246531166251, testhost.exe, CurrentDomainAssemblyResolve: Resolving assembly 'Microsoft.Bcl.AsyncInterfaces, Version=1.0.0.0, Culture=neutral, PublicKeyToken=cc7b13ffcd2ddd51'.
TpTrace Verbose: 0 : 29220, 3, 2022/10/24, 16:25:06.410, 246531166444, testhost.exe, CurrentDomainAssemblyResolve: Failed to resolve assembly 'Microsoft.Bcl.AsyncInterfaces, Version=1.0.0.0, Culture=neutral, PublicKeyToken=cc7b13ffcd2ddd51'.
TpTrace Verbose: 0 : 29220, 3, 2022/10/24, 16:25:06.410, 246531168531, testhost.exe, CurrentDomainAssemblyResolve: Failed to resolve assembly 'Microsoft.Bcl.AsyncInterfaces, Version=1.0.0.0, Culture=neutral, PublicKeyToken=cc7b13ffcd2ddd51'.
TpTrace Information: 0 : 29220, 3, 2022/10/24, 16:25:06.420, 246531265021, testhost.exe, AssemblyResolver.OnResolve: System.Threading.Tasks.Extensions, Version=4.2.0.0, Culture=neutral, PublicKeyToken=cc7b13ffcd2ddd51: Resolving assembly.
TpTrace Information: 0 : 29220, 3, 2022/10/24, 16:25:06.420, 246531266187, testhost.exe, AssemblyResolver.OnResolve: System.Threading.Tasks.Extensions, Version=4.2.0.0, Culture=neutral, PublicKeyToken=cc7b13ffcd2ddd51: Searching in: 'S:\p\vstest3\artifacts\testArtifacts\dotnet\sdk\7.0.100-rc.1.22431.12\Extensions'.
TpTrace Information: 0 : 29220, 3, 2022/10/24, 16:25:06.420, 246531266790, testhost.exe, AssemblyResolver.OnResolve: System.Threading.Tasks.Extensions, Version=4.2.0.0, Culture=neutral, PublicKeyToken=cc7b13ffcd2ddd51: Assembly path does not exist: 'S:\p\vstest3\artifacts\testArtifacts\dotnet\sdk\7.0.100-rc.1.22431.12\Extensions\System.Threading.Tasks.Extensions.dll', returning.
TpTrace Information: 0 : 29220, 3, 2022/10/24, 16:25:06.420, 246531267115, testhost.exe, AssemblyResolver.OnResolve: System.Threading.Tasks.Extensions, Version=4.2.0.0, Culture=neutral, PublicKeyToken=cc7b13ffcd2ddd51: Assembly path does not exist: 'S:\p\vstest3\artifacts\testArtifacts\dotnet\sdk\7.0.100-rc.1.22431.12\Extensions\System.Threading.Tasks.Extensions.exe', returning.
TpTrace Information: 0 : 29220, 3, 2022/10/24, 16:25:06.420, 246531267306, testhost.exe, AssemblyResolver.OnResolve: System.Threading.Tasks.Extensions, Version=4.2.0.0, Culture=neutral, PublicKeyToken=cc7b13ffcd2ddd51: Searching in: 'C:\Users\jajares\AppData\Local\Temp\vstest\gluTv\bin\Debug\net462'.
TpTrace Information: 0 : 29220, 3, 2022/10/24, 16:25:06.420, 246531267835, testhost.exe, AssemblyResolver.OnResolve: System.Threading.Tasks.Extensions, Version=4.2.0.0, Culture=neutral, PublicKeyToken=cc7b13ffcd2ddd51: Assembly path does not exist: 'C:\Users\jajares\AppData\Local\Temp\vstest\gluTv\bin\Debug\net462\System.Threading.Tasks.Extensions.dll', returning.
TpTrace Information: 0 : 29220, 3, 2022/10/24, 16:25:06.420, 246531268262, testhost.exe, AssemblyResolver.OnResolve: System.Threading.Tasks.Extensions, Version=4.2.0.0, Culture=neutral, PublicKeyToken=cc7b13ffcd2ddd51: Assembly path does not exist: 'C:\Users\jajares\AppData\Local\Temp\vstest\gluTv\bin\Debug\net462\System.Threading.Tasks.Extensions.exe', returning.
TpTrace Information: 0 : 29220, 3, 2022/10/24, 16:25:06.420, 246531268494, testhost.exe, AssemblyResolver.OnResolve: System.Threading.Tasks.Extensions, Version=4.2.0.0, Culture=neutral, PublicKeyToken=cc7b13ffcd2ddd51: Searching in: 'S:\p\vstest3\artifacts\testArtifacts\dotnet\sdk\7.0.100-rc.1.22431.12\TestHostNetFramework'.
TpTrace Information: 0 : 29220, 3, 2022/10/24, 16:25:06.420, 246531268918, testhost.exe, AssemblyResolver.OnResolve: System.Threading.Tasks.Extensions, Version=4.2.0.0, Culture=neutral, PublicKeyToken=cc7b13ffcd2ddd51: Assembly path does not exist: 'S:\p\vstest3\artifacts\testArtifacts\dotnet\sdk\7.0.100-rc.1.22431.12\TestHostNetFramework\System.Threading.Tasks.Extensions.dll', returning.
TpTrace Information: 0 : 29220, 3, 2022/10/24, 16:25:06.420, 246531269315, testhost.exe, AssemblyResolver.OnResolve: System.Threading.Tasks.Extensions, Version=4.2.0.0, Culture=neutral, PublicKeyToken=cc7b13ffcd2ddd51: Assembly path does not exist: 'S:\p\vstest3\artifacts\testArtifacts\dotnet\sdk\7.0.100-rc.1.22431.12\TestHostNetFramework\System.Threading.Tasks.Extensions.exe', returning.
TpTrace Information: 0 : 29220, 3, 2022/10/24, 16:25:06.420, 246531269542, testhost.exe, AssemblyResolver.OnResolve: System.Threading.Tasks.Extensions, Version=4.2.0.0, Culture=neutral, PublicKeyToken=cc7b13ffcd2ddd51: Failed to load assembly.
TpTrace Verbose: 0 : 29220, 3, 2022/10/24, 16:25:06.420, 246531269807, testhost.exe, CurrentDomainAssemblyResolve: Resolving assembly 'System.Threading.Tasks.Extensions, Version=4.2.0.0, Culture=neutral, PublicKeyToken=cc7b13ffcd2ddd51'.
TpTrace Information: 0 : 29220, 3, 2022/10/24, 16:25:06.430, 246531365120, testhost.exe, AssemblyResolver.OnResolve: System.Threading.Tasks.Extensions, Version=4.2.0.0, Culture=neutral, PublicKeyToken=cc7b13ffcd2ddd51: Resolving assembly.
TpTrace Information: 0 : 29220, 3, 2022/10/24, 16:25:06.430, 246531365852, testhost.exe, AssemblyResolver.OnResolve: System.Threading.Tasks.Extensions, Version=4.2.0.0, Culture=neutral, PublicKeyToken=cc7b13ffcd2ddd51: Resolved from cache.
TpTrace Verbose: 0 : 29220, 3, 2022/10/24, 16:25:06.430, 246531366296, testhost.exe, CurrentDomainAssemblyResolve: Resolving assembly 'System.Threading.Tasks.Extensions, Version=4.2.0.0, Culture=neutral, PublicKeyToken=cc7b13ffcd2ddd51'.
TpTrace Verbose: 0 : 29220, 3, 2022/10/24, 16:25:06.430, 246531366486, testhost.exe, CurrentDomainAssemblyResolve: Failed to resolve assembly 'System.Threading.Tasks.Extensions, Version=4.2.0.0, Culture=neutral, PublicKeyToken=cc7b13ffcd2ddd51'.
TpTrace Verbose: 0 : 29220, 3, 2022/10/24, 16:25:06.430, 246531367838, testhost.exe, CurrentDomainAssemblyResolve: Failed to resolve assembly 'System.Threading.Tasks.Extensions, Version=4.2.0.0, Culture=neutral, PublicKeyToken=cc7b13ffcd2ddd51'.
TpTrace Warning: 0 : 29220, 3, 2022/10/24, 16:25:06.440, 246531463748, testhost.exe, TestPluginDiscoverer: Failed to get types from assembly 'Microsoft.Diagnostics.NETCore.Client, Version=0.2.5.801, Culture=neutral, PublicKeyToken=31bf3856ad364e35'. Error: System.Reflection.ReflectionTypeLoadException: Unable to load one or more of the requested types. Retrieve the LoaderExceptions property for more information.
   at System.Reflection.RuntimeModule.GetTypes(RuntimeModule module)
   at System.Reflection.RuntimeModule.GetTypes()
   at System.Reflection.Assembly.GetTypes()
   at Microsoft.VisualStudio.TestPlatform.Common.ExtensionFramework.TestPluginDiscoverer.GetTestExtensionsFromAssembly[TPluginInfo,TExtension](Assembly assembly, Dictionary`2 pluginInfos, String filePath)
TpTrace Warning: 0 : 29220, 3, 2022/10/24, 16:25:06.440, 246531473093, testhost.exe, LoaderExceptions: System.IO.FileNotFoundException: Could not load file or assembly 'Microsoft.Bcl.AsyncInterfaces, Version=1.0.0.0, Culture=neutral, PublicKeyToken=cc7b13ffcd2ddd51' or one of its dependencies. The system cannot find the file specified.
File name: 'Microsoft.Bcl.AsyncInterfaces, Version=1.0.0.0, Culture=neutral, PublicKeyToken=cc7b13ffcd2ddd51' ---> System.IO.FileNotFoundException: Could not load file or assembly 'Microsoft.Bcl.AsyncInterfaces, Version=1.0.0.0, Culture=neutral, PublicKeyToken=cc7b13ffcd2ddd51' or one of its dependencies. The system cannot find the file specified.
File name: 'Microsoft.Bcl.AsyncInterfaces, Version=1.0.0.0, Culture=neutral, PublicKeyToken=cc7b13ffcd2ddd51'
   at System.Reflection.RuntimeAssembly._nLoad(AssemblyName fileName, String codeBase, Evidence assemblySecurity, RuntimeAssembly locationHint, StackCrawlMark& stackMark, IntPtr pPrivHostBinder, Boolean throwOnFileNotFound, Boolean forIntrospection, Boolean suppressSecurityChecks)
   at System.Reflection.RuntimeAssembly.InternalLoadAssemblyName(AssemblyName assemblyRef, Evidence assemblySecurity, RuntimeAssembly reqAssembly, StackCrawlMark& stackMark, IntPtr pPrivHostBinder, Boolean throwOnFileNotFound, Boolean forIntrospection, Boolean suppressSecurityChecks)
   at System.Reflection.Assembly.Load(AssemblyName assemblyRef)
   at Microsoft.VisualStudio.TestPlatform.Common.ExtensionFramework.TestPluginCache.CurrentDomainAssemblyResolve(Object sender, AssemblyResolveEventArgs args)
   at System.AppDomain.OnAssemblyResolveEvent(RuntimeAssembly assembly, String assemblyFullName)

Assembly manager loaded from:  C:\Windows\Microsoft.NET\Framework64\v4.0.30319\clr.dll
Running under executable  S:\p\vstest3\artifacts\testArtifacts\dotnet\sdk\7.0.100-rc.1.22431.12\TestHostNetFramework\testhost.exe
--- A detailed error log follows. 

=== Pre-bind state information ===
LOG: DisplayName = Microsoft.Bcl.AsyncInterfaces, Version=1.0.0.0, Culture=neutral, PublicKeyToken=cc7b13ffcd2ddd51
 (Fully-specified)
LOG: Appbase = file:///S:/p/vstest3/artifacts/testArtifacts/dotnet/sdk/7.0.100-rc.1.22431.12/TestHostNetFramework/
LOG: Initial PrivatePath = NULL
Calling assembly : Microsoft.VisualStudio.TestPlatform.Common, Version=15.0.0.0, Culture=neutral, PublicKeyToken=b03f5f7f11d50a3a.
===
LOG: This bind starts in default load context.
LOG: Using application configuration file: S:\p\vstest3\artifacts\testArtifacts\dotnet\sdk\7.0.100-rc.1.22431.12\TestHostNetFramework\testhost.exe.Config
LOG: Using host configuration file: 
LOG: Using machine configuration file from C:\Windows\Microsoft.NET\Framework64\v4.0.30319\config\machine.config.
LOG: Post-policy reference: Microsoft.Bcl.AsyncInterfaces, Version=1.0.0.0, Culture=neutral, PublicKeyToken=cc7b13ffcd2ddd51
LOG: Attempting download of new URL file:///S:/p/vstest3/artifacts/testArtifacts/dotnet/sdk/7.0.100-rc.1.22431.12/TestHostNetFramework/Microsoft.Bcl.AsyncInterfaces.DLL.
LOG: Attempting download of new URL file:///S:/p/vstest3/artifacts/testArtifacts/dotnet/sdk/7.0.100-rc.1.22431.12/TestHostNetFramework/Microsoft.Bcl.AsyncInterfaces/Microsoft.Bcl.AsyncInterfaces.DLL.
LOG: Attempting download of new URL file:///S:/p/vstest3/artifacts/testArtifacts/dotnet/sdk/7.0.100-rc.1.22431.12/TestHostNetFramework/Extensions/Microsoft.Bcl.AsyncInterfaces.DLL.
LOG: Attempting download of new URL file:///S:/p/vstest3/artifacts/testArtifacts/dotnet/sdk/7.0.100-rc.1.22431.12/TestHostNetFramework/Extensions/Microsoft.Bcl.AsyncInterfaces/Microsoft.Bcl.AsyncInterfaces.DLL.
LOG: Attempting download of new URL file:///S:/p/vstest3/artifacts/testArtifacts/dotnet/sdk/7.0.100-rc.1.22431.12/TestHostNetFramework/Microsoft.Bcl.AsyncInterfaces.EXE.
LOG: Attempting download of new URL file:///S:/p/vstest3/artifacts/testArtifacts/dotnet/sdk/7.0.100-rc.1.22431.12/TestHostNetFramework/Microsoft.Bcl.AsyncInterfaces/Microsoft.Bcl.AsyncInterfaces.EXE.
LOG: Attempting download of new URL file:///S:/p/vstest3/artifacts/testArtifacts/dotnet/sdk/7.0.100-rc.1.22431.12/TestHostNetFramework/Extensions/Microsoft.Bcl.AsyncInterfaces.EXE.
LOG: Attempting download of new URL file:///S:/p/vstest3/artifacts/testArtifacts/dotnet/sdk/7.0.100-rc.1.22431.12/TestHostNetFramework/Extensions/Microsoft.Bcl.AsyncInterfaces/Microsoft.Bcl.AsyncInterfaces.EXE.



TpTrace Warning: 0 : 29220, 3, 2022/10/24, 16:25:06.440, 246531474638, testhost.exe, LoaderExceptions: System.IO.FileNotFoundException: Could not load file or assembly 'System.Threading.Tasks.Extensions, Version=4.2.0.0, Culture=neutral, PublicKeyToken=cc7b13ffcd2ddd51' or one of its dependencies. The system cannot find the file specified.
File name: 'System.Threading.Tasks.Extensions, Version=4.2.0.0, Culture=neutral, PublicKeyToken=cc7b13ffcd2ddd51' ---> System.IO.FileNotFoundException: Could not load file or assembly 'System.Threading.Tasks.Extensions, Version=4.2.0.0, Culture=neutral, PublicKeyToken=cc7b13ffcd2ddd51' or one of its dependencies. The system cannot find the file specified.
File name: 'System.Threading.Tasks.Extensions, Version=4.2.0.0, Culture=neutral, PublicKeyToken=cc7b13ffcd2ddd51'
   at System.Reflection.RuntimeAssembly._nLoad(AssemblyName fileName, String codeBase, Evidence assemblySecurity, RuntimeAssembly locationHint, StackCrawlMark& stackMark, IntPtr pPrivHostBinder, Boolean throwOnFileNotFound, Boolean forIntrospection, Boolean suppressSecurityChecks)
   at System.Reflection.RuntimeAssembly.InternalLoadAssemblyName(AssemblyName assemblyRef, Evidence assemblySecurity, RuntimeAssembly reqAssembly, StackCrawlMark& stackMark, IntPtr pPrivHostBinder, Boolean throwOnFileNotFound, Boolean forIntrospection, Boolean suppressSecurityChecks)
   at System.Reflection.Assembly.Load(AssemblyName assemblyRef)
   at Microsoft.VisualStudio.TestPlatform.Common.ExtensionFramework.TestPluginCache.CurrentDomainAssemblyResolve(Object sender, AssemblyResolveEventArgs args)
   at System.AppDomain.OnAssemblyResolveEvent(RuntimeAssembly assembly, String assemblyFullName)

Assembly manager loaded from:  C:\Windows\Microsoft.NET\Framework64\v4.0.30319\clr.dll
Running under executable  S:\p\vstest3\artifacts\testArtifacts\dotnet\sdk\7.0.100-rc.1.22431.12\TestHostNetFramework\testhost.exe
--- A detailed error log follows. 

=== Pre-bind state information ===
LOG: DisplayName = System.Threading.Tasks.Extensions, Version=4.2.0.0, Culture=neutral, PublicKeyToken=cc7b13ffcd2ddd51
 (Fully-specified)
LOG: Appbase = file:///S:/p/vstest3/artifacts/testArtifacts/dotnet/sdk/7.0.100-rc.1.22431.12/TestHostNetFramework/
LOG: Initial PrivatePath = NULL
Calling assembly : Microsoft.VisualStudio.TestPlatform.Common, Version=15.0.0.0, Culture=neutral, PublicKeyToken=b03f5f7f11d50a3a.
===
LOG: This bind starts in default load context.
LOG: Using application configuration file: S:\p\vstest3\artifacts\testArtifacts\dotnet\sdk\7.0.100-rc.1.22431.12\TestHostNetFramework\testhost.exe.Config
LOG: Using host configuration file: 
LOG: Using machine configuration file from C:\Windows\Microsoft.NET\Framework64\v4.0.30319\config\machine.config.
LOG: Post-policy reference: System.Threading.Tasks.Extensions, Version=4.2.0.0, Culture=neutral, PublicKeyToken=cc7b13ffcd2ddd51
LOG: Attempting download of new URL file:///S:/p/vstest3/artifacts/testArtifacts/dotnet/sdk/7.0.100-rc.1.22431.12/TestHostNetFramework/System.Threading.Tasks.Extensions.DLL.
LOG: Attempting download of new URL file:///S:/p/vstest3/artifacts/testArtifacts/dotnet/sdk/7.0.100-rc.1.22431.12/TestHostNetFramework/System.Threading.Tasks.Extensions/System.Threading.Tasks.Extensions.DLL.
LOG: Attempting download of new URL file:///S:/p/vstest3/artifacts/testArtifacts/dotnet/sdk/7.0.100-rc.1.22431.12/TestHostNetFramework/Extensions/System.Threading.Tasks.Extensions.DLL.
LOG: Attempting download of new URL file:///S:/p/vstest3/artifacts/testArtifacts/dotnet/sdk/7.0.100-rc.1.22431.12/TestHostNetFramework/Extensions/System.Threading.Tasks.Extensions/System.Threading.Tasks.Extensions.DLL.
LOG: Attempting download of new URL file:///S:/p/vstest3/artifacts/testArtifacts/dotnet/sdk/7.0.100-rc.1.22431.12/TestHostNetFramework/System.Threading.Tasks.Extensions.EXE.
LOG: Attempting download of new URL file:///S:/p/vstest3/artifacts/testArtifacts/dotnet/sdk/7.0.100-rc.1.22431.12/TestHostNetFramework/System.Threading.Tasks.Extensions/System.Threading.Tasks.Extensions.EXE.
LOG: Attempting download of new URL file:///S:/p/vstest3/artifacts/testArtifacts/dotnet/sdk/7.0.100-rc.1.22431.12/TestHostNetFramework/Extensions/System.Threading.Tasks.Extensions.EXE.
LOG: Attempting download of new URL file:///S:/p/vstest3/artifacts/testArtifacts/dotnet/sdk/7.0.100-rc.1.22431.12/TestHostNetFramework/Extensions/System.Threading.Tasks.Extensions/System.Threading.Tasks.Extensions.EXE.



TpTrace Warning: 0 : 29220, 3, 2022/10/24, 16:25:06.440, 246531475511, testhost.exe, LoaderExceptions: System.IO.FileNotFoundException: Could not load file or assembly 'System.Threading.Tasks.Extensions, Version=4.2.0.0, Culture=neutral, PublicKeyToken=cc7b13ffcd2ddd51' or one of its dependencies. The system cannot find the file specified.
File name: 'System.Threading.Tasks.Extensions, Version=4.2.0.0, Culture=neutral, PublicKeyToken=cc7b13ffcd2ddd51'
   at System.Reflection.RuntimeAssembly._nLoad(AssemblyName fileName, String codeBase, Evidence assemblySecurity, RuntimeAssembly locationHint, StackCrawlMark& stackMark, IntPtr pPrivHostBinder, Boolean throwOnFileNotFound, Boolean forIntrospection, Boolean suppressSecurityChecks)
   at System.Reflection.RuntimeAssembly.InternalLoadAssemblyName(AssemblyName assemblyRef, Evidence assemblySecurity, RuntimeAssembly reqAssembly, StackCrawlMark& stackMark, IntPtr pPrivHostBinder, Boolean throwOnFileNotFound, Boolean forIntrospection, Boolean suppressSecurityChecks)
   at System.Reflection.Assembly.Load(AssemblyName assemblyRef)
   at Microsoft.VisualStudio.TestPlatform.Common.ExtensionFramework.TestPluginCache.CurrentDomainAssemblyResolve(Object sender, AssemblyResolveEventArgs args)
   at System.AppDomain.OnAssemblyResolveEvent(RuntimeAssembly assembly, String assemblyFullName)

Assembly manager loaded from:  C:\Windows\Microsoft.NET\Framework64\v4.0.30319\clr.dll
Running under executable  S:\p\vstest3\artifacts\testArtifacts\dotnet\sdk\7.0.100-rc.1.22431.12\TestHostNetFramework\testhost.exe
--- A detailed error log follows. 

=== Pre-bind state information ===
LOG: DisplayName = System.Threading.Tasks.Extensions, Version=4.2.0.0, Culture=neutral, PublicKeyToken=cc7b13ffcd2ddd51
 (Fully-specified)
LOG: Appbase = file:///S:/p/vstest3/artifacts/testArtifacts/dotnet/sdk/7.0.100-rc.1.22431.12/TestHostNetFramework/
LOG: Initial PrivatePath = NULL
Calling assembly : Microsoft.VisualStudio.TestPlatform.Common, Version=15.0.0.0, Culture=neutral, PublicKeyToken=b03f5f7f11d50a3a.
===
LOG: This bind starts in default load context.
LOG: Using application configuration file: S:\p\vstest3\artifacts\testArtifacts\dotnet\sdk\7.0.100-rc.1.22431.12\TestHostNetFramework\testhost.exe.Config
LOG: Using host configuration file: 
LOG: Using machine configuration file from C:\Windows\Microsoft.NET\Framework64\v4.0.30319\config\machine.config.
LOG: Post-policy reference: System.Threading.Tasks.Extensions, Version=4.2.0.0, Culture=neutral, PublicKeyToken=cc7b13ffcd2ddd51
LOG: Attempting download of new URL file:///S:/p/vstest3/artifacts/testArtifacts/dotnet/sdk/7.0.100-rc.1.22431.12/TestHostNetFramework/System.Threading.Tasks.Extensions.DLL.
LOG: Attempting download of new URL file:///S:/p/vstest3/artifacts/testArtifacts/dotnet/sdk/7.0.100-rc.1.22431.12/TestHostNetFramework/System.Threading.Tasks.Extensions/System.Threading.Tasks.Extensions.DLL.
LOG: Attempting download of new URL file:///S:/p/vstest3/artifacts/testArtifacts/dotnet/sdk/7.0.100-rc.1.22431.12/TestHostNetFramework/Extensions/System.Threading.Tasks.Extensions.DLL.
LOG: Attempting download of new URL file:///S:/p/vstest3/artifacts/testArtifacts/dotnet/sdk/7.0.100-rc.1.22431.12/TestHostNetFramework/Extensions/System.Threading.Tasks.Extensions/System.Threading.Tasks.Extensions.DLL.
LOG: Attempting download of new URL file:///S:/p/vstest3/artifacts/testArtifacts/dotnet/sdk/7.0.100-rc.1.22431.12/TestHostNetFramework/System.Threading.Tasks.Extensions.EXE.
LOG: Attempting download of new URL file:///S:/p/vstest3/artifacts/testArtifacts/dotnet/sdk/7.0.100-rc.1.22431.12/TestHostNetFramework/System.Threading.Tasks.Extensions/System.Threading.Tasks.Extensions.EXE.
LOG: Attempting download of new URL file:///S:/p/vstest3/artifacts/testArtifacts/dotnet/sdk/7.0.100-rc.1.22431.12/TestHostNetFramework/Extensions/System.Threading.Tasks.Extensions.EXE.
LOG: Attempting download of new URL file:///S:/p/vstest3/artifacts/testArtifacts/dotnet/sdk/7.0.100-rc.1.22431.12/TestHostNetFramework/Extensions/System.Threading.Tasks.Extensions/System.Threading.Tasks.Extensions.EXE.

TpTrace Information: 0 : 29220, 3, 2022/10/24, 16:25:06.553, 246532601476, testhost.exe, AssemblyResolver.OnResolve: Microsoft.TestPlatform.Extensions.BlameDataCollector: Resolving assembly.
TpTrace Information: 0 : 29220, 3, 2022/10/24, 16:25:06.553, 246532602326, testhost.exe, AssemblyResolver.OnResolve: Microsoft.TestPlatform.Extensions.BlameDataCollector: Searching in: 'S:\p\vstest3\artifacts\testArtifacts\dotnet\sdk\7.0.100-rc.1.22431.12\Extensions'.
TpTrace Information: 0 : 29220, 3, 2022/10/24, 16:25:06.554, 246532607901, testhost.exe, AssemblyResolver.OnResolve: Microsoft.TestPlatform.Extensions.BlameDataCollector: Loading assembly 'S:\p\vstest3\artifacts\testArtifacts\dotnet\sdk\7.0.100-rc.1.22431.12\Extensions\Microsoft.TestPlatform.Extensions.BlameDataCollector.dll'.
TpTrace Information: 0 : 29220, 3, 2022/10/24, 16:25:06.615, 246533214447, testhost.exe, AssemblyResolver.OnResolve: Resolved assembly: Microsoft.TestPlatform.Extensions.BlameDataCollector, from path: S:\p\vstest3\artifacts\testArtifacts\dotnet\sdk\7.0.100-rc.1.22431.12\Extensions\Microsoft.TestPlatform.Extensions.BlameDataCollector.dll
TpTrace Verbose: 0 : 29220, 3, 2022/10/24, 16:25:06.615, 246533216525, testhost.exe, MetadataReaderExtensionsHelper: Discovering extensions inside assembly 'Microsoft.TestPlatform.Extensions.BlameDataCollector, Version=15.0.0.0, Culture=neutral, PublicKeyToken=b03f5f7f11d50a3a' file path 'S:\p\vstest3\artifacts\testArtifacts\dotnet\sdk\7.0.100-rc.1.22431.12\Extensions\Microsoft.TestPlatform.Extensions.BlameDataCollector.dll'
TpTrace Information: 0 : 29220, 3, 2022/10/24, 16:25:06.796, 246535026833, testhost.exe, AssemblyResolver.OnResolve: Microsoft.TestPlatform.Extensions.EventLogCollector: Resolving assembly.
TpTrace Information: 0 : 29220, 3, 2022/10/24, 16:25:06.796, 246535027692, testhost.exe, AssemblyResolver.OnResolve: Microsoft.TestPlatform.Extensions.EventLogCollector: Searching in: 'S:\p\vstest3\artifacts\testArtifacts\dotnet\sdk\7.0.100-rc.1.22431.12\Extensions'.
TpTrace Information: 0 : 29220, 3, 2022/10/24, 16:25:06.796, 246535031752, testhost.exe, AssemblyResolver.OnResolve: Microsoft.TestPlatform.Extensions.EventLogCollector: Loading assembly 'S:\p\vstest3\artifacts\testArtifacts\dotnet\sdk\7.0.100-rc.1.22431.12\Extensions\Microsoft.TestPlatform.Extensions.EventLogCollector.dll'.
TpTrace Information: 0 : 29220, 3, 2022/10/24, 16:25:06.855, 246535613445, testhost.exe, AssemblyResolver.OnResolve: Resolved assembly: Microsoft.TestPlatform.Extensions.EventLogCollector, from path: S:\p\vstest3\artifacts\testArtifacts\dotnet\sdk\7.0.100-rc.1.22431.12\Extensions\Microsoft.TestPlatform.Extensions.EventLogCollector.dll
TpTrace Verbose: 0 : 29220, 3, 2022/10/24, 16:25:06.855, 246535615534, testhost.exe, MetadataReaderExtensionsHelper: Discovering extensions inside assembly 'Microsoft.TestPlatform.Extensions.EventLogCollector, Version=15.0.0.0, Culture=neutral, PublicKeyToken=b03f5f7f11d50a3a' file path 'S:\p\vstest3\artifacts\testArtifacts\dotnet\sdk\7.0.100-rc.1.22431.12\Extensions\Microsoft.TestPlatform.Extensions.EventLogCollector.dll'
TpTrace Verbose: 0 : 29220, 9, 2022/10/24, 16:25:06.900, 246536068266, testhost.exe, TcpClientExtensions.MessageLoopAsync: Polling on remoteEndPoint: 127.0.0.1:58003 localEndPoint: 127.0.0.1:58005
TpTrace Information: 0 : 29220, 3, 2022/10/24, 16:25:07.031, 246537382446, testhost.exe, AssemblyResolver.OnResolve: Microsoft.TestPlatform.TestHostRuntimeProvider: Resolving assembly.
TpTrace Information: 0 : 29220, 3, 2022/10/24, 16:25:07.032, 246537383406, testhost.exe, AssemblyResolver.OnResolve: Microsoft.TestPlatform.TestHostRuntimeProvider: Searching in: 'S:\p\vstest3\artifacts\testArtifacts\dotnet\sdk\7.0.100-rc.1.22431.12\Extensions'.
TpTrace Information: 0 : 29220, 3, 2022/10/24, 16:25:07.032, 246537388466, testhost.exe, AssemblyResolver.OnResolve: Microsoft.TestPlatform.TestHostRuntimeProvider: Loading assembly 'S:\p\vstest3\artifacts\testArtifacts\dotnet\sdk\7.0.100-rc.1.22431.12\Extensions\Microsoft.TestPlatform.TestHostRuntimeProvider.dll'.
TpTrace Information: 0 : 29220, 3, 2022/10/24, 16:25:07.090, 246537966879, testhost.exe, AssemblyResolver.OnResolve: Resolved assembly: Microsoft.TestPlatform.TestHostRuntimeProvider, from path: S:\p\vstest3\artifacts\testArtifacts\dotnet\sdk\7.0.100-rc.1.22431.12\Extensions\Microsoft.TestPlatform.TestHostRuntimeProvider.dll
TpTrace Verbose: 0 : 29220, 3, 2022/10/24, 16:25:07.090, 246537968977, testhost.exe, MetadataReaderExtensionsHelper: Discovering extensions inside assembly 'Microsoft.TestPlatform.TestHostRuntimeProvider, Version=15.0.0.0, Culture=neutral, PublicKeyToken=b03f5f7f11d50a3a' file path 'S:\p\vstest3\artifacts\testArtifacts\dotnet\sdk\7.0.100-rc.1.22431.12\Extensions\Microsoft.TestPlatform.TestHostRuntimeProvider.dll'
TpTrace Information: 0 : 29220, 3, 2022/10/24, 16:25:07.267, 246539734369, testhost.exe, AssemblyResolver.OnResolve: Microsoft.VisualStudio.TestPlatform.Extensions.Html.TestLogger: Resolving assembly.
TpTrace Information: 0 : 29220, 3, 2022/10/24, 16:25:07.267, 246539735366, testhost.exe, AssemblyResolver.OnResolve: Microsoft.VisualStudio.TestPlatform.Extensions.Html.TestLogger: Searching in: 'S:\p\vstest3\artifacts\testArtifacts\dotnet\sdk\7.0.100-rc.1.22431.12\Extensions'.
TpTrace Information: 0 : 29220, 3, 2022/10/24, 16:25:07.267, 246539740667, testhost.exe, AssemblyResolver.OnResolve: Microsoft.VisualStudio.TestPlatform.Extensions.Html.TestLogger: Loading assembly 'S:\p\vstest3\artifacts\testArtifacts\dotnet\sdk\7.0.100-rc.1.22431.12\Extensions\Microsoft.VisualStudio.TestPlatform.Extensions.Html.TestLogger.dll'.
TpTrace Information: 0 : 29220, 3, 2022/10/24, 16:25:07.327, 246540335347, testhost.exe, AssemblyResolver.OnResolve: Resolved assembly: Microsoft.VisualStudio.TestPlatform.Extensions.Html.TestLogger, from path: S:\p\vstest3\artifacts\testArtifacts\dotnet\sdk\7.0.100-rc.1.22431.12\Extensions\Microsoft.VisualStudio.TestPlatform.Extensions.Html.TestLogger.dll
TpTrace Verbose: 0 : 29220, 3, 2022/10/24, 16:25:07.327, 246540337265, testhost.exe, MetadataReaderExtensionsHelper: Discovering extensions inside assembly 'Microsoft.VisualStudio.TestPlatform.Extensions.Html.TestLogger, Version=15.0.0.0, Culture=neutral, PublicKeyToken=b03f5f7f11d50a3a' file path 'S:\p\vstest3\artifacts\testArtifacts\dotnet\sdk\7.0.100-rc.1.22431.12\Extensions\Microsoft.VisualStudio.TestPlatform.Extensions.Html.TestLogger.dll'
TpTrace Information: 0 : 29220, 3, 2022/10/24, 16:25:07.505, 246542112055, testhost.exe, AssemblyResolver.OnResolve: Microsoft.VisualStudio.TestPlatform.Extensions.Trx.TestLogger: Resolving assembly.
TpTrace Information: 0 : 29220, 3, 2022/10/24, 16:25:07.505, 246542112953, testhost.exe, AssemblyResolver.OnResolve: Microsoft.VisualStudio.TestPlatform.Extensions.Trx.TestLogger: Searching in: 'S:\p\vstest3\artifacts\testArtifacts\dotnet\sdk\7.0.100-rc.1.22431.12\Extensions'.
TpTrace Information: 0 : 29220, 3, 2022/10/24, 16:25:07.505, 246542118114, testhost.exe, AssemblyResolver.OnResolve: Microsoft.VisualStudio.TestPlatform.Extensions.Trx.TestLogger: Loading assembly 'S:\p\vstest3\artifacts\testArtifacts\dotnet\sdk\7.0.100-rc.1.22431.12\Extensions\Microsoft.VisualStudio.TestPlatform.Extensions.Trx.TestLogger.dll'.
TpTrace Information: 0 : 29220, 3, 2022/10/24, 16:25:07.566, 246542723353, testhost.exe, AssemblyResolver.OnResolve: Resolved assembly: Microsoft.VisualStudio.TestPlatform.Extensions.Trx.TestLogger, from path: S:\p\vstest3\artifacts\testArtifacts\dotnet\sdk\7.0.100-rc.1.22431.12\Extensions\Microsoft.VisualStudio.TestPlatform.Extensions.Trx.TestLogger.dll
TpTrace Verbose: 0 : 29220, 3, 2022/10/24, 16:25:07.566, 246542725354, testhost.exe, MetadataReaderExtensionsHelper: Discovering extensions inside assembly 'Microsoft.VisualStudio.TestPlatform.Extensions.Trx.TestLogger, Version=15.0.0.0, Culture=neutral, PublicKeyToken=b03f5f7f11d50a3a' file path 'S:\p\vstest3\artifacts\testArtifacts\dotnet\sdk\7.0.100-rc.1.22431.12\Extensions\Microsoft.VisualStudio.TestPlatform.Extensions.Trx.TestLogger.dll'
TpTrace Information: 0 : 29220, 3, 2022/10/24, 16:25:07.652, 246543583104, testhost.exe, AssemblyResolver.OnResolve: Microsoft.VisualStudio.TestPlatform.MSTest.TestAdapter: Resolving assembly.
TpTrace Information: 0 : 29220, 3, 2022/10/24, 16:25:07.652, 246543584455, testhost.exe, AssemblyResolver.OnResolve: Microsoft.VisualStudio.TestPlatform.MSTest.TestAdapter: Searching in: 'S:\p\vstest3\artifacts\testArtifacts\dotnet\sdk\7.0.100-rc.1.22431.12\Extensions'.
TpTrace Information: 0 : 29220, 3, 2022/10/24, 16:25:07.652, 246543585333, testhost.exe, AssemblyResolver.OnResolve: Microsoft.VisualStudio.TestPlatform.MSTest.TestAdapter: Assembly path does not exist: 'S:\p\vstest3\artifacts\testArtifacts\dotnet\sdk\7.0.100-rc.1.22431.12\Extensions\Microsoft.VisualStudio.TestPlatform.MSTest.TestAdapter.dll', returning.
TpTrace Information: 0 : 29220, 3, 2022/10/24, 16:25:07.652, 246543585782, testhost.exe, AssemblyResolver.OnResolve: Microsoft.VisualStudio.TestPlatform.MSTest.TestAdapter: Assembly path does not exist: 'S:\p\vstest3\artifacts\testArtifacts\dotnet\sdk\7.0.100-rc.1.22431.12\Extensions\Microsoft.VisualStudio.TestPlatform.MSTest.TestAdapter.exe', returning.
TpTrace Information: 0 : 29220, 3, 2022/10/24, 16:25:07.652, 246543586150, testhost.exe, AssemblyResolver.OnResolve: Microsoft.VisualStudio.TestPlatform.MSTest.TestAdapter: Searching in: 'C:\Users\jajares\AppData\Local\Temp\vstest\gluTv\bin\Debug\net462'.
TpTrace Information: 0 : 29220, 3, 2022/10/24, 16:25:07.716, 246544224243, testhost.exe, AssemblyResolver.OnResolve: Microsoft.VisualStudio.TestPlatform.MSTest.TestAdapter: Loading assembly 'C:\Users\jajares\AppData\Local\Temp\vstest\gluTv\bin\Debug\net462\Microsoft.VisualStudio.TestPlatform.MSTest.TestAdapter.dll'.
TpTrace Information: 0 : 29220, 3, 2022/10/24, 16:25:07.737, 246544431661, testhost.exe, AssemblyResolver.OnResolve: Resolved assembly: Microsoft.VisualStudio.TestPlatform.MSTest.TestAdapter, from path: C:\Users\jajares\AppData\Local\Temp\vstest\gluTv\bin\Debug\net462\Microsoft.VisualStudio.TestPlatform.MSTest.TestAdapter.dll
TpTrace Verbose: 0 : 29220, 3, 2022/10/24, 16:25:07.737, 246544433721, testhost.exe, MetadataReaderExtensionsHelper: Discovering extensions inside assembly 'Microsoft.VisualStudio.TestPlatform.MSTest.TestAdapter, Version=14.0.0.0, Culture=neutral, PublicKeyToken=b03f5f7f11d50a3a' file path 'C:\Users\jajares\AppData\Local\Temp\vstest\gluTv\bin\Debug\net462\Microsoft.VisualStudio.TestPlatform.MSTest.TestAdapter.dll'
TpTrace Verbose: 0 : 29220, 9, 2022/10/24, 16:25:07.901, 246546071787, testhost.exe, TcpClientExtensions.MessageLoopAsync: Polling on remoteEndPoint: 127.0.0.1:58003 localEndPoint: 127.0.0.1:58005
TpTrace Information: 0 : 29220, 3, 2022/10/24, 16:25:08.235, 246549411537, testhost.exe, GetTestExtensionFromType: Register extension with identifier data 'executor://MSTestAdapter/v2' and type 'Microsoft.VisualStudio.TestPlatform.MSTest.TestAdapter.MSTestExecutor, Microsoft.VisualStudio.TestPlatform.MSTest.TestAdapter, Version=14.0.0.0, Culture=neutral, PublicKeyToken=b03f5f7f11d50a3a' inside file 'C:\Users\jajares\AppData\Local\Temp\vstest\gluTv\bin\Debug\net462\Microsoft.VisualStudio.TestPlatform.MSTest.TestAdapter.dll'
TpTrace Verbose: 0 : 29220, 3, 2022/10/24, 16:25:08.238, 246549446588, testhost.exe, TestPluginCache: Discovered the extensions using extension path ''.
TpTrace Verbose: 0 : 29220, 3, 2022/10/24, 16:25:08.240, 246549460200, testhost.exe, TestPluginCache: Discoverers are ''.
TpTrace Verbose: 0 : 29220, 3, 2022/10/24, 16:25:08.240, 246549460628, testhost.exe, TestPluginCache: Executors are 'executor://MSTestAdapter/v2'.
TpTrace Verbose: 0 : 29220, 3, 2022/10/24, 16:25:08.240, 246549460890, testhost.exe, TestPluginCache: Executors2 are ''.
TpTrace Verbose: 0 : 29220, 3, 2022/10/24, 16:25:08.240, 246549461071, testhost.exe, TestPluginCache: Setting providers are ''.
TpTrace Verbose: 0 : 29220, 3, 2022/10/24, 16:25:08.240, 246549461230, testhost.exe, TestPluginCache: Loggers are ''.
TpTrace Verbose: 0 : 29220, 3, 2022/10/24, 16:25:08.240, 246549461420, testhost.exe, TestPluginCache: TestHosts are ''.
TpTrace Verbose: 0 : 29220, 3, 2022/10/24, 16:25:08.240, 246549461576, testhost.exe, TestPluginCache: DataCollectors are ''.
TpTrace Verbose: 0 : 29220, 3, 2022/10/24, 16:25:08.242, 246549486583, testhost.exe, TestPluginCache.DiscoverTestExtensions: finding test extensions in assemblies ends with: TestAdapter.dll TPluginInfo: Microsoft.VisualStudio.TestPlatform.Common.ExtensionFramework.Utilities.TestExecutorPluginInformation2 TExtension: Microsoft.VisualStudio.TestPlatform.ObjectModel.Adapter.ITestExecutor2
TpTrace Verbose: 0 : 29220, 3, 2022/10/24, 16:25:08.243, 246549489100, testhost.exe, TestPluginCache.GetExtensionPaths: Filtered extension paths: 
TpTrace Verbose: 0 : 29220, 3, 2022/10/24, 16:25:08.243, 246549489476, testhost.exe, TestPluginCache.GetExtensionPaths: Added default extension paths: S:\p\vstest3\artifacts\testArtifacts\dotnet\sdk\7.0.100-rc.1.22431.12\Extensions\Microsoft.Diagnostics.NETCore.Client.dll
S:\p\vstest3\artifacts\testArtifacts\dotnet\sdk\7.0.100-rc.1.22431.12\Extensions\Microsoft.TestPlatform.Extensions.BlameDataCollector.dll
S:\p\vstest3\artifacts\testArtifacts\dotnet\sdk\7.0.100-rc.1.22431.12\Extensions\Microsoft.TestPlatform.Extensions.EventLogCollector.dll
S:\p\vstest3\artifacts\testArtifacts\dotnet\sdk\7.0.100-rc.1.22431.12\Extensions\Microsoft.TestPlatform.TestHostRuntimeProvider.dll
S:\p\vstest3\artifacts\testArtifacts\dotnet\sdk\7.0.100-rc.1.22431.12\Extensions\Microsoft.VisualStudio.TestPlatform.Extensions.Html.TestLogger.dll
S:\p\vstest3\artifacts\testArtifacts\dotnet\sdk\7.0.100-rc.1.22431.12\Extensions\Microsoft.VisualStudio.TestPlatform.Extensions.Trx.TestLogger.dll
C:\Users\jajares\AppData\Local\Temp\vstest\gluTv\bin\Debug\net462\Microsoft.VisualStudio.TestPlatform.MSTest.TestAdapter.dll
TpTrace Verbose: 0 : 29220, 3, 2022/10/24, 16:25:08.243, 246549489766, testhost.exe, TestPluginCache.GetExtensionPaths: Added unfilterableExtensionPaths: 
TpTrace Information: 0 : 29220, 3, 2022/10/24, 16:25:08.243, 246549490771, testhost.exe, AssemblyResolver.AddSearchDirectories: Adding more searchDirectories S:\p\vstest3\artifacts\testArtifacts\dotnet\sdk\7.0.100-rc.1.22431.12\Extensions,C:\Users\jajares\AppData\Local\Temp\vstest\gluTv\bin\Debug\net462,S:\p\vstest3\artifacts\testArtifacts\dotnet\sdk\7.0.100-rc.1.22431.12\TestHostNetFramework
TpTrace Verbose: 0 : 29220, 3, 2022/10/24, 16:25:08.243, 246549491052, testhost.exe, TestPluginCache.DiscoverTestExtensions: Discovering the extensions using extension path.
TpTrace Verbose: 0 : 29220, 3, 2022/10/24, 16:25:08.243, 246549491241, testhost.exe, TestPluginCache.GetExtensionPaths: Filtered extension paths: 
TpTrace Verbose: 0 : 29220, 3, 2022/10/24, 16:25:08.243, 246549491441, testhost.exe, TestPluginCache.GetExtensionPaths: Added default extension paths: S:\p\vstest3\artifacts\testArtifacts\dotnet\sdk\7.0.100-rc.1.22431.12\Extensions\Microsoft.Diagnostics.NETCore.Client.dll
S:\p\vstest3\artifacts\testArtifacts\dotnet\sdk\7.0.100-rc.1.22431.12\Extensions\Microsoft.TestPlatform.Extensions.BlameDataCollector.dll
S:\p\vstest3\artifacts\testArtifacts\dotnet\sdk\7.0.100-rc.1.22431.12\Extensions\Microsoft.TestPlatform.Extensions.EventLogCollector.dll
S:\p\vstest3\artifacts\testArtifacts\dotnet\sdk\7.0.100-rc.1.22431.12\Extensions\Microsoft.TestPlatform.TestHostRuntimeProvider.dll
S:\p\vstest3\artifacts\testArtifacts\dotnet\sdk\7.0.100-rc.1.22431.12\Extensions\Microsoft.VisualStudio.TestPlatform.Extensions.Html.TestLogger.dll
S:\p\vstest3\artifacts\testArtifacts\dotnet\sdk\7.0.100-rc.1.22431.12\Extensions\Microsoft.VisualStudio.TestPlatform.Extensions.Trx.TestLogger.dll
C:\Users\jajares\AppData\Local\Temp\vstest\gluTv\bin\Debug\net462\Microsoft.VisualStudio.TestPlatform.MSTest.TestAdapter.dll
TpTrace Verbose: 0 : 29220, 3, 2022/10/24, 16:25:08.243, 246549491706, testhost.exe, TestPluginCache.GetExtensionPaths: Added unfilterableExtensionPaths: 
TpTrace Verbose: 0 : 29220, 3, 2022/10/24, 16:25:08.243, 246549491935, testhost.exe, TestPluginCache.DiscoverTestExtensions: Discovering the extensions using allExtensionPaths: S:\p\vstest3\artifacts\testArtifacts\dotnet\sdk\7.0.100-rc.1.22431.12\Extensions\Microsoft.Diagnostics.NETCore.Client.dll
S:\p\vstest3\artifacts\testArtifacts\dotnet\sdk\7.0.100-rc.1.22431.12\Extensions\Microsoft.TestPlatform.Extensions.BlameDataCollector.dll
S:\p\vstest3\artifacts\testArtifacts\dotnet\sdk\7.0.100-rc.1.22431.12\Extensions\Microsoft.TestPlatform.Extensions.EventLogCollector.dll
S:\p\vstest3\artifacts\testArtifacts\dotnet\sdk\7.0.100-rc.1.22431.12\Extensions\Microsoft.TestPlatform.TestHostRuntimeProvider.dll
S:\p\vstest3\artifacts\testArtifacts\dotnet\sdk\7.0.100-rc.1.22431.12\Extensions\Microsoft.VisualStudio.TestPlatform.Extensions.Html.TestLogger.dll
S:\p\vstest3\artifacts\testArtifacts\dotnet\sdk\7.0.100-rc.1.22431.12\Extensions\Microsoft.VisualStudio.TestPlatform.Extensions.Trx.TestLogger.dll
C:\Users\jajares\AppData\Local\Temp\vstest\gluTv\bin\Debug\net462\Microsoft.VisualStudio.TestPlatform.MSTest.TestAdapter.dll
TpTrace Information: 0 : 29220, 3, 2022/10/24, 16:25:08.243, 246549492403, testhost.exe, AssemblyResolver.AddSearchDirectories: Adding more searchDirectories S:\p\vstest3\artifacts\testArtifacts\dotnet\sdk\7.0.100-rc.1.22431.12\Extensions,S:\p\vstest3\artifacts\testArtifacts\dotnet\sdk\7.0.100-rc.1.22431.12\TestHostNetFramework
TpTrace Information: 0 : 29220, 3, 2022/10/24, 16:25:08.243, 246549492711, testhost.exe, AssemblyResolver.AddSearchDirectories: Adding more searchDirectories S:\p\vstest3\artifacts\testArtifacts\dotnet\sdk\7.0.100-rc.1.22431.12\Extensions,S:\p\vstest3\artifacts\testArtifacts\dotnet\sdk\7.0.100-rc.1.22431.12\TestHostNetFramework
TpTrace Information: 0 : 29220, 3, 2022/10/24, 16:25:08.243, 246549492975, testhost.exe, AssemblyResolver.AddSearchDirectories: Adding more searchDirectories S:\p\vstest3\artifacts\testArtifacts\dotnet\sdk\7.0.100-rc.1.22431.12\Extensions,S:\p\vstest3\artifacts\testArtifacts\dotnet\sdk\7.0.100-rc.1.22431.12\TestHostNetFramework
TpTrace Information: 0 : 29220, 3, 2022/10/24, 16:25:08.243, 246549493235, testhost.exe, AssemblyResolver.AddSearchDirectories: Adding more searchDirectories S:\p\vstest3\artifacts\testArtifacts\dotnet\sdk\7.0.100-rc.1.22431.12\Extensions,S:\p\vstest3\artifacts\testArtifacts\dotnet\sdk\7.0.100-rc.1.22431.12\TestHostNetFramework
TpTrace Information: 0 : 29220, 3, 2022/10/24, 16:25:08.243, 246549493473, testhost.exe, AssemblyResolver.AddSearchDirectories: Adding more searchDirectories S:\p\vstest3\artifacts\testArtifacts\dotnet\sdk\7.0.100-rc.1.22431.12\Extensions,S:\p\vstest3\artifacts\testArtifacts\dotnet\sdk\7.0.100-rc.1.22431.12\TestHostNetFramework
TpTrace Information: 0 : 29220, 3, 2022/10/24, 16:25:08.243, 246549493734, testhost.exe, AssemblyResolver.AddSearchDirectories: Adding more searchDirectories S:\p\vstest3\artifacts\testArtifacts\dotnet\sdk\7.0.100-rc.1.22431.12\Extensions,S:\p\vstest3\artifacts\testArtifacts\dotnet\sdk\7.0.100-rc.1.22431.12\TestHostNetFramework
TpTrace Information: 0 : 29220, 3, 2022/10/24, 16:25:08.243, 246549493997, testhost.exe, AssemblyResolver.AddSearchDirectories: Adding more searchDirectories C:\Users\jajares\AppData\Local\Temp\vstest\gluTv\bin\Debug\net462,S:\p\vstest3\artifacts\testArtifacts\dotnet\sdk\7.0.100-rc.1.22431.12\TestHostNetFramework
TpTrace Verbose: 0 : 29220, 3, 2022/10/24, 16:25:08.243, 246549495108, testhost.exe, MetadataReaderExtensionsHelper: Discovering extensions inside assembly 'Microsoft.Diagnostics.NETCore.Client, Version=0.2.5.801, Culture=neutral, PublicKeyToken=31bf3856ad364e35' file path 'S:\p\vstest3\artifacts\testArtifacts\dotnet\sdk\7.0.100-rc.1.22431.12\Extensions\Microsoft.Diagnostics.NETCore.Client.dll'
TpTrace Warning: 0 : 29220, 3, 2022/10/24, 16:25:08.245, 246549517922, testhost.exe, TestPluginDiscoverer: Failed to get types from assembly 'Microsoft.Diagnostics.NETCore.Client, Version=0.2.5.801, Culture=neutral, PublicKeyToken=31bf3856ad364e35'. Error: System.Reflection.ReflectionTypeLoadException: Unable to load one or more of the requested types. Retrieve the LoaderExceptions property for more information.
   at System.Reflection.RuntimeModule.GetTypes(RuntimeModule module)
   at System.Reflection.RuntimeModule.GetTypes()
   at System.Reflection.Assembly.GetTypes()
   at Microsoft.VisualStudio.TestPlatform.Common.ExtensionFramework.TestPluginDiscoverer.GetTestExtensionsFromAssembly[TPluginInfo,TExtension](Assembly assembly, Dictionary`2 pluginInfos, String filePath)
TpTrace Warning: 0 : 29220, 3, 2022/10/24, 16:25:08.246, 246549519363, testhost.exe, LoaderExceptions: System.IO.FileNotFoundException: Could not load file or assembly 'Microsoft.Bcl.AsyncInterfaces, Version=1.0.0.0, Culture=neutral, PublicKeyToken=cc7b13ffcd2ddd51' or one of its dependencies. The system cannot find the file specified.
File name: 'Microsoft.Bcl.AsyncInterfaces, Version=1.0.0.0, Culture=neutral, PublicKeyToken=cc7b13ffcd2ddd51'
   at System.Reflection.RuntimeAssembly._nLoad(AssemblyName fileName, String codeBase, Evidence assemblySecurity, RuntimeAssembly locationHint, StackCrawlMark& stackMark, IntPtr pPrivHostBinder, Boolean throwOnFileNotFound, Boolean forIntrospection, Boolean suppressSecurityChecks)
   at System.Reflection.RuntimeAssembly.InternalLoadAssemblyName(AssemblyName assemblyRef, Evidence assemblySecurity, RuntimeAssembly reqAssembly, StackCrawlMark& stackMark, IntPtr pPrivHostBinder, Boolean throwOnFileNotFound, Boolean forIntrospection, Boolean suppressSecurityChecks)
   at System.Reflection.Assembly.Load(AssemblyName assemblyRef)
   at Microsoft.VisualStudio.TestPlatform.Common.ExtensionFramework.TestPluginCache.CurrentDomainAssemblyResolve(Object sender, AssemblyResolveEventArgs args)
   at System.AppDomain.OnAssemblyResolveEvent(RuntimeAssembly assembly, String assemblyFullName)

Assembly manager loaded from:  C:\Windows\Microsoft.NET\Framework64\v4.0.30319\clr.dll
Running under executable  S:\p\vstest3\artifacts\testArtifacts\dotnet\sdk\7.0.100-rc.1.22431.12\TestHostNetFramework\testhost.exe
--- A detailed error log follows. 

=== Pre-bind state information ===
LOG: DisplayName = Microsoft.Bcl.AsyncInterfaces, Version=1.0.0.0, Culture=neutral, PublicKeyToken=cc7b13ffcd2ddd51
 (Fully-specified)
LOG: Appbase = file:///S:/p/vstest3/artifacts/testArtifacts/dotnet/sdk/7.0.100-rc.1.22431.12/TestHostNetFramework/
LOG: Initial PrivatePath = NULL
Calling assembly : Microsoft.VisualStudio.TestPlatform.Common, Version=15.0.0.0, Culture=neutral, PublicKeyToken=b03f5f7f11d50a3a.
===
LOG: This bind starts in default load context.
LOG: Using application configuration file: S:\p\vstest3\artifacts\testArtifacts\dotnet\sdk\7.0.100-rc.1.22431.12\TestHostNetFramework\testhost.exe.Config
LOG: Using host configuration file: 
LOG: Using machine configuration file from C:\Windows\Microsoft.NET\Framework64\v4.0.30319\config\machine.config.
LOG: Post-policy reference: Microsoft.Bcl.AsyncInterfaces, Version=1.0.0.0, Culture=neutral, PublicKeyToken=cc7b13ffcd2ddd51
LOG: Attempting download of new URL file:///S:/p/vstest3/artifacts/testArtifacts/dotnet/sdk/7.0.100-rc.1.22431.12/TestHostNetFramework/Microsoft.Bcl.AsyncInterfaces.DLL.
LOG: Attempting download of new URL file:///S:/p/vstest3/artifacts/testArtifacts/dotnet/sdk/7.0.100-rc.1.22431.12/TestHostNetFramework/Microsoft.Bcl.AsyncInterfaces/Microsoft.Bcl.AsyncInterfaces.DLL.
LOG: Attempting download of new URL file:///S:/p/vstest3/artifacts/testArtifacts/dotnet/sdk/7.0.100-rc.1.22431.12/TestHostNetFramework/Extensions/Microsoft.Bcl.AsyncInterfaces.DLL.
LOG: Attempting download of new URL file:///S:/p/vstest3/artifacts/testArtifacts/dotnet/sdk/7.0.100-rc.1.22431.12/TestHostNetFramework/Extensions/Microsoft.Bcl.AsyncInterfaces/Microsoft.Bcl.AsyncInterfaces.DLL.
LOG: Attempting download of new URL file:///S:/p/vstest3/artifacts/testArtifacts/dotnet/sdk/7.0.100-rc.1.22431.12/TestHostNetFramework/Microsoft.Bcl.AsyncInterfaces.EXE.
LOG: Attempting download of new URL file:///S:/p/vstest3/artifacts/testArtifacts/dotnet/sdk/7.0.100-rc.1.22431.12/TestHostNetFramework/Microsoft.Bcl.AsyncInterfaces/Microsoft.Bcl.AsyncInterfaces.EXE.
LOG: Attempting download of new URL file:///S:/p/vstest3/artifacts/testArtifacts/dotnet/sdk/7.0.100-rc.1.22431.12/TestHostNetFramework/Extensions/Microsoft.Bcl.AsyncInterfaces.EXE.
LOG: Attempting download of new URL file:///S:/p/vstest3/artifacts/testArtifacts/dotnet/sdk/7.0.100-rc.1.22431.12/TestHostNetFramework/Extensions/Microsoft.Bcl.AsyncInterfaces/Microsoft.Bcl.AsyncInterfaces.EXE.

TpTrace Warning: 0 : 29220, 3, 2022/10/24, 16:25:08.246, 246549520890, testhost.exe, LoaderExceptions: System.IO.FileNotFoundException: Could not load file or assembly 'System.Threading.Tasks.Extensions, Version=4.2.0.0, Culture=neutral, PublicKeyToken=cc7b13ffcd2ddd51' or one of its dependencies. The system cannot find the file specified.
File name: 'System.Threading.Tasks.Extensions, Version=4.2.0.0, Culture=neutral, PublicKeyToken=cc7b13ffcd2ddd51'
   at System.Reflection.RuntimeAssembly._nLoad(AssemblyName fileName, String codeBase, Evidence assemblySecurity, RuntimeAssembly locationHint, StackCrawlMark& stackMark, IntPtr pPrivHostBinder, Boolean throwOnFileNotFound, Boolean forIntrospection, Boolean suppressSecurityChecks)
   at System.Reflection.RuntimeAssembly.InternalLoadAssemblyName(AssemblyName assemblyRef, Evidence assemblySecurity, RuntimeAssembly reqAssembly, StackCrawlMark& stackMark, IntPtr pPrivHostBinder, Boolean throwOnFileNotFound, Boolean forIntrospection, Boolean suppressSecurityChecks)
   at System.Reflection.Assembly.Load(AssemblyName assemblyRef)
   at Microsoft.VisualStudio.TestPlatform.Common.ExtensionFramework.TestPluginCache.CurrentDomainAssemblyResolve(Object sender, AssemblyResolveEventArgs args)
   at System.AppDomain.OnAssemblyResolveEvent(RuntimeAssembly assembly, String assemblyFullName)

Assembly manager loaded from:  C:\Windows\Microsoft.NET\Framework64\v4.0.30319\clr.dll
Running under executable  S:\p\vstest3\artifacts\testArtifacts\dotnet\sdk\7.0.100-rc.1.22431.12\TestHostNetFramework\testhost.exe
--- A detailed error log follows. 

=== Pre-bind state information ===
LOG: DisplayName = System.Threading.Tasks.Extensions, Version=4.2.0.0, Culture=neutral, PublicKeyToken=cc7b13ffcd2ddd51
 (Fully-specified)
LOG: Appbase = file:///S:/p/vstest3/artifacts/testArtifacts/dotnet/sdk/7.0.100-rc.1.22431.12/TestHostNetFramework/
LOG: Initial PrivatePath = NULL
Calling assembly : Microsoft.VisualStudio.TestPlatform.Common, Version=15.0.0.0, Culture=neutral, PublicKeyToken=b03f5f7f11d50a3a.
===
LOG: This bind starts in default load context.
LOG: Using application configuration file: S:\p\vstest3\artifacts\testArtifacts\dotnet\sdk\7.0.100-rc.1.22431.12\TestHostNetFramework\testhost.exe.Config
LOG: Using host configuration file: 
LOG: Using machine configuration file from C:\Windows\Microsoft.NET\Framework64\v4.0.30319\config\machine.config.
LOG: Post-policy reference: System.Threading.Tasks.Extensions, Version=4.2.0.0, Culture=neutral, PublicKeyToken=cc7b13ffcd2ddd51
LOG: Attempting download of new URL file:///S:/p/vstest3/artifacts/testArtifacts/dotnet/sdk/7.0.100-rc.1.22431.12/TestHostNetFramework/System.Threading.Tasks.Extensions.DLL.
LOG: Attempting download of new URL file:///S:/p/vstest3/artifacts/testArtifacts/dotnet/sdk/7.0.100-rc.1.22431.12/TestHostNetFramework/System.Threading.Tasks.Extensions/System.Threading.Tasks.Extensions.DLL.
LOG: Attempting download of new URL file:///S:/p/vstest3/artifacts/testArtifacts/dotnet/sdk/7.0.100-rc.1.22431.12/TestHostNetFramework/Extensions/System.Threading.Tasks.Extensions.DLL.
LOG: Attempting download of new URL file:///S:/p/vstest3/artifacts/testArtifacts/dotnet/sdk/7.0.100-rc.1.22431.12/TestHostNetFramework/Extensions/System.Threading.Tasks.Extensions/System.Threading.Tasks.Extensions.DLL.
LOG: Attempting download of new URL file:///S:/p/vstest3/artifacts/testArtifacts/dotnet/sdk/7.0.100-rc.1.22431.12/TestHostNetFramework/System.Threading.Tasks.Extensions.EXE.
LOG: Attempting download of new URL file:///S:/p/vstest3/artifacts/testArtifacts/dotnet/sdk/7.0.100-rc.1.22431.12/TestHostNetFramework/System.Threading.Tasks.Extensions/System.Threading.Tasks.Extensions.EXE.
LOG: Attempting download of new URL file:///S:/p/vstest3/artifacts/testArtifacts/dotnet/sdk/7.0.100-rc.1.22431.12/TestHostNetFramework/Extensions/System.Threading.Tasks.Extensions.EXE.
LOG: Attempting download of new URL file:///S:/p/vstest3/artifacts/testArtifacts/dotnet/sdk/7.0.100-rc.1.22431.12/TestHostNetFramework/Extensions/System.Threading.Tasks.Extensions/System.Threading.Tasks.Extensions.EXE.

TpTrace Warning: 0 : 29220, 3, 2022/10/24, 16:25:08.246, 246549522249, testhost.exe, LoaderExceptions: System.IO.FileNotFoundException: Could not load file or assembly 'System.Threading.Tasks.Extensions, Version=4.2.0.0, Culture=neutral, PublicKeyToken=cc7b13ffcd2ddd51' or one of its dependencies. The system cannot find the file specified.
File name: 'System.Threading.Tasks.Extensions, Version=4.2.0.0, Culture=neutral, PublicKeyToken=cc7b13ffcd2ddd51'
   at System.Reflection.RuntimeAssembly._nLoad(AssemblyName fileName, String codeBase, Evidence assemblySecurity, RuntimeAssembly locationHint, StackCrawlMark& stackMark, IntPtr pPrivHostBinder, Boolean throwOnFileNotFound, Boolean forIntrospection, Boolean suppressSecurityChecks)
   at System.Reflection.RuntimeAssembly.InternalLoadAssemblyName(AssemblyName assemblyRef, Evidence assemblySecurity, RuntimeAssembly reqAssembly, StackCrawlMark& stackMark, IntPtr pPrivHostBinder, Boolean throwOnFileNotFound, Boolean forIntrospection, Boolean suppressSecurityChecks)
   at System.Reflection.Assembly.Load(AssemblyName assemblyRef)
   at Microsoft.VisualStudio.TestPlatform.Common.ExtensionFramework.TestPluginCache.CurrentDomainAssemblyResolve(Object sender, AssemblyResolveEventArgs args)
   at System.AppDomain.OnAssemblyResolveEvent(RuntimeAssembly assembly, String assemblyFullName)

Assembly manager loaded from:  C:\Windows\Microsoft.NET\Framework64\v4.0.30319\clr.dll
Running under executable  S:\p\vstest3\artifacts\testArtifacts\dotnet\sdk\7.0.100-rc.1.22431.12\TestHostNetFramework\testhost.exe
--- A detailed error log follows. 

=== Pre-bind state information ===
LOG: DisplayName = System.Threading.Tasks.Extensions, Version=4.2.0.0, Culture=neutral, PublicKeyToken=cc7b13ffcd2ddd51
 (Fully-specified)
LOG: Appbase = file:///S:/p/vstest3/artifacts/testArtifacts/dotnet/sdk/7.0.100-rc.1.22431.12/TestHostNetFramework/
LOG: Initial PrivatePath = NULL
Calling assembly : Microsoft.VisualStudio.TestPlatform.Common, Version=15.0.0.0, Culture=neutral, PublicKeyToken=b03f5f7f11d50a3a.
===
LOG: This bind starts in default load context.
LOG: Using application configuration file: S:\p\vstest3\artifacts\testArtifacts\dotnet\sdk\7.0.100-rc.1.22431.12\TestHostNetFramework\testhost.exe.Config
LOG: Using host configuration file: 
LOG: Using machine configuration file from C:\Windows\Microsoft.NET\Framework64\v4.0.30319\config\machine.config.
LOG: Post-policy reference: System.Threading.Tasks.Extensions, Version=4.2.0.0, Culture=neutral, PublicKeyToken=cc7b13ffcd2ddd51
LOG: Attempting download of new URL file:///S:/p/vstest3/artifacts/testArtifacts/dotnet/sdk/7.0.100-rc.1.22431.12/TestHostNetFramework/System.Threading.Tasks.Extensions.DLL.
LOG: Attempting download of new URL file:///S:/p/vstest3/artifacts/testArtifacts/dotnet/sdk/7.0.100-rc.1.22431.12/TestHostNetFramework/System.Threading.Tasks.Extensions/System.Threading.Tasks.Extensions.DLL.
LOG: Attempting download of new URL file:///S:/p/vstest3/artifacts/testArtifacts/dotnet/sdk/7.0.100-rc.1.22431.12/TestHostNetFramework/Extensions/System.Threading.Tasks.Extensions.DLL.
LOG: Attempting download of new URL file:///S:/p/vstest3/artifacts/testArtifacts/dotnet/sdk/7.0.100-rc.1.22431.12/TestHostNetFramework/Extensions/System.Threading.Tasks.Extensions/System.Threading.Tasks.Extensions.DLL.
LOG: Attempting download of new URL file:///S:/p/vstest3/artifacts/testArtifacts/dotnet/sdk/7.0.100-rc.1.22431.12/TestHostNetFramework/System.Threading.Tasks.Extensions.EXE.
LOG: Attempting download of new URL file:///S:/p/vstest3/artifacts/testArtifacts/dotnet/sdk/7.0.100-rc.1.22431.12/TestHostNetFramework/System.Threading.Tasks.Extensions/System.Threading.Tasks.Extensions.EXE.
LOG: Attempting download of new URL file:///S:/p/vstest3/artifacts/testArtifacts/dotnet/sdk/7.0.100-rc.1.22431.12/TestHostNetFramework/Extensions/System.Threading.Tasks.Extensions.EXE.
LOG: Attempting download of new URL file:///S:/p/vstest3/artifacts/testArtifacts/dotnet/sdk/7.0.100-rc.1.22431.12/TestHostNetFramework/Extensions/System.Threading.Tasks.Extensions/System.Threading.Tasks.Extensions.EXE.

TpTrace Verbose: 0 : 29220, 3, 2022/10/24, 16:25:08.246, 246549523573, testhost.exe, MetadataReaderExtensionsHelper: Discovering extensions inside assembly 'Microsoft.TestPlatform.Extensions.BlameDataCollector, Version=15.0.0.0, Culture=neutral, PublicKeyToken=b03f5f7f11d50a3a' file path 'S:\p\vstest3\artifacts\testArtifacts\dotnet\sdk\7.0.100-rc.1.22431.12\Extensions\Microsoft.TestPlatform.Extensions.BlameDataCollector.dll'
TpTrace Verbose: 0 : 29220, 3, 2022/10/24, 16:25:08.248, 246549546458, testhost.exe, MetadataReaderExtensionsHelper: Discovering extensions inside assembly 'Microsoft.TestPlatform.Extensions.EventLogCollector, Version=15.0.0.0, Culture=neutral, PublicKeyToken=b03f5f7f11d50a3a' file path 'S:\p\vstest3\artifacts\testArtifacts\dotnet\sdk\7.0.100-rc.1.22431.12\Extensions\Microsoft.TestPlatform.Extensions.EventLogCollector.dll'
TpTrace Verbose: 0 : 29220, 3, 2022/10/24, 16:25:08.250, 246549568691, testhost.exe, MetadataReaderExtensionsHelper: Discovering extensions inside assembly 'Microsoft.TestPlatform.TestHostRuntimeProvider, Version=15.0.0.0, Culture=neutral, PublicKeyToken=b03f5f7f11d50a3a' file path 'S:\p\vstest3\artifacts\testArtifacts\dotnet\sdk\7.0.100-rc.1.22431.12\Extensions\Microsoft.TestPlatform.TestHostRuntimeProvider.dll'
TpTrace Verbose: 0 : 29220, 3, 2022/10/24, 16:25:08.254, 246549600081, testhost.exe, MetadataReaderExtensionsHelper: Discovering extensions inside assembly 'Microsoft.VisualStudio.TestPlatform.Extensions.Html.TestLogger, Version=15.0.0.0, Culture=neutral, PublicKeyToken=b03f5f7f11d50a3a' file path 'S:\p\vstest3\artifacts\testArtifacts\dotnet\sdk\7.0.100-rc.1.22431.12\Extensions\Microsoft.VisualStudio.TestPlatform.Extensions.Html.TestLogger.dll'
TpTrace Verbose: 0 : 29220, 3, 2022/10/24, 16:25:08.256, 246549626775, testhost.exe, MetadataReaderExtensionsHelper: Discovering extensions inside assembly 'Microsoft.VisualStudio.TestPlatform.Extensions.Trx.TestLogger, Version=15.0.0.0, Culture=neutral, PublicKeyToken=b03f5f7f11d50a3a' file path 'S:\p\vstest3\artifacts\testArtifacts\dotnet\sdk\7.0.100-rc.1.22431.12\Extensions\Microsoft.VisualStudio.TestPlatform.Extensions.Trx.TestLogger.dll'
TpTrace Verbose: 0 : 29220, 3, 2022/10/24, 16:25:08.270, 246549763844, testhost.exe, MetadataReaderExtensionsHelper: Discovering extensions inside assembly 'Microsoft.VisualStudio.TestPlatform.MSTest.TestAdapter, Version=14.0.0.0, Culture=neutral, PublicKeyToken=b03f5f7f11d50a3a' file path 'C:\Users\jajares\AppData\Local\Temp\vstest\gluTv\bin\Debug\net462\Microsoft.VisualStudio.TestPlatform.MSTest.TestAdapter.dll'
TpTrace Verbose: 0 : 29220, 3, 2022/10/24, 16:25:08.272, 246549788446, testhost.exe, TestPluginCache: Discovered the extensions using extension path ''.
TpTrace Verbose: 0 : 29220, 3, 2022/10/24, 16:25:08.273, 246549789064, testhost.exe, TestPluginCache: Discoverers are ''.
TpTrace Verbose: 0 : 29220, 3, 2022/10/24, 16:25:08.273, 246549789345, testhost.exe, TestPluginCache: Executors are 'executor://MSTestAdapter/v2'.
TpTrace Verbose: 0 : 29220, 3, 2022/10/24, 16:25:08.273, 246549789677, testhost.exe, TestPluginCache: Executors2 are ''.
TpTrace Verbose: 0 : 29220, 3, 2022/10/24, 16:25:08.273, 246549789901, testhost.exe, TestPluginCache: Setting providers are ''.
TpTrace Verbose: 0 : 29220, 3, 2022/10/24, 16:25:08.273, 246549790548, testhost.exe, TestPluginCache: Loggers are ''.
TpTrace Verbose: 0 : 29220, 3, 2022/10/24, 16:25:08.273, 246549790873, testhost.exe, TestPluginCache: TestHosts are ''.
TpTrace Verbose: 0 : 29220, 3, 2022/10/24, 16:25:08.273, 246549791094, testhost.exe, TestPluginCache: DataCollectors are ''.
TpTrace Information: 0 : 29220, 3, 2022/10/24, 16:25:08.284, 246549905935, testhost.exe, AssemblyResolver.OnResolve: Microsoft.VisualStudio.TestPlatform.MSTest.TestAdapter, Version=14.0.0.0, Culture=neutral, PublicKeyToken=b03f5f7f11d50a3a: Resolving assembly.
TpTrace Information: 0 : 29220, 3, 2022/10/24, 16:25:08.284, 246549907082, testhost.exe, AssemblyResolver.OnResolve: Microsoft.VisualStudio.TestPlatform.MSTest.TestAdapter, Version=14.0.0.0, Culture=neutral, PublicKeyToken=b03f5f7f11d50a3a: Searching in: 'S:\p\vstest3\artifacts\testArtifacts\dotnet\sdk\7.0.100-rc.1.22431.12\Extensions'.
TpTrace Information: 0 : 29220, 3, 2022/10/24, 16:25:08.284, 246549907764, testhost.exe, AssemblyResolver.OnResolve: Microsoft.VisualStudio.TestPlatform.MSTest.TestAdapter, Version=14.0.0.0, Culture=neutral, PublicKeyToken=b03f5f7f11d50a3a: Assembly path does not exist: 'S:\p\vstest3\artifacts\testArtifacts\dotnet\sdk\7.0.100-rc.1.22431.12\Extensions\Microsoft.VisualStudio.TestPlatform.MSTest.TestAdapter.dll', returning.
TpTrace Information: 0 : 29220, 3, 2022/10/24, 16:25:08.284, 246549908287, testhost.exe, AssemblyResolver.OnResolve: Microsoft.VisualStudio.TestPlatform.MSTest.TestAdapter, Version=14.0.0.0, Culture=neutral, PublicKeyToken=b03f5f7f11d50a3a: Assembly path does not exist: 'S:\p\vstest3\artifacts\testArtifacts\dotnet\sdk\7.0.100-rc.1.22431.12\Extensions\Microsoft.VisualStudio.TestPlatform.MSTest.TestAdapter.exe', returning.
TpTrace Information: 0 : 29220, 3, 2022/10/24, 16:25:08.284, 246549908602, testhost.exe, AssemblyResolver.OnResolve: Microsoft.VisualStudio.TestPlatform.MSTest.TestAdapter, Version=14.0.0.0, Culture=neutral, PublicKeyToken=b03f5f7f11d50a3a: Searching in: 'C:\Users\jajares\AppData\Local\Temp\vstest\gluTv\bin\Debug\net462'.
TpTrace Information: 0 : 29220, 3, 2022/10/24, 16:25:08.285, 246549917953, testhost.exe, AssemblyResolver.OnResolve: Microsoft.VisualStudio.TestPlatform.MSTest.TestAdapter, Version=14.0.0.0, Culture=neutral, PublicKeyToken=b03f5f7f11d50a3a: Loading assembly 'C:\Users\jajares\AppData\Local\Temp\vstest\gluTv\bin\Debug\net462\Microsoft.VisualStudio.TestPlatform.MSTest.TestAdapter.dll'.
TpTrace Information: 0 : 29220, 3, 2022/10/24, 16:25:08.286, 246549919262, testhost.exe, AssemblyResolver.OnResolve: Resolved assembly: Microsoft.VisualStudio.TestPlatform.MSTest.TestAdapter, Version=14.0.0.0, Culture=neutral, PublicKeyToken=b03f5f7f11d50a3a, from path: C:\Users\jajares\AppData\Local\Temp\vstest\gluTv\bin\Debug\net462\Microsoft.VisualStudio.TestPlatform.MSTest.TestAdapter.dll
TpTrace Information: 0 : 29220, 3, 2022/10/24, 16:25:08.286, 246549928604, testhost.exe, TestPluginManager.CreateTestExtension: Attempting to load test extension: Microsoft.VisualStudio.TestPlatform.MSTest.TestAdapter.MSTestExecutor
TpTrace Verbose: 0 : 29220, 3, 2022/10/24, 16:25:08.424, 246551304512, testhost.exe, TestExecutorExtensionManager: Loading executor Microsoft.VisualStudio.TestPlatform.MSTest.TestAdapter.MSTestExecutor
TpTrace Verbose: 0 : 29220, 3, 2022/10/24, 16:25:08.424, 246551305261, testhost.exe, TestExecutorService: Loaded the executors
TpTrace Verbose: 0 : 29220, 3, 2022/10/24, 16:25:08.425, 246551314229, testhost.exe, TestPluginCache.DiscoverTestExtensions: finding test extensions in assemblies ends with: TestAdapter.dll TPluginInfo: Microsoft.VisualStudio.TestPlatform.Common.ExtensionFramework.Utilities.TestSettingsProviderPluginInformation TExtension: Microsoft.VisualStudio.TestPlatform.ObjectModel.Adapter.ISettingsProvider
TpTrace Verbose: 0 : 29220, 3, 2022/10/24, 16:25:08.425, 246551314723, testhost.exe, TestPluginCache.GetExtensionPaths: Filtered extension paths: 
TpTrace Verbose: 0 : 29220, 3, 2022/10/24, 16:25:08.425, 246551315038, testhost.exe, TestPluginCache.GetExtensionPaths: Added default extension paths: S:\p\vstest3\artifacts\testArtifacts\dotnet\sdk\7.0.100-rc.1.22431.12\Extensions\Microsoft.Diagnostics.NETCore.Client.dll
S:\p\vstest3\artifacts\testArtifacts\dotnet\sdk\7.0.100-rc.1.22431.12\Extensions\Microsoft.TestPlatform.Extensions.BlameDataCollector.dll
S:\p\vstest3\artifacts\testArtifacts\dotnet\sdk\7.0.100-rc.1.22431.12\Extensions\Microsoft.TestPlatform.Extensions.EventLogCollector.dll
S:\p\vstest3\artifacts\testArtifacts\dotnet\sdk\7.0.100-rc.1.22431.12\Extensions\Microsoft.TestPlatform.TestHostRuntimeProvider.dll
S:\p\vstest3\artifacts\testArtifacts\dotnet\sdk\7.0.100-rc.1.22431.12\Extensions\Microsoft.VisualStudio.TestPlatform.Extensions.Html.TestLogger.dll
S:\p\vstest3\artifacts\testArtifacts\dotnet\sdk\7.0.100-rc.1.22431.12\Extensions\Microsoft.VisualStudio.TestPlatform.Extensions.Trx.TestLogger.dll
C:\Users\jajares\AppData\Local\Temp\vstest\gluTv\bin\Debug\net462\Microsoft.VisualStudio.TestPlatform.MSTest.TestAdapter.dll
TpTrace Verbose: 0 : 29220, 3, 2022/10/24, 16:25:08.425, 246551315289, testhost.exe, TestPluginCache.GetExtensionPaths: Added unfilterableExtensionPaths: 
TpTrace Information: 0 : 29220, 3, 2022/10/24, 16:25:08.425, 246551316279, testhost.exe, AssemblyResolver.AddSearchDirectories: Adding more searchDirectories S:\p\vstest3\artifacts\testArtifacts\dotnet\sdk\7.0.100-rc.1.22431.12\Extensions,C:\Users\jajares\AppData\Local\Temp\vstest\gluTv\bin\Debug\net462,S:\p\vstest3\artifacts\testArtifacts\dotnet\sdk\7.0.100-rc.1.22431.12\TestHostNetFramework
TpTrace Verbose: 0 : 29220, 3, 2022/10/24, 16:25:08.425, 246551316528, testhost.exe, TestPluginCache.DiscoverTestExtensions: Discovering the extensions using extension path.
TpTrace Verbose: 0 : 29220, 3, 2022/10/24, 16:25:08.425, 246551316746, testhost.exe, TestPluginCache.GetExtensionPaths: Filtered extension paths: 
TpTrace Verbose: 0 : 29220, 3, 2022/10/24, 16:25:08.425, 246551316943, testhost.exe, TestPluginCache.GetExtensionPaths: Added default extension paths: S:\p\vstest3\artifacts\testArtifacts\dotnet\sdk\7.0.100-rc.1.22431.12\Extensions\Microsoft.Diagnostics.NETCore.Client.dll
S:\p\vstest3\artifacts\testArtifacts\dotnet\sdk\7.0.100-rc.1.22431.12\Extensions\Microsoft.TestPlatform.Extensions.BlameDataCollector.dll
S:\p\vstest3\artifacts\testArtifacts\dotnet\sdk\7.0.100-rc.1.22431.12\Extensions\Microsoft.TestPlatform.Extensions.EventLogCollector.dll
S:\p\vstest3\artifacts\testArtifacts\dotnet\sdk\7.0.100-rc.1.22431.12\Extensions\Microsoft.TestPlatform.TestHostRuntimeProvider.dll
S:\p\vstest3\artifacts\testArtifacts\dotnet\sdk\7.0.100-rc.1.22431.12\Extensions\Microsoft.VisualStudio.TestPlatform.Extensions.Html.TestLogger.dll
S:\p\vstest3\artifacts\testArtifacts\dotnet\sdk\7.0.100-rc.1.22431.12\Extensions\Microsoft.VisualStudio.TestPlatform.Extensions.Trx.TestLogger.dll
C:\Users\jajares\AppData\Local\Temp\vstest\gluTv\bin\Debug\net462\Microsoft.VisualStudio.TestPlatform.MSTest.TestAdapter.dll
TpTrace Verbose: 0 : 29220, 3, 2022/10/24, 16:25:08.425, 246551317190, testhost.exe, TestPluginCache.GetExtensionPaths: Added unfilterableExtensionPaths: 
TpTrace Verbose: 0 : 29220, 3, 2022/10/24, 16:25:08.425, 246551317400, testhost.exe, TestPluginCache.DiscoverTestExtensions: Discovering the extensions using allExtensionPaths: S:\p\vstest3\artifacts\testArtifacts\dotnet\sdk\7.0.100-rc.1.22431.12\Extensions\Microsoft.Diagnostics.NETCore.Client.dll
S:\p\vstest3\artifacts\testArtifacts\dotnet\sdk\7.0.100-rc.1.22431.12\Extensions\Microsoft.TestPlatform.Extensions.BlameDataCollector.dll
S:\p\vstest3\artifacts\testArtifacts\dotnet\sdk\7.0.100-rc.1.22431.12\Extensions\Microsoft.TestPlatform.Extensions.EventLogCollector.dll
S:\p\vstest3\artifacts\testArtifacts\dotnet\sdk\7.0.100-rc.1.22431.12\Extensions\Microsoft.TestPlatform.TestHostRuntimeProvider.dll
S:\p\vstest3\artifacts\testArtifacts\dotnet\sdk\7.0.100-rc.1.22431.12\Extensions\Microsoft.VisualStudio.TestPlatform.Extensions.Html.TestLogger.dll
S:\p\vstest3\artifacts\testArtifacts\dotnet\sdk\7.0.100-rc.1.22431.12\Extensions\Microsoft.VisualStudio.TestPlatform.Extensions.Trx.TestLogger.dll
C:\Users\jajares\AppData\Local\Temp\vstest\gluTv\bin\Debug\net462\Microsoft.VisualStudio.TestPlatform.MSTest.TestAdapter.dll
TpTrace Information: 0 : 29220, 3, 2022/10/24, 16:25:08.425, 246551317907, testhost.exe, AssemblyResolver.AddSearchDirectories: Adding more searchDirectories S:\p\vstest3\artifacts\testArtifacts\dotnet\sdk\7.0.100-rc.1.22431.12\Extensions,S:\p\vstest3\artifacts\testArtifacts\dotnet\sdk\7.0.100-rc.1.22431.12\TestHostNetFramework
TpTrace Information: 0 : 29220, 3, 2022/10/24, 16:25:08.425, 246551318228, testhost.exe, AssemblyResolver.AddSearchDirectories: Adding more searchDirectories S:\p\vstest3\artifacts\testArtifacts\dotnet\sdk\7.0.100-rc.1.22431.12\Extensions,S:\p\vstest3\artifacts\testArtifacts\dotnet\sdk\7.0.100-rc.1.22431.12\TestHostNetFramework
TpTrace Information: 0 : 29220, 3, 2022/10/24, 16:25:08.425, 246551318605, testhost.exe, AssemblyResolver.AddSearchDirectories: Adding more searchDirectories S:\p\vstest3\artifacts\testArtifacts\dotnet\sdk\7.0.100-rc.1.22431.12\Extensions,S:\p\vstest3\artifacts\testArtifacts\dotnet\sdk\7.0.100-rc.1.22431.12\TestHostNetFramework
TpTrace Information: 0 : 29220, 3, 2022/10/24, 16:25:08.425, 246551318877, testhost.exe, AssemblyResolver.AddSearchDirectories: Adding more searchDirectories S:\p\vstest3\artifacts\testArtifacts\dotnet\sdk\7.0.100-rc.1.22431.12\Extensions,S:\p\vstest3\artifacts\testArtifacts\dotnet\sdk\7.0.100-rc.1.22431.12\TestHostNetFramework
TpTrace Information: 0 : 29220, 3, 2022/10/24, 16:25:08.425, 246551319145, testhost.exe, AssemblyResolver.AddSearchDirectories: Adding more searchDirectories S:\p\vstest3\artifacts\testArtifacts\dotnet\sdk\7.0.100-rc.1.22431.12\Extensions,S:\p\vstest3\artifacts\testArtifacts\dotnet\sdk\7.0.100-rc.1.22431.12\TestHostNetFramework
TpTrace Information: 0 : 29220, 3, 2022/10/24, 16:25:08.425, 246551319435, testhost.exe, AssemblyResolver.AddSearchDirectories: Adding more searchDirectories S:\p\vstest3\artifacts\testArtifacts\dotnet\sdk\7.0.100-rc.1.22431.12\Extensions,S:\p\vstest3\artifacts\testArtifacts\dotnet\sdk\7.0.100-rc.1.22431.12\TestHostNetFramework
TpTrace Information: 0 : 29220, 3, 2022/10/24, 16:25:08.425, 246551319695, testhost.exe, AssemblyResolver.AddSearchDirectories: Adding more searchDirectories C:\Users\jajares\AppData\Local\Temp\vstest\gluTv\bin\Debug\net462,S:\p\vstest3\artifacts\testArtifacts\dotnet\sdk\7.0.100-rc.1.22431.12\TestHostNetFramework
TpTrace Verbose: 0 : 29220, 3, 2022/10/24, 16:25:08.425, 246551320467, testhost.exe, MetadataReaderExtensionsHelper: Discovering extensions inside assembly 'Microsoft.Diagnostics.NETCore.Client, Version=0.2.5.801, Culture=neutral, PublicKeyToken=31bf3856ad364e35' file path 'S:\p\vstest3\artifacts\testArtifacts\dotnet\sdk\7.0.100-rc.1.22431.12\Extensions\Microsoft.Diagnostics.NETCore.Client.dll'
TpTrace Warning: 0 : 29220, 3, 2022/10/24, 16:25:08.428, 246551343954, testhost.exe, TestPluginDiscoverer: Failed to get types from assembly 'Microsoft.Diagnostics.NETCore.Client, Version=0.2.5.801, Culture=neutral, PublicKeyToken=31bf3856ad364e35'. Error: System.Reflection.ReflectionTypeLoadException: Unable to load one or more of the requested types. Retrieve the LoaderExceptions property for more information.
   at System.Reflection.RuntimeModule.GetTypes(RuntimeModule module)
   at System.Reflection.RuntimeModule.GetTypes()
   at System.Reflection.Assembly.GetTypes()
   at Microsoft.VisualStudio.TestPlatform.Common.ExtensionFramework.TestPluginDiscoverer.GetTestExtensionsFromAssembly[TPluginInfo,TExtension](Assembly assembly, Dictionary`2 pluginInfos, String filePath)
TpTrace Warning: 0 : 29220, 3, 2022/10/24, 16:25:08.428, 246551345421, testhost.exe, LoaderExceptions: System.IO.FileNotFoundException: Could not load file or assembly 'Microsoft.Bcl.AsyncInterfaces, Version=1.0.0.0, Culture=neutral, PublicKeyToken=cc7b13ffcd2ddd51' or one of its dependencies. The system cannot find the file specified.
File name: 'Microsoft.Bcl.AsyncInterfaces, Version=1.0.0.0, Culture=neutral, PublicKeyToken=cc7b13ffcd2ddd51'
   at System.Reflection.RuntimeAssembly._nLoad(AssemblyName fileName, String codeBase, Evidence assemblySecurity, RuntimeAssembly locationHint, StackCrawlMark& stackMark, IntPtr pPrivHostBinder, Boolean throwOnFileNotFound, Boolean forIntrospection, Boolean suppressSecurityChecks)
   at System.Reflection.RuntimeAssembly.InternalLoadAssemblyName(AssemblyName assemblyRef, Evidence assemblySecurity, RuntimeAssembly reqAssembly, StackCrawlMark& stackMark, IntPtr pPrivHostBinder, Boolean throwOnFileNotFound, Boolean forIntrospection, Boolean suppressSecurityChecks)
   at System.Reflection.Assembly.Load(AssemblyName assemblyRef)
   at Microsoft.VisualStudio.TestPlatform.Common.ExtensionFramework.TestPluginCache.CurrentDomainAssemblyResolve(Object sender, AssemblyResolveEventArgs args)
   at System.AppDomain.OnAssemblyResolveEvent(RuntimeAssembly assembly, String assemblyFullName)

Assembly manager loaded from:  C:\Windows\Microsoft.NET\Framework64\v4.0.30319\clr.dll
Running under executable  S:\p\vstest3\artifacts\testArtifacts\dotnet\sdk\7.0.100-rc.1.22431.12\TestHostNetFramework\testhost.exe
--- A detailed error log follows. 

=== Pre-bind state information ===
LOG: DisplayName = Microsoft.Bcl.AsyncInterfaces, Version=1.0.0.0, Culture=neutral, PublicKeyToken=cc7b13ffcd2ddd51
 (Fully-specified)
LOG: Appbase = file:///S:/p/vstest3/artifacts/testArtifacts/dotnet/sdk/7.0.100-rc.1.22431.12/TestHostNetFramework/
LOG: Initial PrivatePath = NULL
Calling assembly : Microsoft.VisualStudio.TestPlatform.Common, Version=15.0.0.0, Culture=neutral, PublicKeyToken=b03f5f7f11d50a3a.
===
LOG: This bind starts in default load context.
LOG: Using application configuration file: S:\p\vstest3\artifacts\testArtifacts\dotnet\sdk\7.0.100-rc.1.22431.12\TestHostNetFramework\testhost.exe.Config
LOG: Using host configuration file: 
LOG: Using machine configuration file from C:\Windows\Microsoft.NET\Framework64\v4.0.30319\config\machine.config.
LOG: Post-policy reference: Microsoft.Bcl.AsyncInterfaces, Version=1.0.0.0, Culture=neutral, PublicKeyToken=cc7b13ffcd2ddd51
LOG: Attempting download of new URL file:///S:/p/vstest3/artifacts/testArtifacts/dotnet/sdk/7.0.100-rc.1.22431.12/TestHostNetFramework/Microsoft.Bcl.AsyncInterfaces.DLL.
LOG: Attempting download of new URL file:///S:/p/vstest3/artifacts/testArtifacts/dotnet/sdk/7.0.100-rc.1.22431.12/TestHostNetFramework/Microsoft.Bcl.AsyncInterfaces/Microsoft.Bcl.AsyncInterfaces.DLL.
LOG: Attempting download of new URL file:///S:/p/vstest3/artifacts/testArtifacts/dotnet/sdk/7.0.100-rc.1.22431.12/TestHostNetFramework/Extensions/Microsoft.Bcl.AsyncInterfaces.DLL.
LOG: Attempting download of new URL file:///S:/p/vstest3/artifacts/testArtifacts/dotnet/sdk/7.0.100-rc.1.22431.12/TestHostNetFramework/Extensions/Microsoft.Bcl.AsyncInterfaces/Microsoft.Bcl.AsyncInterfaces.DLL.
LOG: Attempting download of new URL file:///S:/p/vstest3/artifacts/testArtifacts/dotnet/sdk/7.0.100-rc.1.22431.12/TestHostNetFramework/Microsoft.Bcl.AsyncInterfaces.EXE.
LOG: Attempting download of new URL file:///S:/p/vstest3/artifacts/testArtifacts/dotnet/sdk/7.0.100-rc.1.22431.12/TestHostNetFramework/Microsoft.Bcl.AsyncInterfaces/Microsoft.Bcl.AsyncInterfaces.EXE.
LOG: Attempting download of new URL file:///S:/p/vstest3/artifacts/testArtifacts/dotnet/sdk/7.0.100-rc.1.22431.12/TestHostNetFramework/Extensions/Microsoft.Bcl.AsyncInterfaces.EXE.
LOG: Attempting download of new URL file:///S:/p/vstest3/artifacts/testArtifacts/dotnet/sdk/7.0.100-rc.1.22431.12/TestHostNetFramework/Extensions/Microsoft.Bcl.AsyncInterfaces/Microsoft.Bcl.AsyncInterfaces.EXE.

TpTrace Warning: 0 : 29220, 3, 2022/10/24, 16:25:08.428, 246551346327, testhost.exe, LoaderExceptions: System.IO.FileNotFoundException: Could not load file or assembly 'System.Threading.Tasks.Extensions, Version=4.2.0.0, Culture=neutral, PublicKeyToken=cc7b13ffcd2ddd51' or one of its dependencies. The system cannot find the file specified.
File name: 'System.Threading.Tasks.Extensions, Version=4.2.0.0, Culture=neutral, PublicKeyToken=cc7b13ffcd2ddd51'
   at System.Reflection.RuntimeAssembly._nLoad(AssemblyName fileName, String codeBase, Evidence assemblySecurity, RuntimeAssembly locationHint, StackCrawlMark& stackMark, IntPtr pPrivHostBinder, Boolean throwOnFileNotFound, Boolean forIntrospection, Boolean suppressSecurityChecks)
   at System.Reflection.RuntimeAssembly.InternalLoadAssemblyName(AssemblyName assemblyRef, Evidence assemblySecurity, RuntimeAssembly reqAssembly, StackCrawlMark& stackMark, IntPtr pPrivHostBinder, Boolean throwOnFileNotFound, Boolean forIntrospection, Boolean suppressSecurityChecks)
   at System.Reflection.Assembly.Load(AssemblyName assemblyRef)
   at Microsoft.VisualStudio.TestPlatform.Common.ExtensionFramework.TestPluginCache.CurrentDomainAssemblyResolve(Object sender, AssemblyResolveEventArgs args)
   at System.AppDomain.OnAssemblyResolveEvent(RuntimeAssembly assembly, String assemblyFullName)

Assembly manager loaded from:  C:\Windows\Microsoft.NET\Framework64\v4.0.30319\clr.dll
Running under executable  S:\p\vstest3\artifacts\testArtifacts\dotnet\sdk\7.0.100-rc.1.22431.12\TestHostNetFramework\testhost.exe
--- A detailed error log follows. 

=== Pre-bind state information ===
LOG: DisplayName = System.Threading.Tasks.Extensions, Version=4.2.0.0, Culture=neutral, PublicKeyToken=cc7b13ffcd2ddd51
 (Fully-specified)
LOG: Appbase = file:///S:/p/vstest3/artifacts/testArtifacts/dotnet/sdk/7.0.100-rc.1.22431.12/TestHostNetFramework/
LOG: Initial PrivatePath = NULL
Calling assembly : Microsoft.VisualStudio.TestPlatform.Common, Version=15.0.0.0, Culture=neutral, PublicKeyToken=b03f5f7f11d50a3a.
===
LOG: This bind starts in default load context.
LOG: Using application configuration file: S:\p\vstest3\artifacts\testArtifacts\dotnet\sdk\7.0.100-rc.1.22431.12\TestHostNetFramework\testhost.exe.Config
LOG: Using host configuration file: 
LOG: Using machine configuration file from C:\Windows\Microsoft.NET\Framework64\v4.0.30319\config\machine.config.
LOG: Post-policy reference: System.Threading.Tasks.Extensions, Version=4.2.0.0, Culture=neutral, PublicKeyToken=cc7b13ffcd2ddd51
LOG: Attempting download of new URL file:///S:/p/vstest3/artifacts/testArtifacts/dotnet/sdk/7.0.100-rc.1.22431.12/TestHostNetFramework/System.Threading.Tasks.Extensions.DLL.
LOG: Attempting download of new URL file:///S:/p/vstest3/artifacts/testArtifacts/dotnet/sdk/7.0.100-rc.1.22431.12/TestHostNetFramework/System.Threading.Tasks.Extensions/System.Threading.Tasks.Extensions.DLL.
LOG: Attempting download of new URL file:///S:/p/vstest3/artifacts/testArtifacts/dotnet/sdk/7.0.100-rc.1.22431.12/TestHostNetFramework/Extensions/System.Threading.Tasks.Extensions.DLL.
LOG: Attempting download of new URL file:///S:/p/vstest3/artifacts/testArtifacts/dotnet/sdk/7.0.100-rc.1.22431.12/TestHostNetFramework/Extensions/System.Threading.Tasks.Extensions/System.Threading.Tasks.Extensions.DLL.
LOG: Attempting download of new URL file:///S:/p/vstest3/artifacts/testArtifacts/dotnet/sdk/7.0.100-rc.1.22431.12/TestHostNetFramework/System.Threading.Tasks.Extensions.EXE.
LOG: Attempting download of new URL file:///S:/p/vstest3/artifacts/testArtifacts/dotnet/sdk/7.0.100-rc.1.22431.12/TestHostNetFramework/System.Threading.Tasks.Extensions/System.Threading.Tasks.Extensions.EXE.
LOG: Attempting download of new URL file:///S:/p/vstest3/artifacts/testArtifacts/dotnet/sdk/7.0.100-rc.1.22431.12/TestHostNetFramework/Extensions/System.Threading.Tasks.Extensions.EXE.
LOG: Attempting download of new URL file:///S:/p/vstest3/artifacts/testArtifacts/dotnet/sdk/7.0.100-rc.1.22431.12/TestHostNetFramework/Extensions/System.Threading.Tasks.Extensions/System.Threading.Tasks.Extensions.EXE.

TpTrace Warning: 0 : 29220, 3, 2022/10/24, 16:25:08.428, 246551347231, testhost.exe, LoaderExceptions: System.IO.FileNotFoundException: Could not load file or assembly 'System.Threading.Tasks.Extensions, Version=4.2.0.0, Culture=neutral, PublicKeyToken=cc7b13ffcd2ddd51' or one of its dependencies. The system cannot find the file specified.
File name: 'System.Threading.Tasks.Extensions, Version=4.2.0.0, Culture=neutral, PublicKeyToken=cc7b13ffcd2ddd51'
   at System.Reflection.RuntimeAssembly._nLoad(AssemblyName fileName, String codeBase, Evidence assemblySecurity, RuntimeAssembly locationHint, StackCrawlMark& stackMark, IntPtr pPrivHostBinder, Boolean throwOnFileNotFound, Boolean forIntrospection, Boolean suppressSecurityChecks)
   at System.Reflection.RuntimeAssembly.InternalLoadAssemblyName(AssemblyName assemblyRef, Evidence assemblySecurity, RuntimeAssembly reqAssembly, StackCrawlMark& stackMark, IntPtr pPrivHostBinder, Boolean throwOnFileNotFound, Boolean forIntrospection, Boolean suppressSecurityChecks)
   at System.Reflection.Assembly.Load(AssemblyName assemblyRef)
   at Microsoft.VisualStudio.TestPlatform.Common.ExtensionFramework.TestPluginCache.CurrentDomainAssemblyResolve(Object sender, AssemblyResolveEventArgs args)
   at System.AppDomain.OnAssemblyResolveEvent(RuntimeAssembly assembly, String assemblyFullName)

Assembly manager loaded from:  C:\Windows\Microsoft.NET\Framework64\v4.0.30319\clr.dll
Running under executable  S:\p\vstest3\artifacts\testArtifacts\dotnet\sdk\7.0.100-rc.1.22431.12\TestHostNetFramework\testhost.exe
--- A detailed error log follows. 

=== Pre-bind state information ===
LOG: DisplayName = System.Threading.Tasks.Extensions, Version=4.2.0.0, Culture=neutral, PublicKeyToken=cc7b13ffcd2ddd51
 (Fully-specified)
LOG: Appbase = file:///S:/p/vstest3/artifacts/testArtifacts/dotnet/sdk/7.0.100-rc.1.22431.12/TestHostNetFramework/
LOG: Initial PrivatePath = NULL
Calling assembly : Microsoft.VisualStudio.TestPlatform.Common, Version=15.0.0.0, Culture=neutral, PublicKeyToken=b03f5f7f11d50a3a.
===
LOG: This bind starts in default load context.
LOG: Using application configuration file: S:\p\vstest3\artifacts\testArtifacts\dotnet\sdk\7.0.100-rc.1.22431.12\TestHostNetFramework\testhost.exe.Config
LOG: Using host configuration file: 
LOG: Using machine configuration file from C:\Windows\Microsoft.NET\Framework64\v4.0.30319\config\machine.config.
LOG: Post-policy reference: System.Threading.Tasks.Extensions, Version=4.2.0.0, Culture=neutral, PublicKeyToken=cc7b13ffcd2ddd51
LOG: Attempting download of new URL file:///S:/p/vstest3/artifacts/testArtifacts/dotnet/sdk/7.0.100-rc.1.22431.12/TestHostNetFramework/System.Threading.Tasks.Extensions.DLL.
LOG: Attempting download of new URL file:///S:/p/vstest3/artifacts/testArtifacts/dotnet/sdk/7.0.100-rc.1.22431.12/TestHostNetFramework/System.Threading.Tasks.Extensions/System.Threading.Tasks.Extensions.DLL.
LOG: Attempting download of new URL file:///S:/p/vstest3/artifacts/testArtifacts/dotnet/sdk/7.0.100-rc.1.22431.12/TestHostNetFramework/Extensions/System.Threading.Tasks.Extensions.DLL.
LOG: Attempting download of new URL file:///S:/p/vstest3/artifacts/testArtifacts/dotnet/sdk/7.0.100-rc.1.22431.12/TestHostNetFramework/Extensions/System.Threading.Tasks.Extensions/System.Threading.Tasks.Extensions.DLL.
LOG: Attempting download of new URL file:///S:/p/vstest3/artifacts/testArtifacts/dotnet/sdk/7.0.100-rc.1.22431.12/TestHostNetFramework/System.Threading.Tasks.Extensions.EXE.
LOG: Attempting download of new URL file:///S:/p/vstest3/artifacts/testArtifacts/dotnet/sdk/7.0.100-rc.1.22431.12/TestHostNetFramework/System.Threading.Tasks.Extensions/System.Threading.Tasks.Extensions.EXE.
LOG: Attempting download of new URL file:///S:/p/vstest3/artifacts/testArtifacts/dotnet/sdk/7.0.100-rc.1.22431.12/TestHostNetFramework/Extensions/System.Threading.Tasks.Extensions.EXE.
LOG: Attempting download of new URL file:///S:/p/vstest3/artifacts/testArtifacts/dotnet/sdk/7.0.100-rc.1.22431.12/TestHostNetFramework/Extensions/System.Threading.Tasks.Extensions/System.Threading.Tasks.Extensions.EXE.

TpTrace Verbose: 0 : 29220, 3, 2022/10/24, 16:25:08.428, 246551348228, testhost.exe, MetadataReaderExtensionsHelper: Discovering extensions inside assembly 'Microsoft.TestPlatform.Extensions.BlameDataCollector, Version=15.0.0.0, Culture=neutral, PublicKeyToken=b03f5f7f11d50a3a' file path 'S:\p\vstest3\artifacts\testArtifacts\dotnet\sdk\7.0.100-rc.1.22431.12\Extensions\Microsoft.TestPlatform.Extensions.BlameDataCollector.dll'
TpTrace Verbose: 0 : 29220, 3, 2022/10/24, 16:25:08.431, 246551380826, testhost.exe, MetadataReaderExtensionsHelper: Discovering extensions inside assembly 'Microsoft.TestPlatform.Extensions.EventLogCollector, Version=15.0.0.0, Culture=neutral, PublicKeyToken=b03f5f7f11d50a3a' file path 'S:\p\vstest3\artifacts\testArtifacts\dotnet\sdk\7.0.100-rc.1.22431.12\Extensions\Microsoft.TestPlatform.Extensions.EventLogCollector.dll'
TpTrace Verbose: 0 : 29220, 3, 2022/10/24, 16:25:08.433, 246551398983, testhost.exe, MetadataReaderExtensionsHelper: Discovering extensions inside assembly 'Microsoft.TestPlatform.TestHostRuntimeProvider, Version=15.0.0.0, Culture=neutral, PublicKeyToken=b03f5f7f11d50a3a' file path 'S:\p\vstest3\artifacts\testArtifacts\dotnet\sdk\7.0.100-rc.1.22431.12\Extensions\Microsoft.TestPlatform.TestHostRuntimeProvider.dll'
TpTrace Verbose: 0 : 29220, 3, 2022/10/24, 16:25:08.435, 246551422917, testhost.exe, MetadataReaderExtensionsHelper: Discovering extensions inside assembly 'Microsoft.VisualStudio.TestPlatform.Extensions.Html.TestLogger, Version=15.0.0.0, Culture=neutral, PublicKeyToken=b03f5f7f11d50a3a' file path 'S:\p\vstest3\artifacts\testArtifacts\dotnet\sdk\7.0.100-rc.1.22431.12\Extensions\Microsoft.VisualStudio.TestPlatform.Extensions.Html.TestLogger.dll'
TpTrace Verbose: 0 : 29220, 3, 2022/10/24, 16:25:08.439, 246551461552, testhost.exe, MetadataReaderExtensionsHelper: Discovering extensions inside assembly 'Microsoft.VisualStudio.TestPlatform.Extensions.Trx.TestLogger, Version=15.0.0.0, Culture=neutral, PublicKeyToken=b03f5f7f11d50a3a' file path 'S:\p\vstest3\artifacts\testArtifacts\dotnet\sdk\7.0.100-rc.1.22431.12\Extensions\Microsoft.VisualStudio.TestPlatform.Extensions.Trx.TestLogger.dll'
TpTrace Verbose: 0 : 29220, 3, 2022/10/24, 16:25:08.442, 246551486273, testhost.exe, MetadataReaderExtensionsHelper: Discovering extensions inside assembly 'Microsoft.VisualStudio.TestPlatform.MSTest.TestAdapter, Version=14.0.0.0, Culture=neutral, PublicKeyToken=b03f5f7f11d50a3a' file path 'C:\Users\jajares\AppData\Local\Temp\vstest\gluTv\bin\Debug\net462\Microsoft.VisualStudio.TestPlatform.MSTest.TestAdapter.dll'
TpTrace Verbose: 0 : 29220, 3, 2022/10/24, 16:25:08.444, 246551508310, testhost.exe, TestPluginCache: Discovered the extensions using extension path ''.
TpTrace Verbose: 0 : 29220, 3, 2022/10/24, 16:25:08.444, 246551508849, testhost.exe, TestPluginCache: Discoverers are ''.
TpTrace Verbose: 0 : 29220, 3, 2022/10/24, 16:25:08.444, 246551509126, testhost.exe, TestPluginCache: Executors are 'executor://MSTestAdapter/v2'.
TpTrace Verbose: 0 : 29220, 3, 2022/10/24, 16:25:08.444, 246551509443, testhost.exe, TestPluginCache: Executors2 are ''.
TpTrace Verbose: 0 : 29220, 3, 2022/10/24, 16:25:08.444, 246551509736, testhost.exe, TestPluginCache: Setting providers are ''.
TpTrace Verbose: 0 : 29220, 3, 2022/10/24, 16:25:08.444, 246551509960, testhost.exe, TestPluginCache: Loggers are ''.
TpTrace Verbose: 0 : 29220, 3, 2022/10/24, 16:25:08.444, 246551510247, testhost.exe, TestPluginCache: TestHosts are ''.
TpTrace Verbose: 0 : 29220, 3, 2022/10/24, 16:25:08.444, 246551510462, testhost.exe, TestPluginCache: DataCollectors are ''.
TpTrace Verbose: 0 : 29220, 3, 2022/10/24, 16:25:08.445, 246551523211, testhost.exe, TestExecutorService: Loaded the settings providers
TpTrace Information: 0 : 29220, 3, 2022/10/24, 16:25:08.446, 246551523641, testhost.exe, TestExecutorService: Loaded the extensions
TpTrace Information: 0 : 29220, 3, 2022/10/24, 16:25:08.446, 246551530096, testhost.exe, TestRequestHandler.OnMessageReceived: Running job 'TestExecution.StartWithSources'.
TpTrace Information: 0 : 29220, 3, 2022/10/24, 16:25:08.542, 246552491887, testhost.exe, TestDiscoveryManager: Discovering tests from sources C:\Users\jajares\AppData\Local\Temp\vstest\gluTv\bin\Debug\net462\ProjectFileRunSettingsTestProject.dll
TpTrace Verbose: 0 : 29220, 3, 2022/10/24, 16:25:08.545, 246552512455, testhost.exe, TestPluginCache.DiscoverTestExtensions: finding test extensions in assemblies ends with: TestAdapter.dll TPluginInfo: Microsoft.VisualStudio.TestPlatform.Common.ExtensionFramework.Utilities.TestDiscovererPluginInformation TExtension: Microsoft.VisualStudio.TestPlatform.ObjectModel.Adapter.ITestDiscoverer
TpTrace Verbose: 0 : 29220, 3, 2022/10/24, 16:25:08.545, 246552512999, testhost.exe, TestPluginCache.GetExtensionPaths: Filtered extension paths: 
TpTrace Verbose: 0 : 29220, 3, 2022/10/24, 16:25:08.545, 246552513247, testhost.exe, TestPluginCache.GetExtensionPaths: Added default extension paths: S:\p\vstest3\artifacts\testArtifacts\dotnet\sdk\7.0.100-rc.1.22431.12\Extensions\Microsoft.Diagnostics.NETCore.Client.dll
S:\p\vstest3\artifacts\testArtifacts\dotnet\sdk\7.0.100-rc.1.22431.12\Extensions\Microsoft.TestPlatform.Extensions.BlameDataCollector.dll
S:\p\vstest3\artifacts\testArtifacts\dotnet\sdk\7.0.100-rc.1.22431.12\Extensions\Microsoft.TestPlatform.Extensions.EventLogCollector.dll
S:\p\vstest3\artifacts\testArtifacts\dotnet\sdk\7.0.100-rc.1.22431.12\Extensions\Microsoft.TestPlatform.TestHostRuntimeProvider.dll
S:\p\vstest3\artifacts\testArtifacts\dotnet\sdk\7.0.100-rc.1.22431.12\Extensions\Microsoft.VisualStudio.TestPlatform.Extensions.Html.TestLogger.dll
S:\p\vstest3\artifacts\testArtifacts\dotnet\sdk\7.0.100-rc.1.22431.12\Extensions\Microsoft.VisualStudio.TestPlatform.Extensions.Trx.TestLogger.dll
C:\Users\jajares\AppData\Local\Temp\vstest\gluTv\bin\Debug\net462\Microsoft.VisualStudio.TestPlatform.MSTest.TestAdapter.dll
TpTrace Verbose: 0 : 29220, 3, 2022/10/24, 16:25:08.545, 246552513502, testhost.exe, TestPluginCache.GetExtensionPaths: Added unfilterableExtensionPaths: 
TpTrace Information: 0 : 29220, 3, 2022/10/24, 16:25:08.545, 246552514524, testhost.exe, AssemblyResolver.AddSearchDirectories: Adding more searchDirectories S:\p\vstest3\artifacts\testArtifacts\dotnet\sdk\7.0.100-rc.1.22431.12\Extensions,C:\Users\jajares\AppData\Local\Temp\vstest\gluTv\bin\Debug\net462,S:\p\vstest3\artifacts\testArtifacts\dotnet\sdk\7.0.100-rc.1.22431.12\TestHostNetFramework
TpTrace Verbose: 0 : 29220, 3, 2022/10/24, 16:25:08.545, 246552514819, testhost.exe, TestPluginCache.DiscoverTestExtensions: Discovering the extensions using extension path.
TpTrace Verbose: 0 : 29220, 3, 2022/10/24, 16:25:08.545, 246552515002, testhost.exe, TestPluginCache.GetExtensionPaths: Filtered extension paths: 
TpTrace Verbose: 0 : 29220, 3, 2022/10/24, 16:25:08.545, 246552515235, testhost.exe, TestPluginCache.GetExtensionPaths: Added default extension paths: S:\p\vstest3\artifacts\testArtifacts\dotnet\sdk\7.0.100-rc.1.22431.12\Extensions\Microsoft.Diagnostics.NETCore.Client.dll
S:\p\vstest3\artifacts\testArtifacts\dotnet\sdk\7.0.100-rc.1.22431.12\Extensions\Microsoft.TestPlatform.Extensions.BlameDataCollector.dll
S:\p\vstest3\artifacts\testArtifacts\dotnet\sdk\7.0.100-rc.1.22431.12\Extensions\Microsoft.TestPlatform.Extensions.EventLogCollector.dll
S:\p\vstest3\artifacts\testArtifacts\dotnet\sdk\7.0.100-rc.1.22431.12\Extensions\Microsoft.TestPlatform.TestHostRuntimeProvider.dll
S:\p\vstest3\artifacts\testArtifacts\dotnet\sdk\7.0.100-rc.1.22431.12\Extensions\Microsoft.VisualStudio.TestPlatform.Extensions.Html.TestLogger.dll
S:\p\vstest3\artifacts\testArtifacts\dotnet\sdk\7.0.100-rc.1.22431.12\Extensions\Microsoft.VisualStudio.TestPlatform.Extensions.Trx.TestLogger.dll
C:\Users\jajares\AppData\Local\Temp\vstest\gluTv\bin\Debug\net462\Microsoft.VisualStudio.TestPlatform.MSTest.TestAdapter.dll
TpTrace Verbose: 0 : 29220, 3, 2022/10/24, 16:25:08.545, 246552515462, testhost.exe, TestPluginCache.GetExtensionPaths: Added unfilterableExtensionPaths: 
TpTrace Verbose: 0 : 29220, 3, 2022/10/24, 16:25:08.545, 246552515696, testhost.exe, TestPluginCache.DiscoverTestExtensions: Discovering the extensions using allExtensionPaths: S:\p\vstest3\artifacts\testArtifacts\dotnet\sdk\7.0.100-rc.1.22431.12\Extensions\Microsoft.Diagnostics.NETCore.Client.dll
S:\p\vstest3\artifacts\testArtifacts\dotnet\sdk\7.0.100-rc.1.22431.12\Extensions\Microsoft.TestPlatform.Extensions.BlameDataCollector.dll
S:\p\vstest3\artifacts\testArtifacts\dotnet\sdk\7.0.100-rc.1.22431.12\Extensions\Microsoft.TestPlatform.Extensions.EventLogCollector.dll
S:\p\vstest3\artifacts\testArtifacts\dotnet\sdk\7.0.100-rc.1.22431.12\Extensions\Microsoft.TestPlatform.TestHostRuntimeProvider.dll
S:\p\vstest3\artifacts\testArtifacts\dotnet\sdk\7.0.100-rc.1.22431.12\Extensions\Microsoft.VisualStudio.TestPlatform.Extensions.Html.TestLogger.dll
S:\p\vstest3\artifacts\testArtifacts\dotnet\sdk\7.0.100-rc.1.22431.12\Extensions\Microsoft.VisualStudio.TestPlatform.Extensions.Trx.TestLogger.dll
C:\Users\jajares\AppData\Local\Temp\vstest\gluTv\bin\Debug\net462\Microsoft.VisualStudio.TestPlatform.MSTest.TestAdapter.dll
TpTrace Information: 0 : 29220, 3, 2022/10/24, 16:25:08.545, 246552516133, testhost.exe, AssemblyResolver.AddSearchDirectories: Adding more searchDirectories S:\p\vstest3\artifacts\testArtifacts\dotnet\sdk\7.0.100-rc.1.22431.12\Extensions,S:\p\vstest3\artifacts\testArtifacts\dotnet\sdk\7.0.100-rc.1.22431.12\TestHostNetFramework
TpTrace Information: 0 : 29220, 3, 2022/10/24, 16:25:08.545, 246552516475, testhost.exe, AssemblyResolver.AddSearchDirectories: Adding more searchDirectories S:\p\vstest3\artifacts\testArtifacts\dotnet\sdk\7.0.100-rc.1.22431.12\Extensions,S:\p\vstest3\artifacts\testArtifacts\dotnet\sdk\7.0.100-rc.1.22431.12\TestHostNetFramework
TpTrace Information: 0 : 29220, 3, 2022/10/24, 16:25:08.545, 246552516755, testhost.exe, AssemblyResolver.AddSearchDirectories: Adding more searchDirectories S:\p\vstest3\artifacts\testArtifacts\dotnet\sdk\7.0.100-rc.1.22431.12\Extensions,S:\p\vstest3\artifacts\testArtifacts\dotnet\sdk\7.0.100-rc.1.22431.12\TestHostNetFramework
TpTrace Information: 0 : 29220, 3, 2022/10/24, 16:25:08.545, 246552517122, testhost.exe, AssemblyResolver.AddSearchDirectories: Adding more searchDirectories S:\p\vstest3\artifacts\testArtifacts\dotnet\sdk\7.0.100-rc.1.22431.12\Extensions,S:\p\vstest3\artifacts\testArtifacts\dotnet\sdk\7.0.100-rc.1.22431.12\TestHostNetFramework
TpTrace Information: 0 : 29220, 3, 2022/10/24, 16:25:08.545, 246552517411, testhost.exe, AssemblyResolver.AddSearchDirectories: Adding more searchDirectories S:\p\vstest3\artifacts\testArtifacts\dotnet\sdk\7.0.100-rc.1.22431.12\Extensions,S:\p\vstest3\artifacts\testArtifacts\dotnet\sdk\7.0.100-rc.1.22431.12\TestHostNetFramework
TpTrace Information: 0 : 29220, 3, 2022/10/24, 16:25:08.545, 246552517661, testhost.exe, AssemblyResolver.AddSearchDirectories: Adding more searchDirectories S:\p\vstest3\artifacts\testArtifacts\dotnet\sdk\7.0.100-rc.1.22431.12\Extensions,S:\p\vstest3\artifacts\testArtifacts\dotnet\sdk\7.0.100-rc.1.22431.12\TestHostNetFramework
TpTrace Information: 0 : 29220, 3, 2022/10/24, 16:25:08.545, 246552517936, testhost.exe, AssemblyResolver.AddSearchDirectories: Adding more searchDirectories C:\Users\jajares\AppData\Local\Temp\vstest\gluTv\bin\Debug\net462,S:\p\vstest3\artifacts\testArtifacts\dotnet\sdk\7.0.100-rc.1.22431.12\TestHostNetFramework
TpTrace Verbose: 0 : 29220, 3, 2022/10/24, 16:25:08.545, 246552518879, testhost.exe, MetadataReaderExtensionsHelper: Discovering extensions inside assembly 'Microsoft.Diagnostics.NETCore.Client, Version=0.2.5.801, Culture=neutral, PublicKeyToken=31bf3856ad364e35' file path 'S:\p\vstest3\artifacts\testArtifacts\dotnet\sdk\7.0.100-rc.1.22431.12\Extensions\Microsoft.Diagnostics.NETCore.Client.dll'
TpTrace Warning: 0 : 29220, 3, 2022/10/24, 16:25:08.547, 246552541070, testhost.exe, TestPluginDiscoverer: Failed to get types from assembly 'Microsoft.Diagnostics.NETCore.Client, Version=0.2.5.801, Culture=neutral, PublicKeyToken=31bf3856ad364e35'. Error: System.Reflection.ReflectionTypeLoadException: Unable to load one or more of the requested types. Retrieve the LoaderExceptions property for more information.
   at System.Reflection.RuntimeModule.GetTypes(RuntimeModule module)
   at System.Reflection.RuntimeModule.GetTypes()
   at System.Reflection.Assembly.GetTypes()
   at Microsoft.VisualStudio.TestPlatform.Common.ExtensionFramework.TestPluginDiscoverer.GetTestExtensionsFromAssembly[TPluginInfo,TExtension](Assembly assembly, Dictionary`2 pluginInfos, String filePath)
TpTrace Warning: 0 : 29220, 3, 2022/10/24, 16:25:08.548, 246552542488, testhost.exe, LoaderExceptions: System.IO.FileNotFoundException: Could not load file or assembly 'Microsoft.Bcl.AsyncInterfaces, Version=1.0.0.0, Culture=neutral, PublicKeyToken=cc7b13ffcd2ddd51' or one of its dependencies. The system cannot find the file specified.
File name: 'Microsoft.Bcl.AsyncInterfaces, Version=1.0.0.0, Culture=neutral, PublicKeyToken=cc7b13ffcd2ddd51'
   at System.Reflection.RuntimeAssembly._nLoad(AssemblyName fileName, String codeBase, Evidence assemblySecurity, RuntimeAssembly locationHint, StackCrawlMark& stackMark, IntPtr pPrivHostBinder, Boolean throwOnFileNotFound, Boolean forIntrospection, Boolean suppressSecurityChecks)
   at System.Reflection.RuntimeAssembly.InternalLoadAssemblyName(AssemblyName assemblyRef, Evidence assemblySecurity, RuntimeAssembly reqAssembly, StackCrawlMark& stackMark, IntPtr pPrivHostBinder, Boolean throwOnFileNotFound, Boolean forIntrospection, Boolean suppressSecurityChecks)
   at System.Reflection.Assembly.Load(AssemblyName assemblyRef)
   at Microsoft.VisualStudio.TestPlatform.Common.ExtensionFramework.TestPluginCache.CurrentDomainAssemblyResolve(Object sender, AssemblyResolveEventArgs args)
   at System.AppDomain.OnAssemblyResolveEvent(RuntimeAssembly assembly, String assemblyFullName)

Assembly manager loaded from:  C:\Windows\Microsoft.NET\Framework64\v4.0.30319\clr.dll
Running under executable  S:\p\vstest3\artifacts\testArtifacts\dotnet\sdk\7.0.100-rc.1.22431.12\TestHostNetFramework\testhost.exe
--- A detailed error log follows. 

=== Pre-bind state information ===
LOG: DisplayName = Microsoft.Bcl.AsyncInterfaces, Version=1.0.0.0, Culture=neutral, PublicKeyToken=cc7b13ffcd2ddd51
 (Fully-specified)
LOG: Appbase = file:///S:/p/vstest3/artifacts/testArtifacts/dotnet/sdk/7.0.100-rc.1.22431.12/TestHostNetFramework/
LOG: Initial PrivatePath = NULL
Calling assembly : Microsoft.VisualStudio.TestPlatform.Common, Version=15.0.0.0, Culture=neutral, PublicKeyToken=b03f5f7f11d50a3a.
===
LOG: This bind starts in default load context.
LOG: Using application configuration file: S:\p\vstest3\artifacts\testArtifacts\dotnet\sdk\7.0.100-rc.1.22431.12\TestHostNetFramework\testhost.exe.Config
LOG: Using host configuration file: 
LOG: Using machine configuration file from C:\Windows\Microsoft.NET\Framework64\v4.0.30319\config\machine.config.
LOG: Post-policy reference: Microsoft.Bcl.AsyncInterfaces, Version=1.0.0.0, Culture=neutral, PublicKeyToken=cc7b13ffcd2ddd51
LOG: Attempting download of new URL file:///S:/p/vstest3/artifacts/testArtifacts/dotnet/sdk/7.0.100-rc.1.22431.12/TestHostNetFramework/Microsoft.Bcl.AsyncInterfaces.DLL.
LOG: Attempting download of new URL file:///S:/p/vstest3/artifacts/testArtifacts/dotnet/sdk/7.0.100-rc.1.22431.12/TestHostNetFramework/Microsoft.Bcl.AsyncInterfaces/Microsoft.Bcl.AsyncInterfaces.DLL.
LOG: Attempting download of new URL file:///S:/p/vstest3/artifacts/testArtifacts/dotnet/sdk/7.0.100-rc.1.22431.12/TestHostNetFramework/Extensions/Microsoft.Bcl.AsyncInterfaces.DLL.
LOG: Attempting download of new URL file:///S:/p/vstest3/artifacts/testArtifacts/dotnet/sdk/7.0.100-rc.1.22431.12/TestHostNetFramework/Extensions/Microsoft.Bcl.AsyncInterfaces/Microsoft.Bcl.AsyncInterfaces.DLL.
LOG: Attempting download of new URL file:///S:/p/vstest3/artifacts/testArtifacts/dotnet/sdk/7.0.100-rc.1.22431.12/TestHostNetFramework/Microsoft.Bcl.AsyncInterfaces.EXE.
LOG: Attempting download of new URL file:///S:/p/vstest3/artifacts/testArtifacts/dotnet/sdk/7.0.100-rc.1.22431.12/TestHostNetFramework/Microsoft.Bcl.AsyncInterfaces/Microsoft.Bcl.AsyncInterfaces.EXE.
LOG: Attempting download of new URL file:///S:/p/vstest3/artifacts/testArtifacts/dotnet/sdk/7.0.100-rc.1.22431.12/TestHostNetFramework/Extensions/Microsoft.Bcl.AsyncInterfaces.EXE.
LOG: Attempting download of new URL file:///S:/p/vstest3/artifacts/testArtifacts/dotnet/sdk/7.0.100-rc.1.22431.12/TestHostNetFramework/Extensions/Microsoft.Bcl.AsyncInterfaces/Microsoft.Bcl.AsyncInterfaces.EXE.

TpTrace Warning: 0 : 29220, 3, 2022/10/24, 16:25:08.548, 246552543377, testhost.exe, LoaderExceptions: System.IO.FileNotFoundException: Could not load file or assembly 'System.Threading.Tasks.Extensions, Version=4.2.0.0, Culture=neutral, PublicKeyToken=cc7b13ffcd2ddd51' or one of its dependencies. The system cannot find the file specified.
File name: 'System.Threading.Tasks.Extensions, Version=4.2.0.0, Culture=neutral, PublicKeyToken=cc7b13ffcd2ddd51'
   at System.Reflection.RuntimeAssembly._nLoad(AssemblyName fileName, String codeBase, Evidence assemblySecurity, RuntimeAssembly locationHint, StackCrawlMark& stackMark, IntPtr pPrivHostBinder, Boolean throwOnFileNotFound, Boolean forIntrospection, Boolean suppressSecurityChecks)
   at System.Reflection.RuntimeAssembly.InternalLoadAssemblyName(AssemblyName assemblyRef, Evidence assemblySecurity, RuntimeAssembly reqAssembly, StackCrawlMark& stackMark, IntPtr pPrivHostBinder, Boolean throwOnFileNotFound, Boolean forIntrospection, Boolean suppressSecurityChecks)
   at System.Reflection.Assembly.Load(AssemblyName assemblyRef)
   at Microsoft.VisualStudio.TestPlatform.Common.ExtensionFramework.TestPluginCache.CurrentDomainAssemblyResolve(Object sender, AssemblyResolveEventArgs args)
   at System.AppDomain.OnAssemblyResolveEvent(RuntimeAssembly assembly, String assemblyFullName)

Assembly manager loaded from:  C:\Windows\Microsoft.NET\Framework64\v4.0.30319\clr.dll
Running under executable  S:\p\vstest3\artifacts\testArtifacts\dotnet\sdk\7.0.100-rc.1.22431.12\TestHostNetFramework\testhost.exe
--- A detailed error log follows. 

=== Pre-bind state information ===
LOG: DisplayName = System.Threading.Tasks.Extensions, Version=4.2.0.0, Culture=neutral, PublicKeyToken=cc7b13ffcd2ddd51
 (Fully-specified)
LOG: Appbase = file:///S:/p/vstest3/artifacts/testArtifacts/dotnet/sdk/7.0.100-rc.1.22431.12/TestHostNetFramework/
LOG: Initial PrivatePath = NULL
Calling assembly : Microsoft.VisualStudio.TestPlatform.Common, Version=15.0.0.0, Culture=neutral, PublicKeyToken=b03f5f7f11d50a3a.
===
LOG: This bind starts in default load context.
LOG: Using application configuration file: S:\p\vstest3\artifacts\testArtifacts\dotnet\sdk\7.0.100-rc.1.22431.12\TestHostNetFramework\testhost.exe.Config
LOG: Using host configuration file: 
LOG: Using machine configuration file from C:\Windows\Microsoft.NET\Framework64\v4.0.30319\config\machine.config.
LOG: Post-policy reference: System.Threading.Tasks.Extensions, Version=4.2.0.0, Culture=neutral, PublicKeyToken=cc7b13ffcd2ddd51
LOG: Attempting download of new URL file:///S:/p/vstest3/artifacts/testArtifacts/dotnet/sdk/7.0.100-rc.1.22431.12/TestHostNetFramework/System.Threading.Tasks.Extensions.DLL.
LOG: Attempting download of new URL file:///S:/p/vstest3/artifacts/testArtifacts/dotnet/sdk/7.0.100-rc.1.22431.12/TestHostNetFramework/System.Threading.Tasks.Extensions/System.Threading.Tasks.Extensions.DLL.
LOG: Attempting download of new URL file:///S:/p/vstest3/artifacts/testArtifacts/dotnet/sdk/7.0.100-rc.1.22431.12/TestHostNetFramework/Extensions/System.Threading.Tasks.Extensions.DLL.
LOG: Attempting download of new URL file:///S:/p/vstest3/artifacts/testArtifacts/dotnet/sdk/7.0.100-rc.1.22431.12/TestHostNetFramework/Extensions/System.Threading.Tasks.Extensions/System.Threading.Tasks.Extensions.DLL.
LOG: Attempting download of new URL file:///S:/p/vstest3/artifacts/testArtifacts/dotnet/sdk/7.0.100-rc.1.22431.12/TestHostNetFramework/System.Threading.Tasks.Extensions.EXE.
LOG: Attempting download of new URL file:///S:/p/vstest3/artifacts/testArtifacts/dotnet/sdk/7.0.100-rc.1.22431.12/TestHostNetFramework/System.Threading.Tasks.Extensions/System.Threading.Tasks.Extensions.EXE.
LOG: Attempting download of new URL file:///S:/p/vstest3/artifacts/testArtifacts/dotnet/sdk/7.0.100-rc.1.22431.12/TestHostNetFramework/Extensions/System.Threading.Tasks.Extensions.EXE.
LOG: Attempting download of new URL file:///S:/p/vstest3/artifacts/testArtifacts/dotnet/sdk/7.0.100-rc.1.22431.12/TestHostNetFramework/Extensions/System.Threading.Tasks.Extensions/System.Threading.Tasks.Extensions.EXE.

TpTrace Warning: 0 : 29220, 3, 2022/10/24, 16:25:08.548, 246552544227, testhost.exe, LoaderExceptions: System.IO.FileNotFoundException: Could not load file or assembly 'System.Threading.Tasks.Extensions, Version=4.2.0.0, Culture=neutral, PublicKeyToken=cc7b13ffcd2ddd51' or one of its dependencies. The system cannot find the file specified.
File name: 'System.Threading.Tasks.Extensions, Version=4.2.0.0, Culture=neutral, PublicKeyToken=cc7b13ffcd2ddd51'
   at System.Reflection.RuntimeAssembly._nLoad(AssemblyName fileName, String codeBase, Evidence assemblySecurity, RuntimeAssembly locationHint, StackCrawlMark& stackMark, IntPtr pPrivHostBinder, Boolean throwOnFileNotFound, Boolean forIntrospection, Boolean suppressSecurityChecks)
   at System.Reflection.RuntimeAssembly.InternalLoadAssemblyName(AssemblyName assemblyRef, Evidence assemblySecurity, RuntimeAssembly reqAssembly, StackCrawlMark& stackMark, IntPtr pPrivHostBinder, Boolean throwOnFileNotFound, Boolean forIntrospection, Boolean suppressSecurityChecks)
   at System.Reflection.Assembly.Load(AssemblyName assemblyRef)
   at Microsoft.VisualStudio.TestPlatform.Common.ExtensionFramework.TestPluginCache.CurrentDomainAssemblyResolve(Object sender, AssemblyResolveEventArgs args)
   at System.AppDomain.OnAssemblyResolveEvent(RuntimeAssembly assembly, String assemblyFullName)

Assembly manager loaded from:  C:\Windows\Microsoft.NET\Framework64\v4.0.30319\clr.dll
Running under executable  S:\p\vstest3\artifacts\testArtifacts\dotnet\sdk\7.0.100-rc.1.22431.12\TestHostNetFramework\testhost.exe
--- A detailed error log follows. 

=== Pre-bind state information ===
LOG: DisplayName = System.Threading.Tasks.Extensions, Version=4.2.0.0, Culture=neutral, PublicKeyToken=cc7b13ffcd2ddd51
 (Fully-specified)
LOG: Appbase = file:///S:/p/vstest3/artifacts/testArtifacts/dotnet/sdk/7.0.100-rc.1.22431.12/TestHostNetFramework/
LOG: Initial PrivatePath = NULL
Calling assembly : Microsoft.VisualStudio.TestPlatform.Common, Version=15.0.0.0, Culture=neutral, PublicKeyToken=b03f5f7f11d50a3a.
===
LOG: This bind starts in default load context.
LOG: Using application configuration file: S:\p\vstest3\artifacts\testArtifacts\dotnet\sdk\7.0.100-rc.1.22431.12\TestHostNetFramework\testhost.exe.Config
LOG: Using host configuration file: 
LOG: Using machine configuration file from C:\Windows\Microsoft.NET\Framework64\v4.0.30319\config\machine.config.
LOG: Post-policy reference: System.Threading.Tasks.Extensions, Version=4.2.0.0, Culture=neutral, PublicKeyToken=cc7b13ffcd2ddd51
LOG: Attempting download of new URL file:///S:/p/vstest3/artifacts/testArtifacts/dotnet/sdk/7.0.100-rc.1.22431.12/TestHostNetFramework/System.Threading.Tasks.Extensions.DLL.
LOG: Attempting download of new URL file:///S:/p/vstest3/artifacts/testArtifacts/dotnet/sdk/7.0.100-rc.1.22431.12/TestHostNetFramework/System.Threading.Tasks.Extensions/System.Threading.Tasks.Extensions.DLL.
LOG: Attempting download of new URL file:///S:/p/vstest3/artifacts/testArtifacts/dotnet/sdk/7.0.100-rc.1.22431.12/TestHostNetFramework/Extensions/System.Threading.Tasks.Extensions.DLL.
LOG: Attempting download of new URL file:///S:/p/vstest3/artifacts/testArtifacts/dotnet/sdk/7.0.100-rc.1.22431.12/TestHostNetFramework/Extensions/System.Threading.Tasks.Extensions/System.Threading.Tasks.Extensions.DLL.
LOG: Attempting download of new URL file:///S:/p/vstest3/artifacts/testArtifacts/dotnet/sdk/7.0.100-rc.1.22431.12/TestHostNetFramework/System.Threading.Tasks.Extensions.EXE.
LOG: Attempting download of new URL file:///S:/p/vstest3/artifacts/testArtifacts/dotnet/sdk/7.0.100-rc.1.22431.12/TestHostNetFramework/System.Threading.Tasks.Extensions/System.Threading.Tasks.Extensions.EXE.
LOG: Attempting download of new URL file:///S:/p/vstest3/artifacts/testArtifacts/dotnet/sdk/7.0.100-rc.1.22431.12/TestHostNetFramework/Extensions/System.Threading.Tasks.Extensions.EXE.
LOG: Attempting download of new URL file:///S:/p/vstest3/artifacts/testArtifacts/dotnet/sdk/7.0.100-rc.1.22431.12/TestHostNetFramework/Extensions/System.Threading.Tasks.Extensions/System.Threading.Tasks.Extensions.EXE.

TpTrace Verbose: 0 : 29220, 3, 2022/10/24, 16:25:08.548, 246552545175, testhost.exe, MetadataReaderExtensionsHelper: Discovering extensions inside assembly 'Microsoft.TestPlatform.Extensions.BlameDataCollector, Version=15.0.0.0, Culture=neutral, PublicKeyToken=b03f5f7f11d50a3a' file path 'S:\p\vstest3\artifacts\testArtifacts\dotnet\sdk\7.0.100-rc.1.22431.12\Extensions\Microsoft.TestPlatform.Extensions.BlameDataCollector.dll'
TpTrace Verbose: 0 : 29220, 3, 2022/10/24, 16:25:08.550, 246552564333, testhost.exe, MetadataReaderExtensionsHelper: Discovering extensions inside assembly 'Microsoft.TestPlatform.Extensions.EventLogCollector, Version=15.0.0.0, Culture=neutral, PublicKeyToken=b03f5f7f11d50a3a' file path 'S:\p\vstest3\artifacts\testArtifacts\dotnet\sdk\7.0.100-rc.1.22431.12\Extensions\Microsoft.TestPlatform.Extensions.EventLogCollector.dll'
TpTrace Verbose: 0 : 29220, 3, 2022/10/24, 16:25:08.552, 246552588916, testhost.exe, MetadataReaderExtensionsHelper: Discovering extensions inside assembly 'Microsoft.TestPlatform.TestHostRuntimeProvider, Version=15.0.0.0, Culture=neutral, PublicKeyToken=b03f5f7f11d50a3a' file path 'S:\p\vstest3\artifacts\testArtifacts\dotnet\sdk\7.0.100-rc.1.22431.12\Extensions\Microsoft.TestPlatform.TestHostRuntimeProvider.dll'
TpTrace Verbose: 0 : 29220, 3, 2022/10/24, 16:25:08.554, 246552611688, testhost.exe, MetadataReaderExtensionsHelper: Discovering extensions inside assembly 'Microsoft.VisualStudio.TestPlatform.Extensions.Html.TestLogger, Version=15.0.0.0, Culture=neutral, PublicKeyToken=b03f5f7f11d50a3a' file path 'S:\p\vstest3\artifacts\testArtifacts\dotnet\sdk\7.0.100-rc.1.22431.12\Extensions\Microsoft.VisualStudio.TestPlatform.Extensions.Html.TestLogger.dll'
TpTrace Verbose: 0 : 29220, 3, 2022/10/24, 16:25:08.557, 246552639438, testhost.exe, MetadataReaderExtensionsHelper: Discovering extensions inside assembly 'Microsoft.VisualStudio.TestPlatform.Extensions.Trx.TestLogger, Version=15.0.0.0, Culture=neutral, PublicKeyToken=b03f5f7f11d50a3a' file path 'S:\p\vstest3\artifacts\testArtifacts\dotnet\sdk\7.0.100-rc.1.22431.12\Extensions\Microsoft.VisualStudio.TestPlatform.Extensions.Trx.TestLogger.dll'
TpTrace Verbose: 0 : 29220, 3, 2022/10/24, 16:25:08.560, 246552662965, testhost.exe, MetadataReaderExtensionsHelper: Discovering extensions inside assembly 'Microsoft.VisualStudio.TestPlatform.MSTest.TestAdapter, Version=14.0.0.0, Culture=neutral, PublicKeyToken=b03f5f7f11d50a3a' file path 'C:\Users\jajares\AppData\Local\Temp\vstest\gluTv\bin\Debug\net462\Microsoft.VisualStudio.TestPlatform.MSTest.TestAdapter.dll'
TpTrace Information: 0 : 29220, 3, 2022/10/24, 16:25:08.564, 246552704468, testhost.exe, GetTestExtensionFromType: Register extension with identifier data 'Microsoft.VisualStudio.TestPlatform.MSTest.TestAdapter.MSTestDiscoverer, Microsoft.VisualStudio.TestPlatform.MSTest.TestAdapter, Version=14.0.0.0, Culture=neutral, PublicKeyToken=b03f5f7f11d50a3a' and type 'Microsoft.VisualStudio.TestPlatform.MSTest.TestAdapter.MSTestDiscoverer, Microsoft.VisualStudio.TestPlatform.MSTest.TestAdapter, Version=14.0.0.0, Culture=neutral, PublicKeyToken=b03f5f7f11d50a3a' inside file 'C:\Users\jajares\AppData\Local\Temp\vstest\gluTv\bin\Debug\net462\Microsoft.VisualStudio.TestPlatform.MSTest.TestAdapter.dll'
TpTrace Verbose: 0 : 29220, 3, 2022/10/24, 16:25:08.564, 246552705481, testhost.exe, TestPluginCache: Discovered the extensions using extension path ''.
TpTrace Verbose: 0 : 29220, 3, 2022/10/24, 16:25:08.564, 246552705874, testhost.exe, TestPluginCache: Discoverers are 'Microsoft.VisualStudio.TestPlatform.MSTest.TestAdapter.MSTestDiscoverer, Microsoft.VisualStudio.TestPlatform.MSTest.TestAdapter, Version=14.0.0.0, Culture=neutral, PublicKeyToken=b03f5f7f11d50a3a'.
TpTrace Verbose: 0 : 29220, 3, 2022/10/24, 16:25:08.564, 246552706206, testhost.exe, TestPluginCache: Executors are 'executor://MSTestAdapter/v2'.
TpTrace Verbose: 0 : 29220, 3, 2022/10/24, 16:25:08.564, 246552706480, testhost.exe, TestPluginCache: Executors2 are ''.
TpTrace Verbose: 0 : 29220, 3, 2022/10/24, 16:25:08.564, 246552706761, testhost.exe, TestPluginCache: Setting providers are ''.
TpTrace Verbose: 0 : 29220, 3, 2022/10/24, 16:25:08.564, 246552706984, testhost.exe, TestPluginCache: Loggers are ''.
TpTrace Verbose: 0 : 29220, 3, 2022/10/24, 16:25:08.564, 246552707198, testhost.exe, TestPluginCache: TestHosts are ''.
TpTrace Verbose: 0 : 29220, 3, 2022/10/24, 16:25:08.564, 246552707464, testhost.exe, TestPluginCache: DataCollectors are ''.
TpTrace Verbose: 0 : 29220, 3, 2022/10/24, 16:25:08.574, 246552806402, testhost.exe, BaseRunTests.RunTestInternalWithExecutors: Running tests for executor://MSTestAdapter/v2
TpTrace Verbose: 0 : 29220, 3, 2022/10/24, 16:25:08.575, 246552812668, testhost.exe, BaseRunTests.TryToRunInSTAThread: Using STA thread to call adapter API.
TpTrace Information: 0 : 29220, 12, 2022/10/24, 16:25:08.803, 246555091592, testhost.exe, MSTest - MSTestExecutor.RunTests: Running tests from sources.
TpTrace Verbose: 0 : 29220, 9, 2022/10/24, 16:25:08.901, 246556076056, testhost.exe, TcpClientExtensions.MessageLoopAsync: Polling on remoteEndPoint: 127.0.0.1:58003 localEndPoint: 127.0.0.1:58005
TpTrace Information: 0 : 29220, 12, 2022/10/24, 16:25:09.413, 246561197605, testhost.exe, MSTest - CollectSourceInformation value Found : False 
TpTrace Information: 0 : 29220, 12, 2022/10/24, 16:25:09.835, 246565417582, testhost.exe, MSTestExecutor: Changed the working directory to C:\Users\jajares\AppData\Local\Temp\vstest\gluTv\bin\Debug\net462
TpTrace Information: 0 : 29220, 12, 2022/10/24, 16:25:09.839, 246565454418, testhost.exe, DesktopTestSourceHost.GetResolutionPaths(): Not running in portable mode
TpTrace Information: 0 : 29220, 12, 2022/10/24, 16:25:09.867, 246565732146, testhost.exe, DesktopTestSourceHost.SetupHost(): Creating assembly resolver with resolution paths C:\Users\jajares\AppData\Local\Temp\vstest\gluTv\bin\Debug\net462,S:\p\vstest3\artifacts\testArtifacts\dotnet\sdk\7.0.100-rc.1.22431.12\TestHostNetFramework.
TpTrace Verbose: 0 : 29220, 9, 2022/10/24, 16:25:09.902, 246566079211, testhost.exe, TcpClientExtensions.MessageLoopAsync: Polling on remoteEndPoint: 127.0.0.1:58003 localEndPoint: 127.0.0.1:58005
TpTrace Information: 0 : 29220, 12, 2022/10/24, 16:25:10.756, 246574619809, testhost.exe, AssemblyResolver.OnResolve: Microsoft.VisualStudio.TestPlatform.MSTestAdapter.PlatformServices, Version=14.0.0.0, Culture=neutral, PublicKeyToken=b03f5f7f11d50a3a: Resolving assembly.
TpTrace Information: 0 : 29220, 12, 2022/10/24, 16:25:10.756, 246574620887, testhost.exe, AssemblyResolver.OnResolve: Microsoft.VisualStudio.TestPlatform.MSTestAdapter.PlatformServices, Version=14.0.0.0, Culture=neutral, PublicKeyToken=b03f5f7f11d50a3a: Searching in: 'S:\p\vstest3\artifacts\testArtifacts\dotnet\sdk\7.0.100-rc.1.22431.12\Extensions'.
TpTrace Information: 0 : 29220, 12, 2022/10/24, 16:25:10.756, 246574621499, testhost.exe, AssemblyResolver.OnResolve: Microsoft.VisualStudio.TestPlatform.MSTestAdapter.PlatformServices, Version=14.0.0.0, Culture=neutral, PublicKeyToken=b03f5f7f11d50a3a: Assembly path does not exist: 'S:\p\vstest3\artifacts\testArtifacts\dotnet\sdk\7.0.100-rc.1.22431.12\Extensions\Microsoft.VisualStudio.TestPlatform.MSTestAdapter.PlatformServices.dll', returning.
TpTrace Information: 0 : 29220, 12, 2022/10/24, 16:25:10.756, 246574621828, testhost.exe, AssemblyResolver.OnResolve: Microsoft.VisualStudio.TestPlatform.MSTestAdapter.PlatformServices, Version=14.0.0.0, Culture=neutral, PublicKeyToken=b03f5f7f11d50a3a: Assembly path does not exist: 'S:\p\vstest3\artifacts\testArtifacts\dotnet\sdk\7.0.100-rc.1.22431.12\Extensions\Microsoft.VisualStudio.TestPlatform.MSTestAdapter.PlatformServices.exe', returning.
TpTrace Information: 0 : 29220, 12, 2022/10/24, 16:25:10.756, 246574622021, testhost.exe, AssemblyResolver.OnResolve: Microsoft.VisualStudio.TestPlatform.MSTestAdapter.PlatformServices, Version=14.0.0.0, Culture=neutral, PublicKeyToken=b03f5f7f11d50a3a: Searching in: 'C:\Users\jajares\AppData\Local\Temp\vstest\gluTv\bin\Debug\net462'.
TpTrace Information: 0 : 29220, 12, 2022/10/24, 16:25:10.756, 246574626308, testhost.exe, AssemblyResolver.OnResolve: Microsoft.VisualStudio.TestPlatform.MSTestAdapter.PlatformServices, Version=14.0.0.0, Culture=neutral, PublicKeyToken=b03f5f7f11d50a3a: Loading assembly 'C:\Users\jajares\AppData\Local\Temp\vstest\gluTv\bin\Debug\net462\Microsoft.VisualStudio.TestPlatform.MSTestAdapter.PlatformServices.dll'.
TpTrace Information: 0 : 29220, 12, 2022/10/24, 16:25:10.758, 246574639271, testhost.exe, AssemblyResolver.OnResolve: Resolved assembly: Microsoft.VisualStudio.TestPlatform.MSTestAdapter.PlatformServices, Version=14.0.0.0, Culture=neutral, PublicKeyToken=b03f5f7f11d50a3a, from path: C:\Users\jajares\AppData\Local\Temp\vstest\gluTv\bin\Debug\net462\Microsoft.VisualStudio.TestPlatform.MSTestAdapter.PlatformServices.dll
TpTrace Information: 0 : 29220, 12, 2022/10/24, 16:25:10.758, 246574640161, testhost.exe, AssemblyResolver.OnResolve: Microsoft.VisualStudio.TestPlatform.MSTestAdapter.PlatformServices, Version=14.0.0.0, Culture=neutral, PublicKeyToken=b03f5f7f11d50a3a: Resolving assembly.
TpTrace Information: 0 : 29220, 12, 2022/10/24, 16:25:10.758, 246574640403, testhost.exe, AssemblyResolver.OnResolve: Microsoft.VisualStudio.TestPlatform.MSTestAdapter.PlatformServices, Version=14.0.0.0, Culture=neutral, PublicKeyToken=b03f5f7f11d50a3a: Resolved from cache.
TpTrace Information: 0 : 29220, 12, 2022/10/24, 16:25:10.875, 246575817794, testhost.exe, DesktopTestSourceHost.SetupHost(): Creating app-domain for source C:\Users\jajares\AppData\Local\Temp\vstest\gluTv\bin\Debug\net462\ProjectFileRunSettingsTestProject.dll with application base path C:\Users\jajares\AppData\Local\Temp\vstest\gluTv\bin\Debug\net462.
TpTrace Verbose: 0 : 29220, 9, 2022/10/24, 16:25:10.902, 246576079666, testhost.exe, TcpClientExtensions.MessageLoopAsync: Polling on remoteEndPoint: 127.0.0.1:58003 localEndPoint: 127.0.0.1:58005
TpTrace Information: 0 : 29220, 12, 2022/10/24, 16:25:11.694, 246584004996, testhost.exe, DesktopTestSourceHost.SetupHost(): assemblyenumerator location: C:\Users\jajares\AppData\Local\Temp\vstest\gluTv\bin\Debug\net462\Microsoft.VisualStudio.TestPlatform.MSTestAdapter.PlatformServices.dll , fullname: Microsoft.VisualStudio.TestPlatform.MSTestAdapter.PlatformServices.AssemblyResolver 
TpTrace Information: 0 : 29220, 12, 2022/10/24, 16:25:11.709, 246584152946, testhost.exe, DesktopTestSourceHost.SetupHost(): resolver type: Microsoft.VisualStudio.TestPlatform.MSTestAdapter.PlatformServices.AssemblyResolver , resolve type assembly: C:\Users\jajares\AppData\Local\Temp\vstest\gluTv\bin\Debug\net462\Microsoft.VisualStudio.TestPlatform.MSTestAdapter.PlatformServices.dll 
TpTrace Verbose: 0 : 29220, 9, 2022/10/24, 16:25:11.902, 246586084094, testhost.exe, TcpClientExtensions.MessageLoopAsync: Polling on remoteEndPoint: 127.0.0.1:58003 localEndPoint: 127.0.0.1:58005
TpTrace Verbose: 0 : 29220, 9, 2022/10/24, 16:25:12.902, 246596085747, testhost.exe, TcpClientExtensions.MessageLoopAsync: Polling on remoteEndPoint: 127.0.0.1:58003 localEndPoint: 127.0.0.1:58005
TpTrace Information: 0 : 29220, 12, 2022/10/24, 16:25:13.766, 246604720482, testhost.exe, MSTest - MSTestDiscoverer: Found 1 tests from source C:\Users\jajares\AppData\Local\Temp\vstest\gluTv\bin\Debug\net462\ProjectFileRunSettingsTestProject.dll
TpTrace Information: 0 : 29220, 12, 2022/10/24, 16:25:13.833, 246605396041, testhost.exe, AssemblyResolver.OnResolve: Microsoft.VisualStudio.TestPlatform.MSTestAdapter.PlatformServices.resources, Version=14.0.0.0, Culture=en-US, PublicKeyToken=b03f5f7f11d50a3a: Resolving assembly.
TpTrace Information: 0 : 29220, 12, 2022/10/24, 16:25:13.833, 246605397578, testhost.exe, AssemblyResolver.OnResolve: Microsoft.VisualStudio.TestPlatform.MSTestAdapter.PlatformServices.resources, Version=14.0.0.0, Culture=en-US, PublicKeyToken=b03f5f7f11d50a3a: Searching in: 'S:\p\vstest3\artifacts\testArtifacts\dotnet\sdk\7.0.100-rc.1.22431.12\Extensions'.
TpTrace Information: 0 : 29220, 12, 2022/10/24, 16:25:13.833, 246605398273, testhost.exe, AssemblyResolver.OnResolve: Microsoft.VisualStudio.TestPlatform.MSTestAdapter.PlatformServices.resources, Version=14.0.0.0, Culture=en-US, PublicKeyToken=b03f5f7f11d50a3a: Assembly path does not exist: 'S:\p\vstest3\artifacts\testArtifacts\dotnet\sdk\7.0.100-rc.1.22431.12\Extensions\Microsoft.VisualStudio.TestPlatform.MSTestAdapter.PlatformServices.resources.dll', returning.
TpTrace Information: 0 : 29220, 12, 2022/10/24, 16:25:13.833, 246605398651, testhost.exe, AssemblyResolver.OnResolve: Microsoft.VisualStudio.TestPlatform.MSTestAdapter.PlatformServices.resources, Version=14.0.0.0, Culture=en-US, PublicKeyToken=b03f5f7f11d50a3a: Assembly path does not exist: 'S:\p\vstest3\artifacts\testArtifacts\dotnet\sdk\7.0.100-rc.1.22431.12\Extensions\Microsoft.VisualStudio.TestPlatform.MSTestAdapter.PlatformServices.resources.exe', returning.
TpTrace Information: 0 : 29220, 12, 2022/10/24, 16:25:13.833, 246605398855, testhost.exe, AssemblyResolver.OnResolve: Microsoft.VisualStudio.TestPlatform.MSTestAdapter.PlatformServices.resources, Version=14.0.0.0, Culture=en-US, PublicKeyToken=b03f5f7f11d50a3a: Searching in: 'C:\Users\jajares\AppData\Local\Temp\vstest\gluTv\bin\Debug\net462'.
TpTrace Information: 0 : 29220, 12, 2022/10/24, 16:25:13.834, 246605399432, testhost.exe, AssemblyResolver.OnResolve: Microsoft.VisualStudio.TestPlatform.MSTestAdapter.PlatformServices.resources, Version=14.0.0.0, Culture=en-US, PublicKeyToken=b03f5f7f11d50a3a: Assembly path does not exist: 'C:\Users\jajares\AppData\Local\Temp\vstest\gluTv\bin\Debug\net462\Microsoft.VisualStudio.TestPlatform.MSTestAdapter.PlatformServices.resources.dll', returning.
TpTrace Information: 0 : 29220, 12, 2022/10/24, 16:25:13.834, 246605399958, testhost.exe, AssemblyResolver.OnResolve: Microsoft.VisualStudio.TestPlatform.MSTestAdapter.PlatformServices.resources, Version=14.0.0.0, Culture=en-US, PublicKeyToken=b03f5f7f11d50a3a: Assembly path does not exist: 'C:\Users\jajares\AppData\Local\Temp\vstest\gluTv\bin\Debug\net462\Microsoft.VisualStudio.TestPlatform.MSTestAdapter.PlatformServices.resources.exe', returning.
TpTrace Information: 0 : 29220, 12, 2022/10/24, 16:25:13.834, 246605400208, testhost.exe, AssemblyResolver.OnResolve: Microsoft.VisualStudio.TestPlatform.MSTestAdapter.PlatformServices.resources, Version=14.0.0.0, Culture=en-US, PublicKeyToken=b03f5f7f11d50a3a: Searching in: 'S:\p\vstest3\artifacts\testArtifacts\dotnet\sdk\7.0.100-rc.1.22431.12\TestHostNetFramework'.
TpTrace Information: 0 : 29220, 12, 2022/10/24, 16:25:13.834, 246605400581, testhost.exe, AssemblyResolver.OnResolve: Microsoft.VisualStudio.TestPlatform.MSTestAdapter.PlatformServices.resources, Version=14.0.0.0, Culture=en-US, PublicKeyToken=b03f5f7f11d50a3a: Assembly path does not exist: 'S:\p\vstest3\artifacts\testArtifacts\dotnet\sdk\7.0.100-rc.1.22431.12\TestHostNetFramework\Microsoft.VisualStudio.TestPlatform.MSTestAdapter.PlatformServices.resources.dll', returning.
TpTrace Information: 0 : 29220, 12, 2022/10/24, 16:25:13.834, 246605400877, testhost.exe, AssemblyResolver.OnResolve: Microsoft.VisualStudio.TestPlatform.MSTestAdapter.PlatformServices.resources, Version=14.0.0.0, Culture=en-US, PublicKeyToken=b03f5f7f11d50a3a: Assembly path does not exist: 'S:\p\vstest3\artifacts\testArtifacts\dotnet\sdk\7.0.100-rc.1.22431.12\TestHostNetFramework\Microsoft.VisualStudio.TestPlatform.MSTestAdapter.PlatformServices.resources.exe', returning.
TpTrace Information: 0 : 29220, 12, 2022/10/24, 16:25:13.834, 246605401072, testhost.exe, AssemblyResolver.OnResolve: Microsoft.VisualStudio.TestPlatform.MSTestAdapter.PlatformServices.resources, Version=14.0.0.0, Culture=en-US, PublicKeyToken=b03f5f7f11d50a3a: Failed to load assembly.
TpTrace Information: 0 : 29220, 12, 2022/10/24, 16:25:13.834, 246605401715, testhost.exe, AssemblyResolver.OnResolve: Microsoft.VisualStudio.TestPlatform.MSTestAdapter.PlatformServices.resources, Version=14.0.0.0, Culture=en-US, PublicKeyToken=b03f5f7f11d50a3a: Resolving assembly.
TpTrace Information: 0 : 29220, 12, 2022/10/24, 16:25:13.834, 246605401943, testhost.exe, AssemblyResolver.OnResolve: Microsoft.VisualStudio.TestPlatform.MSTestAdapter.PlatformServices.resources, Version=14.0.0.0, Culture=en-US, PublicKeyToken=b03f5f7f11d50a3a: Resolved from cache.
TpTrace Information: 0 : 29220, 12, 2022/10/24, 16:25:13.842, 246605485038, testhost.exe, AssemblyResolver.OnResolve: Microsoft.VisualStudio.TestPlatform.MSTestAdapter.PlatformServices.resources, Version=14.0.0.0, Culture=en, PublicKeyToken=b03f5f7f11d50a3a: Resolving assembly.
TpTrace Information: 0 : 29220, 12, 2022/10/24, 16:25:13.842, 246605486363, testhost.exe, AssemblyResolver.OnResolve: Microsoft.VisualStudio.TestPlatform.MSTestAdapter.PlatformServices.resources, Version=14.0.0.0, Culture=en, PublicKeyToken=b03f5f7f11d50a3a: Searching in: 'S:\p\vstest3\artifacts\testArtifacts\dotnet\sdk\7.0.100-rc.1.22431.12\Extensions'.
TpTrace Information: 0 : 29220, 12, 2022/10/24, 16:25:13.842, 246605486956, testhost.exe, AssemblyResolver.OnResolve: Microsoft.VisualStudio.TestPlatform.MSTestAdapter.PlatformServices.resources, Version=14.0.0.0, Culture=en, PublicKeyToken=b03f5f7f11d50a3a: Assembly path does not exist: 'S:\p\vstest3\artifacts\testArtifacts\dotnet\sdk\7.0.100-rc.1.22431.12\Extensions\Microsoft.VisualStudio.TestPlatform.MSTestAdapter.PlatformServices.resources.dll', returning.
TpTrace Information: 0 : 29220, 12, 2022/10/24, 16:25:13.842, 246605487276, testhost.exe, AssemblyResolver.OnResolve: Microsoft.VisualStudio.TestPlatform.MSTestAdapter.PlatformServices.resources, Version=14.0.0.0, Culture=en, PublicKeyToken=b03f5f7f11d50a3a: Assembly path does not exist: 'S:\p\vstest3\artifacts\testArtifacts\dotnet\sdk\7.0.100-rc.1.22431.12\Extensions\Microsoft.VisualStudio.TestPlatform.MSTestAdapter.PlatformServices.resources.exe', returning.
TpTrace Information: 0 : 29220, 12, 2022/10/24, 16:25:13.842, 246605487469, testhost.exe, AssemblyResolver.OnResolve: Microsoft.VisualStudio.TestPlatform.MSTestAdapter.PlatformServices.resources, Version=14.0.0.0, Culture=en, PublicKeyToken=b03f5f7f11d50a3a: Searching in: 'C:\Users\jajares\AppData\Local\Temp\vstest\gluTv\bin\Debug\net462'.
TpTrace Information: 0 : 29220, 12, 2022/10/24, 16:25:13.842, 246605488019, testhost.exe, AssemblyResolver.OnResolve: Microsoft.VisualStudio.TestPlatform.MSTestAdapter.PlatformServices.resources, Version=14.0.0.0, Culture=en, PublicKeyToken=b03f5f7f11d50a3a: Assembly path does not exist: 'C:\Users\jajares\AppData\Local\Temp\vstest\gluTv\bin\Debug\net462\Microsoft.VisualStudio.TestPlatform.MSTestAdapter.PlatformServices.resources.dll', returning.
TpTrace Information: 0 : 29220, 12, 2022/10/24, 16:25:13.842, 246605488470, testhost.exe, AssemblyResolver.OnResolve: Microsoft.VisualStudio.TestPlatform.MSTestAdapter.PlatformServices.resources, Version=14.0.0.0, Culture=en, PublicKeyToken=b03f5f7f11d50a3a: Assembly path does not exist: 'C:\Users\jajares\AppData\Local\Temp\vstest\gluTv\bin\Debug\net462\Microsoft.VisualStudio.TestPlatform.MSTestAdapter.PlatformServices.resources.exe', returning.
TpTrace Information: 0 : 29220, 12, 2022/10/24, 16:25:13.842, 246605488708, testhost.exe, AssemblyResolver.OnResolve: Microsoft.VisualStudio.TestPlatform.MSTestAdapter.PlatformServices.resources, Version=14.0.0.0, Culture=en, PublicKeyToken=b03f5f7f11d50a3a: Searching in: 'S:\p\vstest3\artifacts\testArtifacts\dotnet\sdk\7.0.100-rc.1.22431.12\TestHostNetFramework'.
TpTrace Information: 0 : 29220, 12, 2022/10/24, 16:25:13.843, 246605489141, testhost.exe, AssemblyResolver.OnResolve: Microsoft.VisualStudio.TestPlatform.MSTestAdapter.PlatformServices.resources, Version=14.0.0.0, Culture=en, PublicKeyToken=b03f5f7f11d50a3a: Assembly path does not exist: 'S:\p\vstest3\artifacts\testArtifacts\dotnet\sdk\7.0.100-rc.1.22431.12\TestHostNetFramework\Microsoft.VisualStudio.TestPlatform.MSTestAdapter.PlatformServices.resources.dll', returning.
TpTrace Information: 0 : 29220, 12, 2022/10/24, 16:25:13.843, 246605489541, testhost.exe, AssemblyResolver.OnResolve: Microsoft.VisualStudio.TestPlatform.MSTestAdapter.PlatformServices.resources, Version=14.0.0.0, Culture=en, PublicKeyToken=b03f5f7f11d50a3a: Assembly path does not exist: 'S:\p\vstest3\artifacts\testArtifacts\dotnet\sdk\7.0.100-rc.1.22431.12\TestHostNetFramework\Microsoft.VisualStudio.TestPlatform.MSTestAdapter.PlatformServices.resources.exe', returning.
TpTrace Information: 0 : 29220, 12, 2022/10/24, 16:25:13.843, 246605489798, testhost.exe, AssemblyResolver.OnResolve: Microsoft.VisualStudio.TestPlatform.MSTestAdapter.PlatformServices.resources, Version=14.0.0.0, Culture=en, PublicKeyToken=b03f5f7f11d50a3a: Failed to load assembly.
TpTrace Information: 0 : 29220, 12, 2022/10/24, 16:25:13.843, 246605490415, testhost.exe, AssemblyResolver.OnResolve: Microsoft.VisualStudio.TestPlatform.MSTestAdapter.PlatformServices.resources, Version=14.0.0.0, Culture=en, PublicKeyToken=b03f5f7f11d50a3a: Resolving assembly.
TpTrace Information: 0 : 29220, 12, 2022/10/24, 16:25:13.843, 246605490665, testhost.exe, AssemblyResolver.OnResolve: Microsoft.VisualStudio.TestPlatform.MSTestAdapter.PlatformServices.resources, Version=14.0.0.0, Culture=en, PublicKeyToken=b03f5f7f11d50a3a: Resolved from cache.
TpTrace Information: 0 : 29220, 12, 2022/10/24, 16:25:13.886, 246605925250, testhost.exe, MSTestExecutor: Changed the working directory to C:\Users\jajares\AppData\Local\Temp\vstest\gluTv\bin\Debug\net462
TpTrace Information: 0 : 29220, 12, 2022/10/24, 16:25:13.886, 246605928144, testhost.exe, DesktopTestSourceHost.GetResolutionPaths(): Not running in portable mode
TpTrace Information: 0 : 29220, 12, 2022/10/24, 16:25:13.886, 246605928596, testhost.exe, DesktopTestSourceHost.SetupHost(): Creating assembly resolver with resolution paths C:\Users\jajares\AppData\Local\Temp\vstest\gluTv\bin\Debug\net462,S:\p\vstest3\artifacts\testArtifacts\dotnet\sdk\7.0.100-rc.1.22431.12\TestHostNetFramework.
TpTrace Verbose: 0 : 29220, 9, 2022/10/24, 16:25:13.903, 246606089731, testhost.exe, TcpClientExtensions.MessageLoopAsync: Polling on remoteEndPoint: 127.0.0.1:58003 localEndPoint: 127.0.0.1:58005
TpTrace Information: 0 : 29220, 12, 2022/10/24, 16:25:14.686, 246613929150, testhost.exe, DesktopTestSourceHost.SetupHost(): Creating app-domain for source C:\Users\jajares\AppData\Local\Temp\vstest\gluTv\bin\Debug\net462\ProjectFileRunSettingsTestProject.dll with application base path C:\Users\jajares\AppData\Local\Temp\vstest\gluTv\bin\Debug\net462.
TpTrace Verbose: 0 : 29220, 9, 2022/10/24, 16:25:14.903, 246616091678, testhost.exe, TcpClientExtensions.MessageLoopAsync: Polling on remoteEndPoint: 127.0.0.1:58003 localEndPoint: 127.0.0.1:58005
TpTrace Information: 0 : 29220, 12, 2022/10/24, 16:25:15.520, 246622261459, testhost.exe, DesktopTestSourceHost.SetupHost(): assemblyenumerator location: C:\Users\jajares\AppData\Local\Temp\vstest\gluTv\bin\Debug\net462\Microsoft.VisualStudio.TestPlatform.MSTestAdapter.PlatformServices.dll , fullname: Microsoft.VisualStudio.TestPlatform.MSTestAdapter.PlatformServices.AssemblyResolver 
TpTrace Information: 0 : 29220, 12, 2022/10/24, 16:25:15.534, 246622406411, testhost.exe, DesktopTestSourceHost.SetupHost(): resolver type: Microsoft.VisualStudio.TestPlatform.MSTestAdapter.PlatformServices.AssemblyResolver , resolve type assembly: C:\Users\jajares\AppData\Local\Temp\vstest\gluTv\bin\Debug\net462\Microsoft.VisualStudio.TestPlatform.MSTestAdapter.PlatformServices.dll 
TpTrace Verbose: 0 : 29220, 9, 2022/10/24, 16:25:15.903, 246626093445, testhost.exe, TcpClientExtensions.MessageLoopAsync: Polling on remoteEndPoint: 127.0.0.1:58003 localEndPoint: 127.0.0.1:58005
TpTrace Information: 0 : 29220, 12, 2022/10/24, 16:25:16.107, 246628142889, testhost.exe, MSTest - Created unit-test runner C:\Users\jajares\AppData\Local\Temp\vstest\gluTv\bin\Debug\net462\ProjectFileRunSettingsTestProject.dll
TpTrace Verbose: 0 : 29220, 12, 2022/10/24, 16:25:16.253, 246629602660, testhost.exe, TestExecutionRecorder.RecordStart: Starting test: ProjectFileRunSettingsTestProject.UnitTest1.TestMethod1.
TpTrace Information: 0 : 29220, 12, 2022/10/24, 16:25:16.256, 246629624492, testhost.exe, Sending test run statistics
TpTrace Verbose: 0 : 29220, 12, 2022/10/24, 16:25:16.279, 246629862087, testhost.exe, TestRequestHandler.SendData: sending data from testhost: {"Version":7,"MessageType":"TestExecution.StatsChange","Payload":{"NewTestResults":[],"TestRunStatistics":{"ExecutedTests":0,"Stats":{}},"ActiveTests":[{"Id":"d637ab49-2bb5-b2c2-dbf0-41e7ebe6f4a7","FullyQualifiedName":"ProjectFileRunSettingsTestProject.UnitTest1.TestMethod1","DisplayName":"TestMethod1","ExecutorUri":"executor://MSTestAdapter/v2","Source":"C:\\Users\\jajares\\AppData\\Local\\Temp\\vstest\\gluTv\\bin\\Debug\\net462\\ProjectFileRunSettingsTestProject.dll","CodeFilePath":null,"LineNumber":-1,"Properties":[{"Key":{"Id":"TestCase.ManagedType","Label":"ManagedType","Category":"","Description":"","Attributes":1,"ValueType":"System.String"},"Value":"ProjectFileRunSettingsTestProject.UnitTest1"},{"Key":{"Id":"TestCase.ManagedMethod","Label":"ManagedMethod","Category":"","Description":"","Attributes":1,"ValueType":"System.String"},"Value":"TestMethod1"},{"Key":{"Id":"MSTestDiscoverer.TestClassName","Label":"ClassName","Category":"","Description":"","Attributes":1,"ValueType":"System.String"},"Value":"ProjectFileRunSettingsTestProject.UnitTest1"},{"Key":{"Id":"TestCase.Hierarchy","Label":"Hierarchy","Category":"","Description":"","Attributes":2,"ValueType":"System.String[]"},"Value":["ProjectFileRunSettingsTestProject","UnitTest1"]},{"Key":{"Id":"TestObject.Traits","Label":"Traits","Category":"","Description":"","Attributes":5,"ValueType":"System.Collections.Generic.KeyValuePair`2[[System.String],[System.String]][]"},"Value":[]}]}]}}
TpTrace Verbose: 0 : 29220, 12, 2022/10/24, 16:25:16.280, 246629864135, testhost.exe, TestRunCache: OnNewTestResult: Notified the onCacheHit callback.
TpTrace Information: 0 : 29220, 12, 2022/10/24, 16:25:16.280, 246629864475, testhost.exe, MSTest - Executing test TestMethod1
TpTrace Verbose: 0 : 29220, 9, 2022/10/24, 16:25:16.903, 246636094613, testhost.exe, TcpClientExtensions.MessageLoopAsync: Polling on remoteEndPoint: 127.0.0.1:58003 localEndPoint: 127.0.0.1:58005
TpTrace Information: 0 : 29220, 12, 2022/10/24, 16:25:17.189, 246638959783, testhost.exe, MSTest - Executed test TestMethod1
TpTrace Verbose: 0 : 29220, 12, 2022/10/24, 16:25:17.194, 246639010010, testhost.exe, TestExecutionRecorder.RecordEnd: test: ProjectFileRunSettingsTestProject.UnitTest1.TestMethod1 execution completed.
TpTrace Warning: 0 : 29220, 12, 2022/10/24, 16:25:17.195, 246639015062, testhost.exe, TestRunCache: InProgressTests is null
TpTrace Information: 0 : 29220, 12, 2022/10/24, 16:25:17.195, 246639017890, testhost.exe, MSTest - MSTestExecutor:Test ProjectFileRunSettingsTestProject.UnitTest1.TestMethod1 failed. ErrorMessage:Assert.Inconclusive failed. , ErrorStackTrace:   at ProjectFileRunSettingsTestProject.UnitTest1.TestMethod1() in C:\Users\jajares\AppData\Local\Temp\vstest\gluTv\UnitTest1.cs:line 20
.
TpTrace Verbose: 0 : 29220, 12, 2022/10/24, 16:25:17.195, 246639019773, testhost.exe, TestExecutionRecorder.RecordResult: Received result for test: ProjectFileRunSettingsTestProject.UnitTest1.TestMethod1.
TpTrace Warning: 0 : 29220, 12, 2022/10/24, 16:25:17.198, 246639044555, testhost.exe, TestRunCache: InProgressTests is null
TpTrace Warning: 0 : 29220, 12, 2022/10/24, 16:25:17.198, 246639044917, testhost.exe, TestRunCache: No test found corresponding to testResult 'TestMethod1' in inProgress list.
TpTrace Information: 0 : 29220, 12, 2022/10/24, 16:25:17.198, 246639046570, testhost.exe, MSTest - Executing cleanup methods.
TpTrace Information: 0 : 29220, 12, 2022/10/24, 16:25:17.201, 246639076463, testhost.exe, MSTest - Executed cleanup methods.
TpTrace Information: 0 : 29220, 12, 2022/10/24, 16:25:17.201, 246639076842, testhost.exe, MSTest - Executed tests belonging to source C:\Users\jajares\AppData\Local\Temp\vstest\gluTv\bin\Debug\net462\ProjectFileRunSettingsTestProject.dll
TpTrace Verbose: 0 : 29220, 3, 2022/10/24, 16:25:17.205, 246639117585, testhost.exe, BaseRunTests.RunTestInternalWithExecutors: Completed running tests for executor://MSTestAdapter/v2
TpTrace Information: 0 : 29220, 3, 2022/10/24, 16:25:17.210, 246639164180, testhost.exe, Sending test run complete
TpTrace Verbose: 0 : 29220, 3, 2022/10/24, 16:25:17.226, 246639329539, testhost.exe, TestRequestHandler.SendData: sending data from testhost: {"Version":7,"MessageType":"TestExecution.Completed","Payload":{"TestRunCompleteArgs":{"TestRunStatistics":{"ExecutedTests":1,"Stats":{"Failed":1}},"IsCanceled":false,"IsAborted":false,"Error":null,"AttachmentSets":[],"InvokedDataCollectors":[],"ElapsedTimeInRunningTests":"00:00:08.6397160","Metrics":{},"DiscoveredExtensions":{"TestDiscoverers":["Microsoft.VisualStudio.TestPlatform.MSTest.TestAdapter.MSTestDiscoverer, Microsoft.VisualStudio.TestPlatform.MSTest.TestAdapter, Version=14.0.0.0, Culture=neutral, PublicKeyToken=b03f5f7f11d50a3a"],"TestExecutors":["executor://MSTestAdapter/v2"],"TestExecutors2":[],"TestSettingsProviders":[]}},"LastRunTests":{"NewTestResults":[{"TestCase":{"Id":"d637ab49-2bb5-b2c2-dbf0-41e7ebe6f4a7","FullyQualifiedName":"ProjectFileRunSettingsTestProject.UnitTest1.TestMethod1","DisplayName":"TestMethod1","ExecutorUri":"executor://MSTestAdapter/v2","Source":"C:\\Users\\jajares\\AppData\\Local\\Temp\\vstest\\gluTv\\bin\\Debug\\net462\\ProjectFileRunSettingsTestProject.dll","CodeFilePath":null,"LineNumber":-1,"Properties":[{"Key":{"Id":"TestCase.ManagedType","Label":"ManagedType","Category":"","Description":"","Attributes":1,"ValueType":"System.String"},"Value":"ProjectFileRunSettingsTestProject.UnitTest1"},{"Key":{"Id":"TestCase.ManagedMethod","Label":"ManagedMethod","Category":"","Description":"","Attributes":1,"ValueType":"System.String"},"Value":"TestMethod1"},{"Key":{"Id":"MSTestDiscoverer.TestClassName","Label":"ClassName","Category":"","Description":"","Attributes":1,"ValueType":"System.String"},"Value":"ProjectFileRunSettingsTestProject.UnitTest1"},{"Key":{"Id":"TestCase.Hierarchy","Label":"Hierarchy","Category":"","Description":"","Attributes":2,"ValueType":"System.String[]"},"Value":["ProjectFileRunSettingsTestProject","UnitTest1"]},{"Key":{"Id":"TestObject.Traits","Label":"Traits","Category":"","Description":"","Attributes":5,"ValueType":"System.Collections.Generic.KeyValuePair`2[[System.String],[System.String]][]"},"Value":[]}]},"Attachments":[],"Outcome":2,"ErrorMessage":"Assert.Inconclusive failed. ","ErrorStackTrace":"   at ProjectFileRunSettingsTestProject.UnitTest1.TestMethod1() in C:\\Users\\jajares\\AppData\\Local\\Temp\\vstest\\gluTv\\UnitTest1.cs:line 20\r\n","DisplayName":"TestMethod1","Messages":[],"ComputerName":null,"Duration":"00:00:00.5377683","StartTime":"2022-10-24T16:25:16.2804258+02:00","EndTime":"2022-10-24T16:25:17.1898361+02:00","Properties":[{"Key":{"Id":"ExecutionId","Label":"ExecutionId","Category":"","Description":"","Attributes":1,"ValueType":"System.Guid"},"Value":"00000000-0000-0000-0000-000000000000"},{"Key":{"Id":"ParentExecId","Label":"ParentExecId","Category":"","Description":"","Attributes":1,"ValueType":"System.Guid"},"Value":"00000000-0000-0000-0000-000000000000"},{"Key":{"Id":"InnerResultsCount","Label":"InnerResultsCount","Category":"","Description":"","Attributes":1,"ValueType":"System.Int32"},"Value":0}]}],"TestRunStatistics":{"ExecutedTests":1,"Stats":{"Failed":1}},"ActiveTests":[]},"RunAttachments":[],"ExecutorUris":["executor://mstestadapter/v2"]}}
TpTrace Verbose: 0 : 29220, 3, 2022/10/24, 16:25:17.227, 246639332826, testhost.exe, BaseRunTests.RunTests: Run is complete.
TpTrace Verbose: 0 : 29220, 9, 2022/10/24, 16:25:17.227, 246639336159, testhost.exe, TcpClientExtensions.MessageLoopAsync: NotifyDataAvailable remoteEndPoint: 127.0.0.1:58003 localEndPoint: 127.0.0.1:58005
TpTrace Information: 0 : 29220, 9, 2022/10/24, 16:25:17.227, 246639336987, testhost.exe, TestRequestHandler.OnMessageReceived: received message: (TestSession.Terminate) -> {"MessageType":"TestSession.Terminate","Payload":null}
TpTrace Information: 0 : 29220, 9, 2022/10/24, 16:25:17.227, 246639337292, testhost.exe, Session End message received from server. Closing the connection.
TpTrace Information: 0 : 29220, 9, 2022/10/24, 16:25:17.227, 246639340924, testhost.exe, SocketClient.Stop: Stop communication from server endpoint: 127.0.0.1:058003
TpTrace Information: 0 : 29220, 9, 2022/10/24, 16:25:17.227, 246639341255, testhost.exe, SocketClient: Stop: Cancellation requested. Stopping message loop.
TpTrace Information: 0 : 29220, 1, 2022/10/24, 16:25:17.227, 246639341072, testhost.exe, SocketClient.Stop: Stop communication from server endpoint: 127.0.0.1:058003
TpTrace Information: 0 : 29220, 1, 2022/10/24, 16:25:17.227, 246639341737, testhost.exe, SocketClient: Stop: Cancellation requested. Stopping message loop.
TpTrace Verbose: 0 : 29220, 9, 2022/10/24, 16:25:17.228, 246639342470, testhost.exe, LengthPrefixCommunicationChannel.Dispose: Dispose reader and writer.
TpTrace Information: 0 : 29220, 9, 2022/10/24, 16:25:17.228, 246639342801, testhost.exe, Closing the connection !
TpTrace Verbose: 0 : 29220, 1, 2022/10/24, 16:25:17.228, 246639342975, testhost.exe, LengthPrefixCommunicationChannel.Dispose: Dispose reader and writer.
TpTrace Verbose: 0 : 29220, 9, 2022/10/24, 16:25:17.228, 246639343028, testhost.exe, MulticastDelegateUtilities.SafeInvoke: LengthPrefixCommunicationChannel: MessageReceived: Invoking callback 1/1 for Microsoft.VisualStudio.TestPlatform.CommunicationUtilities.TestRequestHandler., took 0 ms.
TpTrace Information: 0 : 29220, 1, 2022/10/24, 16:25:17.228, 246639343631, testhost.exe, Testhost process exiting.
TpTrace Information: 0 : 29220, 9, 2022/10/24, 16:25:17.228, 246639346378, testhost.exe, SocketClient.PrivateStop: Stop communication from server endpoint: 127.0.0.1:058003, error:
TpTrace Verbose: 0 : 29220, 9, 2022/10/24, 16:25:17.228, 246639347822, testhost.exe, LengthPrefixCommunicationChannel.Dispose: Dispose reader and writer.
TpTrace Verbose: 0 : 29220, 9, 2022/10/24, 16:25:17.228, 246639348137, testhost.exe, TcpClientExtensions.MessageLoopAsync: exiting MessageLoopAsync remoteEndPoint: 127.0.0.1:58003 localEndPoint: 127.0.0.1:58005
